05-06-2026 18:19:42.0769|INFO |The Class-Path manifest attribute in C:\Users\rania\.m2\repository\org\glassfish\ha\ha-api\3.1.9\ha-api-3.1.9.jar referenced one or more files that do not exist: file:/C:/Users/rania/.m2/repository/org/glassfish/ha/ha-api/3.1.9/hk2-core.jar,file:/C:/Users/rania/.m2/repository/org/glassfish/ha/ha-api/3.1.9/class-model.jar,file:/C:/Users/rania/.m2/repository/org/glassfish/ha/ha-api/3.1.9/config.jar,file:/C:/Users/rania/.m2/repository/org/glassfish/ha/ha-api/3.1.9/auto-depends.jar,file:/C:/Users/rania/.m2/repository/org/glassfish/ha/ha-api/3.1.9/javax.inject.jar,file:/C:/Users/rania/.m2/repository/org/glassfish/ha/ha-api/3.1.9/asm-all-repackaged.jar,file:/C:/Users/rania/.m2/repository/org/glassfish/ha/ha-api/3.1.9/hk2-api.jar,file:/C:/Users/rania/.m2/repository/org/glassfish/ha/ha-api/3.1.9/osgi-resource-locator.jar,file:/C:/Users/rania/.m2/repository/org/glassfish/ha/ha-api/3.1.9/tiger-types.jar,file:/C:/Users/rania/.m2/repository/org/glassfish/ha/ha-api/3.1.9/bean-validator.jar,file:/C:/Users/rania/.m2/repository/org/glassfish/ha/ha-api/3.1.9/jtype.jar
05-06-2026 18:19:42.0787|INFO |Devtools property defaults active! Set 'spring.devtools.add-properties' to 'false' to disable
05-06-2026 18:19:42.0788|INFO |For additional web related logging consider setting the 'logging.level.web' property to 'DEBUG'
05-06-2026 18:19:46.0431|INFO |Bootstrapping Spring Data JPA repositories in DEFAULT mode.
05-06-2026 18:19:47.0206|INFO |Finished Spring Data repository scanning in 752 ms. Found 32 JPA repository interfaces.
05-06-2026 18:19:48.0502|INFO |BeanFactory id=c7bf8c4c-f214-3e28-a849-febde0d1cc69
05-06-2026 18:19:50.0297|INFO |Tomcat initialized with port(s): 8063 (http)
05-06-2026 18:19:50.0323|INFO |Starting service [Tomcat]
05-06-2026 18:19:50.0328|INFO |Starting Servlet engine: [Apache Tomcat/9.0.65]
05-06-2026 18:19:51.0351|INFO |At least one JAR was scanned for TLDs yet contained no TLDs. Enable debug logging for this logger for a complete list of JARs that were scanned but no TLDs were found in them. Skipping unneeded JARs during scanning can improve startup time and JSP compilation time.
05-06-2026 18:19:51.0363|INFO |Initializing Spring embedded WebApplicationContext
05-06-2026 18:19:51.0363|INFO |Root WebApplicationContext: initialization completed in 8574 ms
05-06-2026 18:19:52.0254|INFO |HHH000204: Processing PersistenceUnitInfo [name: default]
05-06-2026 18:19:52.0483|INFO |HHH000412: Hibernate ORM core version 5.6.11.Final
05-06-2026 18:19:53.0078|INFO |HCANN000001: Hibernate Commons Annotations {5.1.2.Final}
05-06-2026 18:19:53.0496|INFO |HHH000400: Using dialect: org.hibernate.dialect.PostgreSQLDialect
05-06-2026 18:19:56.0855|INFO |HikariPool-1 - Starting...
05-06-2026 18:19:58.0030|INFO |HikariPool-1 - Start completed.
05-06-2026 18:19:59.0092|INFO |HHH000490: Using JtaPlatform implementation: [org.hibernate.engine.transaction.jta.platform.internal.NoJtaPlatform]
05-06-2026 18:19:59.0136|INFO |Initialized JPA EntityManagerFactory for persistence unit 'default'
05-06-2026 18:20:06.0928|INFO |Eureka HTTP Client uses RestTemplate.
05-06-2026 18:20:07.0142|INFO |Exposing 1 endpoint(s) beneath base path '/actuator'
05-06-2026 18:20:07.0242|INFO |Setting initial instance status as: STARTING
05-06-2026 18:20:07.0426|INFO |Initializing Eureka in region us-east-1
05-06-2026 18:20:07.0440|INFO |Resolving eureka endpoints via configuration
05-06-2026 18:20:07.0545|INFO |Disable delta property : false
05-06-2026 18:20:07.0545|INFO |Single vip registry refresh property : null
05-06-2026 18:20:07.0545|INFO |Force full registry fetch : false
05-06-2026 18:20:07.0552|INFO |Application is null : false
05-06-2026 18:20:07.0553|INFO |Registered Applications size is zero : true
05-06-2026 18:20:07.0578|INFO |Application version is -1: true
05-06-2026 18:20:07.0579|INFO |Getting all instance registry info from the eureka server
05-06-2026 18:20:08.0658|INFO |The response status is 200
05-06-2026 18:20:08.0668|INFO |Starting heartbeat executor: renew interval is: 30
05-06-2026 18:20:08.0675|INFO |InstanceInfoReplicator onDemand update allowed rate per min is 4
05-06-2026 18:20:08.0689|INFO |Discovery Client initialized at timestamp 1780680008687 with initial instances count: 0
05-06-2026 18:20:08.0694|INFO |Registering application ETABLISSEMENT-SERVICE with eureka with status UP
05-06-2026 18:20:08.0695|INFO |Saw local status change event StatusChangeEvent [timestamp=1780680008695, current=UP, previous=STARTING]
05-06-2026 18:20:08.0699|INFO |DiscoveryClient_ETABLISSEMENT-SERVICE/RANIA:etablissement-service:8063: registering service...
05-06-2026 18:20:08.0794|INFO |Tomcat started on port(s): 8063 (http) with context path ''
05-06-2026 18:20:08.0806|INFO |Updating port to 8063
05-06-2026 18:20:08.0858|INFO |DiscoveryClient_ETABLISSEMENT-SERVICE/RANIA:etablissement-service:8063 - registration status: 204
05-06-2026 18:20:08.0875|INFO |Starting Completed ...
05-06-2026 18:20:14.0723|INFO |The Class-Path manifest attribute in C:\Users\rania\.m2\repository\org\glassfish\ha\ha-api\3.1.9\ha-api-3.1.9.jar referenced one or more files that do not exist: file:/C:/Users/rania/.m2/repository/org/glassfish/ha/ha-api/3.1.9/hk2-core.jar,file:/C:/Users/rania/.m2/repository/org/glassfish/ha/ha-api/3.1.9/class-model.jar,file:/C:/Users/rania/.m2/repository/org/glassfish/ha/ha-api/3.1.9/config.jar,file:/C:/Users/rania/.m2/repository/org/glassfish/ha/ha-api/3.1.9/auto-depends.jar,file:/C:/Users/rania/.m2/repository/org/glassfish/ha/ha-api/3.1.9/javax.inject.jar,file:/C:/Users/rania/.m2/repository/org/glassfish/ha/ha-api/3.1.9/asm-all-repackaged.jar,file:/C:/Users/rania/.m2/repository/org/glassfish/ha/ha-api/3.1.9/hk2-api.jar,file:/C:/Users/rania/.m2/repository/org/glassfish/ha/ha-api/3.1.9/osgi-resource-locator.jar,file:/C:/Users/rania/.m2/repository/org/glassfish/ha/ha-api/3.1.9/tiger-types.jar,file:/C:/Users/rania/.m2/repository/org/glassfish/ha/ha-api/3.1.9/bean-validator.jar,file:/C:/Users/rania/.m2/repository/org/glassfish/ha/ha-api/3.1.9/jtype.jar
05-06-2026 18:20:14.0728|INFO |Devtools property defaults active! Set 'spring.devtools.add-properties' to 'false' to disable
05-06-2026 18:20:14.0729|INFO |For additional web related logging consider setting the 'logging.level.web' property to 'DEBUG'
05-06-2026 18:20:18.0031|INFO |Bootstrapping Spring Data JPA repositories in DEFAULT mode.
05-06-2026 18:20:18.0625|INFO |Finished Spring Data repository scanning in 573 ms. Found 14 JPA repository interfaces.
05-06-2026 18:20:19.0534|INFO |BeanFactory id=a639bb80-ea1a-3ad9-a3f4-e7868f41c1e4
05-06-2026 18:20:20.0982|INFO |Tomcat initialized with port(s): 8060 (http)
05-06-2026 18:20:21.0005|INFO |Starting service [Tomcat]
05-06-2026 18:20:21.0007|INFO |Starting Servlet engine: [Apache Tomcat/9.0.65]
05-06-2026 18:20:21.0570|INFO |At least one JAR was scanned for TLDs yet contained no TLDs. Enable debug logging for this logger for a complete list of JARs that were scanned but no TLDs were found in them. Skipping unneeded JARs during scanning can improve startup time and JSP compilation time.
05-06-2026 18:20:21.0578|INFO |Initializing Spring embedded WebApplicationContext
05-06-2026 18:20:21.0579|INFO |Root WebApplicationContext: initialization completed in 6849 ms
05-06-2026 18:20:22.0074|INFO |HHH000204: Processing PersistenceUnitInfo [name: default]
05-06-2026 18:20:22.0188|INFO |HHH000412: Hibernate ORM core version 5.6.11.Final
05-06-2026 18:20:22.0548|INFO |HCANN000001: Hibernate Commons Annotations {5.1.2.Final}
05-06-2026 18:20:22.0785|INFO |HHH000400: Using dialect: org.hibernate.dialect.PostgreSQLDialect
05-06-2026 18:20:24.0333|INFO |HikariPool-1 - Starting...
05-06-2026 18:20:24.0665|INFO |HikariPool-1 - Start completed.
05-06-2026 18:20:24.0758|INFO |HHH000490: Using JtaPlatform implementation: [org.hibernate.engine.transaction.jta.platform.internal.NoJtaPlatform]
05-06-2026 18:20:24.0772|INFO |Initialized JPA EntityManagerFactory for persistence unit 'default'
05-06-2026 18:20:31.0158|INFO |Eureka HTTP Client uses RestTemplate.
05-06-2026 18:20:31.0330|INFO |Exposing 1 endpoint(s) beneath base path '/actuator'
05-06-2026 18:20:31.0403|INFO |Setting initial instance status as: STARTING
05-06-2026 18:20:31.0475|INFO |Initializing Eureka in region us-east-1
05-06-2026 18:20:31.0484|INFO |Resolving eureka endpoints via configuration
05-06-2026 18:20:31.0524|INFO |Disable delta property : false
05-06-2026 18:20:31.0524|INFO |Single vip registry refresh property : null
05-06-2026 18:20:31.0524|INFO |Force full registry fetch : false
05-06-2026 18:20:31.0525|INFO |Application is null : false
05-06-2026 18:20:31.0525|INFO |Registered Applications size is zero : true
05-06-2026 18:20:31.0525|INFO |Application version is -1: true
05-06-2026 18:20:31.0525|INFO |Getting all instance registry info from the eureka server
05-06-2026 18:20:32.0143|INFO |The response status is 200
05-06-2026 18:20:32.0149|INFO |Starting heartbeat executor: renew interval is: 30
05-06-2026 18:20:32.0155|INFO |InstanceInfoReplicator onDemand update allowed rate per min is 4
05-06-2026 18:20:32.0163|INFO |Discovery Client initialized at timestamp 1780680032162 with initial instances count: 2
05-06-2026 18:20:32.0168|INFO |Registering application ADMINISTRATION-SERVICE with eureka with status UP
05-06-2026 18:20:32.0169|INFO |Saw local status change event StatusChangeEvent [timestamp=1780680032169, current=UP, previous=STARTING]
05-06-2026 18:20:32.0173|INFO |DiscoveryClient_ADMINISTRATION-SERVICE/RANIA:administration-service:8060: registering service...
05-06-2026 18:20:32.0245|INFO |Tomcat started on port(s): 8060 (http) with context path ''
05-06-2026 18:20:32.0245|INFO |Updating port to 8060
05-06-2026 18:20:32.0260|INFO |DiscoveryClient_ADMINISTRATION-SERVICE/RANIA:administration-service:8060 - registration status: 204
05-06-2026 18:20:32.0303|INFO |Starting Completed ...
05-06-2026 18:20:38.0679|INFO |Disable delta property : false
05-06-2026 18:20:38.0679|INFO |Single vip registry refresh property : null
05-06-2026 18:20:38.0679|INFO |Force full registry fetch : false
05-06-2026 18:20:38.0679|INFO |Application is null : false
05-06-2026 18:20:38.0679|INFO |Registered Applications size is zero : true
05-06-2026 18:20:38.0679|INFO |Application version is -1: false
05-06-2026 18:20:38.0679|INFO |Getting all instance registry info from the eureka server
05-06-2026 18:20:38.0708|INFO |The response status is 200
05-06-2026 18:25:07.0593|INFO |Resolving eureka endpoints via configuration
05-06-2026 18:25:31.0545|INFO |Resolving eureka endpoints via configuration
05-06-2026 18:30:07.0600|INFO |Resolving eureka endpoints via configuration
05-06-2026 18:30:31.0555|INFO |Resolving eureka endpoints via configuration
05-06-2026 18:35:07.0608|INFO |Resolving eureka endpoints via configuration
05-06-2026 18:35:31.0562|INFO |Resolving eureka endpoints via configuration
05-06-2026 18:36:31.0635|INFO |Initializing Spring DispatcherServlet 'dispatcherServlet'
05-06-2026 18:36:31.0638|INFO |Initializing Servlet 'dispatcherServlet'
05-06-2026 18:36:31.0646|INFO |Completed initialization in 8 ms
05-06-2026 18:36:35.0293|INFO |Initializing Spring DispatcherServlet 'dispatcherServlet'
05-06-2026 18:36:35.0293|INFO |Initializing Servlet 'dispatcherServlet'
05-06-2026 18:36:35.0305|INFO |Completed initialization in 12 ms
05-06-2026 18:40:07.0629|INFO |Resolving eureka endpoints via configuration
05-06-2026 18:40:31.0581|INFO |Resolving eureka endpoints via configuration
05-06-2026 18:45:07.0638|INFO |Resolving eureka endpoints via configuration
05-06-2026 18:45:31.0595|INFO |Resolving eureka endpoints via configuration
05-06-2026 18:50:07.0667|INFO |Resolving eureka endpoints via configuration
05-06-2026 18:50:31.0612|INFO |Resolving eureka endpoints via configuration
05-06-2026 18:55:07.0675|INFO |Resolving eureka endpoints via configuration
05-06-2026 18:55:31.0627|INFO |Resolving eureka endpoints via configuration
05-06-2026 19:00:07.0685|INFO |Resolving eureka endpoints via configuration
05-06-2026 19:00:31.0641|INFO |Resolving eureka endpoints via configuration
05-06-2026 19:05:07.0704|INFO |Resolving eureka endpoints via configuration
05-06-2026 19:05:31.0657|INFO |Resolving eureka endpoints via configuration
05-06-2026 19:10:07.0717|INFO |Resolving eureka endpoints via configuration
05-06-2026 19:10:31.0661|INFO |Resolving eureka endpoints via configuration
05-06-2026 19:15:07.0735|INFO |Resolving eureka endpoints via configuration
05-06-2026 19:15:31.0670|INFO |Resolving eureka endpoints via configuration
05-06-2026 19:20:07.0739|INFO |Resolving eureka endpoints via configuration
05-06-2026 19:20:31.0674|INFO |Resolving eureka endpoints via configuration
05-06-2026 19:25:07.0757|INFO |Resolving eureka endpoints via configuration
05-06-2026 19:25:31.0695|INFO |Resolving eureka endpoints via configuration
05-06-2026 19:30:07.0770|INFO |Resolving eureka endpoints via configuration
05-06-2026 19:30:31.0705|INFO |Resolving eureka endpoints via configuration
05-06-2026 19:35:07.0782|INFO |Resolving eureka endpoints via configuration
05-06-2026 19:35:31.0707|INFO |Resolving eureka endpoints via configuration
05-06-2026 19:40:07.0794|INFO |Resolving eureka endpoints via configuration
05-06-2026 19:40:31.0712|INFO |Resolving eureka endpoints via configuration
05-06-2026 19:45:07.0801|INFO |Resolving eureka endpoints via configuration
05-06-2026 19:45:31.0714|INFO |Resolving eureka endpoints via configuration
05-06-2026 19:50:07.0817|INFO |Resolving eureka endpoints via configuration
05-06-2026 19:50:31.0717|INFO |Resolving eureka endpoints via configuration
05-06-2026 19:55:07.0829|INFO |Resolving eureka endpoints via configuration
05-06-2026 19:55:31.0721|INFO |Resolving eureka endpoints via configuration
05-06-2026 20:00:07.0847|INFO |Resolving eureka endpoints via configuration
05-06-2026 20:00:31.0724|INFO |Resolving eureka endpoints via configuration
05-06-2026 20:05:07.0866|INFO |Resolving eureka endpoints via configuration
05-06-2026 20:05:31.0733|INFO |Resolving eureka endpoints via configuration
05-06-2026 20:10:07.0874|INFO |Resolving eureka endpoints via configuration
05-06-2026 20:10:31.0741|INFO |Resolving eureka endpoints via configuration
05-06-2026 20:16:27.0570|INFO |Resolving eureka endpoints via configuration
05-06-2026 20:16:51.0446|INFO |Resolving eureka endpoints via configuration
05-06-2026 20:21:27.0586|INFO |Resolving eureka endpoints via configuration
05-06-2026 20:21:51.0455|INFO |Resolving eureka endpoints via configuration
05-06-2026 20:26:27.0594|INFO |Resolving eureka endpoints via configuration
05-06-2026 20:26:51.0807|INFO |Resolving eureka endpoints via configuration
05-06-2026 20:31:27.0613|INFO |Resolving eureka endpoints via configuration
05-06-2026 20:31:51.0823|INFO |Resolving eureka endpoints via configuration
05-06-2026 20:36:27.0625|INFO |Resolving eureka endpoints via configuration
05-06-2026 20:36:51.0831|INFO |Resolving eureka endpoints via configuration
05-06-2026 20:41:27.0639|INFO |Resolving eureka endpoints via configuration
05-06-2026 20:41:51.0841|INFO |Resolving eureka endpoints via configuration
05-06-2026 20:46:27.0649|INFO |Resolving eureka endpoints via configuration
05-06-2026 20:46:51.0853|INFO |Resolving eureka endpoints via configuration
05-06-2026 20:51:27.0654|INFO |Resolving eureka endpoints via configuration
05-06-2026 20:51:51.0867|INFO |Resolving eureka endpoints via configuration
05-06-2026 20:56:27.0682|INFO |Resolving eureka endpoints via configuration
05-06-2026 20:56:51.0886|INFO |Resolving eureka endpoints via configuration
05-06-2026 21:01:27.0727|INFO |Resolving eureka endpoints via configuration
05-06-2026 21:01:51.0891|INFO |Resolving eureka endpoints via configuration
05-06-2026 21:06:27.0740|INFO |Resolving eureka endpoints via configuration
05-06-2026 21:06:51.0902|INFO |Resolving eureka endpoints via configuration
05-06-2026 21:11:27.0749|INFO |Resolving eureka endpoints via configuration
05-06-2026 21:11:51.0911|INFO |Resolving eureka endpoints via configuration
05-06-2026 21:16:27.0763|INFO |Resolving eureka endpoints via configuration
05-06-2026 21:16:51.0975|INFO |Resolving eureka endpoints via configuration
05-06-2026 21:21:27.0776|INFO |Resolving eureka endpoints via configuration
05-06-2026 21:21:51.0980|INFO |Resolving eureka endpoints via configuration
05-06-2026 21:26:27.0993|INFO |Resolving eureka endpoints via configuration
05-06-2026 21:26:51.0988|INFO |Resolving eureka endpoints via configuration
05-06-2026 21:31:28.0010|INFO |Resolving eureka endpoints via configuration
05-06-2026 21:31:52.0002|INFO |Resolving eureka endpoints via configuration
05-06-2026 21:36:28.0015|INFO |Resolving eureka endpoints via configuration
05-06-2026 21:36:52.0012|INFO |Resolving eureka endpoints via configuration
05-06-2026 21:41:28.0028|INFO |Resolving eureka endpoints via configuration
05-06-2026 21:41:52.0024|INFO |Resolving eureka endpoints via configuration
05-06-2026 21:46:28.0042|INFO |Resolving eureka endpoints via configuration
05-06-2026 21:46:52.0042|INFO |Resolving eureka endpoints via configuration
05-06-2026 21:51:28.0057|INFO |Resolving eureka endpoints via configuration
05-06-2026 21:51:52.0055|INFO |Resolving eureka endpoints via configuration
05-06-2026 21:56:28.0079|INFO |Resolving eureka endpoints via configuration
05-06-2026 21:56:52.0059|INFO |Resolving eureka endpoints via configuration
05-06-2026 22:01:28.0086|INFO |Resolving eureka endpoints via configuration
05-06-2026 22:01:52.0068|INFO |Resolving eureka endpoints via configuration
05-06-2026 22:06:28.0103|INFO |Resolving eureka endpoints via configuration
05-06-2026 22:06:52.0084|INFO |Resolving eureka endpoints via configuration
05-06-2026 22:11:28.0123|INFO |Resolving eureka endpoints via configuration
05-06-2026 22:11:52.0088|INFO |Resolving eureka endpoints via configuration
05-06-2026 22:16:28.0140|INFO |Resolving eureka endpoints via configuration
05-06-2026 23:54:36.0787|INFO |Unregistering application ETABLISSEMENT-SERVICE with eureka with status DOWN
05-06-2026 23:54:36.0789|INFO |Saw local status change event StatusChangeEvent [timestamp=1780700076789, current=DOWN, previous=UP]
05-06-2026 23:54:36.0789|INFO |DiscoveryClient_ETABLISSEMENT-SERVICE/RANIA:etablissement-service:8063: registering service...
05-06-2026 23:54:36.0912|INFO |Unregistering application ADMINISTRATION-SERVICE with eureka with status DOWN
05-06-2026 23:54:36.0912|INFO |Saw local status change event StatusChangeEvent [timestamp=1780700076912, current=DOWN, previous=UP]
05-06-2026 23:54:37.0036|INFO |DiscoveryClient_ETABLISSEMENT-SERVICE/RANIA:etablissement-service:8063 - registration status: 204
05-06-2026 23:54:37.0084|INFO |Closing JPA EntityManagerFactory for persistence unit 'default'
05-06-2026 23:54:37.0170|INFO |HikariPool-1 - Shutdown initiated...
05-06-2026 23:54:37.0270|INFO |HikariPool-1 - Shutdown completed.
05-06-2026 23:54:37.0272|INFO |Shutting down DiscoveryClient ...
05-06-2026 23:54:37.0294|INFO |Closing JPA EntityManagerFactory for persistence unit 'default'
05-06-2026 23:54:37.0324|INFO |HikariPool-1 - Shutdown initiated...
05-06-2026 23:54:37.0425|INFO |HikariPool-1 - Shutdown completed.
05-06-2026 23:54:37.0427|INFO |Shutting down DiscoveryClient ...
05-06-2026 23:54:37.0429|INFO |DiscoveryClient_ADMINISTRATION-SERVICE/RANIA:administration-service:8060: registering service...
05-06-2026 23:54:37.0479|INFO |Request execution error. endpoint=DefaultEndpoint{ serviceUrl='http://127.0.0.1:8761/eureka/} exception=I/O error on POST request for "http://127.0.0.1:8761/eureka/apps/ADMINISTRATION-SERVICE": 127.0.0.1:8761 failed to respond; nested exception is org.apache.http.NoHttpResponseException: 127.0.0.1:8761 failed to respond stacktrace=org.springframework.web.client.ResourceAccessException: I/O error on POST request for "http://127.0.0.1:8761/eureka/apps/ADMINISTRATION-SERVICE": 127.0.0.1:8761 failed to respond; nested exception is org.apache.http.NoHttpResponseException: 127.0.0.1:8761 failed to respond
	at org.springframework.web.client.RestTemplate.doExecute(RestTemplate.java:785)
	at org.springframework.web.client.RestTemplate.execute(RestTemplate.java:711)
	at org.springframework.web.client.RestTemplate.exchange(RestTemplate.java:602)
	at org.springframework.cloud.netflix.eureka.http.RestTemplateEurekaHttpClient.register(RestTemplateEurekaHttpClient.java:77)
	at com.netflix.discovery.shared.transport.decorator.EurekaHttpClientDecorator$1.execute(EurekaHttpClientDecorator.java:59)
	at com.netflix.discovery.shared.transport.decorator.RedirectingEurekaHttpClient.execute(RedirectingEurekaHttpClient.java:91)
	at com.netflix.discovery.shared.transport.decorator.EurekaHttpClientDecorator.register(EurekaHttpClientDecorator.java:56)
	at com.netflix.discovery.shared.transport.decorator.EurekaHttpClientDecorator$1.execute(EurekaHttpClientDecorator.java:59)
	at com.netflix.discovery.shared.transport.decorator.RetryableEurekaHttpClient.execute(RetryableEurekaHttpClient.java:120)
	at com.netflix.discovery.shared.transport.decorator.EurekaHttpClientDecorator.register(EurekaHttpClientDecorator.java:56)
	at com.netflix.discovery.shared.transport.decorator.EurekaHttpClientDecorator$1.execute(EurekaHttpClientDecorator.java:59)
	at com.netflix.discovery.shared.transport.decorator.SessionedEurekaHttpClient.execute(SessionedEurekaHttpClient.java:77)
	at com.netflix.discovery.shared.transport.decorator.EurekaHttpClientDecorator.register(EurekaHttpClientDecorator.java:56)
	at com.netflix.discovery.DiscoveryClient.register(DiscoveryClient.java:876)
	at com.netflix.discovery.InstanceInfoReplicator.run(InstanceInfoReplicator.java:121)
	at java.base/java.util.concurrent.Executors$RunnableAdapter.call(Executors.java:572)
	at java.base/java.util.concurrent.FutureTask.run(FutureTask.java:317)
	at java.base/java.util.concurrent.ScheduledThreadPoolExecutor$ScheduledFutureTask.run(ScheduledThreadPoolExecutor.java:304)
	at java.base/java.util.concurrent.ThreadPoolExecutor.runWorker(ThreadPoolExecutor.java:1144)
	at java.base/java.util.concurrent.ThreadPoolExecutor$Worker.run(ThreadPoolExecutor.java:642)
	at java.base/java.lang.Thread.run(Thread.java:1583)
Caused by: org.apache.http.NoHttpResponseException: 127.0.0.1:8761 failed to respond
	at org.apache.http.impl.conn.DefaultHttpResponseParser.parseHead(DefaultHttpResponseParser.java:141)
	at org.apache.http.impl.conn.DefaultHttpResponseParser.parseHead(DefaultHttpResponseParser.java:56)
	at org.apache.http.impl.io.AbstractMessageParser.parse(AbstractMessageParser.java:259)
	at org.apache.http.impl.DefaultBHttpClientConnection.receiveResponseHeader(DefaultBHttpClientConnection.java:163)
	at org.apache.http.impl.conn.CPoolProxy.receiveResponseHeader(CPoolProxy.java:157)
	at org.apache.http.protocol.HttpRequestExecutor.doReceiveResponse(HttpRequestExecutor.java:273)
	at org.apache.http.protocol.HttpRequestExecutor.execute(HttpRequestExecutor.java:125)
	at org.apache.http.impl.execchain.MainClientExec.execute(MainClientExec.java:272)
	at org.apache.http.impl.execchain.ProtocolExec.execute(ProtocolExec.java:186)
	at org.apache.http.impl.execchain.RetryExec.execute(RetryExec.java:89)
	at org.apache.http.impl.execchain.RedirectExec.execute(RedirectExec.java:110)
	at org.apache.http.impl.client.InternalHttpClient.doExecute(InternalHttpClient.java:185)
	at org.apache.http.impl.client.CloseableHttpClient.execute(CloseableHttpClient.java:83)
	at org.apache.http.impl.client.CloseableHttpClient.execute(CloseableHttpClient.java:56)
	at org.springframework.http.client.HttpComponentsClientHttpRequest.executeInternal(HttpComponentsClientHttpRequest.java:87)
	at org.springframework.http.client.AbstractBufferingClientHttpRequest.executeInternal(AbstractBufferingClientHttpRequest.java:48)
	at org.springframework.http.client.AbstractClientHttpRequest.execute(AbstractClientHttpRequest.java:66)
	at org.springframework.web.client.RestTemplate.doExecute(RestTemplate.java:776)
	... 20 more

05-06-2026 23:54:37.0502|INFO |Request execution error. endpoint=DefaultEndpoint{ serviceUrl='http://127.0.0.1:8761/eureka/}, exception=I/O error on POST request for "http://127.0.0.1:8761/eureka/apps/ADMINISTRATION-SERVICE": Connect to 127.0.0.1:8761 [/127.0.0.1] failed: Connection refused: connect; nested exception is org.apache.http.conn.HttpHostConnectException: Connect to 127.0.0.1:8761 [/127.0.0.1] failed: Connection refused: connect stacktrace=org.springframework.web.client.ResourceAccessException: I/O error on POST request for "http://127.0.0.1:8761/eureka/apps/ADMINISTRATION-SERVICE": Connect to 127.0.0.1:8761 [/127.0.0.1] failed: Connection refused: connect; nested exception is org.apache.http.conn.HttpHostConnectException: Connect to 127.0.0.1:8761 [/127.0.0.1] failed: Connection refused: connect
	at org.springframework.web.client.RestTemplate.doExecute(RestTemplate.java:785)
	at org.springframework.web.client.RestTemplate.execute(RestTemplate.java:711)
	at org.springframework.web.client.RestTemplate.exchange(RestTemplate.java:602)
	at org.springframework.cloud.netflix.eureka.http.RestTemplateEurekaHttpClient.register(RestTemplateEurekaHttpClient.java:77)
	at com.netflix.discovery.shared.transport.decorator.EurekaHttpClientDecorator$1.execute(EurekaHttpClientDecorator.java:59)
	at com.netflix.discovery.shared.transport.decorator.RedirectingEurekaHttpClient.executeOnNewServer(RedirectingEurekaHttpClient.java:121)
	at com.netflix.discovery.shared.transport.decorator.RedirectingEurekaHttpClient.execute(RedirectingEurekaHttpClient.java:80)
	at com.netflix.discovery.shared.transport.decorator.EurekaHttpClientDecorator.register(EurekaHttpClientDecorator.java:56)
	at com.netflix.discovery.shared.transport.decorator.EurekaHttpClientDecorator$1.execute(EurekaHttpClientDecorator.java:59)
	at com.netflix.discovery.shared.transport.decorator.RetryableEurekaHttpClient.execute(RetryableEurekaHttpClient.java:120)
	at com.netflix.discovery.shared.transport.decorator.EurekaHttpClientDecorator.register(EurekaHttpClientDecorator.java:56)
	at com.netflix.discovery.shared.transport.decorator.EurekaHttpClientDecorator$1.execute(EurekaHttpClientDecorator.java:59)
	at com.netflix.discovery.shared.transport.decorator.SessionedEurekaHttpClient.execute(SessionedEurekaHttpClient.java:77)
	at com.netflix.discovery.shared.transport.decorator.EurekaHttpClientDecorator.register(EurekaHttpClientDecorator.java:56)
	at com.netflix.discovery.DiscoveryClient.register(DiscoveryClient.java:876)
	at com.netflix.discovery.InstanceInfoReplicator.run(InstanceInfoReplicator.java:121)
	at java.base/java.util.concurrent.Executors$RunnableAdapter.call(Executors.java:572)
	at java.base/java.util.concurrent.FutureTask.run(FutureTask.java:317)
	at java.base/java.util.concurrent.ScheduledThreadPoolExecutor$ScheduledFutureTask.run(ScheduledThreadPoolExecutor.java:304)
	at java.base/java.util.concurrent.ThreadPoolExecutor.runWorker(ThreadPoolExecutor.java:1144)
	at java.base/java.util.concurrent.ThreadPoolExecutor$Worker.run(ThreadPoolExecutor.java:642)
	at java.base/java.lang.Thread.run(Thread.java:1583)
Caused by: org.apache.http.conn.HttpHostConnectException: Connect to 127.0.0.1:8761 [/127.0.0.1] failed: Connection refused: connect
	at org.apache.http.impl.conn.DefaultHttpClientConnectionOperator.connect(DefaultHttpClientConnectionOperator.java:156)
	at org.apache.http.impl.conn.PoolingHttpClientConnectionManager.connect(PoolingHttpClientConnectionManager.java:376)
	at org.apache.http.impl.execchain.MainClientExec.establishRoute(MainClientExec.java:393)
	at org.apache.http.impl.execchain.MainClientExec.execute(MainClientExec.java:236)
	at org.apache.http.impl.execchain.ProtocolExec.execute(ProtocolExec.java:186)
	at org.apache.http.impl.execchain.RetryExec.execute(RetryExec.java:89)
	at org.apache.http.impl.execchain.RedirectExec.execute(RedirectExec.java:110)
	at org.apache.http.impl.client.InternalHttpClient.doExecute(InternalHttpClient.java:185)
	at org.apache.http.impl.client.CloseableHttpClient.execute(CloseableHttpClient.java:83)
	at org.apache.http.impl.client.CloseableHttpClient.execute(CloseableHttpClient.java:56)
	at org.springframework.http.client.HttpComponentsClientHttpRequest.executeInternal(HttpComponentsClientHttpRequest.java:87)
	at org.springframework.http.client.AbstractBufferingClientHttpRequest.executeInternal(AbstractBufferingClientHttpRequest.java:48)
	at org.springframework.http.client.AbstractClientHttpRequest.execute(AbstractClientHttpRequest.java:66)
	at org.springframework.web.client.RestTemplate.doExecute(RestTemplate.java:776)
	... 21 more
Caused by: java.net.ConnectException: Connection refused: connect
	at java.base/sun.nio.ch.Net.connect0(Native Method)
	at java.base/sun.nio.ch.Net.connect(Net.java:589)
	at java.base/sun.nio.ch.Net.connect(Net.java:578)
	at java.base/sun.nio.ch.NioSocketImpl.connect(NioSocketImpl.java:583)
	at java.base/java.net.SocksSocketImpl.connect(SocksSocketImpl.java:327)
	at java.base/java.net.Socket.connect(Socket.java:751)
	at org.apache.http.conn.socket.PlainConnectionSocketFactory.connectSocket(PlainConnectionSocketFactory.java:75)
	at org.apache.http.impl.conn.DefaultHttpClientConnectionOperator.connect(DefaultHttpClientConnectionOperator.java:142)
	... 34 more

05-06-2026 23:54:37.0512|INFO |DiscoveryClient_ADMINISTRATION-SERVICE/RANIA:administration-service:8060: registering service...
05-06-2026 23:54:37.0556|INFO |Request execution error. endpoint=DefaultEndpoint{ serviceUrl='http://127.0.0.1:8761/eureka/}, exception=I/O error on POST request for "http://127.0.0.1:8761/eureka/apps/ADMINISTRATION-SERVICE": Connect to 127.0.0.1:8761 [/127.0.0.1] failed: Connection refused: connect; nested exception is org.apache.http.conn.HttpHostConnectException: Connect to 127.0.0.1:8761 [/127.0.0.1] failed: Connection refused: connect stacktrace=org.springframework.web.client.ResourceAccessException: I/O error on POST request for "http://127.0.0.1:8761/eureka/apps/ADMINISTRATION-SERVICE": Connect to 127.0.0.1:8761 [/127.0.0.1] failed: Connection refused: connect; nested exception is org.apache.http.conn.HttpHostConnectException: Connect to 127.0.0.1:8761 [/127.0.0.1] failed: Connection refused: connect
	at org.springframework.web.client.RestTemplate.doExecute(RestTemplate.java:785)
	at org.springframework.web.client.RestTemplate.execute(RestTemplate.java:711)
	at org.springframework.web.client.RestTemplate.exchange(RestTemplate.java:602)
	at org.springframework.cloud.netflix.eureka.http.RestTemplateEurekaHttpClient.register(RestTemplateEurekaHttpClient.java:77)
	at com.netflix.discovery.shared.transport.decorator.EurekaHttpClientDecorator$1.execute(EurekaHttpClientDecorator.java:59)
	at com.netflix.discovery.shared.transport.decorator.RedirectingEurekaHttpClient.executeOnNewServer(RedirectingEurekaHttpClient.java:121)
	at com.netflix.discovery.shared.transport.decorator.RedirectingEurekaHttpClient.execute(RedirectingEurekaHttpClient.java:80)
	at com.netflix.discovery.shared.transport.decorator.EurekaHttpClientDecorator.register(EurekaHttpClientDecorator.java:56)
	at com.netflix.discovery.shared.transport.decorator.EurekaHttpClientDecorator$1.execute(EurekaHttpClientDecorator.java:59)
	at com.netflix.discovery.shared.transport.decorator.RetryableEurekaHttpClient.execute(RetryableEurekaHttpClient.java:120)
	at com.netflix.discovery.shared.transport.decorator.EurekaHttpClientDecorator.register(EurekaHttpClientDecorator.java:56)
	at com.netflix.discovery.shared.transport.decorator.EurekaHttpClientDecorator$1.execute(EurekaHttpClientDecorator.java:59)
	at com.netflix.discovery.shared.transport.decorator.SessionedEurekaHttpClient.execute(SessionedEurekaHttpClient.java:77)
	at com.netflix.discovery.shared.transport.decorator.EurekaHttpClientDecorator.register(EurekaHttpClientDecorator.java:56)
	at com.netflix.discovery.DiscoveryClient.register(DiscoveryClient.java:876)
	at com.netflix.discovery.InstanceInfoReplicator.run(InstanceInfoReplicator.java:121)
	at com.netflix.discovery.InstanceInfoReplicator$1.run(InstanceInfoReplicator.java:101)
	at java.base/java.util.concurrent.Executors$RunnableAdapter.call(Executors.java:572)
	at java.base/java.util.concurrent.FutureTask.run(FutureTask.java:317)
	at java.base/java.util.concurrent.ScheduledThreadPoolExecutor$ScheduledFutureTask.run(ScheduledThreadPoolExecutor.java:304)
	at java.base/java.util.concurrent.ThreadPoolExecutor.runWorker(ThreadPoolExecutor.java:1144)
	at java.base/java.util.concurrent.ThreadPoolExecutor$Worker.run(ThreadPoolExecutor.java:642)
	at java.base/java.lang.Thread.run(Thread.java:1583)
Caused by: org.apache.http.conn.HttpHostConnectException: Connect to 127.0.0.1:8761 [/127.0.0.1] failed: Connection refused: connect
	at org.apache.http.impl.conn.DefaultHttpClientConnectionOperator.connect(DefaultHttpClientConnectionOperator.java:156)
	at org.apache.http.impl.conn.PoolingHttpClientConnectionManager.connect(PoolingHttpClientConnectionManager.java:376)
	at org.apache.http.impl.execchain.MainClientExec.establishRoute(MainClientExec.java:393)
	at org.apache.http.impl.execchain.MainClientExec.execute(MainClientExec.java:236)
	at org.apache.http.impl.execchain.ProtocolExec.execute(ProtocolExec.java:186)
	at org.apache.http.impl.execchain.RetryExec.execute(RetryExec.java:89)
	at org.apache.http.impl.execchain.RedirectExec.execute(RedirectExec.java:110)
	at org.apache.http.impl.client.InternalHttpClient.doExecute(InternalHttpClient.java:185)
	at org.apache.http.impl.client.CloseableHttpClient.execute(CloseableHttpClient.java:83)
	at org.apache.http.impl.client.CloseableHttpClient.execute(CloseableHttpClient.java:56)
	at org.springframework.http.client.HttpComponentsClientHttpRequest.executeInternal(HttpComponentsClientHttpRequest.java:87)
	at org.springframework.http.client.AbstractBufferingClientHttpRequest.executeInternal(AbstractBufferingClientHttpRequest.java:48)
	at org.springframework.http.client.AbstractClientHttpRequest.execute(AbstractClientHttpRequest.java:66)
	at org.springframework.web.client.RestTemplate.doExecute(RestTemplate.java:776)
	... 22 more
Caused by: java.net.ConnectException: Connection refused: connect
	at java.base/sun.nio.ch.Net.connect0(Native Method)
	at java.base/sun.nio.ch.Net.connect(Net.java:589)
	at java.base/sun.nio.ch.Net.connect(Net.java:578)
	at java.base/sun.nio.ch.NioSocketImpl.connect(NioSocketImpl.java:583)
	at java.base/java.net.SocksSocketImpl.connect(SocksSocketImpl.java:327)
	at java.base/java.net.Socket.connect(Socket.java:751)
	at org.apache.http.conn.socket.PlainConnectionSocketFactory.connectSocket(PlainConnectionSocketFactory.java:75)
	at org.apache.http.impl.conn.DefaultHttpClientConnectionOperator.connect(DefaultHttpClientConnectionOperator.java:142)
	... 35 more

05-06-2026 23:54:37.0582|INFO |Unregistering ...
05-06-2026 23:54:37.0654|INFO |Request execution error. endpoint=DefaultEndpoint{ serviceUrl='http://127.0.0.1:8761/eureka/}, exception=I/O error on DELETE request for "http://127.0.0.1:8761/eureka/apps/ADMINISTRATION-SERVICE/RANIA:administration-service:8060": Connect to 127.0.0.1:8761 [/127.0.0.1] failed: Connection refused: connect; nested exception is org.apache.http.conn.HttpHostConnectException: Connect to 127.0.0.1:8761 [/127.0.0.1] failed: Connection refused: connect stacktrace=org.springframework.web.client.ResourceAccessException: I/O error on DELETE request for "http://127.0.0.1:8761/eureka/apps/ADMINISTRATION-SERVICE/RANIA:administration-service:8060": Connect to 127.0.0.1:8761 [/127.0.0.1] failed: Connection refused: connect; nested exception is org.apache.http.conn.HttpHostConnectException: Connect to 127.0.0.1:8761 [/127.0.0.1] failed: Connection refused: connect
	at org.springframework.web.client.RestTemplate.doExecute(RestTemplate.java:785)
	at org.springframework.web.client.RestTemplate.execute(RestTemplate.java:711)
	at org.springframework.web.client.RestTemplate.exchange(RestTemplate.java:602)
	at org.springframework.cloud.netflix.eureka.http.RestTemplateEurekaHttpClient.cancel(RestTemplateEurekaHttpClient.java:87)
	at com.netflix.discovery.shared.transport.decorator.EurekaHttpClientDecorator$2.execute(EurekaHttpClientDecorator.java:74)
	at com.netflix.discovery.shared.transport.decorator.RedirectingEurekaHttpClient.executeOnNewServer(RedirectingEurekaHttpClient.java:121)
	at com.netflix.discovery.shared.transport.decorator.RedirectingEurekaHttpClient.execute(RedirectingEurekaHttpClient.java:80)
	at com.netflix.discovery.shared.transport.decorator.EurekaHttpClientDecorator.cancel(EurekaHttpClientDecorator.java:71)
	at com.netflix.discovery.shared.transport.decorator.EurekaHttpClientDecorator$2.execute(EurekaHttpClientDecorator.java:74)
	at com.netflix.discovery.shared.transport.decorator.RetryableEurekaHttpClient.execute(RetryableEurekaHttpClient.java:120)
	at com.netflix.discovery.shared.transport.decorator.EurekaHttpClientDecorator.cancel(EurekaHttpClientDecorator.java:71)
	at com.netflix.discovery.shared.transport.decorator.EurekaHttpClientDecorator$2.execute(EurekaHttpClientDecorator.java:74)
	at com.netflix.discovery.shared.transport.decorator.SessionedEurekaHttpClient.execute(SessionedEurekaHttpClient.java:77)
	at com.netflix.discovery.shared.transport.decorator.EurekaHttpClientDecorator.cancel(EurekaHttpClientDecorator.java:71)
	at com.netflix.discovery.DiscoveryClient.unregister(DiscoveryClient.java:972)
	at com.netflix.discovery.DiscoveryClient.shutdown(DiscoveryClient.java:948)
	at java.base/jdk.internal.reflect.DirectMethodHandleAccessor.invoke(DirectMethodHandleAccessor.java:103)
	at java.base/java.lang.reflect.Method.invoke(Method.java:580)
	at org.springframework.beans.factory.annotation.InitDestroyAnnotationBeanPostProcessor$LifecycleElement.invoke(InitDestroyAnnotationBeanPostProcessor.java:389)
	at org.springframework.beans.factory.annotation.InitDestroyAnnotationBeanPostProcessor$LifecycleMetadata.invokeDestroyMethods(InitDestroyAnnotationBeanPostProcessor.java:347)
	at org.springframework.beans.factory.annotation.InitDestroyAnnotationBeanPostProcessor.postProcessBeforeDestruction(InitDestroyAnnotationBeanPostProcessor.java:177)
	at org.springframework.beans.factory.support.DisposableBeanAdapter.destroy(DisposableBeanAdapter.java:197)
	at org.springframework.beans.factory.support.DisposableBeanAdapter.run(DisposableBeanAdapter.java:190)
	at org.springframework.cloud.context.scope.GenericScope$BeanLifecycleWrapper.destroy(GenericScope.java:390)
	at org.springframework.cloud.context.scope.GenericScope.destroy(GenericScope.java:136)
	at org.springframework.beans.factory.support.DisposableBeanAdapter.destroy(DisposableBeanAdapter.java:213)
	at org.springframework.beans.factory.support.DefaultSingletonBeanRegistry.destroyBean(DefaultSingletonBeanRegistry.java:587)
	at org.springframework.beans.factory.support.DefaultSingletonBeanRegistry.destroySingleton(DefaultSingletonBeanRegistry.java:559)
	at org.springframework.beans.factory.support.DefaultListableBeanFactory.destroySingleton(DefaultListableBeanFactory.java:1163)
	at org.springframework.beans.factory.support.DefaultSingletonBeanRegistry.destroySingletons(DefaultSingletonBeanRegistry.java:520)
	at org.springframework.beans.factory.support.DefaultListableBeanFactory.destroySingletons(DefaultListableBeanFactory.java:1156)
	at org.springframework.context.support.AbstractApplicationContext.destroyBeans(AbstractApplicationContext.java:1106)
	at org.springframework.context.support.AbstractApplicationContext.doClose(AbstractApplicationContext.java:1075)
	at org.springframework.boot.web.servlet.context.ServletWebServerApplicationContext.doClose(ServletWebServerApplicationContext.java:174)
	at org.springframework.context.support.AbstractApplicationContext.close(AbstractApplicationContext.java:1021)
	at org.springframework.boot.SpringApplicationShutdownHook.closeAndWait(SpringApplicationShutdownHook.java:145)
	at java.base/java.lang.Iterable.forEach(Iterable.java:75)
	at org.springframework.boot.SpringApplicationShutdownHook.run(SpringApplicationShutdownHook.java:114)
	at java.base/java.lang.Thread.run(Thread.java:1583)
Caused by: org.apache.http.conn.HttpHostConnectException: Connect to 127.0.0.1:8761 [/127.0.0.1] failed: Connection refused: connect
	at org.apache.http.impl.conn.DefaultHttpClientConnectionOperator.connect(DefaultHttpClientConnectionOperator.java:156)
	at org.apache.http.impl.conn.PoolingHttpClientConnectionManager.connect(PoolingHttpClientConnectionManager.java:376)
	at org.apache.http.impl.execchain.MainClientExec.establishRoute(MainClientExec.java:393)
	at org.apache.http.impl.execchain.MainClientExec.execute(MainClientExec.java:236)
	at org.apache.http.impl.execchain.ProtocolExec.execute(ProtocolExec.java:186)
	at org.apache.http.impl.execchain.RetryExec.execute(RetryExec.java:89)
	at org.apache.http.impl.execchain.RedirectExec.execute(RedirectExec.java:110)
	at org.apache.http.impl.client.InternalHttpClient.doExecute(InternalHttpClient.java:185)
	at org.apache.http.impl.client.CloseableHttpClient.execute(CloseableHttpClient.java:83)
	at org.apache.http.impl.client.CloseableHttpClient.execute(CloseableHttpClient.java:56)
	at org.springframework.http.client.HttpComponentsClientHttpRequest.executeInternal(HttpComponentsClientHttpRequest.java:87)
	at org.springframework.http.client.AbstractBufferingClientHttpRequest.executeInternal(AbstractBufferingClientHttpRequest.java:48)
	at org.springframework.http.client.AbstractClientHttpRequest.execute(AbstractClientHttpRequest.java:66)
	at org.springframework.web.client.RestTemplate.doExecute(RestTemplate.java:776)
	... 38 more
Caused by: java.net.ConnectException: Connection refused: connect
	at java.base/sun.nio.ch.Net.connect0(Native Method)
	at java.base/sun.nio.ch.Net.connect(Net.java:589)
	at java.base/sun.nio.ch.Net.connect(Net.java:578)
	at java.base/sun.nio.ch.NioSocketImpl.connect(NioSocketImpl.java:583)
	at java.base/java.net.SocksSocketImpl.connect(SocksSocketImpl.java:327)
	at java.base/java.net.Socket.connect(Socket.java:751)
	at org.apache.http.conn.socket.PlainConnectionSocketFactory.connectSocket(PlainConnectionSocketFactory.java:75)
	at org.apache.http.impl.conn.DefaultHttpClientConnectionOperator.connect(DefaultHttpClientConnectionOperator.java:142)
	... 51 more

05-06-2026 23:54:37.0718|INFO |Completed shut down of DiscoveryClient
05-06-2026 23:54:40.0950|INFO |Unregistering ...
05-06-2026 23:54:40.0963|INFO |Request execution error. endpoint=DefaultEndpoint{ serviceUrl='http://127.0.0.1:8761/eureka/} exception=I/O error on DELETE request for "http://127.0.0.1:8761/eureka/apps/ETABLISSEMENT-SERVICE/RANIA:etablissement-service:8063": Connect to 127.0.0.1:8761 [/127.0.0.1] failed: Connection refused: connect; nested exception is org.apache.http.conn.HttpHostConnectException: Connect to 127.0.0.1:8761 [/127.0.0.1] failed: Connection refused: connect stacktrace=org.springframework.web.client.ResourceAccessException: I/O error on DELETE request for "http://127.0.0.1:8761/eureka/apps/ETABLISSEMENT-SERVICE/RANIA:etablissement-service:8063": Connect to 127.0.0.1:8761 [/127.0.0.1] failed: Connection refused: connect; nested exception is org.apache.http.conn.HttpHostConnectException: Connect to 127.0.0.1:8761 [/127.0.0.1] failed: Connection refused: connect
	at org.springframework.web.client.RestTemplate.doExecute(RestTemplate.java:785)
	at org.springframework.web.client.RestTemplate.execute(RestTemplate.java:711)
	at org.springframework.web.client.RestTemplate.exchange(RestTemplate.java:602)
	at org.springframework.cloud.netflix.eureka.http.RestTemplateEurekaHttpClient.cancel(RestTemplateEurekaHttpClient.java:87)
	at com.netflix.discovery.shared.transport.decorator.EurekaHttpClientDecorator$2.execute(EurekaHttpClientDecorator.java:74)
	at com.netflix.discovery.shared.transport.decorator.RedirectingEurekaHttpClient.execute(RedirectingEurekaHttpClient.java:91)
	at com.netflix.discovery.shared.transport.decorator.EurekaHttpClientDecorator.cancel(EurekaHttpClientDecorator.java:71)
	at com.netflix.discovery.shared.transport.decorator.EurekaHttpClientDecorator$2.execute(EurekaHttpClientDecorator.java:74)
	at com.netflix.discovery.shared.transport.decorator.RetryableEurekaHttpClient.execute(RetryableEurekaHttpClient.java:120)
	at com.netflix.discovery.shared.transport.decorator.EurekaHttpClientDecorator.cancel(EurekaHttpClientDecorator.java:71)
	at com.netflix.discovery.shared.transport.decorator.EurekaHttpClientDecorator$2.execute(EurekaHttpClientDecorator.java:74)
	at com.netflix.discovery.shared.transport.decorator.SessionedEurekaHttpClient.execute(SessionedEurekaHttpClient.java:77)
	at com.netflix.discovery.shared.transport.decorator.EurekaHttpClientDecorator.cancel(EurekaHttpClientDecorator.java:71)
	at com.netflix.discovery.DiscoveryClient.unregister(DiscoveryClient.java:972)
	at com.netflix.discovery.DiscoveryClient.shutdown(DiscoveryClient.java:948)
	at java.base/jdk.internal.reflect.DirectMethodHandleAccessor.invoke(DirectMethodHandleAccessor.java:103)
	at java.base/java.lang.reflect.Method.invoke(Method.java:580)
	at org.springframework.beans.factory.annotation.InitDestroyAnnotationBeanPostProcessor$LifecycleElement.invoke(InitDestroyAnnotationBeanPostProcessor.java:389)
	at org.springframework.beans.factory.annotation.InitDestroyAnnotationBeanPostProcessor$LifecycleMetadata.invokeDestroyMethods(InitDestroyAnnotationBeanPostProcessor.java:347)
	at org.springframework.beans.factory.annotation.InitDestroyAnnotationBeanPostProcessor.postProcessBeforeDestruction(InitDestroyAnnotationBeanPostProcessor.java:177)
	at org.springframework.beans.factory.support.DisposableBeanAdapter.destroy(DisposableBeanAdapter.java:197)
	at org.springframework.beans.factory.support.DisposableBeanAdapter.run(DisposableBeanAdapter.java:190)
	at org.springframework.cloud.context.scope.GenericScope$BeanLifecycleWrapper.destroy(GenericScope.java:390)
	at org.springframework.cloud.context.scope.GenericScope.destroy(GenericScope.java:136)
	at org.springframework.beans.factory.support.DisposableBeanAdapter.destroy(DisposableBeanAdapter.java:213)
	at org.springframework.beans.factory.support.DefaultSingletonBeanRegistry.destroyBean(DefaultSingletonBeanRegistry.java:587)
	at org.springframework.beans.factory.support.DefaultSingletonBeanRegistry.destroySingleton(DefaultSingletonBeanRegistry.java:559)
	at org.springframework.beans.factory.support.DefaultListableBeanFactory.destroySingleton(DefaultListableBeanFactory.java:1163)
	at org.springframework.beans.factory.support.DefaultSingletonBeanRegistry.destroySingletons(DefaultSingletonBeanRegistry.java:520)
	at org.springframework.beans.factory.support.DefaultListableBeanFactory.destroySingletons(DefaultListableBeanFactory.java:1156)
	at org.springframework.context.support.AbstractApplicationContext.destroyBeans(AbstractApplicationContext.java:1106)
	at org.springframework.context.support.AbstractApplicationContext.doClose(AbstractApplicationContext.java:1075)
	at org.springframework.boot.web.servlet.context.ServletWebServerApplicationContext.doClose(ServletWebServerApplicationContext.java:174)
	at org.springframework.context.support.AbstractApplicationContext.close(AbstractApplicationContext.java:1021)
	at org.springframework.boot.SpringApplicationShutdownHook.closeAndWait(SpringApplicationShutdownHook.java:145)
	at java.base/java.lang.Iterable.forEach(Iterable.java:75)
	at org.springframework.boot.SpringApplicationShutdownHook.run(SpringApplicationShutdownHook.java:114)
	at java.base/java.lang.Thread.run(Thread.java:1583)
Caused by: org.apache.http.conn.HttpHostConnectException: Connect to 127.0.0.1:8761 [/127.0.0.1] failed: Connection refused: connect
	at org.apache.http.impl.conn.DefaultHttpClientConnectionOperator.connect(DefaultHttpClientConnectionOperator.java:156)
	at org.apache.http.impl.conn.PoolingHttpClientConnectionManager.connect(PoolingHttpClientConnectionManager.java:376)
	at org.apache.http.impl.execchain.MainClientExec.establishRoute(MainClientExec.java:393)
	at org.apache.http.impl.execchain.MainClientExec.execute(MainClientExec.java:236)
	at org.apache.http.impl.execchain.ProtocolExec.execute(ProtocolExec.java:186)
	at org.apache.http.impl.execchain.RetryExec.execute(RetryExec.java:89)
	at org.apache.http.impl.execchain.RedirectExec.execute(RedirectExec.java:110)
	at org.apache.http.impl.client.InternalHttpClient.doExecute(InternalHttpClient.java:185)
	at org.apache.http.impl.client.CloseableHttpClient.execute(CloseableHttpClient.java:83)
	at org.apache.http.impl.client.CloseableHttpClient.execute(CloseableHttpClient.java:56)
	at org.springframework.http.client.HttpComponentsClientHttpRequest.executeInternal(HttpComponentsClientHttpRequest.java:87)
	at org.springframework.http.client.AbstractBufferingClientHttpRequest.executeInternal(AbstractBufferingClientHttpRequest.java:48)
	at org.springframework.http.client.AbstractClientHttpRequest.execute(AbstractClientHttpRequest.java:66)
	at org.springframework.web.client.RestTemplate.doExecute(RestTemplate.java:776)
	... 37 more
Caused by: java.net.ConnectException: Connection refused: connect
	at java.base/sun.nio.ch.Net.connect0(Native Method)
	at java.base/sun.nio.ch.Net.connect(Net.java:589)
	at java.base/sun.nio.ch.Net.connect(Net.java:578)
	at java.base/sun.nio.ch.NioSocketImpl.connect(NioSocketImpl.java:583)
	at java.base/java.net.SocksSocketImpl.connect(SocksSocketImpl.java:327)
	at java.base/java.net.Socket.connect(Socket.java:751)
	at org.apache.http.conn.socket.PlainConnectionSocketFactory.connectSocket(PlainConnectionSocketFactory.java:75)
	at org.apache.http.impl.conn.DefaultHttpClientConnectionOperator.connect(DefaultHttpClientConnectionOperator.java:142)
	... 50 more

05-06-2026 23:54:41.0015|INFO |Request execution error. endpoint=DefaultEndpoint{ serviceUrl='http://127.0.0.1:8761/eureka/}, exception=I/O error on DELETE request for "http://127.0.0.1:8761/eureka/apps/ETABLISSEMENT-SERVICE/RANIA:etablissement-service:8063": Connect to 127.0.0.1:8761 [/127.0.0.1] failed: Connection refused: connect; nested exception is org.apache.http.conn.HttpHostConnectException: Connect to 127.0.0.1:8761 [/127.0.0.1] failed: Connection refused: connect stacktrace=org.springframework.web.client.ResourceAccessException: I/O error on DELETE request for "http://127.0.0.1:8761/eureka/apps/ETABLISSEMENT-SERVICE/RANIA:etablissement-service:8063": Connect to 127.0.0.1:8761 [/127.0.0.1] failed: Connection refused: connect; nested exception is org.apache.http.conn.HttpHostConnectException: Connect to 127.0.0.1:8761 [/127.0.0.1] failed: Connection refused: connect
	at org.springframework.web.client.RestTemplate.doExecute(RestTemplate.java:785)
	at org.springframework.web.client.RestTemplate.execute(RestTemplate.java:711)
	at org.springframework.web.client.RestTemplate.exchange(RestTemplate.java:602)
	at org.springframework.cloud.netflix.eureka.http.RestTemplateEurekaHttpClient.cancel(RestTemplateEurekaHttpClient.java:87)
	at com.netflix.discovery.shared.transport.decorator.EurekaHttpClientDecorator$2.execute(EurekaHttpClientDecorator.java:74)
	at com.netflix.discovery.shared.transport.decorator.RedirectingEurekaHttpClient.executeOnNewServer(RedirectingEurekaHttpClient.java:121)
	at com.netflix.discovery.shared.transport.decorator.RedirectingEurekaHttpClient.execute(RedirectingEurekaHttpClient.java:80)
	at com.netflix.discovery.shared.transport.decorator.EurekaHttpClientDecorator.cancel(EurekaHttpClientDecorator.java:71)
	at com.netflix.discovery.shared.transport.decorator.EurekaHttpClientDecorator$2.execute(EurekaHttpClientDecorator.java:74)
	at com.netflix.discovery.shared.transport.decorator.RetryableEurekaHttpClient.execute(RetryableEurekaHttpClient.java:120)
	at com.netflix.discovery.shared.transport.decorator.EurekaHttpClientDecorator.cancel(EurekaHttpClientDecorator.java:71)
	at com.netflix.discovery.shared.transport.decorator.EurekaHttpClientDecorator$2.execute(EurekaHttpClientDecorator.java:74)
	at com.netflix.discovery.shared.transport.decorator.SessionedEurekaHttpClient.execute(SessionedEurekaHttpClient.java:77)
	at com.netflix.discovery.shared.transport.decorator.EurekaHttpClientDecorator.cancel(EurekaHttpClientDecorator.java:71)
	at com.netflix.discovery.DiscoveryClient.unregister(DiscoveryClient.java:972)
	at com.netflix.discovery.DiscoveryClient.shutdown(DiscoveryClient.java:948)
	at java.base/jdk.internal.reflect.DirectMethodHandleAccessor.invoke(DirectMethodHandleAccessor.java:103)
	at java.base/java.lang.reflect.Method.invoke(Method.java:580)
	at org.springframework.beans.factory.annotation.InitDestroyAnnotationBeanPostProcessor$LifecycleElement.invoke(InitDestroyAnnotationBeanPostProcessor.java:389)
	at org.springframework.beans.factory.annotation.InitDestroyAnnotationBeanPostProcessor$LifecycleMetadata.invokeDestroyMethods(InitDestroyAnnotationBeanPostProcessor.java:347)
	at org.springframework.beans.factory.annotation.InitDestroyAnnotationBeanPostProcessor.postProcessBeforeDestruction(InitDestroyAnnotationBeanPostProcessor.java:177)
	at org.springframework.beans.factory.support.DisposableBeanAdapter.destroy(DisposableBeanAdapter.java:197)
	at org.springframework.beans.factory.support.DisposableBeanAdapter.run(DisposableBeanAdapter.java:190)
	at org.springframework.cloud.context.scope.GenericScope$BeanLifecycleWrapper.destroy(GenericScope.java:390)
	at org.springframework.cloud.context.scope.GenericScope.destroy(GenericScope.java:136)
	at org.springframework.beans.factory.support.DisposableBeanAdapter.destroy(DisposableBeanAdapter.java:213)
	at org.springframework.beans.factory.support.DefaultSingletonBeanRegistry.destroyBean(DefaultSingletonBeanRegistry.java:587)
	at org.springframework.beans.factory.support.DefaultSingletonBeanRegistry.destroySingleton(DefaultSingletonBeanRegistry.java:559)
	at org.springframework.beans.factory.support.DefaultListableBeanFactory.destroySingleton(DefaultListableBeanFactory.java:1163)
	at org.springframework.beans.factory.support.DefaultSingletonBeanRegistry.destroySingletons(DefaultSingletonBeanRegistry.java:520)
	at org.springframework.beans.factory.support.DefaultListableBeanFactory.destroySingletons(DefaultListableBeanFactory.java:1156)
	at org.springframework.context.support.AbstractApplicationContext.destroyBeans(AbstractApplicationContext.java:1106)
	at org.springframework.context.support.AbstractApplicationContext.doClose(AbstractApplicationContext.java:1075)
	at org.springframework.boot.web.servlet.context.ServletWebServerApplicationContext.doClose(ServletWebServerApplicationContext.java:174)
	at org.springframework.context.support.AbstractApplicationContext.close(AbstractApplicationContext.java:1021)
	at org.springframework.boot.SpringApplicationShutdownHook.closeAndWait(SpringApplicationShutdownHook.java:145)
	at java.base/java.lang.Iterable.forEach(Iterable.java:75)
	at org.springframework.boot.SpringApplicationShutdownHook.run(SpringApplicationShutdownHook.java:114)
	at java.base/java.lang.Thread.run(Thread.java:1583)
Caused by: org.apache.http.conn.HttpHostConnectException: Connect to 127.0.0.1:8761 [/127.0.0.1] failed: Connection refused: connect
	at org.apache.http.impl.conn.DefaultHttpClientConnectionOperator.connect(DefaultHttpClientConnectionOperator.java:156)
	at org.apache.http.impl.conn.PoolingHttpClientConnectionManager.connect(PoolingHttpClientConnectionManager.java:376)
	at org.apache.http.impl.execchain.MainClientExec.establishRoute(MainClientExec.java:393)
	at org.apache.http.impl.execchain.MainClientExec.execute(MainClientExec.java:236)
	at org.apache.http.impl.execchain.ProtocolExec.execute(ProtocolExec.java:186)
	at org.apache.http.impl.execchain.RetryExec.execute(RetryExec.java:89)
	at org.apache.http.impl.execchain.RedirectExec.execute(RedirectExec.java:110)
	at org.apache.http.impl.client.InternalHttpClient.doExecute(InternalHttpClient.java:185)
	at org.apache.http.impl.client.CloseableHttpClient.execute(CloseableHttpClient.java:83)
	at org.apache.http.impl.client.CloseableHttpClient.execute(CloseableHttpClient.java:56)
	at org.springframework.http.client.HttpComponentsClientHttpRequest.executeInternal(HttpComponentsClientHttpRequest.java:87)
	at org.springframework.http.client.AbstractBufferingClientHttpRequest.executeInternal(AbstractBufferingClientHttpRequest.java:48)
	at org.springframework.http.client.AbstractClientHttpRequest.execute(AbstractClientHttpRequest.java:66)
	at org.springframework.web.client.RestTemplate.doExecute(RestTemplate.java:776)
	... 38 more
Caused by: java.net.ConnectException: Connection refused: connect
	at java.base/sun.nio.ch.Net.connect0(Native Method)
	at java.base/sun.nio.ch.Net.connect(Net.java:589)
	at java.base/sun.nio.ch.Net.connect(Net.java:578)
	at java.base/sun.nio.ch.NioSocketImpl.connect(NioSocketImpl.java:583)
	at java.base/java.net.SocksSocketImpl.connect(SocksSocketImpl.java:327)
	at java.base/java.net.Socket.connect(Socket.java:751)
	at org.apache.http.conn.socket.PlainConnectionSocketFactory.connectSocket(PlainConnectionSocketFactory.java:75)
	at org.apache.http.impl.conn.DefaultHttpClientConnectionOperator.connect(DefaultHttpClientConnectionOperator.java:142)
	... 51 more

05-06-2026 23:54:41.0047|INFO |Completed shut down of DiscoveryClient
