02-04-2026 00:18:56.0848|ERROR|Error AdmUserService in method saveOrUpdate :: org.springframework.dao.DataIntegrityViolationException: not-null property references a null or transient value : tn.com.st2i.project.administration.model.AdmUser.fExpire; nested exception is org.hibernate.PropertyValueException: not-null property references a null or transient value : tn.com.st2i.project.administration.model.AdmUser.fExpire
02-04-2026 00:20:02.0782|ERROR|Error AdmUserService in method saveOrUpdate :: org.springframework.dao.DataIntegrityViolationException: not-null property references a null or transient value : tn.com.st2i.project.administration.model.AdmUser.fExpire; nested exception is org.hibernate.PropertyValueException: not-null property references a null or transient value : tn.com.st2i.project.administration.model.AdmUser.fExpire
02-04-2026 00:26:20.0865|ERROR|Error AdmUserService in method saveOrUpdateAdmUserWs :: java.lang.NullPointerException: Cannot invoke "String.equals(Object)" because the return value of "tn.com.st2i.project.administration.model.AdmUser.getCode()" is null
02-04-2026 00:26:57.0003|ERROR|Error AdmUserService in method saveOrUpdateAdmUserWs :: java.lang.NullPointerException: Cannot invoke "String.equals(Object)" because the return value of "tn.com.st2i.project.administration.model.AdmUser.getCode()" is null
02-04-2026 00:30:21.0118|ERROR|Error AdmUserService in method saveOrUpdateAdmUserWs :: java.lang.NullPointerException: Cannot invoke "String.equals(Object)" because the return value of "tn.com.st2i.project.administration.model.AdmUser.getCode()" is null
02-04-2026 00:34:28.0890|ERROR|Error AdmUserService in method saveOrUpdateAdmUserWs :: java.lang.NullPointerException: Cannot invoke "String.equals(Object)" because the return value of "tn.com.st2i.project.administration.model.AdmUser.getCode()" is null
02-04-2026 00:37:20.0280|ERROR|Error AdmUserService in method saveOrUpdateAdmUserWs :: java.lang.NullPointerException: Cannot invoke "String.equals(Object)" because the return value of "tn.com.st2i.project.administration.model.AdmUser.getCode()" is null
02-04-2026 00:40:34.0360|ERROR|Error AdmUserService in method saveOrUpdateAdmUserWs :: java.lang.NullPointerException: Cannot invoke "String.equals(Object)" because the return value of "tn.com.st2i.project.administration.model.AdmUser.getCode()" is null
02-04-2026 00:44:20.0727|ERROR|Error AdmUserService in method saveOrUpdateAdmUserWs :: java.lang.NullPointerException: Cannot invoke "String.equals(Object)" because the return value of "tn.com.st2i.project.administration.model.AdmUser.getCode()" is null
02-04-2026 00:47:21.0953|ERROR|DiscoveryClient_ADMINISTRATION-SERVICE/RANIA:administration-service:8060 - de-registration failedCannot execute request on any known server
com.netflix.discovery.shared.transport.TransportException: Cannot execute request on any known server
	at com.netflix.discovery.shared.transport.decorator.RetryableEurekaHttpClient.execute(RetryableEurekaHttpClient.java:112)
	at com.netflix.discovery.shared.transport.decorator.EurekaHttpClientDecorator.cancel(EurekaHttpClientDecorator.java:71)
	at com.netflix.discovery.shared.transport.decorator.EurekaHttpClientDecorator$2.execute(EurekaHttpClientDecorator.java:74)
	at com.netflix.discovery.shared.transport.decorator.SessionedEurekaHttpClient.execute(SessionedEurekaHttpClient.java:77)
	at com.netflix.discovery.shared.transport.decorator.EurekaHttpClientDecorator.cancel(EurekaHttpClientDecorator.java:71)
	at com.netflix.discovery.DiscoveryClient.unregister(DiscoveryClient.java:972)
	at com.netflix.discovery.DiscoveryClient.shutdown(DiscoveryClient.java:948)
	at java.base/jdk.internal.reflect.DirectMethodHandleAccessor.invoke(DirectMethodHandleAccessor.java:103)
	at java.base/java.lang.reflect.Method.invoke(Method.java:580)
	at org.springframework.beans.factory.annotation.InitDestroyAnnotationBeanPostProcessor$LifecycleElement.invoke(InitDestroyAnnotationBeanPostProcessor.java:389)
	at org.springframework.beans.factory.annotation.InitDestroyAnnotationBeanPostProcessor$LifecycleMetadata.invokeDestroyMethods(InitDestroyAnnotationBeanPostProcessor.java:347)
	at org.springframework.beans.factory.annotation.InitDestroyAnnotationBeanPostProcessor.postProcessBeforeDestruction(InitDestroyAnnotationBeanPostProcessor.java:177)
	at org.springframework.beans.factory.support.DisposableBeanAdapter.destroy(DisposableBeanAdapter.java:197)
	at org.springframework.beans.factory.support.DisposableBeanAdapter.run(DisposableBeanAdapter.java:190)
	at org.springframework.cloud.context.scope.GenericScope$BeanLifecycleWrapper.destroy(GenericScope.java:390)
	at org.springframework.cloud.context.scope.GenericScope.destroy(GenericScope.java:136)
	at org.springframework.beans.factory.support.DisposableBeanAdapter.destroy(DisposableBeanAdapter.java:213)
	at org.springframework.beans.factory.support.DefaultSingletonBeanRegistry.destroyBean(DefaultSingletonBeanRegistry.java:587)
	at org.springframework.beans.factory.support.DefaultSingletonBeanRegistry.destroySingleton(DefaultSingletonBeanRegistry.java:559)
	at org.springframework.beans.factory.support.DefaultListableBeanFactory.destroySingleton(DefaultListableBeanFactory.java:1163)
	at org.springframework.beans.factory.support.DefaultSingletonBeanRegistry.destroySingletons(DefaultSingletonBeanRegistry.java:520)
	at org.springframework.beans.factory.support.DefaultListableBeanFactory.destroySingletons(DefaultListableBeanFactory.java:1156)
	at org.springframework.context.support.AbstractApplicationContext.destroyBeans(AbstractApplicationContext.java:1106)
	at org.springframework.context.support.AbstractApplicationContext.doClose(AbstractApplicationContext.java:1075)
	at org.springframework.boot.web.servlet.context.ServletWebServerApplicationContext.doClose(ServletWebServerApplicationContext.java:174)
	at org.springframework.context.support.AbstractApplicationContext.close(AbstractApplicationContext.java:1021)
	at org.springframework.boot.SpringApplicationShutdownHook.closeAndWait(SpringApplicationShutdownHook.java:145)
	at java.base/java.lang.Iterable.forEach(Iterable.java:75)
	at org.springframework.boot.SpringApplicationShutdownHook.run(SpringApplicationShutdownHook.java:114)
	at java.base/java.lang.Thread.run(Thread.java:1583)
02-04-2026 17:42:14.0177|ERROR|Error AdmUserService in method saveOrUpdate :: org.springframework.dao.DataIntegrityViolationException: not-null property references a null or transient value : tn.com.st2i.project.administration.model.AdmUser.idSex; nested exception is org.hibernate.PropertyValueException: not-null property references a null or transient value : tn.com.st2i.project.administration.model.AdmUser.idSex
02-04-2026 17:42:53.0892|ERROR|Error AdmUserService in method saveOrUpdate :: org.springframework.dao.DataIntegrityViolationException: not-null property references a null or transient value : tn.com.st2i.project.administration.model.AdmUser.idSex; nested exception is org.hibernate.PropertyValueException: not-null property references a null or transient value : tn.com.st2i.project.administration.model.AdmUser.idSex
02-04-2026 17:44:02.0319|ERROR|Error AdmUserService in method saveOrUpdate :: org.springframework.dao.DataIntegrityViolationException: not-null property references a null or transient value : tn.com.st2i.project.administration.model.AdmUser.idSex; nested exception is org.hibernate.PropertyValueException: not-null property references a null or transient value : tn.com.st2i.project.administration.model.AdmUser.idSex
02-04-2026 17:45:14.0808|ERROR|Error AdmUserService in method saveOrUpdate :: org.springframework.dao.DataIntegrityViolationException: not-null property references a null or transient value : tn.com.st2i.project.administration.model.AdmUser.idSex; nested exception is org.hibernate.PropertyValueException: not-null property references a null or transient value : tn.com.st2i.project.administration.model.AdmUser.idSex
02-04-2026 17:45:59.0048|ERROR|Error AdmUserService in method saveOrUpdate :: org.springframework.dao.DataIntegrityViolationException: not-null property references a null or transient value : tn.com.st2i.project.administration.model.AdmUser.idSex; nested exception is org.hibernate.PropertyValueException: not-null property references a null or transient value : tn.com.st2i.project.administration.model.AdmUser.idSex
02-04-2026 17:53:36.0968|ERROR|Error AdmUserService in method saveOrUpdate :: org.springframework.dao.DataIntegrityViolationException: not-null property references a null or transient value : tn.com.st2i.project.administration.model.AdmUser.idSex; nested exception is org.hibernate.PropertyValueException: not-null property references a null or transient value : tn.com.st2i.project.administration.model.AdmUser.idSex
02-04-2026 18:08:52.0181|ERROR|Error AdmUserService in method saveOrUpdate :: org.springframework.dao.DataIntegrityViolationException: not-null property references a null or transient value : tn.com.st2i.project.administration.model.AdmUser.idSex; nested exception is org.hibernate.PropertyValueException: not-null property references a null or transient value : tn.com.st2i.project.administration.model.AdmUser.idSex
02-04-2026 18:15:14.0530|ERROR|Error AdmUserService in method saveOrUpdate :: org.springframework.dao.DataIntegrityViolationException: not-null property references a null or transient value : tn.com.st2i.project.administration.model.AdmUser.fExpire; nested exception is org.hibernate.PropertyValueException: not-null property references a null or transient value : tn.com.st2i.project.administration.model.AdmUser.fExpire
02-04-2026 18:57:42.0893|ERROR|Error AdmUserService in method saveOrUpdate :: org.springframework.dao.DataIntegrityViolationException: not-null property references a null or transient value : tn.com.st2i.project.administration.model.AdmUser.fExpire; nested exception is org.hibernate.PropertyValueException: not-null property references a null or transient value : tn.com.st2i.project.administration.model.AdmUser.fExpire
02-04-2026 19:09:36.0555|ERROR|Error AdmUserService in method saveOrUpdate :: org.springframework.dao.DataIntegrityViolationException: not-null property references a null or transient value : tn.com.st2i.project.administration.model.AdmUser.fExpire; nested exception is org.hibernate.PropertyValueException: not-null property references a null or transient value : tn.com.st2i.project.administration.model.AdmUser.fExpire
02-04-2026 19:34:52.0301|ERROR|Error AdmUserService in method saveOrUpdate :: org.springframework.dao.DataIntegrityViolationException: not-null property references a null or transient value : tn.com.st2i.project.administration.model.AdmUser.idSex; nested exception is org.hibernate.PropertyValueException: not-null property references a null or transient value : tn.com.st2i.project.administration.model.AdmUser.idSex
02-04-2026 20:01:30.0192|ERROR|Error AdmUserService in method saveOrUpdateAdmUserWs :: java.lang.NullPointerException: Cannot invoke "String.equals(Object)" because the return value of "tn.com.st2i.project.administration.model.AdmUser.getCode()" is null
02-04-2026 20:12:31.0313|ERROR|Error AdmUserService in method saveOrUpdateAdmUserWs :: java.lang.NullPointerException: Cannot invoke "String.equals(Object)" because the return value of "tn.com.st2i.project.administration.model.AdmUser.getCode()" is null
