21-03-2026 09:48:01.0462|INFO |Resolving eureka endpoints via configuration
21-03-2026 09:53:01.0578|INFO |Resolving eureka endpoints via configuration
21-03-2026 09:58:00.0454|INFO |Resolving eureka endpoints via configuration
21-03-2026 10:03:00.0456|INFO |Resolving eureka endpoints via configuration
21-03-2026 10:07:16.0706|INFO |Unregistering application ADMINISTRATION-SERVICE with eureka with status DOWN
21-03-2026 10:07:16.0710|INFO |Saw local status change event StatusChangeEvent [timestamp=1774084036710, current=DOWN, previous=UP]
21-03-2026 10:07:16.0710|INFO |DiscoveryClient_ADMINISTRATION-SERVICE/RANIA:administration-service:8060: registering service...
21-03-2026 10:07:16.0802|INFO |DiscoveryClient_ADMINISTRATION-SERVICE/RANIA:administration-service:8060 - registration status: 204
21-03-2026 10:07:16.0851|INFO |Closing JPA EntityManagerFactory for persistence unit 'default'
21-03-2026 10:07:16.0874|INFO |HikariPool-1 - Shutdown initiated...
21-03-2026 10:07:16.0891|INFO |HikariPool-1 - Shutdown completed.
21-03-2026 10:07:16.0893|INFO |Shutting down DiscoveryClient ...
21-03-2026 10:07:19.0921|INFO |Unregistering ...
21-03-2026 10:07:19.0932|INFO |Request execution error. endpoint=DefaultEndpoint{ serviceUrl='http://127.0.0.1:8761/eureka/} exception=I/O error on DELETE request for "http://127.0.0.1:8761/eureka/apps/ADMINISTRATION-SERVICE/RANIA:administration-service:8060": Connect to 127.0.0.1:8761 [/127.0.0.1] failed: Connection refused: connect; nested exception is org.apache.http.conn.HttpHostConnectException: Connect to 127.0.0.1:8761 [/127.0.0.1] failed: Connection refused: connect stacktrace=org.springframework.web.client.ResourceAccessException: I/O error on DELETE request for "http://127.0.0.1:8761/eureka/apps/ADMINISTRATION-SERVICE/RANIA:administration-service:8060": Connect to 127.0.0.1:8761 [/127.0.0.1] failed: Connection refused: connect; nested exception is org.apache.http.conn.HttpHostConnectException: Connect to 127.0.0.1:8761 [/127.0.0.1] failed: Connection refused: connect
	at org.springframework.web.client.RestTemplate.doExecute(RestTemplate.java:785)
	at org.springframework.web.client.RestTemplate.execute(RestTemplate.java:711)
	at org.springframework.web.client.RestTemplate.exchange(RestTemplate.java:602)
	at org.springframework.cloud.netflix.eureka.http.RestTemplateEurekaHttpClient.cancel(RestTemplateEurekaHttpClient.java:87)
	at com.netflix.discovery.shared.transport.decorator.EurekaHttpClientDecorator$2.execute(EurekaHttpClientDecorator.java:74)
	at com.netflix.discovery.shared.transport.decorator.RedirectingEurekaHttpClient.execute(RedirectingEurekaHttpClient.java:91)
	at com.netflix.discovery.shared.transport.decorator.EurekaHttpClientDecorator.cancel(EurekaHttpClientDecorator.java:71)
	at com.netflix.discovery.shared.transport.decorator.EurekaHttpClientDecorator$2.execute(EurekaHttpClientDecorator.java:74)
	at com.netflix.discovery.shared.transport.decorator.RetryableEurekaHttpClient.execute(RetryableEurekaHttpClient.java:120)
	at com.netflix.discovery.shared.transport.decorator.EurekaHttpClientDecorator.cancel(EurekaHttpClientDecorator.java:71)
	at com.netflix.discovery.shared.transport.decorator.EurekaHttpClientDecorator$2.execute(EurekaHttpClientDecorator.java:74)
	at com.netflix.discovery.shared.transport.decorator.SessionedEurekaHttpClient.execute(SessionedEurekaHttpClient.java:77)
	at com.netflix.discovery.shared.transport.decorator.EurekaHttpClientDecorator.cancel(EurekaHttpClientDecorator.java:71)
	at com.netflix.discovery.DiscoveryClient.unregister(DiscoveryClient.java:972)
	at com.netflix.discovery.DiscoveryClient.shutdown(DiscoveryClient.java:948)
	at java.base/jdk.internal.reflect.DirectMethodHandleAccessor.invoke(DirectMethodHandleAccessor.java:103)
	at java.base/java.lang.reflect.Method.invoke(Method.java:580)
	at org.springframework.beans.factory.annotation.InitDestroyAnnotationBeanPostProcessor$LifecycleElement.invoke(InitDestroyAnnotationBeanPostProcessor.java:389)
	at org.springframework.beans.factory.annotation.InitDestroyAnnotationBeanPostProcessor$LifecycleMetadata.invokeDestroyMethods(InitDestroyAnnotationBeanPostProcessor.java:347)
	at org.springframework.beans.factory.annotation.InitDestroyAnnotationBeanPostProcessor.postProcessBeforeDestruction(InitDestroyAnnotationBeanPostProcessor.java:177)
	at org.springframework.beans.factory.support.DisposableBeanAdapter.destroy(DisposableBeanAdapter.java:197)
	at org.springframework.beans.factory.support.DisposableBeanAdapter.run(DisposableBeanAdapter.java:190)
	at org.springframework.cloud.context.scope.GenericScope$BeanLifecycleWrapper.destroy(GenericScope.java:390)
	at org.springframework.cloud.context.scope.GenericScope.destroy(GenericScope.java:136)
	at org.springframework.beans.factory.support.DisposableBeanAdapter.destroy(DisposableBeanAdapter.java:213)
	at org.springframework.beans.factory.support.DefaultSingletonBeanRegistry.destroyBean(DefaultSingletonBeanRegistry.java:587)
	at org.springframework.beans.factory.support.DefaultSingletonBeanRegistry.destroySingleton(DefaultSingletonBeanRegistry.java:559)
	at org.springframework.beans.factory.support.DefaultListableBeanFactory.destroySingleton(DefaultListableBeanFactory.java:1163)
	at org.springframework.beans.factory.support.DefaultSingletonBeanRegistry.destroySingletons(DefaultSingletonBeanRegistry.java:520)
	at org.springframework.beans.factory.support.DefaultListableBeanFactory.destroySingletons(DefaultListableBeanFactory.java:1156)
	at org.springframework.context.support.AbstractApplicationContext.destroyBeans(AbstractApplicationContext.java:1106)
	at org.springframework.context.support.AbstractApplicationContext.doClose(AbstractApplicationContext.java:1075)
	at org.springframework.boot.web.servlet.context.ServletWebServerApplicationContext.doClose(ServletWebServerApplicationContext.java:174)
	at org.springframework.context.support.AbstractApplicationContext.close(AbstractApplicationContext.java:1021)
	at org.springframework.boot.SpringApplicationShutdownHook.closeAndWait(SpringApplicationShutdownHook.java:145)
	at java.base/java.lang.Iterable.forEach(Iterable.java:75)
	at org.springframework.boot.SpringApplicationShutdownHook.run(SpringApplicationShutdownHook.java:114)
	at java.base/java.lang.Thread.run(Thread.java:1583)
Caused by: org.apache.http.conn.HttpHostConnectException: Connect to 127.0.0.1:8761 [/127.0.0.1] failed: Connection refused: connect
	at org.apache.http.impl.conn.DefaultHttpClientConnectionOperator.connect(DefaultHttpClientConnectionOperator.java:156)
	at org.apache.http.impl.conn.PoolingHttpClientConnectionManager.connect(PoolingHttpClientConnectionManager.java:376)
	at org.apache.http.impl.execchain.MainClientExec.establishRoute(MainClientExec.java:393)
	at org.apache.http.impl.execchain.MainClientExec.execute(MainClientExec.java:236)
	at org.apache.http.impl.execchain.ProtocolExec.execute(ProtocolExec.java:186)
	at org.apache.http.impl.execchain.RetryExec.execute(RetryExec.java:89)
	at org.apache.http.impl.execchain.RedirectExec.execute(RedirectExec.java:110)
	at org.apache.http.impl.client.InternalHttpClient.doExecute(InternalHttpClient.java:185)
	at org.apache.http.impl.client.CloseableHttpClient.execute(CloseableHttpClient.java:83)
	at org.apache.http.impl.client.CloseableHttpClient.execute(CloseableHttpClient.java:56)
	at org.springframework.http.client.HttpComponentsClientHttpRequest.executeInternal(HttpComponentsClientHttpRequest.java:87)
	at org.springframework.http.client.AbstractBufferingClientHttpRequest.executeInternal(AbstractBufferingClientHttpRequest.java:48)
	at org.springframework.http.client.AbstractClientHttpRequest.execute(AbstractClientHttpRequest.java:66)
	at org.springframework.web.client.RestTemplate.doExecute(RestTemplate.java:776)
	... 37 more
Caused by: java.net.ConnectException: Connection refused: connect
	at java.base/sun.nio.ch.Net.connect0(Native Method)
	at java.base/sun.nio.ch.Net.connect(Net.java:589)
	at java.base/sun.nio.ch.Net.connect(Net.java:578)
	at java.base/sun.nio.ch.NioSocketImpl.connect(NioSocketImpl.java:583)
	at java.base/java.net.SocksSocketImpl.connect(SocksSocketImpl.java:327)
	at java.base/java.net.Socket.connect(Socket.java:751)
	at org.apache.http.conn.socket.PlainConnectionSocketFactory.connectSocket(PlainConnectionSocketFactory.java:75)
	at org.apache.http.impl.conn.DefaultHttpClientConnectionOperator.connect(DefaultHttpClientConnectionOperator.java:142)
	... 50 more

21-03-2026 10:07:19.0956|INFO |Request execution error. endpoint=DefaultEndpoint{ serviceUrl='http://127.0.0.1:8761/eureka/}, exception=I/O error on DELETE request for "http://127.0.0.1:8761/eureka/apps/ADMINISTRATION-SERVICE/RANIA:administration-service:8060": Connect to 127.0.0.1:8761 [/127.0.0.1] failed: Connection refused: connect; nested exception is org.apache.http.conn.HttpHostConnectException: Connect to 127.0.0.1:8761 [/127.0.0.1] failed: Connection refused: connect stacktrace=org.springframework.web.client.ResourceAccessException: I/O error on DELETE request for "http://127.0.0.1:8761/eureka/apps/ADMINISTRATION-SERVICE/RANIA:administration-service:8060": Connect to 127.0.0.1:8761 [/127.0.0.1] failed: Connection refused: connect; nested exception is org.apache.http.conn.HttpHostConnectException: Connect to 127.0.0.1:8761 [/127.0.0.1] failed: Connection refused: connect
	at org.springframework.web.client.RestTemplate.doExecute(RestTemplate.java:785)
	at org.springframework.web.client.RestTemplate.execute(RestTemplate.java:711)
	at org.springframework.web.client.RestTemplate.exchange(RestTemplate.java:602)
	at org.springframework.cloud.netflix.eureka.http.RestTemplateEurekaHttpClient.cancel(RestTemplateEurekaHttpClient.java:87)
	at com.netflix.discovery.shared.transport.decorator.EurekaHttpClientDecorator$2.execute(EurekaHttpClientDecorator.java:74)
	at com.netflix.discovery.shared.transport.decorator.RedirectingEurekaHttpClient.executeOnNewServer(RedirectingEurekaHttpClient.java:121)
	at com.netflix.discovery.shared.transport.decorator.RedirectingEurekaHttpClient.execute(RedirectingEurekaHttpClient.java:80)
	at com.netflix.discovery.shared.transport.decorator.EurekaHttpClientDecorator.cancel(EurekaHttpClientDecorator.java:71)
	at com.netflix.discovery.shared.transport.decorator.EurekaHttpClientDecorator$2.execute(EurekaHttpClientDecorator.java:74)
	at com.netflix.discovery.shared.transport.decorator.RetryableEurekaHttpClient.execute(RetryableEurekaHttpClient.java:120)
	at com.netflix.discovery.shared.transport.decorator.EurekaHttpClientDecorator.cancel(EurekaHttpClientDecorator.java:71)
	at com.netflix.discovery.shared.transport.decorator.EurekaHttpClientDecorator$2.execute(EurekaHttpClientDecorator.java:74)
	at com.netflix.discovery.shared.transport.decorator.SessionedEurekaHttpClient.execute(SessionedEurekaHttpClient.java:77)
	at com.netflix.discovery.shared.transport.decorator.EurekaHttpClientDecorator.cancel(EurekaHttpClientDecorator.java:71)
	at com.netflix.discovery.DiscoveryClient.unregister(DiscoveryClient.java:972)
	at com.netflix.discovery.DiscoveryClient.shutdown(DiscoveryClient.java:948)
	at java.base/jdk.internal.reflect.DirectMethodHandleAccessor.invoke(DirectMethodHandleAccessor.java:103)
	at java.base/java.lang.reflect.Method.invoke(Method.java:580)
	at org.springframework.beans.factory.annotation.InitDestroyAnnotationBeanPostProcessor$LifecycleElement.invoke(InitDestroyAnnotationBeanPostProcessor.java:389)
	at org.springframework.beans.factory.annotation.InitDestroyAnnotationBeanPostProcessor$LifecycleMetadata.invokeDestroyMethods(InitDestroyAnnotationBeanPostProcessor.java:347)
	at org.springframework.beans.factory.annotation.InitDestroyAnnotationBeanPostProcessor.postProcessBeforeDestruction(InitDestroyAnnotationBeanPostProcessor.java:177)
	at org.springframework.beans.factory.support.DisposableBeanAdapter.destroy(DisposableBeanAdapter.java:197)
	at org.springframework.beans.factory.support.DisposableBeanAdapter.run(DisposableBeanAdapter.java:190)
	at org.springframework.cloud.context.scope.GenericScope$BeanLifecycleWrapper.destroy(GenericScope.java:390)
	at org.springframework.cloud.context.scope.GenericScope.destroy(GenericScope.java:136)
	at org.springframework.beans.factory.support.DisposableBeanAdapter.destroy(DisposableBeanAdapter.java:213)
	at org.springframework.beans.factory.support.DefaultSingletonBeanRegistry.destroyBean(DefaultSingletonBeanRegistry.java:587)
	at org.springframework.beans.factory.support.DefaultSingletonBeanRegistry.destroySingleton(DefaultSingletonBeanRegistry.java:559)
	at org.springframework.beans.factory.support.DefaultListableBeanFactory.destroySingleton(DefaultListableBeanFactory.java:1163)
	at org.springframework.beans.factory.support.DefaultSingletonBeanRegistry.destroySingletons(DefaultSingletonBeanRegistry.java:520)
	at org.springframework.beans.factory.support.DefaultListableBeanFactory.destroySingletons(DefaultListableBeanFactory.java:1156)
	at org.springframework.context.support.AbstractApplicationContext.destroyBeans(AbstractApplicationContext.java:1106)
	at org.springframework.context.support.AbstractApplicationContext.doClose(AbstractApplicationContext.java:1075)
	at org.springframework.boot.web.servlet.context.ServletWebServerApplicationContext.doClose(ServletWebServerApplicationContext.java:174)
	at org.springframework.context.support.AbstractApplicationContext.close(AbstractApplicationContext.java:1021)
	at org.springframework.boot.SpringApplicationShutdownHook.closeAndWait(SpringApplicationShutdownHook.java:145)
	at java.base/java.lang.Iterable.forEach(Iterable.java:75)
	at org.springframework.boot.SpringApplicationShutdownHook.run(SpringApplicationShutdownHook.java:114)
	at java.base/java.lang.Thread.run(Thread.java:1583)
Caused by: org.apache.http.conn.HttpHostConnectException: Connect to 127.0.0.1:8761 [/127.0.0.1] failed: Connection refused: connect
	at org.apache.http.impl.conn.DefaultHttpClientConnectionOperator.connect(DefaultHttpClientConnectionOperator.java:156)
	at org.apache.http.impl.conn.PoolingHttpClientConnectionManager.connect(PoolingHttpClientConnectionManager.java:376)
	at org.apache.http.impl.execchain.MainClientExec.establishRoute(MainClientExec.java:393)
	at org.apache.http.impl.execchain.MainClientExec.execute(MainClientExec.java:236)
	at org.apache.http.impl.execchain.ProtocolExec.execute(ProtocolExec.java:186)
	at org.apache.http.impl.execchain.RetryExec.execute(RetryExec.java:89)
	at org.apache.http.impl.execchain.RedirectExec.execute(RedirectExec.java:110)
	at org.apache.http.impl.client.InternalHttpClient.doExecute(InternalHttpClient.java:185)
	at org.apache.http.impl.client.CloseableHttpClient.execute(CloseableHttpClient.java:83)
	at org.apache.http.impl.client.CloseableHttpClient.execute(CloseableHttpClient.java:56)
	at org.springframework.http.client.HttpComponentsClientHttpRequest.executeInternal(HttpComponentsClientHttpRequest.java:87)
	at org.springframework.http.client.AbstractBufferingClientHttpRequest.executeInternal(AbstractBufferingClientHttpRequest.java:48)
	at org.springframework.http.client.AbstractClientHttpRequest.execute(AbstractClientHttpRequest.java:66)
	at org.springframework.web.client.RestTemplate.doExecute(RestTemplate.java:776)
	... 38 more
Caused by: java.net.ConnectException: Connection refused: connect
	at java.base/sun.nio.ch.Net.connect0(Native Method)
	at java.base/sun.nio.ch.Net.connect(Net.java:589)
	at java.base/sun.nio.ch.Net.connect(Net.java:578)
	at java.base/sun.nio.ch.NioSocketImpl.connect(NioSocketImpl.java:583)
	at java.base/java.net.SocksSocketImpl.connect(SocksSocketImpl.java:327)
	at java.base/java.net.Socket.connect(Socket.java:751)
	at org.apache.http.conn.socket.PlainConnectionSocketFactory.connectSocket(PlainConnectionSocketFactory.java:75)
	at org.apache.http.impl.conn.DefaultHttpClientConnectionOperator.connect(DefaultHttpClientConnectionOperator.java:142)
	... 51 more

21-03-2026 10:07:19.0979|INFO |Completed shut down of DiscoveryClient
21-03-2026 10:07:47.0351|INFO |The Class-Path manifest attribute in C:\Users\rania\.m2\repository\org\glassfish\ha\ha-api\3.1.9\ha-api-3.1.9.jar referenced one or more files that do not exist: file:/C:/Users/rania/.m2/repository/org/glassfish/ha/ha-api/3.1.9/hk2-core.jar,file:/C:/Users/rania/.m2/repository/org/glassfish/ha/ha-api/3.1.9/class-model.jar,file:/C:/Users/rania/.m2/repository/org/glassfish/ha/ha-api/3.1.9/config.jar,file:/C:/Users/rania/.m2/repository/org/glassfish/ha/ha-api/3.1.9/auto-depends.jar,file:/C:/Users/rania/.m2/repository/org/glassfish/ha/ha-api/3.1.9/javax.inject.jar,file:/C:/Users/rania/.m2/repository/org/glassfish/ha/ha-api/3.1.9/asm-all-repackaged.jar,file:/C:/Users/rania/.m2/repository/org/glassfish/ha/ha-api/3.1.9/hk2-api.jar,file:/C:/Users/rania/.m2/repository/org/glassfish/ha/ha-api/3.1.9/osgi-resource-locator.jar,file:/C:/Users/rania/.m2/repository/org/glassfish/ha/ha-api/3.1.9/tiger-types.jar,file:/C:/Users/rania/.m2/repository/org/glassfish/ha/ha-api/3.1.9/bean-validator.jar,file:/C:/Users/rania/.m2/repository/org/glassfish/ha/ha-api/3.1.9/jtype.jar
21-03-2026 10:07:47.0357|INFO |Devtools property defaults active! Set 'spring.devtools.add-properties' to 'false' to disable
21-03-2026 10:07:47.0357|INFO |For additional web related logging consider setting the 'logging.level.web' property to 'DEBUG'
21-03-2026 10:07:49.0823|INFO |Bootstrapping Spring Data JPA repositories in DEFAULT mode.
21-03-2026 10:07:50.0109|INFO |Finished Spring Data repository scanning in 274 ms. Found 14 JPA repository interfaces.
21-03-2026 10:07:50.0616|INFO |BeanFactory id=a639bb80-ea1a-3ad9-a3f4-e7868f41c1e4
21-03-2026 10:07:52.0162|INFO |Tomcat initialized with port(s): 8060 (http)
21-03-2026 10:07:52.0175|INFO |Starting service [Tomcat]
21-03-2026 10:07:52.0176|INFO |Starting Servlet engine: [Apache Tomcat/9.0.65]
21-03-2026 10:07:52.0695|INFO |At least one JAR was scanned for TLDs yet contained no TLDs. Enable debug logging for this logger for a complete list of JARs that were scanned but no TLDs were found in them. Skipping unneeded JARs during scanning can improve startup time and JSP compilation time.
21-03-2026 10:07:52.0703|INFO |Initializing Spring embedded WebApplicationContext
21-03-2026 10:07:52.0704|INFO |Root WebApplicationContext: initialization completed in 5346 ms
21-03-2026 10:07:53.0056|INFO |HHH000204: Processing PersistenceUnitInfo [name: default]
21-03-2026 10:07:53.0118|INFO |HHH000412: Hibernate ORM core version 5.6.11.Final
21-03-2026 10:07:53.0337|INFO |HCANN000001: Hibernate Commons Annotations {5.1.2.Final}
21-03-2026 10:07:53.0475|INFO |HHH000400: Using dialect: org.hibernate.dialect.PostgreSQLDialect
21-03-2026 10:07:54.0502|INFO |HikariPool-1 - Starting...
21-03-2026 10:07:54.0672|INFO |HikariPool-1 - Start completed.
21-03-2026 10:07:54.0782|INFO |HHH000490: Using JtaPlatform implementation: [org.hibernate.engine.transaction.jta.platform.internal.NoJtaPlatform]
21-03-2026 10:07:54.0801|INFO |Initialized JPA EntityManagerFactory for persistence unit 'default'
21-03-2026 10:07:58.0006|INFO |Eureka HTTP Client uses RestTemplate.
21-03-2026 10:07:58.0090|INFO |Exposing 1 endpoint(s) beneath base path '/actuator'
21-03-2026 10:07:58.0127|INFO |Setting initial instance status as: STARTING
21-03-2026 10:07:58.0166|INFO |Initializing Eureka in region us-east-1
21-03-2026 10:07:58.0171|INFO |Resolving eureka endpoints via configuration
21-03-2026 10:07:58.0195|INFO |Disable delta property : false
21-03-2026 10:07:58.0195|INFO |Single vip registry refresh property : null
21-03-2026 10:07:58.0195|INFO |Force full registry fetch : false
21-03-2026 10:07:58.0195|INFO |Application is null : false
21-03-2026 10:07:58.0195|INFO |Registered Applications size is zero : true
21-03-2026 10:07:58.0196|INFO |Application version is -1: true
21-03-2026 10:07:58.0196|INFO |Getting all instance registry info from the eureka server
21-03-2026 10:07:58.0533|INFO |The response status is 200
21-03-2026 10:07:58.0536|INFO |Starting heartbeat executor: renew interval is: 30
21-03-2026 10:07:58.0539|INFO |InstanceInfoReplicator onDemand update allowed rate per min is 4
21-03-2026 10:07:58.0544|INFO |Discovery Client initialized at timestamp 1774084078543 with initial instances count: 0
21-03-2026 10:07:58.0546|INFO |Registering application ADMINISTRATION-SERVICE with eureka with status UP
21-03-2026 10:07:58.0547|INFO |Saw local status change event StatusChangeEvent [timestamp=1774084078547, current=UP, previous=STARTING]
21-03-2026 10:07:58.0551|INFO |DiscoveryClient_ADMINISTRATION-SERVICE/RANIA:administration-service:8060: registering service...
21-03-2026 10:07:58.0588|INFO |Tomcat started on port(s): 8060 (http) with context path ''
21-03-2026 10:07:58.0601|INFO |DiscoveryClient_ADMINISTRATION-SERVICE/RANIA:administration-service:8060 - registration status: 204
21-03-2026 10:07:58.0602|INFO |Updating port to 8060
21-03-2026 10:07:58.0629|INFO |Starting Completed ...
21-03-2026 10:08:28.0545|INFO |Disable delta property : false
21-03-2026 10:08:28.0545|INFO |Single vip registry refresh property : null
21-03-2026 10:08:28.0545|INFO |Force full registry fetch : false
21-03-2026 10:08:28.0546|INFO |Application is null : false
21-03-2026 10:08:28.0546|INFO |Registered Applications size is zero : true
21-03-2026 10:08:28.0547|INFO |Application version is -1: false
21-03-2026 10:08:28.0547|INFO |Getting all instance registry info from the eureka server
21-03-2026 10:08:28.0602|INFO |The response status is 200
21-03-2026 10:12:58.0208|INFO |Resolving eureka endpoints via configuration
21-03-2026 10:17:58.0220|INFO |Resolving eureka endpoints via configuration
21-03-2026 10:22:58.0227|INFO |Resolving eureka endpoints via configuration
21-03-2026 10:24:39.0912|INFO |Initializing Spring DispatcherServlet 'dispatcherServlet'
21-03-2026 10:24:39.0912|INFO |Initializing Servlet 'dispatcherServlet'
21-03-2026 10:24:39.0924|INFO |Completed initialization in 12 ms
21-03-2026 10:27:58.0248|INFO |Resolving eureka endpoints via configuration
21-03-2026 10:32:58.0260|INFO |Resolving eureka endpoints via configuration
21-03-2026 10:37:58.0268|INFO |Resolving eureka endpoints via configuration
21-03-2026 10:42:58.0342|INFO |Resolving eureka endpoints via configuration
21-03-2026 10:47:58.0343|INFO |Resolving eureka endpoints via configuration
21-03-2026 10:52:58.0348|INFO |Resolving eureka endpoints via configuration
21-03-2026 10:54:09.0187|INFO |Init duration for springdoc-openapi is: 995 ms
21-03-2026 10:57:58.0355|INFO |Resolving eureka endpoints via configuration
21-03-2026 11:02:58.0372|INFO |Resolving eureka endpoints via configuration
21-03-2026 13:04:23.0951|INFO |Resolving eureka endpoints via configuration
21-03-2026 13:09:23.0955|INFO |Resolving eureka endpoints via configuration
21-03-2026 13:14:23.0967|INFO |Resolving eureka endpoints via configuration
21-03-2026 13:19:23.0984|INFO |Resolving eureka endpoints via configuration
21-03-2026 13:26:18.0813|INFO |Resolving eureka endpoints via configuration
21-03-2026 13:31:18.0819|INFO |Resolving eureka endpoints via configuration
21-03-2026 13:36:18.0829|INFO |Resolving eureka endpoints via configuration
21-03-2026 13:41:18.0835|INFO |Resolving eureka endpoints via configuration
21-03-2026 13:46:18.0844|INFO |Resolving eureka endpoints via configuration
21-03-2026 13:51:18.0848|INFO |Resolving eureka endpoints via configuration
21-03-2026 13:56:18.0855|INFO |Resolving eureka endpoints via configuration
21-03-2026 17:39:36.0793|INFO |Resolving eureka endpoints via configuration
21-03-2026 17:44:36.0802|INFO |Resolving eureka endpoints via configuration
21-03-2026 17:49:36.0814|INFO |Resolving eureka endpoints via configuration
21-03-2026 17:54:36.0823|INFO |Resolving eureka endpoints via configuration
21-03-2026 17:59:36.0838|INFO |Resolving eureka endpoints via configuration
21-03-2026 18:04:36.0842|INFO |Resolving eureka endpoints via configuration
21-03-2026 18:09:36.0846|INFO |Resolving eureka endpoints via configuration
21-03-2026 18:14:36.0851|INFO |Resolving eureka endpoints via configuration
21-03-2026 18:19:36.0858|INFO |Resolving eureka endpoints via configuration
21-03-2026 18:24:36.0862|INFO |Resolving eureka endpoints via configuration
21-03-2026 18:29:36.0869|INFO |Resolving eureka endpoints via configuration
21-03-2026 18:34:36.0878|INFO |Resolving eureka endpoints via configuration
21-03-2026 18:39:36.0896|INFO |Resolving eureka endpoints via configuration
