15-03-2026 10:35:30.0174|INFO |The Class-Path manifest attribute in C:\Users\rania\.m2\repository\org\glassfish\ha\ha-api\3.1.9\ha-api-3.1.9.jar referenced one or more files that do not exist: file:/C:/Users/rania/.m2/repository/org/glassfish/ha/ha-api/3.1.9/hk2-core.jar,file:/C:/Users/rania/.m2/repository/org/glassfish/ha/ha-api/3.1.9/class-model.jar,file:/C:/Users/rania/.m2/repository/org/glassfish/ha/ha-api/3.1.9/config.jar,file:/C:/Users/rania/.m2/repository/org/glassfish/ha/ha-api/3.1.9/auto-depends.jar,file:/C:/Users/rania/.m2/repository/org/glassfish/ha/ha-api/3.1.9/javax.inject.jar,file:/C:/Users/rania/.m2/repository/org/glassfish/ha/ha-api/3.1.9/asm-all-repackaged.jar,file:/C:/Users/rania/.m2/repository/org/glassfish/ha/ha-api/3.1.9/hk2-api.jar,file:/C:/Users/rania/.m2/repository/org/glassfish/ha/ha-api/3.1.9/osgi-resource-locator.jar,file:/C:/Users/rania/.m2/repository/org/glassfish/ha/ha-api/3.1.9/tiger-types.jar,file:/C:/Users/rania/.m2/repository/org/glassfish/ha/ha-api/3.1.9/bean-validator.jar,file:/C:/Users/rania/.m2/repository/org/glassfish/ha/ha-api/3.1.9/jtype.jar
15-03-2026 10:35:30.0178|INFO |Devtools property defaults active! Set 'spring.devtools.add-properties' to 'false' to disable
15-03-2026 10:35:30.0178|INFO |For additional web related logging consider setting the 'logging.level.web' property to 'DEBUG'
15-03-2026 10:35:32.0884|INFO |Bootstrapping Spring Data JPA repositories in DEFAULT mode.
15-03-2026 10:35:33.0187|INFO |Finished Spring Data repository scanning in 293 ms. Found 14 JPA repository interfaces.
15-03-2026 10:35:33.0736|INFO |BeanFactory id=a639bb80-ea1a-3ad9-a3f4-e7868f41c1e4
15-03-2026 10:35:35.0302|INFO |Tomcat initialized with port(s): 8060 (http)
15-03-2026 10:35:35.0316|INFO |Starting service [Tomcat]
15-03-2026 10:35:35.0316|INFO |Starting Servlet engine: [Apache Tomcat/9.0.65]
15-03-2026 10:35:35.0890|INFO |At least one JAR was scanned for TLDs yet contained no TLDs. Enable debug logging for this logger for a complete list of JARs that were scanned but no TLDs were found in them. Skipping unneeded JARs during scanning can improve startup time and JSP compilation time.
15-03-2026 10:35:35.0902|INFO |Initializing Spring embedded WebApplicationContext
15-03-2026 10:35:35.0902|INFO |Root WebApplicationContext: initialization completed in 5722 ms
15-03-2026 10:35:36.0300|INFO |HHH000204: Processing PersistenceUnitInfo [name: default]
15-03-2026 10:35:36.0367|INFO |HHH000412: Hibernate ORM core version 5.6.11.Final
15-03-2026 10:35:36.0623|INFO |HCANN000001: Hibernate Commons Annotations {5.1.2.Final}
15-03-2026 10:35:36.0774|INFO |HHH000400: Using dialect: org.hibernate.dialect.PostgreSQLDialect
15-03-2026 10:35:37.0718|INFO |HikariPool-1 - Starting...
15-03-2026 10:35:37.0871|INFO |HikariPool-1 - Start completed.
15-03-2026 10:35:37.0977|INFO |HHH000490: Using JtaPlatform implementation: [org.hibernate.engine.transaction.jta.platform.internal.NoJtaPlatform]
15-03-2026 10:35:37.0990|INFO |Initialized JPA EntityManagerFactory for persistence unit 'default'
15-03-2026 10:35:41.0141|INFO |Eureka HTTP Client uses RestTemplate.
15-03-2026 10:35:41.0225|INFO |Exposing 1 endpoint(s) beneath base path '/actuator'
15-03-2026 10:35:41.0260|INFO |Setting initial instance status as: STARTING
15-03-2026 10:35:41.0299|INFO |Initializing Eureka in region us-east-1
15-03-2026 10:35:41.0306|INFO |Resolving eureka endpoints via configuration
15-03-2026 10:35:41.0329|INFO |Disable delta property : false
15-03-2026 10:35:41.0329|INFO |Single vip registry refresh property : null
15-03-2026 10:35:41.0329|INFO |Force full registry fetch : false
15-03-2026 10:35:41.0329|INFO |Application is null : false
15-03-2026 10:35:41.0329|INFO |Registered Applications size is zero : true
15-03-2026 10:35:41.0329|INFO |Application version is -1: true
15-03-2026 10:35:41.0329|INFO |Getting all instance registry info from the eureka server
15-03-2026 10:35:41.0712|INFO |The response status is 200
15-03-2026 10:35:41.0716|INFO |Starting heartbeat executor: renew interval is: 30
15-03-2026 10:35:41.0718|INFO |InstanceInfoReplicator onDemand update allowed rate per min is 4
15-03-2026 10:35:41.0722|INFO |Discovery Client initialized at timestamp 1773567341722 with initial instances count: 0
15-03-2026 10:35:41.0730|INFO |Registering application ADMINISTRATION-SERVICE with eureka with status UP
15-03-2026 10:35:41.0730|INFO |Saw local status change event StatusChangeEvent [timestamp=1773567341730, current=UP, previous=STARTING]
15-03-2026 10:35:41.0734|INFO |DiscoveryClient_ADMINISTRATION-SERVICE/RANIA:administration-service:8060: registering service...
15-03-2026 10:35:41.0790|INFO |Tomcat started on port(s): 8060 (http) with context path ''
15-03-2026 10:35:41.0792|INFO |Updating port to 8060
15-03-2026 10:35:41.0813|INFO |DiscoveryClient_ADMINISTRATION-SERVICE/RANIA:administration-service:8060 - registration status: 204
15-03-2026 10:35:41.0829|INFO |Starting Completed ...
15-03-2026 10:36:11.0727|INFO |Disable delta property : false
15-03-2026 10:36:11.0729|INFO |Single vip registry refresh property : null
15-03-2026 10:36:11.0729|INFO |Force full registry fetch : false
15-03-2026 10:36:11.0729|INFO |Application is null : false
15-03-2026 10:36:11.0729|INFO |Registered Applications size is zero : true
15-03-2026 10:36:11.0729|INFO |Application version is -1: false
15-03-2026 10:36:11.0729|INFO |Getting all instance registry info from the eureka server
15-03-2026 10:36:11.0746|INFO |The response status is 200
15-03-2026 10:40:41.0350|INFO |Resolving eureka endpoints via configuration
15-03-2026 10:45:41.0357|INFO |Resolving eureka endpoints via configuration
15-03-2026 10:50:41.0368|INFO |Resolving eureka endpoints via configuration
15-03-2026 10:52:56.0197|INFO |Initializing Spring DispatcherServlet 'dispatcherServlet'
15-03-2026 10:52:56.0197|INFO |Initializing Servlet 'dispatcherServlet'
15-03-2026 10:52:56.0204|INFO |Completed initialization in 7 ms
15-03-2026 10:55:41.0380|INFO |Resolving eureka endpoints via configuration
15-03-2026 11:00:41.0386|INFO |Resolving eureka endpoints via configuration
15-03-2026 11:05:41.0393|INFO |Resolving eureka endpoints via configuration
15-03-2026 14:33:52.0068|INFO |Resolving eureka endpoints via configuration
15-03-2026 14:38:52.0085|INFO |Resolving eureka endpoints via configuration
15-03-2026 14:43:52.0104|INFO |Resolving eureka endpoints via configuration
15-03-2026 14:48:52.0118|INFO |Resolving eureka endpoints via configuration
15-03-2026 14:53:52.0129|INFO |Resolving eureka endpoints via configuration
15-03-2026 14:58:52.0140|INFO |Resolving eureka endpoints via configuration
15-03-2026 15:03:52.0150|INFO |Resolving eureka endpoints via configuration
15-03-2026 15:08:52.0165|INFO |Resolving eureka endpoints via configuration
15-03-2026 15:13:52.0168|INFO |Resolving eureka endpoints via configuration
15-03-2026 15:18:51.0119|INFO |Resolving eureka endpoints via configuration
15-03-2026 15:23:51.0133|INFO |Resolving eureka endpoints via configuration
15-03-2026 15:28:51.0135|INFO |Resolving eureka endpoints via configuration
15-03-2026 15:33:51.0145|INFO |Resolving eureka endpoints via configuration
15-03-2026 15:38:51.0154|INFO |Resolving eureka endpoints via configuration
15-03-2026 15:43:51.0167|INFO |Resolving eureka endpoints via configuration
15-03-2026 15:48:51.0172|INFO |Resolving eureka endpoints via configuration
15-03-2026 15:53:51.0186|INFO |Resolving eureka endpoints via configuration
15-03-2026 15:58:51.0193|INFO |Resolving eureka endpoints via configuration
15-03-2026 20:14:19.0745|INFO |Resolving eureka endpoints via configuration
15-03-2026 20:19:19.0751|INFO |Resolving eureka endpoints via configuration
15-03-2026 20:24:19.0754|INFO |Resolving eureka endpoints via configuration
15-03-2026 20:29:19.0757|INFO |Resolving eureka endpoints via configuration
15-03-2026 20:35:09.0844|INFO |Resolving eureka endpoints via configuration
15-03-2026 20:40:09.0855|INFO |Resolving eureka endpoints via configuration
15-03-2026 20:45:09.0862|INFO |Resolving eureka endpoints via configuration
15-03-2026 20:50:09.0871|INFO |Resolving eureka endpoints via configuration
15-03-2026 20:55:09.0884|INFO |Resolving eureka endpoints via configuration
15-03-2026 21:00:09.0890|INFO |Resolving eureka endpoints via configuration
15-03-2026 21:05:09.0902|INFO |Resolving eureka endpoints via configuration
15-03-2026 21:10:09.0920|INFO |Resolving eureka endpoints via configuration
15-03-2026 21:15:09.0933|INFO |Resolving eureka endpoints via configuration
15-03-2026 21:20:09.0937|INFO |Resolving eureka endpoints via configuration
15-03-2026 21:25:09.0942|INFO |Resolving eureka endpoints via configuration
15-03-2026 21:30:09.0952|INFO |Resolving eureka endpoints via configuration
15-03-2026 21:35:09.0964|INFO |Resolving eureka endpoints via configuration
15-03-2026 21:40:09.0977|INFO |Resolving eureka endpoints via configuration
15-03-2026 21:45:09.0984|INFO |Resolving eureka endpoints via configuration
15-03-2026 21:50:09.0992|INFO |Resolving eureka endpoints via configuration
15-03-2026 21:55:10.0003|INFO |Resolving eureka endpoints via configuration
15-03-2026 22:00:10.0004|INFO |Resolving eureka endpoints via configuration
15-03-2026 22:05:10.0020|INFO |Resolving eureka endpoints via configuration
15-03-2026 22:07:38.0793|INFO |Init duration for springdoc-openapi is: 1068 ms
15-03-2026 22:10:10.0036|INFO |Resolving eureka endpoints via configuration
15-03-2026 22:15:10.0043|INFO |Resolving eureka endpoints via configuration
15-03-2026 22:20:10.0056|INFO |Resolving eureka endpoints via configuration
15-03-2026 22:25:10.0071|INFO |Resolving eureka endpoints via configuration
15-03-2026 22:30:10.0076|INFO |Resolving eureka endpoints via configuration
15-03-2026 22:35:10.0087|INFO |Resolving eureka endpoints via configuration
15-03-2026 22:40:10.0090|INFO |Resolving eureka endpoints via configuration
15-03-2026 22:45:10.0101|INFO |Resolving eureka endpoints via configuration
15-03-2026 22:50:10.0117|INFO |Resolving eureka endpoints via configuration
15-03-2026 22:55:10.0126|INFO |Resolving eureka endpoints via configuration
15-03-2026 23:00:10.0130|INFO |Resolving eureka endpoints via configuration
15-03-2026 23:05:10.0138|INFO |Resolving eureka endpoints via configuration
15-03-2026 23:10:10.0147|INFO |Resolving eureka endpoints via configuration
15-03-2026 23:15:10.0151|INFO |Resolving eureka endpoints via configuration
15-03-2026 23:20:10.0157|INFO |Resolving eureka endpoints via configuration
15-03-2026 23:25:10.0160|INFO |Resolving eureka endpoints via configuration
15-03-2026 23:30:10.0168|INFO |Resolving eureka endpoints via configuration
15-03-2026 23:35:10.0179|INFO |Resolving eureka endpoints via configuration
15-03-2026 23:40:10.0189|INFO |Resolving eureka endpoints via configuration
15-03-2026 23:45:10.0208|INFO |Resolving eureka endpoints via configuration
15-03-2026 23:50:10.0222|INFO |Resolving eureka endpoints via configuration
15-03-2026 23:55:10.0230|INFO |Resolving eureka endpoints via configuration
