19-04-2026 12:51:27.0300|ERROR|Error CommonDao in method executionHibernate of class tn.com.st2i.project.administration.model.AdmProfil  unique result  :: javax.persistence.NoResultException: No entity found for query
19-04-2026 12:51:27.0339|ERROR|Error CommonDao in method executionHibernate of class tn.com.st2i.project.administration.model.AdmProfil  unique result  :: javax.persistence.NoResultException: No entity found for query
19-04-2026 12:51:29.0618|ERROR|Error CommonDao in method executionHibernate of class tn.com.st2i.project.administration.model.AdmProfil  unique result  :: javax.persistence.NoResultException: No entity found for query
19-04-2026 12:51:53.0352|ERROR|Error CommonDao in method executionHibernate of class tn.com.st2i.project.administration.model.AdmProfil  unique result  :: javax.persistence.NoResultException: No entity found for query
19-04-2026 12:51:53.0396|ERROR|Error CommonDao in method executionHibernate of class tn.com.st2i.project.administration.model.AdmProfil  unique result  :: javax.persistence.NoResultException: No entity found for query
19-04-2026 12:53:10.0127|ERROR|Error CommonDao in method executionHibernate of class tn.com.st2i.project.administration.model.AdmProfil  unique result  :: javax.persistence.NoResultException: No entity found for query
19-04-2026 12:53:57.0312|ERROR|Error CommonDao in method executionHibernate of class tn.com.st2i.project.administration.model.AdmProfil  unique result  :: javax.persistence.NoResultException: No entity found for query
19-04-2026 12:53:57.0357|ERROR|Error CommonDao in method executionHibernate of class tn.com.st2i.project.administration.model.AdmProfil  unique result  :: javax.persistence.NoResultException: No entity found for query
19-04-2026 12:54:16.0435|ERROR|Error CommonDao in method executionHibernate of class tn.com.st2i.project.administration.model.AdmProfil  unique result  :: javax.persistence.NoResultException: No entity found for query
19-04-2026 12:54:46.0036|ERROR|Error CommonDao in method executionHibernate of class tn.com.st2i.project.administration.model.AdmProfil  unique result  :: javax.persistence.NoResultException: No entity found for query
19-04-2026 12:54:46.0091|ERROR|Error CommonDao in method executionHibernate of class tn.com.st2i.project.administration.model.AdmProfil  unique result  :: javax.persistence.NoResultException: No entity found for query
19-04-2026 12:54:46.0123|ERROR|Error CommonDao in method executionHibernate of class tn.com.st2i.project.administration.model.AdmProfil  unique result  :: javax.persistence.NoResultException: No entity found for query
19-04-2026 12:56:09.0856|ERROR|Error CommonDao in method executionHibernate of class tn.com.st2i.project.administration.model.AdmProfil  unique result  :: javax.persistence.NoResultException: No entity found for query
19-04-2026 12:56:17.0177|ERROR|Error CommonDao in method executionHibernate of class tn.com.st2i.project.administration.model.AdmProfil  unique result  :: javax.persistence.NoResultException: No entity found for query
19-04-2026 12:56:17.0231|ERROR|Error CommonDao in method executionHibernate of class tn.com.st2i.project.administration.model.AdmProfil  unique result  :: javax.persistence.NoResultException: No entity found for query
19-04-2026 12:56:17.0266|ERROR|Error CommonDao in method executionHibernate of class tn.com.st2i.project.administration.model.AdmProfil  unique result  :: javax.persistence.NoResultException: No entity found for query
19-04-2026 12:57:44.0183|ERROR|Error CommonDao in method executionHibernate of class tn.com.st2i.project.administration.model.AdmProfil  unique result  :: javax.persistence.NoResultException: No entity found for query
19-04-2026 12:57:44.0214|ERROR|Error CommonDao in method executionHibernate of class tn.com.st2i.project.administration.model.AdmProfil  unique result  :: javax.persistence.NoResultException: No entity found for query
19-04-2026 12:57:44.0241|ERROR|Error CommonDao in method executionHibernate of class tn.com.st2i.project.administration.model.AdmProfil  unique result  :: javax.persistence.NoResultException: No entity found for query
19-04-2026 12:57:48.0052|ERROR|Error CommonDao in method executionHibernate of class tn.com.st2i.project.administration.model.AdmProfil  unique result  :: javax.persistence.NoResultException: No entity found for query
19-04-2026 12:58:14.0471|ERROR|Error CommonDao in method executionHibernate of class tn.com.st2i.project.administration.model.AdmProfil  unique result  :: javax.persistence.NoResultException: No entity found for query
19-04-2026 13:02:23.0839|ERROR|Error CommonDao in method executionHibernate of class tn.com.st2i.project.administration.model.AdmProfil  unique result  :: javax.persistence.NoResultException: No entity found for query
19-04-2026 23:31:29.0363|ERROR|DiscoveryClient_ETABLISSEMENT-SERVICE/RANIA:etablissement-service:8063 - de-registration failedCannot execute request on any known server
com.netflix.discovery.shared.transport.TransportException: Cannot execute request on any known server
	at com.netflix.discovery.shared.transport.decorator.RetryableEurekaHttpClient.execute(RetryableEurekaHttpClient.java:112)
	at com.netflix.discovery.shared.transport.decorator.EurekaHttpClientDecorator.cancel(EurekaHttpClientDecorator.java:71)
	at com.netflix.discovery.shared.transport.decorator.EurekaHttpClientDecorator$2.execute(EurekaHttpClientDecorator.java:74)
	at com.netflix.discovery.shared.transport.decorator.SessionedEurekaHttpClient.execute(SessionedEurekaHttpClient.java:77)
	at com.netflix.discovery.shared.transport.decorator.EurekaHttpClientDecorator.cancel(EurekaHttpClientDecorator.java:71)
	at com.netflix.discovery.DiscoveryClient.unregister(DiscoveryClient.java:972)
	at com.netflix.discovery.DiscoveryClient.shutdown(DiscoveryClient.java:948)
	at java.base/jdk.internal.reflect.DirectMethodHandleAccessor.invoke(DirectMethodHandleAccessor.java:103)
	at java.base/java.lang.reflect.Method.invoke(Method.java:580)
	at org.springframework.beans.factory.annotation.InitDestroyAnnotationBeanPostProcessor$LifecycleElement.invoke(InitDestroyAnnotationBeanPostProcessor.java:389)
	at org.springframework.beans.factory.annotation.InitDestroyAnnotationBeanPostProcessor$LifecycleMetadata.invokeDestroyMethods(InitDestroyAnnotationBeanPostProcessor.java:347)
	at org.springframework.beans.factory.annotation.InitDestroyAnnotationBeanPostProcessor.postProcessBeforeDestruction(InitDestroyAnnotationBeanPostProcessor.java:177)
	at org.springframework.beans.factory.support.DisposableBeanAdapter.destroy(DisposableBeanAdapter.java:197)
	at org.springframework.beans.factory.support.DisposableBeanAdapter.run(DisposableBeanAdapter.java:190)
	at org.springframework.cloud.context.scope.GenericScope$BeanLifecycleWrapper.destroy(GenericScope.java:390)
	at org.springframework.cloud.context.scope.GenericScope.destroy(GenericScope.java:136)
	at org.springframework.beans.factory.support.DisposableBeanAdapter.destroy(DisposableBeanAdapter.java:213)
	at org.springframework.beans.factory.support.DefaultSingletonBeanRegistry.destroyBean(DefaultSingletonBeanRegistry.java:587)
	at org.springframework.beans.factory.support.DefaultSingletonBeanRegistry.destroySingleton(DefaultSingletonBeanRegistry.java:559)
	at org.springframework.beans.factory.support.DefaultListableBeanFactory.destroySingleton(DefaultListableBeanFactory.java:1163)
	at org.springframework.beans.factory.support.DefaultSingletonBeanRegistry.destroySingletons(DefaultSingletonBeanRegistry.java:520)
	at org.springframework.beans.factory.support.DefaultListableBeanFactory.destroySingletons(DefaultListableBeanFactory.java:1156)
	at org.springframework.context.support.AbstractApplicationContext.destroyBeans(AbstractApplicationContext.java:1106)
	at org.springframework.context.support.AbstractApplicationContext.doClose(AbstractApplicationContext.java:1075)
	at org.springframework.boot.web.servlet.context.ServletWebServerApplicationContext.doClose(ServletWebServerApplicationContext.java:174)
	at org.springframework.context.support.AbstractApplicationContext.close(AbstractApplicationContext.java:1021)
	at org.springframework.boot.SpringApplicationShutdownHook.closeAndWait(SpringApplicationShutdownHook.java:145)
	at java.base/java.lang.Iterable.forEach(Iterable.java:75)
	at org.springframework.boot.SpringApplicationShutdownHook.run(SpringApplicationShutdownHook.java:114)
	at java.base/java.lang.Thread.run(Thread.java:1583)
19-04-2026 23:31:29.0363|ERROR|DiscoveryClient_ADMINISTRATION-SERVICE/RANIA:administration-service:8060 - de-registration failedCannot execute request on any known server
com.netflix.discovery.shared.transport.TransportException: Cannot execute request on any known server
	at com.netflix.discovery.shared.transport.decorator.RetryableEurekaHttpClient.execute(RetryableEurekaHttpClient.java:112)
	at com.netflix.discovery.shared.transport.decorator.EurekaHttpClientDecorator.cancel(EurekaHttpClientDecorator.java:71)
	at com.netflix.discovery.shared.transport.decorator.EurekaHttpClientDecorator$2.execute(EurekaHttpClientDecorator.java:74)
	at com.netflix.discovery.shared.transport.decorator.SessionedEurekaHttpClient.execute(SessionedEurekaHttpClient.java:77)
	at com.netflix.discovery.shared.transport.decorator.EurekaHttpClientDecorator.cancel(EurekaHttpClientDecorator.java:71)
	at com.netflix.discovery.DiscoveryClient.unregister(DiscoveryClient.java:972)
	at com.netflix.discovery.DiscoveryClient.shutdown(DiscoveryClient.java:948)
	at java.base/jdk.internal.reflect.DirectMethodHandleAccessor.invoke(DirectMethodHandleAccessor.java:103)
	at java.base/java.lang.reflect.Method.invoke(Method.java:580)
	at org.springframework.beans.factory.annotation.InitDestroyAnnotationBeanPostProcessor$LifecycleElement.invoke(InitDestroyAnnotationBeanPostProcessor.java:389)
	at org.springframework.beans.factory.annotation.InitDestroyAnnotationBeanPostProcessor$LifecycleMetadata.invokeDestroyMethods(InitDestroyAnnotationBeanPostProcessor.java:347)
	at org.springframework.beans.factory.annotation.InitDestroyAnnotationBeanPostProcessor.postProcessBeforeDestruction(InitDestroyAnnotationBeanPostProcessor.java:177)
	at org.springframework.beans.factory.support.DisposableBeanAdapter.destroy(DisposableBeanAdapter.java:197)
	at org.springframework.beans.factory.support.DisposableBeanAdapter.run(DisposableBeanAdapter.java:190)
	at org.springframework.cloud.context.scope.GenericScope$BeanLifecycleWrapper.destroy(GenericScope.java:390)
	at org.springframework.cloud.context.scope.GenericScope.destroy(GenericScope.java:136)
	at org.springframework.beans.factory.support.DisposableBeanAdapter.destroy(DisposableBeanAdapter.java:213)
	at org.springframework.beans.factory.support.DefaultSingletonBeanRegistry.destroyBean(DefaultSingletonBeanRegistry.java:587)
	at org.springframework.beans.factory.support.DefaultSingletonBeanRegistry.destroySingleton(DefaultSingletonBeanRegistry.java:559)
	at org.springframework.beans.factory.support.DefaultListableBeanFactory.destroySingleton(DefaultListableBeanFactory.java:1163)
	at org.springframework.beans.factory.support.DefaultSingletonBeanRegistry.destroySingletons(DefaultSingletonBeanRegistry.java:520)
	at org.springframework.beans.factory.support.DefaultListableBeanFactory.destroySingletons(DefaultListableBeanFactory.java:1156)
	at org.springframework.context.support.AbstractApplicationContext.destroyBeans(AbstractApplicationContext.java:1106)
	at org.springframework.context.support.AbstractApplicationContext.doClose(AbstractApplicationContext.java:1075)
	at org.springframework.boot.web.servlet.context.ServletWebServerApplicationContext.doClose(ServletWebServerApplicationContext.java:174)
	at org.springframework.context.support.AbstractApplicationContext.close(AbstractApplicationContext.java:1021)
	at org.springframework.boot.SpringApplicationShutdownHook.closeAndWait(SpringApplicationShutdownHook.java:145)
	at java.base/java.lang.Iterable.forEach(Iterable.java:75)
	at org.springframework.boot.SpringApplicationShutdownHook.run(SpringApplicationShutdownHook.java:114)
	at java.base/java.lang.Thread.run(Thread.java:1583)
