18-03-2026 19:31:04.0419|INFO |The Class-Path manifest attribute in C:\Users\rania\.m2\repository\org\glassfish\ha\ha-api\3.1.9\ha-api-3.1.9.jar referenced one or more files that do not exist: file:/C:/Users/rania/.m2/repository/org/glassfish/ha/ha-api/3.1.9/hk2-core.jar,file:/C:/Users/rania/.m2/repository/org/glassfish/ha/ha-api/3.1.9/class-model.jar,file:/C:/Users/rania/.m2/repository/org/glassfish/ha/ha-api/3.1.9/config.jar,file:/C:/Users/rania/.m2/repository/org/glassfish/ha/ha-api/3.1.9/auto-depends.jar,file:/C:/Users/rania/.m2/repository/org/glassfish/ha/ha-api/3.1.9/javax.inject.jar,file:/C:/Users/rania/.m2/repository/org/glassfish/ha/ha-api/3.1.9/asm-all-repackaged.jar,file:/C:/Users/rania/.m2/repository/org/glassfish/ha/ha-api/3.1.9/hk2-api.jar,file:/C:/Users/rania/.m2/repository/org/glassfish/ha/ha-api/3.1.9/osgi-resource-locator.jar,file:/C:/Users/rania/.m2/repository/org/glassfish/ha/ha-api/3.1.9/tiger-types.jar,file:/C:/Users/rania/.m2/repository/org/glassfish/ha/ha-api/3.1.9/bean-validator.jar,file:/C:/Users/rania/.m2/repository/org/glassfish/ha/ha-api/3.1.9/jtype.jar
18-03-2026 19:31:04.0426|INFO |Devtools property defaults active! Set 'spring.devtools.add-properties' to 'false' to disable
18-03-2026 19:31:04.0427|INFO |For additional web related logging consider setting the 'logging.level.web' property to 'DEBUG'
18-03-2026 19:31:06.0477|INFO |Bootstrapping Spring Data JPA repositories in DEFAULT mode.
18-03-2026 19:31:06.0849|INFO |Finished Spring Data repository scanning in 358 ms. Found 14 JPA repository interfaces.
18-03-2026 19:31:07.0429|INFO |BeanFactory id=a639bb80-ea1a-3ad9-a3f4-e7868f41c1e4
18-03-2026 19:31:08.0387|INFO |Tomcat initialized with port(s): 8060 (http)
18-03-2026 19:31:08.0401|INFO |Starting service [Tomcat]
18-03-2026 19:31:08.0402|INFO |Starting Servlet engine: [Apache Tomcat/9.0.65]
18-03-2026 19:31:08.0909|INFO |At least one JAR was scanned for TLDs yet contained no TLDs. Enable debug logging for this logger for a complete list of JARs that were scanned but no TLDs were found in them. Skipping unneeded JARs during scanning can improve startup time and JSP compilation time.
18-03-2026 19:31:08.0917|INFO |Initializing Spring embedded WebApplicationContext
18-03-2026 19:31:08.0917|INFO |Root WebApplicationContext: initialization completed in 4489 ms
18-03-2026 19:31:09.0431|INFO |HHH000204: Processing PersistenceUnitInfo [name: default]
18-03-2026 19:31:09.0529|INFO |HHH000412: Hibernate ORM core version 5.6.11.Final
18-03-2026 19:31:09.0871|INFO |HCANN000001: Hibernate Commons Annotations {5.1.2.Final}
18-03-2026 19:31:10.0132|INFO |HHH000400: Using dialect: org.hibernate.dialect.PostgreSQLDialect
18-03-2026 19:31:11.0500|INFO |HikariPool-1 - Starting...
18-03-2026 19:31:11.0753|INFO |HikariPool-1 - Start completed.
18-03-2026 19:31:11.0866|INFO |HHH000490: Using JtaPlatform implementation: [org.hibernate.engine.transaction.jta.platform.internal.NoJtaPlatform]
18-03-2026 19:31:11.0885|INFO |Initialized JPA EntityManagerFactory for persistence unit 'default'
18-03-2026 19:31:16.0278|INFO |Eureka HTTP Client uses RestTemplate.
18-03-2026 19:31:16.0413|INFO |Exposing 1 endpoint(s) beneath base path '/actuator'
18-03-2026 19:31:16.0493|INFO |Setting initial instance status as: STARTING
18-03-2026 19:31:16.0569|INFO |Initializing Eureka in region us-east-1
18-03-2026 19:31:16.0580|INFO |Resolving eureka endpoints via configuration
18-03-2026 19:31:16.0621|INFO |Disable delta property : false
18-03-2026 19:31:16.0622|INFO |Single vip registry refresh property : null
18-03-2026 19:31:16.0622|INFO |Force full registry fetch : false
18-03-2026 19:31:16.0622|INFO |Application is null : false
18-03-2026 19:31:16.0622|INFO |Registered Applications size is zero : true
18-03-2026 19:31:16.0623|INFO |Application version is -1: true
18-03-2026 19:31:16.0623|INFO |Getting all instance registry info from the eureka server
18-03-2026 19:31:17.0262|INFO |The response status is 200
18-03-2026 19:31:17.0269|INFO |Starting heartbeat executor: renew interval is: 30
18-03-2026 19:31:17.0274|INFO |InstanceInfoReplicator onDemand update allowed rate per min is 4
18-03-2026 19:31:17.0282|INFO |Discovery Client initialized at timestamp 1773858677281 with initial instances count: 1
18-03-2026 19:31:17.0285|INFO |Registering application ADMINISTRATION-SERVICE with eureka with status UP
18-03-2026 19:31:17.0287|INFO |Saw local status change event StatusChangeEvent [timestamp=1773858677286, current=UP, previous=STARTING]
18-03-2026 19:31:17.0289|INFO |DiscoveryClient_ADMINISTRATION-SERVICE/RANIA:administration-service:8060: registering service...
18-03-2026 19:31:17.0347|INFO |Tomcat started on port(s): 8060 (http) with context path ''
18-03-2026 19:31:17.0348|INFO |Updating port to 8060
18-03-2026 19:31:17.0359|INFO |DiscoveryClient_ADMINISTRATION-SERVICE/RANIA:administration-service:8060 - registration status: 204
18-03-2026 19:31:17.0400|INFO |Starting Completed ...
18-03-2026 19:36:16.0636|INFO |Resolving eureka endpoints via configuration
18-03-2026 19:39:29.0568|INFO |Initializing Spring DispatcherServlet 'dispatcherServlet'
18-03-2026 19:39:29.0572|INFO |Initializing Servlet 'dispatcherServlet'
18-03-2026 19:39:29.0725|INFO |Completed initialization in 153 ms
18-03-2026 19:39:33.0249|INFO |Init duration for springdoc-openapi is: 3025 ms
18-03-2026 19:41:16.0664|INFO |Resolving eureka endpoints via configuration
18-03-2026 19:42:58.0436|INFO |Init duration for springdoc-openapi is: 1067 ms
18-03-2026 19:46:16.0680|INFO |Resolving eureka endpoints via configuration
18-03-2026 19:51:16.0694|INFO |Resolving eureka endpoints via configuration
18-03-2026 19:56:16.0701|INFO |Resolving eureka endpoints via configuration
18-03-2026 20:01:16.0716|INFO |Resolving eureka endpoints via configuration
18-03-2026 20:06:16.0724|INFO |Resolving eureka endpoints via configuration
18-03-2026 20:11:16.0753|INFO |Resolving eureka endpoints via configuration
18-03-2026 20:16:16.0764|INFO |Resolving eureka endpoints via configuration
