29-04-2026 17:15:52.0354|INFO |The Class-Path manifest attribute in C:\Users\rania\.m2\repository\org\glassfish\ha\ha-api\3.1.9\ha-api-3.1.9.jar referenced one or more files that do not exist: file:/C:/Users/rania/.m2/repository/org/glassfish/ha/ha-api/3.1.9/hk2-core.jar,file:/C:/Users/rania/.m2/repository/org/glassfish/ha/ha-api/3.1.9/class-model.jar,file:/C:/Users/rania/.m2/repository/org/glassfish/ha/ha-api/3.1.9/config.jar,file:/C:/Users/rania/.m2/repository/org/glassfish/ha/ha-api/3.1.9/auto-depends.jar,file:/C:/Users/rania/.m2/repository/org/glassfish/ha/ha-api/3.1.9/javax.inject.jar,file:/C:/Users/rania/.m2/repository/org/glassfish/ha/ha-api/3.1.9/asm-all-repackaged.jar,file:/C:/Users/rania/.m2/repository/org/glassfish/ha/ha-api/3.1.9/hk2-api.jar,file:/C:/Users/rania/.m2/repository/org/glassfish/ha/ha-api/3.1.9/osgi-resource-locator.jar,file:/C:/Users/rania/.m2/repository/org/glassfish/ha/ha-api/3.1.9/tiger-types.jar,file:/C:/Users/rania/.m2/repository/org/glassfish/ha/ha-api/3.1.9/bean-validator.jar,file:/C:/Users/rania/.m2/repository/org/glassfish/ha/ha-api/3.1.9/jtype.jar
29-04-2026 17:15:52.0359|INFO |Devtools property defaults active! Set 'spring.devtools.add-properties' to 'false' to disable
29-04-2026 17:15:52.0360|INFO |For additional web related logging consider setting the 'logging.level.web' property to 'DEBUG'
29-04-2026 17:15:55.0537|INFO |Bootstrapping Spring Data JPA repositories in DEFAULT mode.
29-04-2026 17:15:55.0977|INFO |Finished Spring Data repository scanning in 419 ms. Found 14 JPA repository interfaces.
29-04-2026 17:15:56.0533|INFO |BeanFactory id=a639bb80-ea1a-3ad9-a3f4-e7868f41c1e4
29-04-2026 17:15:57.0745|INFO |Tomcat initialized with port(s): 8060 (http)
29-04-2026 17:15:57.0766|INFO |Starting service [Tomcat]
29-04-2026 17:15:57.0768|INFO |Starting Servlet engine: [Apache Tomcat/9.0.65]
29-04-2026 17:15:58.0545|INFO |At least one JAR was scanned for TLDs yet contained no TLDs. Enable debug logging for this logger for a complete list of JARs that were scanned but no TLDs were found in them. Skipping unneeded JARs during scanning can improve startup time and JSP compilation time.
29-04-2026 17:15:58.0557|INFO |Initializing Spring embedded WebApplicationContext
29-04-2026 17:15:58.0558|INFO |Root WebApplicationContext: initialization completed in 6195 ms
29-04-2026 17:15:59.0187|INFO |HHH000204: Processing PersistenceUnitInfo [name: default]
29-04-2026 17:15:59.0344|INFO |HHH000412: Hibernate ORM core version 5.6.11.Final
29-04-2026 17:15:59.0768|INFO |HCANN000001: Hibernate Commons Annotations {5.1.2.Final}
29-04-2026 17:16:00.0064|INFO |HHH000400: Using dialect: org.hibernate.dialect.PostgreSQLDialect
29-04-2026 17:16:02.0027|INFO |HikariPool-1 - Starting...
29-04-2026 17:16:02.0310|INFO |HikariPool-1 - Start completed.
29-04-2026 17:16:02.0452|INFO |HHH000490: Using JtaPlatform implementation: [org.hibernate.engine.transaction.jta.platform.internal.NoJtaPlatform]
29-04-2026 17:16:02.0474|INFO |Initialized JPA EntityManagerFactory for persistence unit 'default'
29-04-2026 17:16:07.0833|INFO |Eureka HTTP Client uses RestTemplate.
29-04-2026 17:16:07.0967|INFO |Exposing 1 endpoint(s) beneath base path '/actuator'
29-04-2026 17:16:08.0024|INFO |Setting initial instance status as: STARTING
29-04-2026 17:16:08.0108|INFO |Initializing Eureka in region us-east-1
29-04-2026 17:16:08.0114|INFO |Resolving eureka endpoints via configuration
29-04-2026 17:16:08.0150|INFO |Disable delta property : false
29-04-2026 17:16:08.0150|INFO |Single vip registry refresh property : null
29-04-2026 17:16:08.0150|INFO |Force full registry fetch : false
29-04-2026 17:16:08.0150|INFO |Application is null : false
29-04-2026 17:16:08.0150|INFO |Registered Applications size is zero : true
29-04-2026 17:16:08.0151|INFO |Application version is -1: true
29-04-2026 17:16:08.0151|INFO |Getting all instance registry info from the eureka server
29-04-2026 17:16:08.0801|INFO |The response status is 200
29-04-2026 17:16:08.0809|INFO |Starting heartbeat executor: renew interval is: 30
29-04-2026 17:16:08.0815|INFO |InstanceInfoReplicator onDemand update allowed rate per min is 4
29-04-2026 17:16:08.0825|INFO |Discovery Client initialized at timestamp 1777479368824 with initial instances count: 1
29-04-2026 17:16:08.0828|INFO |Registering application ADMINISTRATION-SERVICE with eureka with status UP
29-04-2026 17:16:08.0829|INFO |Saw local status change event StatusChangeEvent [timestamp=1777479368829, current=UP, previous=STARTING]
29-04-2026 17:16:08.0833|INFO |DiscoveryClient_ADMINISTRATION-SERVICE/192.168.0.9:administration-service:8060: registering service...
29-04-2026 17:16:08.0910|INFO |Tomcat started on port(s): 8060 (http) with context path ''
29-04-2026 17:16:08.0912|INFO |Updating port to 8060
29-04-2026 17:16:08.0938|INFO |DiscoveryClient_ADMINISTRATION-SERVICE/192.168.0.9:administration-service:8060 - registration status: 204
29-04-2026 17:16:08.0966|INFO |Starting Completed ...
29-04-2026 17:16:12.0952|INFO |The Class-Path manifest attribute in C:\Users\rania\.m2\repository\org\glassfish\ha\ha-api\3.1.9\ha-api-3.1.9.jar referenced one or more files that do not exist: file:/C:/Users/rania/.m2/repository/org/glassfish/ha/ha-api/3.1.9/hk2-core.jar,file:/C:/Users/rania/.m2/repository/org/glassfish/ha/ha-api/3.1.9/class-model.jar,file:/C:/Users/rania/.m2/repository/org/glassfish/ha/ha-api/3.1.9/config.jar,file:/C:/Users/rania/.m2/repository/org/glassfish/ha/ha-api/3.1.9/auto-depends.jar,file:/C:/Users/rania/.m2/repository/org/glassfish/ha/ha-api/3.1.9/javax.inject.jar,file:/C:/Users/rania/.m2/repository/org/glassfish/ha/ha-api/3.1.9/asm-all-repackaged.jar,file:/C:/Users/rania/.m2/repository/org/glassfish/ha/ha-api/3.1.9/hk2-api.jar,file:/C:/Users/rania/.m2/repository/org/glassfish/ha/ha-api/3.1.9/osgi-resource-locator.jar,file:/C:/Users/rania/.m2/repository/org/glassfish/ha/ha-api/3.1.9/tiger-types.jar,file:/C:/Users/rania/.m2/repository/org/glassfish/ha/ha-api/3.1.9/bean-validator.jar,file:/C:/Users/rania/.m2/repository/org/glassfish/ha/ha-api/3.1.9/jtype.jar
29-04-2026 17:16:12.0957|INFO |Devtools property defaults active! Set 'spring.devtools.add-properties' to 'false' to disable
29-04-2026 17:16:12.0958|INFO |For additional web related logging consider setting the 'logging.level.web' property to 'DEBUG'
29-04-2026 17:16:15.0891|INFO |Bootstrapping Spring Data JPA repositories in DEFAULT mode.
29-04-2026 17:16:16.0329|INFO |Finished Spring Data repository scanning in 425 ms. Found 13 JPA repository interfaces.
29-04-2026 17:16:16.0777|INFO |BeanFactory id=042f42fe-0bb2-311f-8194-172df5af1330
29-04-2026 17:16:17.0596|INFO |Tomcat initialized with port(s): 8063 (http)
29-04-2026 17:16:17.0609|INFO |Starting service [Tomcat]
29-04-2026 17:16:17.0611|INFO |Starting Servlet engine: [Apache Tomcat/9.0.65]
29-04-2026 17:16:18.0068|INFO |At least one JAR was scanned for TLDs yet contained no TLDs. Enable debug logging for this logger for a complete list of JARs that were scanned but no TLDs were found in them. Skipping unneeded JARs during scanning can improve startup time and JSP compilation time.
29-04-2026 17:16:18.0076|INFO |Initializing Spring embedded WebApplicationContext
29-04-2026 17:16:18.0077|INFO |Root WebApplicationContext: initialization completed in 5118 ms
29-04-2026 17:16:18.0429|INFO |HHH000204: Processing PersistenceUnitInfo [name: default]
29-04-2026 17:16:18.0507|INFO |HHH000412: Hibernate ORM core version 5.6.11.Final
29-04-2026 17:16:18.0792|INFO |HCANN000001: Hibernate Commons Annotations {5.1.2.Final}
29-04-2026 17:16:18.0982|INFO |HHH000400: Using dialect: org.hibernate.dialect.PostgreSQLDialect
29-04-2026 17:16:20.0138|INFO |HikariPool-1 - Starting...
29-04-2026 17:16:20.0323|INFO |HikariPool-1 - Start completed.
29-04-2026 17:16:20.0657|INFO |HHH000490: Using JtaPlatform implementation: [org.hibernate.engine.transaction.jta.platform.internal.NoJtaPlatform]
29-04-2026 17:16:20.0674|INFO |Initialized JPA EntityManagerFactory for persistence unit 'default'
29-04-2026 17:16:22.0643|INFO |Eureka HTTP Client uses RestTemplate.
29-04-2026 17:16:22.0738|INFO |Exposing 1 endpoint(s) beneath base path '/actuator'
29-04-2026 17:16:22.0776|INFO |Setting initial instance status as: STARTING
29-04-2026 17:16:22.0823|INFO |Initializing Eureka in region us-east-1
29-04-2026 17:16:22.0828|INFO |Resolving eureka endpoints via configuration
29-04-2026 17:16:22.0858|INFO |Disable delta property : false
29-04-2026 17:16:22.0858|INFO |Single vip registry refresh property : null
29-04-2026 17:16:22.0858|INFO |Force full registry fetch : false
29-04-2026 17:16:22.0858|INFO |Application is null : false
29-04-2026 17:16:22.0867|INFO |Registered Applications size is zero : true
29-04-2026 17:16:22.0868|INFO |Application version is -1: true
29-04-2026 17:16:22.0868|INFO |Getting all instance registry info from the eureka server
29-04-2026 17:16:23.0219|INFO |The response status is 200
29-04-2026 17:16:23.0224|INFO |Starting heartbeat executor: renew interval is: 30
29-04-2026 17:16:23.0228|INFO |InstanceInfoReplicator onDemand update allowed rate per min is 4
29-04-2026 17:16:23.0235|INFO |Discovery Client initialized at timestamp 1777479383234 with initial instances count: 1
29-04-2026 17:16:23.0238|INFO |Registering application ETABLISSEMENT-SERVICE with eureka with status UP
29-04-2026 17:16:23.0239|INFO |Saw local status change event StatusChangeEvent [timestamp=1777479383239, current=UP, previous=STARTING]
29-04-2026 17:16:23.0241|INFO |DiscoveryClient_ETABLISSEMENT-SERVICE/192.168.0.9:etablissement-service:8063: registering service...
29-04-2026 17:16:23.0287|INFO |Tomcat started on port(s): 8063 (http) with context path ''
29-04-2026 17:16:23.0287|INFO |Updating port to 8063
29-04-2026 17:16:23.0300|INFO |DiscoveryClient_ETABLISSEMENT-SERVICE/192.168.0.9:etablissement-service:8063 - registration status: 204
29-04-2026 17:16:23.0319|INFO |Starting Completed ...
29-04-2026 17:21:08.0155|INFO |Resolving eureka endpoints via configuration
29-04-2026 17:21:22.0884|INFO |Resolving eureka endpoints via configuration
29-04-2026 17:25:23.0188|INFO |Initializing Spring DispatcherServlet 'dispatcherServlet'
29-04-2026 17:25:23.0188|INFO |Initializing Servlet 'dispatcherServlet'
29-04-2026 17:25:23.0190|INFO |Completed initialization in 2 ms
29-04-2026 17:26:08.0163|INFO |Resolving eureka endpoints via configuration
29-04-2026 17:26:22.0902|INFO |Resolving eureka endpoints via configuration
29-04-2026 17:26:44.0404|INFO |Initializing Spring DispatcherServlet 'dispatcherServlet'
29-04-2026 17:26:44.0404|INFO |Initializing Servlet 'dispatcherServlet'
29-04-2026 17:26:44.0404|INFO |Completed initialization in 0 ms
29-04-2026 17:31:08.0171|INFO |Resolving eureka endpoints via configuration
29-04-2026 17:31:22.0906|INFO |Resolving eureka endpoints via configuration
29-04-2026 17:36:08.0188|INFO |Resolving eureka endpoints via configuration
29-04-2026 17:36:22.0918|INFO |Resolving eureka endpoints via configuration
29-04-2026 17:41:08.0202|INFO |Resolving eureka endpoints via configuration
29-04-2026 17:41:22.0934|INFO |Resolving eureka endpoints via configuration
29-04-2026 17:46:08.0215|INFO |Resolving eureka endpoints via configuration
29-04-2026 17:46:22.0949|INFO |Resolving eureka endpoints via configuration
29-04-2026 17:51:08.0232|INFO |Resolving eureka endpoints via configuration
29-04-2026 17:51:22.0964|INFO |Resolving eureka endpoints via configuration
29-04-2026 17:56:08.0246|INFO |Resolving eureka endpoints via configuration
29-04-2026 17:56:22.0980|INFO |Resolving eureka endpoints via configuration
29-04-2026 18:01:08.0255|INFO |Resolving eureka endpoints via configuration
29-04-2026 18:01:22.0995|INFO |Resolving eureka endpoints via configuration
29-04-2026 18:06:08.0259|INFO |Resolving eureka endpoints via configuration
29-04-2026 18:06:23.0006|INFO |Resolving eureka endpoints via configuration
29-04-2026 18:11:08.0272|INFO |Resolving eureka endpoints via configuration
29-04-2026 18:11:23.0021|INFO |Resolving eureka endpoints via configuration
29-04-2026 18:16:08.0288|INFO |Resolving eureka endpoints via configuration
29-04-2026 18:16:23.0034|INFO |Resolving eureka endpoints via configuration
29-04-2026 18:21:08.0304|INFO |Resolving eureka endpoints via configuration
29-04-2026 18:21:23.0035|INFO |Resolving eureka endpoints via configuration
29-04-2026 18:26:08.0317|INFO |Resolving eureka endpoints via configuration
29-04-2026 18:26:23.0047|INFO |Resolving eureka endpoints via configuration
29-04-2026 18:31:08.0331|INFO |Resolving eureka endpoints via configuration
29-04-2026 18:31:23.0052|INFO |Resolving eureka endpoints via configuration
29-04-2026 18:36:08.0338|INFO |Resolving eureka endpoints via configuration
29-04-2026 18:36:23.0065|INFO |Resolving eureka endpoints via configuration
29-04-2026 18:41:08.0345|INFO |Resolving eureka endpoints via configuration
29-04-2026 18:41:23.0072|INFO |Resolving eureka endpoints via configuration
29-04-2026 18:46:08.0351|INFO |Resolving eureka endpoints via configuration
29-04-2026 18:46:23.0074|INFO |Resolving eureka endpoints via configuration
29-04-2026 18:51:08.0354|INFO |Resolving eureka endpoints via configuration
29-04-2026 18:51:23.0088|INFO |Resolving eureka endpoints via configuration
29-04-2026 18:56:08.0364|INFO |Resolving eureka endpoints via configuration
29-04-2026 18:56:23.0093|INFO |Resolving eureka endpoints via configuration
29-04-2026 19:01:08.0368|INFO |Resolving eureka endpoints via configuration
29-04-2026 19:01:23.0098|INFO |Resolving eureka endpoints via configuration
29-04-2026 19:06:08.0383|INFO |Resolving eureka endpoints via configuration
29-04-2026 19:06:23.0101|INFO |Resolving eureka endpoints via configuration
29-04-2026 19:11:08.0397|INFO |Resolving eureka endpoints via configuration
29-04-2026 19:11:23.0112|INFO |Resolving eureka endpoints via configuration
29-04-2026 19:16:08.0412|INFO |Resolving eureka endpoints via configuration
29-04-2026 19:16:23.0130|INFO |Resolving eureka endpoints via configuration
29-04-2026 19:21:08.0424|INFO |Resolving eureka endpoints via configuration
29-04-2026 19:21:23.0136|INFO |Resolving eureka endpoints via configuration
29-04-2026 19:26:08.0426|INFO |Resolving eureka endpoints via configuration
29-04-2026 19:26:23.0140|INFO |Resolving eureka endpoints via configuration
29-04-2026 19:31:08.0428|INFO |Resolving eureka endpoints via configuration
29-04-2026 19:31:23.0157|INFO |Resolving eureka endpoints via configuration
29-04-2026 19:36:08.0440|INFO |Resolving eureka endpoints via configuration
29-04-2026 19:36:23.0170|INFO |Resolving eureka endpoints via configuration
29-04-2026 19:41:08.0451|INFO |Resolving eureka endpoints via configuration
29-04-2026 19:41:23.0183|INFO |Resolving eureka endpoints via configuration
29-04-2026 19:46:08.0465|INFO |Resolving eureka endpoints via configuration
29-04-2026 19:46:23.0187|INFO |Resolving eureka endpoints via configuration
29-04-2026 19:51:08.0470|INFO |Resolving eureka endpoints via configuration
29-04-2026 19:51:23.0193|INFO |Resolving eureka endpoints via configuration
29-04-2026 19:56:08.0479|INFO |Resolving eureka endpoints via configuration
29-04-2026 19:56:23.0197|INFO |Resolving eureka endpoints via configuration
29-04-2026 20:01:08.0490|INFO |Resolving eureka endpoints via configuration
29-04-2026 20:01:23.0206|INFO |Resolving eureka endpoints via configuration
29-04-2026 20:02:21.0437|INFO |Unregistering application ADMINISTRATION-SERVICE with eureka with status DOWN
29-04-2026 20:02:21.0439|INFO |Saw local status change event StatusChangeEvent [timestamp=1777489341439, current=DOWN, previous=UP]
29-04-2026 20:02:21.0439|INFO |DiscoveryClient_ADMINISTRATION-SERVICE/192.168.0.9:administration-service:8060: registering service...
29-04-2026 20:02:21.0462|INFO |DiscoveryClient_ADMINISTRATION-SERVICE/192.168.0.9:administration-service:8060 - registration status: 204
29-04-2026 20:02:21.0468|INFO |Unregistering application ETABLISSEMENT-SERVICE with eureka with status DOWN
29-04-2026 20:02:21.0470|INFO |Saw local status change event StatusChangeEvent [timestamp=1777489341470, current=DOWN, previous=UP]
29-04-2026 20:02:21.0472|INFO |DiscoveryClient_ETABLISSEMENT-SERVICE/192.168.0.9:etablissement-service:8063: registering service...
29-04-2026 20:02:21.0496|INFO |DiscoveryClient_ETABLISSEMENT-SERVICE/192.168.0.9:etablissement-service:8063 - registration status: 204
29-04-2026 20:02:21.0554|INFO |Closing JPA EntityManagerFactory for persistence unit 'default'
29-04-2026 20:02:21.0554|INFO |Closing JPA EntityManagerFactory for persistence unit 'default'
29-04-2026 20:02:21.0563|INFO |HikariPool-1 - Shutdown initiated...
29-04-2026 20:02:21.0565|INFO |HikariPool-1 - Shutdown initiated...
29-04-2026 20:02:21.0579|INFO |HikariPool-1 - Shutdown completed.
29-04-2026 20:02:21.0581|INFO |Shutting down DiscoveryClient ...
29-04-2026 20:02:21.0602|INFO |HikariPool-1 - Shutdown completed.
29-04-2026 20:02:21.0604|INFO |Shutting down DiscoveryClient ...
29-04-2026 20:02:24.0614|INFO |Unregistering ...
29-04-2026 20:02:24.0614|INFO |Unregistering ...
29-04-2026 20:02:24.0628|INFO |Request execution error. endpoint=DefaultEndpoint{ serviceUrl='http://127.0.0.1:8761/eureka/} exception=I/O error on DELETE request for "http://127.0.0.1:8761/eureka/apps/ADMINISTRATION-SERVICE/192.168.0.9:administration-service:8060": Connect to 127.0.0.1:8761 [/127.0.0.1] failed: Connection refused: connect; nested exception is org.apache.http.conn.HttpHostConnectException: Connect to 127.0.0.1:8761 [/127.0.0.1] failed: Connection refused: connect stacktrace=org.springframework.web.client.ResourceAccessException: I/O error on DELETE request for "http://127.0.0.1:8761/eureka/apps/ADMINISTRATION-SERVICE/192.168.0.9:administration-service:8060": Connect to 127.0.0.1:8761 [/127.0.0.1] failed: Connection refused: connect; nested exception is org.apache.http.conn.HttpHostConnectException: Connect to 127.0.0.1:8761 [/127.0.0.1] failed: Connection refused: connect
	at org.springframework.web.client.RestTemplate.doExecute(RestTemplate.java:785)
	at org.springframework.web.client.RestTemplate.execute(RestTemplate.java:711)
	at org.springframework.web.client.RestTemplate.exchange(RestTemplate.java:602)
	at org.springframework.cloud.netflix.eureka.http.RestTemplateEurekaHttpClient.cancel(RestTemplateEurekaHttpClient.java:87)
	at com.netflix.discovery.shared.transport.decorator.EurekaHttpClientDecorator$2.execute(EurekaHttpClientDecorator.java:74)
	at com.netflix.discovery.shared.transport.decorator.RedirectingEurekaHttpClient.execute(RedirectingEurekaHttpClient.java:91)
	at com.netflix.discovery.shared.transport.decorator.EurekaHttpClientDecorator.cancel(EurekaHttpClientDecorator.java:71)
	at com.netflix.discovery.shared.transport.decorator.EurekaHttpClientDecorator$2.execute(EurekaHttpClientDecorator.java:74)
	at com.netflix.discovery.shared.transport.decorator.RetryableEurekaHttpClient.execute(RetryableEurekaHttpClient.java:120)
	at com.netflix.discovery.shared.transport.decorator.EurekaHttpClientDecorator.cancel(EurekaHttpClientDecorator.java:71)
	at com.netflix.discovery.shared.transport.decorator.EurekaHttpClientDecorator$2.execute(EurekaHttpClientDecorator.java:74)
	at com.netflix.discovery.shared.transport.decorator.SessionedEurekaHttpClient.execute(SessionedEurekaHttpClient.java:77)
	at com.netflix.discovery.shared.transport.decorator.EurekaHttpClientDecorator.cancel(EurekaHttpClientDecorator.java:71)
	at com.netflix.discovery.DiscoveryClient.unregister(DiscoveryClient.java:972)
	at com.netflix.discovery.DiscoveryClient.shutdown(DiscoveryClient.java:948)
	at java.base/jdk.internal.reflect.DirectMethodHandleAccessor.invoke(DirectMethodHandleAccessor.java:103)
	at java.base/java.lang.reflect.Method.invoke(Method.java:580)
	at org.springframework.beans.factory.annotation.InitDestroyAnnotationBeanPostProcessor$LifecycleElement.invoke(InitDestroyAnnotationBeanPostProcessor.java:389)
	at org.springframework.beans.factory.annotation.InitDestroyAnnotationBeanPostProcessor$LifecycleMetadata.invokeDestroyMethods(InitDestroyAnnotationBeanPostProcessor.java:347)
	at org.springframework.beans.factory.annotation.InitDestroyAnnotationBeanPostProcessor.postProcessBeforeDestruction(InitDestroyAnnotationBeanPostProcessor.java:177)
	at org.springframework.beans.factory.support.DisposableBeanAdapter.destroy(DisposableBeanAdapter.java:197)
	at org.springframework.beans.factory.support.DisposableBeanAdapter.run(DisposableBeanAdapter.java:190)
	at org.springframework.cloud.context.scope.GenericScope$BeanLifecycleWrapper.destroy(GenericScope.java:390)
	at org.springframework.cloud.context.scope.GenericScope.destroy(GenericScope.java:136)
	at org.springframework.beans.factory.support.DisposableBeanAdapter.destroy(DisposableBeanAdapter.java:213)
	at org.springframework.beans.factory.support.DefaultSingletonBeanRegistry.destroyBean(DefaultSingletonBeanRegistry.java:587)
	at org.springframework.beans.factory.support.DefaultSingletonBeanRegistry.destroySingleton(DefaultSingletonBeanRegistry.java:559)
	at org.springframework.beans.factory.support.DefaultListableBeanFactory.destroySingleton(DefaultListableBeanFactory.java:1163)
	at org.springframework.beans.factory.support.DefaultSingletonBeanRegistry.destroySingletons(DefaultSingletonBeanRegistry.java:520)
	at org.springframework.beans.factory.support.DefaultListableBeanFactory.destroySingletons(DefaultListableBeanFactory.java:1156)
	at org.springframework.context.support.AbstractApplicationContext.destroyBeans(AbstractApplicationContext.java:1106)
	at org.springframework.context.support.AbstractApplicationContext.doClose(AbstractApplicationContext.java:1075)
	at org.springframework.boot.web.servlet.context.ServletWebServerApplicationContext.doClose(ServletWebServerApplicationContext.java:174)
	at org.springframework.context.support.AbstractApplicationContext.close(AbstractApplicationContext.java:1021)
	at org.springframework.boot.SpringApplicationShutdownHook.closeAndWait(SpringApplicationShutdownHook.java:145)
	at java.base/java.lang.Iterable.forEach(Iterable.java:75)
	at org.springframework.boot.SpringApplicationShutdownHook.run(SpringApplicationShutdownHook.java:114)
	at java.base/java.lang.Thread.run(Thread.java:1583)
Caused by: org.apache.http.conn.HttpHostConnectException: Connect to 127.0.0.1:8761 [/127.0.0.1] failed: Connection refused: connect
	at org.apache.http.impl.conn.DefaultHttpClientConnectionOperator.connect(DefaultHttpClientConnectionOperator.java:156)
	at org.apache.http.impl.conn.PoolingHttpClientConnectionManager.connect(PoolingHttpClientConnectionManager.java:376)
	at org.apache.http.impl.execchain.MainClientExec.establishRoute(MainClientExec.java:393)
	at org.apache.http.impl.execchain.MainClientExec.execute(MainClientExec.java:236)
	at org.apache.http.impl.execchain.ProtocolExec.execute(ProtocolExec.java:186)
	at org.apache.http.impl.execchain.RetryExec.execute(RetryExec.java:89)
	at org.apache.http.impl.execchain.RedirectExec.execute(RedirectExec.java:110)
	at org.apache.http.impl.client.InternalHttpClient.doExecute(InternalHttpClient.java:185)
	at org.apache.http.impl.client.CloseableHttpClient.execute(CloseableHttpClient.java:83)
	at org.apache.http.impl.client.CloseableHttpClient.execute(CloseableHttpClient.java:56)
	at org.springframework.http.client.HttpComponentsClientHttpRequest.executeInternal(HttpComponentsClientHttpRequest.java:87)
	at org.springframework.http.client.AbstractBufferingClientHttpRequest.executeInternal(AbstractBufferingClientHttpRequest.java:48)
	at org.springframework.http.client.AbstractClientHttpRequest.execute(AbstractClientHttpRequest.java:66)
	at org.springframework.web.client.RestTemplate.doExecute(RestTemplate.java:776)
	... 37 more
Caused by: java.net.ConnectException: Connection refused: connect
	at java.base/sun.nio.ch.Net.connect0(Native Method)
	at java.base/sun.nio.ch.Net.connect(Net.java:589)
	at java.base/sun.nio.ch.Net.connect(Net.java:578)
	at java.base/sun.nio.ch.NioSocketImpl.connect(NioSocketImpl.java:583)
	at java.base/java.net.SocksSocketImpl.connect(SocksSocketImpl.java:327)
	at java.base/java.net.Socket.connect(Socket.java:751)
	at org.apache.http.conn.socket.PlainConnectionSocketFactory.connectSocket(PlainConnectionSocketFactory.java:75)
	at org.apache.http.impl.conn.DefaultHttpClientConnectionOperator.connect(DefaultHttpClientConnectionOperator.java:142)
	... 50 more

29-04-2026 20:02:24.0628|INFO |Request execution error. endpoint=DefaultEndpoint{ serviceUrl='http://127.0.0.1:8761/eureka/} exception=I/O error on DELETE request for "http://127.0.0.1:8761/eureka/apps/ETABLISSEMENT-SERVICE/192.168.0.9:etablissement-service:8063": Connect to 127.0.0.1:8761 [/127.0.0.1] failed: Connection refused: connect; nested exception is org.apache.http.conn.HttpHostConnectException: Connect to 127.0.0.1:8761 [/127.0.0.1] failed: Connection refused: connect stacktrace=org.springframework.web.client.ResourceAccessException: I/O error on DELETE request for "http://127.0.0.1:8761/eureka/apps/ETABLISSEMENT-SERVICE/192.168.0.9:etablissement-service:8063": Connect to 127.0.0.1:8761 [/127.0.0.1] failed: Connection refused: connect; nested exception is org.apache.http.conn.HttpHostConnectException: Connect to 127.0.0.1:8761 [/127.0.0.1] failed: Connection refused: connect
	at org.springframework.web.client.RestTemplate.doExecute(RestTemplate.java:785)
	at org.springframework.web.client.RestTemplate.execute(RestTemplate.java:711)
	at org.springframework.web.client.RestTemplate.exchange(RestTemplate.java:602)
	at org.springframework.cloud.netflix.eureka.http.RestTemplateEurekaHttpClient.cancel(RestTemplateEurekaHttpClient.java:87)
	at com.netflix.discovery.shared.transport.decorator.EurekaHttpClientDecorator$2.execute(EurekaHttpClientDecorator.java:74)
	at com.netflix.discovery.shared.transport.decorator.RedirectingEurekaHttpClient.execute(RedirectingEurekaHttpClient.java:91)
	at com.netflix.discovery.shared.transport.decorator.EurekaHttpClientDecorator.cancel(EurekaHttpClientDecorator.java:71)
	at com.netflix.discovery.shared.transport.decorator.EurekaHttpClientDecorator$2.execute(EurekaHttpClientDecorator.java:74)
	at com.netflix.discovery.shared.transport.decorator.RetryableEurekaHttpClient.execute(RetryableEurekaHttpClient.java:120)
	at com.netflix.discovery.shared.transport.decorator.EurekaHttpClientDecorator.cancel(EurekaHttpClientDecorator.java:71)
	at com.netflix.discovery.shared.transport.decorator.EurekaHttpClientDecorator$2.execute(EurekaHttpClientDecorator.java:74)
	at com.netflix.discovery.shared.transport.decorator.SessionedEurekaHttpClient.execute(SessionedEurekaHttpClient.java:77)
	at com.netflix.discovery.shared.transport.decorator.EurekaHttpClientDecorator.cancel(EurekaHttpClientDecorator.java:71)
	at com.netflix.discovery.DiscoveryClient.unregister(DiscoveryClient.java:972)
	at com.netflix.discovery.DiscoveryClient.shutdown(DiscoveryClient.java:948)
	at java.base/jdk.internal.reflect.DirectMethodHandleAccessor.invoke(DirectMethodHandleAccessor.java:103)
	at java.base/java.lang.reflect.Method.invoke(Method.java:580)
	at org.springframework.beans.factory.annotation.InitDestroyAnnotationBeanPostProcessor$LifecycleElement.invoke(InitDestroyAnnotationBeanPostProcessor.java:389)
	at org.springframework.beans.factory.annotation.InitDestroyAnnotationBeanPostProcessor$LifecycleMetadata.invokeDestroyMethods(InitDestroyAnnotationBeanPostProcessor.java:347)
	at org.springframework.beans.factory.annotation.InitDestroyAnnotationBeanPostProcessor.postProcessBeforeDestruction(InitDestroyAnnotationBeanPostProcessor.java:177)
	at org.springframework.beans.factory.support.DisposableBeanAdapter.destroy(DisposableBeanAdapter.java:197)
	at org.springframework.beans.factory.support.DisposableBeanAdapter.run(DisposableBeanAdapter.java:190)
	at org.springframework.cloud.context.scope.GenericScope$BeanLifecycleWrapper.destroy(GenericScope.java:390)
	at org.springframework.cloud.context.scope.GenericScope.destroy(GenericScope.java:136)
	at org.springframework.beans.factory.support.DisposableBeanAdapter.destroy(DisposableBeanAdapter.java:213)
	at org.springframework.beans.factory.support.DefaultSingletonBeanRegistry.destroyBean(DefaultSingletonBeanRegistry.java:587)
	at org.springframework.beans.factory.support.DefaultSingletonBeanRegistry.destroySingleton(DefaultSingletonBeanRegistry.java:559)
	at org.springframework.beans.factory.support.DefaultListableBeanFactory.destroySingleton(DefaultListableBeanFactory.java:1163)
	at org.springframework.beans.factory.support.DefaultSingletonBeanRegistry.destroySingletons(DefaultSingletonBeanRegistry.java:520)
	at org.springframework.beans.factory.support.DefaultListableBeanFactory.destroySingletons(DefaultListableBeanFactory.java:1156)
	at org.springframework.context.support.AbstractApplicationContext.destroyBeans(AbstractApplicationContext.java:1106)
	at org.springframework.context.support.AbstractApplicationContext.doClose(AbstractApplicationContext.java:1075)
	at org.springframework.boot.web.servlet.context.ServletWebServerApplicationContext.doClose(ServletWebServerApplicationContext.java:174)
	at org.springframework.context.support.AbstractApplicationContext.close(AbstractApplicationContext.java:1021)
	at org.springframework.boot.SpringApplicationShutdownHook.closeAndWait(SpringApplicationShutdownHook.java:145)
	at java.base/java.lang.Iterable.forEach(Iterable.java:75)
	at org.springframework.boot.SpringApplicationShutdownHook.run(SpringApplicationShutdownHook.java:114)
	at java.base/java.lang.Thread.run(Thread.java:1583)
Caused by: org.apache.http.conn.HttpHostConnectException: Connect to 127.0.0.1:8761 [/127.0.0.1] failed: Connection refused: connect
	at org.apache.http.impl.conn.DefaultHttpClientConnectionOperator.connect(DefaultHttpClientConnectionOperator.java:156)
	at org.apache.http.impl.conn.PoolingHttpClientConnectionManager.connect(PoolingHttpClientConnectionManager.java:376)
	at org.apache.http.impl.execchain.MainClientExec.establishRoute(MainClientExec.java:393)
	at org.apache.http.impl.execchain.MainClientExec.execute(MainClientExec.java:236)
	at org.apache.http.impl.execchain.ProtocolExec.execute(ProtocolExec.java:186)
	at org.apache.http.impl.execchain.RetryExec.execute(RetryExec.java:89)
	at org.apache.http.impl.execchain.RedirectExec.execute(RedirectExec.java:110)
	at org.apache.http.impl.client.InternalHttpClient.doExecute(InternalHttpClient.java:185)
	at org.apache.http.impl.client.CloseableHttpClient.execute(CloseableHttpClient.java:83)
	at org.apache.http.impl.client.CloseableHttpClient.execute(CloseableHttpClient.java:56)
	at org.springframework.http.client.HttpComponentsClientHttpRequest.executeInternal(HttpComponentsClientHttpRequest.java:87)
	at org.springframework.http.client.AbstractBufferingClientHttpRequest.executeInternal(AbstractBufferingClientHttpRequest.java:48)
	at org.springframework.http.client.AbstractClientHttpRequest.execute(AbstractClientHttpRequest.java:66)
	at org.springframework.web.client.RestTemplate.doExecute(RestTemplate.java:776)
	... 37 more
Caused by: java.net.ConnectException: Connection refused: connect
	at java.base/sun.nio.ch.Net.connect0(Native Method)
	at java.base/sun.nio.ch.Net.connect(Net.java:589)
	at java.base/sun.nio.ch.Net.connect(Net.java:578)
	at java.base/sun.nio.ch.NioSocketImpl.connect(NioSocketImpl.java:583)
	at java.base/java.net.SocksSocketImpl.connect(SocksSocketImpl.java:327)
	at java.base/java.net.Socket.connect(Socket.java:751)
	at org.apache.http.conn.socket.PlainConnectionSocketFactory.connectSocket(PlainConnectionSocketFactory.java:75)
	at org.apache.http.impl.conn.DefaultHttpClientConnectionOperator.connect(DefaultHttpClientConnectionOperator.java:142)
	... 50 more

29-04-2026 20:02:24.0641|INFO |Request execution error. endpoint=DefaultEndpoint{ serviceUrl='http://127.0.0.1:8761/eureka/}, exception=I/O error on DELETE request for "http://127.0.0.1:8761/eureka/apps/ADMINISTRATION-SERVICE/192.168.0.9:administration-service:8060": Connect to 127.0.0.1:8761 [/127.0.0.1] failed: Connection refused: connect; nested exception is org.apache.http.conn.HttpHostConnectException: Connect to 127.0.0.1:8761 [/127.0.0.1] failed: Connection refused: connect stacktrace=org.springframework.web.client.ResourceAccessException: I/O error on DELETE request for "http://127.0.0.1:8761/eureka/apps/ADMINISTRATION-SERVICE/192.168.0.9:administration-service:8060": Connect to 127.0.0.1:8761 [/127.0.0.1] failed: Connection refused: connect; nested exception is org.apache.http.conn.HttpHostConnectException: Connect to 127.0.0.1:8761 [/127.0.0.1] failed: Connection refused: connect
	at org.springframework.web.client.RestTemplate.doExecute(RestTemplate.java:785)
	at org.springframework.web.client.RestTemplate.execute(RestTemplate.java:711)
	at org.springframework.web.client.RestTemplate.exchange(RestTemplate.java:602)
	at org.springframework.cloud.netflix.eureka.http.RestTemplateEurekaHttpClient.cancel(RestTemplateEurekaHttpClient.java:87)
	at com.netflix.discovery.shared.transport.decorator.EurekaHttpClientDecorator$2.execute(EurekaHttpClientDecorator.java:74)
	at com.netflix.discovery.shared.transport.decorator.RedirectingEurekaHttpClient.executeOnNewServer(RedirectingEurekaHttpClient.java:121)
	at com.netflix.discovery.shared.transport.decorator.RedirectingEurekaHttpClient.execute(RedirectingEurekaHttpClient.java:80)
	at com.netflix.discovery.shared.transport.decorator.EurekaHttpClientDecorator.cancel(EurekaHttpClientDecorator.java:71)
	at com.netflix.discovery.shared.transport.decorator.EurekaHttpClientDecorator$2.execute(EurekaHttpClientDecorator.java:74)
	at com.netflix.discovery.shared.transport.decorator.RetryableEurekaHttpClient.execute(RetryableEurekaHttpClient.java:120)
	at com.netflix.discovery.shared.transport.decorator.EurekaHttpClientDecorator.cancel(EurekaHttpClientDecorator.java:71)
	at com.netflix.discovery.shared.transport.decorator.EurekaHttpClientDecorator$2.execute(EurekaHttpClientDecorator.java:74)
	at com.netflix.discovery.shared.transport.decorator.SessionedEurekaHttpClient.execute(SessionedEurekaHttpClient.java:77)
	at com.netflix.discovery.shared.transport.decorator.EurekaHttpClientDecorator.cancel(EurekaHttpClientDecorator.java:71)
	at com.netflix.discovery.DiscoveryClient.unregister(DiscoveryClient.java:972)
	at com.netflix.discovery.DiscoveryClient.shutdown(DiscoveryClient.java:948)
	at java.base/jdk.internal.reflect.DirectMethodHandleAccessor.invoke(DirectMethodHandleAccessor.java:103)
	at java.base/java.lang.reflect.Method.invoke(Method.java:580)
	at org.springframework.beans.factory.annotation.InitDestroyAnnotationBeanPostProcessor$LifecycleElement.invoke(InitDestroyAnnotationBeanPostProcessor.java:389)
	at org.springframework.beans.factory.annotation.InitDestroyAnnotationBeanPostProcessor$LifecycleMetadata.invokeDestroyMethods(InitDestroyAnnotationBeanPostProcessor.java:347)
	at org.springframework.beans.factory.annotation.InitDestroyAnnotationBeanPostProcessor.postProcessBeforeDestruction(InitDestroyAnnotationBeanPostProcessor.java:177)
	at org.springframework.beans.factory.support.DisposableBeanAdapter.destroy(DisposableBeanAdapter.java:197)
	at org.springframework.beans.factory.support.DisposableBeanAdapter.run(DisposableBeanAdapter.java:190)
	at org.springframework.cloud.context.scope.GenericScope$BeanLifecycleWrapper.destroy(GenericScope.java:390)
	at org.springframework.cloud.context.scope.GenericScope.destroy(GenericScope.java:136)
	at org.springframework.beans.factory.support.DisposableBeanAdapter.destroy(DisposableBeanAdapter.java:213)
	at org.springframework.beans.factory.support.DefaultSingletonBeanRegistry.destroyBean(DefaultSingletonBeanRegistry.java:587)
	at org.springframework.beans.factory.support.DefaultSingletonBeanRegistry.destroySingleton(DefaultSingletonBeanRegistry.java:559)
	at org.springframework.beans.factory.support.DefaultListableBeanFactory.destroySingleton(DefaultListableBeanFactory.java:1163)
	at org.springframework.beans.factory.support.DefaultSingletonBeanRegistry.destroySingletons(DefaultSingletonBeanRegistry.java:520)
	at org.springframework.beans.factory.support.DefaultListableBeanFactory.destroySingletons(DefaultListableBeanFactory.java:1156)
	at org.springframework.context.support.AbstractApplicationContext.destroyBeans(AbstractApplicationContext.java:1106)
	at org.springframework.context.support.AbstractApplicationContext.doClose(AbstractApplicationContext.java:1075)
	at org.springframework.boot.web.servlet.context.ServletWebServerApplicationContext.doClose(ServletWebServerApplicationContext.java:174)
	at org.springframework.context.support.AbstractApplicationContext.close(AbstractApplicationContext.java:1021)
	at org.springframework.boot.SpringApplicationShutdownHook.closeAndWait(SpringApplicationShutdownHook.java:145)
	at java.base/java.lang.Iterable.forEach(Iterable.java:75)
	at org.springframework.boot.SpringApplicationShutdownHook.run(SpringApplicationShutdownHook.java:114)
	at java.base/java.lang.Thread.run(Thread.java:1583)
Caused by: org.apache.http.conn.HttpHostConnectException: Connect to 127.0.0.1:8761 [/127.0.0.1] failed: Connection refused: connect
	at org.apache.http.impl.conn.DefaultHttpClientConnectionOperator.connect(DefaultHttpClientConnectionOperator.java:156)
	at org.apache.http.impl.conn.PoolingHttpClientConnectionManager.connect(PoolingHttpClientConnectionManager.java:376)
	at org.apache.http.impl.execchain.MainClientExec.establishRoute(MainClientExec.java:393)
	at org.apache.http.impl.execchain.MainClientExec.execute(MainClientExec.java:236)
	at org.apache.http.impl.execchain.ProtocolExec.execute(ProtocolExec.java:186)
	at org.apache.http.impl.execchain.RetryExec.execute(RetryExec.java:89)
	at org.apache.http.impl.execchain.RedirectExec.execute(RedirectExec.java:110)
	at org.apache.http.impl.client.InternalHttpClient.doExecute(InternalHttpClient.java:185)
	at org.apache.http.impl.client.CloseableHttpClient.execute(CloseableHttpClient.java:83)
	at org.apache.http.impl.client.CloseableHttpClient.execute(CloseableHttpClient.java:56)
	at org.springframework.http.client.HttpComponentsClientHttpRequest.executeInternal(HttpComponentsClientHttpRequest.java:87)
	at org.springframework.http.client.AbstractBufferingClientHttpRequest.executeInternal(AbstractBufferingClientHttpRequest.java:48)
	at org.springframework.http.client.AbstractClientHttpRequest.execute(AbstractClientHttpRequest.java:66)
	at org.springframework.web.client.RestTemplate.doExecute(RestTemplate.java:776)
	... 38 more
Caused by: java.net.ConnectException: Connection refused: connect
	at java.base/sun.nio.ch.Net.connect0(Native Method)
	at java.base/sun.nio.ch.Net.connect(Net.java:589)
	at java.base/sun.nio.ch.Net.connect(Net.java:578)
	at java.base/sun.nio.ch.NioSocketImpl.connect(NioSocketImpl.java:583)
	at java.base/java.net.SocksSocketImpl.connect(SocksSocketImpl.java:327)
	at java.base/java.net.Socket.connect(Socket.java:751)
	at org.apache.http.conn.socket.PlainConnectionSocketFactory.connectSocket(PlainConnectionSocketFactory.java:75)
	at org.apache.http.impl.conn.DefaultHttpClientConnectionOperator.connect(DefaultHttpClientConnectionOperator.java:142)
	... 51 more

29-04-2026 20:02:24.0644|INFO |Request execution error. endpoint=DefaultEndpoint{ serviceUrl='http://127.0.0.1:8761/eureka/}, exception=I/O error on DELETE request for "http://127.0.0.1:8761/eureka/apps/ETABLISSEMENT-SERVICE/192.168.0.9:etablissement-service:8063": Connect to 127.0.0.1:8761 [/127.0.0.1] failed: Connection refused: connect; nested exception is org.apache.http.conn.HttpHostConnectException: Connect to 127.0.0.1:8761 [/127.0.0.1] failed: Connection refused: connect stacktrace=org.springframework.web.client.ResourceAccessException: I/O error on DELETE request for "http://127.0.0.1:8761/eureka/apps/ETABLISSEMENT-SERVICE/192.168.0.9:etablissement-service:8063": Connect to 127.0.0.1:8761 [/127.0.0.1] failed: Connection refused: connect; nested exception is org.apache.http.conn.HttpHostConnectException: Connect to 127.0.0.1:8761 [/127.0.0.1] failed: Connection refused: connect
	at org.springframework.web.client.RestTemplate.doExecute(RestTemplate.java:785)
	at org.springframework.web.client.RestTemplate.execute(RestTemplate.java:711)
	at org.springframework.web.client.RestTemplate.exchange(RestTemplate.java:602)
	at org.springframework.cloud.netflix.eureka.http.RestTemplateEurekaHttpClient.cancel(RestTemplateEurekaHttpClient.java:87)
	at com.netflix.discovery.shared.transport.decorator.EurekaHttpClientDecorator$2.execute(EurekaHttpClientDecorator.java:74)
	at com.netflix.discovery.shared.transport.decorator.RedirectingEurekaHttpClient.executeOnNewServer(RedirectingEurekaHttpClient.java:121)
	at com.netflix.discovery.shared.transport.decorator.RedirectingEurekaHttpClient.execute(RedirectingEurekaHttpClient.java:80)
	at com.netflix.discovery.shared.transport.decorator.EurekaHttpClientDecorator.cancel(EurekaHttpClientDecorator.java:71)
	at com.netflix.discovery.shared.transport.decorator.EurekaHttpClientDecorator$2.execute(EurekaHttpClientDecorator.java:74)
	at com.netflix.discovery.shared.transport.decorator.RetryableEurekaHttpClient.execute(RetryableEurekaHttpClient.java:120)
	at com.netflix.discovery.shared.transport.decorator.EurekaHttpClientDecorator.cancel(EurekaHttpClientDecorator.java:71)
	at com.netflix.discovery.shared.transport.decorator.EurekaHttpClientDecorator$2.execute(EurekaHttpClientDecorator.java:74)
	at com.netflix.discovery.shared.transport.decorator.SessionedEurekaHttpClient.execute(SessionedEurekaHttpClient.java:77)
	at com.netflix.discovery.shared.transport.decorator.EurekaHttpClientDecorator.cancel(EurekaHttpClientDecorator.java:71)
	at com.netflix.discovery.DiscoveryClient.unregister(DiscoveryClient.java:972)
	at com.netflix.discovery.DiscoveryClient.shutdown(DiscoveryClient.java:948)
	at java.base/jdk.internal.reflect.DirectMethodHandleAccessor.invoke(DirectMethodHandleAccessor.java:103)
	at java.base/java.lang.reflect.Method.invoke(Method.java:580)
	at org.springframework.beans.factory.annotation.InitDestroyAnnotationBeanPostProcessor$LifecycleElement.invoke(InitDestroyAnnotationBeanPostProcessor.java:389)
	at org.springframework.beans.factory.annotation.InitDestroyAnnotationBeanPostProcessor$LifecycleMetadata.invokeDestroyMethods(InitDestroyAnnotationBeanPostProcessor.java:347)
	at org.springframework.beans.factory.annotation.InitDestroyAnnotationBeanPostProcessor.postProcessBeforeDestruction(InitDestroyAnnotationBeanPostProcessor.java:177)
	at org.springframework.beans.factory.support.DisposableBeanAdapter.destroy(DisposableBeanAdapter.java:197)
	at org.springframework.beans.factory.support.DisposableBeanAdapter.run(DisposableBeanAdapter.java:190)
	at org.springframework.cloud.context.scope.GenericScope$BeanLifecycleWrapper.destroy(GenericScope.java:390)
	at org.springframework.cloud.context.scope.GenericScope.destroy(GenericScope.java:136)
	at org.springframework.beans.factory.support.DisposableBeanAdapter.destroy(DisposableBeanAdapter.java:213)
	at org.springframework.beans.factory.support.DefaultSingletonBeanRegistry.destroyBean(DefaultSingletonBeanRegistry.java:587)
	at org.springframework.beans.factory.support.DefaultSingletonBeanRegistry.destroySingleton(DefaultSingletonBeanRegistry.java:559)
	at org.springframework.beans.factory.support.DefaultListableBeanFactory.destroySingleton(DefaultListableBeanFactory.java:1163)
	at org.springframework.beans.factory.support.DefaultSingletonBeanRegistry.destroySingletons(DefaultSingletonBeanRegistry.java:520)
	at org.springframework.beans.factory.support.DefaultListableBeanFactory.destroySingletons(DefaultListableBeanFactory.java:1156)
	at org.springframework.context.support.AbstractApplicationContext.destroyBeans(AbstractApplicationContext.java:1106)
	at org.springframework.context.support.AbstractApplicationContext.doClose(AbstractApplicationContext.java:1075)
	at org.springframework.boot.web.servlet.context.ServletWebServerApplicationContext.doClose(ServletWebServerApplicationContext.java:174)
	at org.springframework.context.support.AbstractApplicationContext.close(AbstractApplicationContext.java:1021)
	at org.springframework.boot.SpringApplicationShutdownHook.closeAndWait(SpringApplicationShutdownHook.java:145)
	at java.base/java.lang.Iterable.forEach(Iterable.java:75)
	at org.springframework.boot.SpringApplicationShutdownHook.run(SpringApplicationShutdownHook.java:114)
	at java.base/java.lang.Thread.run(Thread.java:1583)
Caused by: org.apache.http.conn.HttpHostConnectException: Connect to 127.0.0.1:8761 [/127.0.0.1] failed: Connection refused: connect
	at org.apache.http.impl.conn.DefaultHttpClientConnectionOperator.connect(DefaultHttpClientConnectionOperator.java:156)
	at org.apache.http.impl.conn.PoolingHttpClientConnectionManager.connect(PoolingHttpClientConnectionManager.java:376)
	at org.apache.http.impl.execchain.MainClientExec.establishRoute(MainClientExec.java:393)
	at org.apache.http.impl.execchain.MainClientExec.execute(MainClientExec.java:236)
	at org.apache.http.impl.execchain.ProtocolExec.execute(ProtocolExec.java:186)
	at org.apache.http.impl.execchain.RetryExec.execute(RetryExec.java:89)
	at org.apache.http.impl.execchain.RedirectExec.execute(RedirectExec.java:110)
	at org.apache.http.impl.client.InternalHttpClient.doExecute(InternalHttpClient.java:185)
	at org.apache.http.impl.client.CloseableHttpClient.execute(CloseableHttpClient.java:83)
	at org.apache.http.impl.client.CloseableHttpClient.execute(CloseableHttpClient.java:56)
	at org.springframework.http.client.HttpComponentsClientHttpRequest.executeInternal(HttpComponentsClientHttpRequest.java:87)
	at org.springframework.http.client.AbstractBufferingClientHttpRequest.executeInternal(AbstractBufferingClientHttpRequest.java:48)
	at org.springframework.http.client.AbstractClientHttpRequest.execute(AbstractClientHttpRequest.java:66)
	at org.springframework.web.client.RestTemplate.doExecute(RestTemplate.java:776)
	... 38 more
Caused by: java.net.ConnectException: Connection refused: connect
	at java.base/sun.nio.ch.Net.connect0(Native Method)
	at java.base/sun.nio.ch.Net.connect(Net.java:589)
	at java.base/sun.nio.ch.Net.connect(Net.java:578)
	at java.base/sun.nio.ch.NioSocketImpl.connect(NioSocketImpl.java:583)
	at java.base/java.net.SocksSocketImpl.connect(SocksSocketImpl.java:327)
	at java.base/java.net.Socket.connect(Socket.java:751)
	at org.apache.http.conn.socket.PlainConnectionSocketFactory.connectSocket(PlainConnectionSocketFactory.java:75)
	at org.apache.http.impl.conn.DefaultHttpClientConnectionOperator.connect(DefaultHttpClientConnectionOperator.java:142)
	... 51 more

29-04-2026 20:02:24.0650|INFO |Completed shut down of DiscoveryClient
29-04-2026 20:02:24.0661|INFO |Completed shut down of DiscoveryClient
