17-04-2026 00:26:03.0197|ERROR|Error AdmUserService in method saveOrUpdate :: org.springframework.dao.DataIntegrityViolationException: not-null property references a null or transient value : tn.com.st2i.project.administration.model.AdmUser.pwd; nested exception is org.hibernate.PropertyValueException: not-null property references a null or transient value : tn.com.st2i.project.administration.model.AdmUser.pwd
17-04-2026 00:39:44.0271|ERROR|Error AdmUserService in method saveOrUpdate :: org.springframework.dao.DataIntegrityViolationException: not-null property references a null or transient value : tn.com.st2i.project.administration.model.AdmUser.pwd; nested exception is org.hibernate.PropertyValueException: not-null property references a null or transient value : tn.com.st2i.project.administration.model.AdmUser.pwd
17-04-2026 00:50:32.0787|ERROR|Error AdmUserService in method saveOrUpdate :: org.springframework.dao.DataIntegrityViolationException: not-null property references a null or transient value : tn.com.st2i.project.administration.model.AdmUser.pwd; nested exception is org.hibernate.PropertyValueException: not-null property references a null or transient value : tn.com.st2i.project.administration.model.AdmUser.pwd
17-04-2026 03:17:18.0952|ERROR|Error AdmUserService in method saveOrUpdate :: org.springframework.dao.DataIntegrityViolationException: not-null property references a null or transient value : tn.com.st2i.project.administration.model.AdmUser.pwd; nested exception is org.hibernate.PropertyValueException: not-null property references a null or transient value : tn.com.st2i.project.administration.model.AdmUser.pwd
17-04-2026 03:25:35.0312|ERROR|Error AdmUserService in method saveOrUpdate :: org.springframework.dao.DataIntegrityViolationException: not-null property references a null or transient value : tn.com.st2i.project.administration.model.AdmUser.pwd; nested exception is org.hibernate.PropertyValueException: not-null property references a null or transient value : tn.com.st2i.project.administration.model.AdmUser.pwd
17-04-2026 04:11:03.0572|ERROR|Error CommonDao in method executionHibernate of class tn.com.st2i.project.administration.model.AdmProfil  unique result  :: javax.persistence.NoResultException: No entity found for query
17-04-2026 04:11:22.0812|ERROR|Error CommonDao in method executionHibernate of class tn.com.st2i.project.administration.model.AdmProfil  unique result  :: javax.persistence.NoResultException: No entity found for query
17-04-2026 04:11:36.0874|ERROR|Error CommonDao in method executionHibernate of class tn.com.st2i.project.administration.model.AdmProfil  unique result  :: javax.persistence.NoResultException: No entity found for query
17-04-2026 04:12:27.0513|ERROR|Error CommonDao in method executionHibernate of class tn.com.st2i.project.administration.model.AdmProfil  unique result  :: javax.persistence.NoResultException: No entity found for query
17-04-2026 04:13:03.0005|ERROR|Error CommonDao in method executionHibernate of class tn.com.st2i.project.administration.model.AdmProfil  unique result  :: javax.persistence.NoResultException: No entity found for query
17-04-2026 04:13:41.0042|ERROR|Error CommonDao in method executionHibernate of class tn.com.st2i.project.administration.model.AdmProfil  unique result  :: javax.persistence.NoResultException: No entity found for query
17-04-2026 04:13:46.0507|ERROR|Error CommonDao in method executionHibernate of class tn.com.st2i.project.administration.model.AdmProfil  unique result  :: javax.persistence.NoResultException: No entity found for query
17-04-2026 04:13:46.0537|ERROR|Error CommonDao in method executionHibernate of class tn.com.st2i.project.administration.model.AdmProfil  unique result  :: javax.persistence.NoResultException: No entity found for query
17-04-2026 04:13:46.0575|ERROR|Error CommonDao in method executionHibernate of class tn.com.st2i.project.administration.model.AdmProfil  unique result  :: javax.persistence.NoResultException: No entity found for query
17-04-2026 04:14:12.0294|ERROR|Error CommonDao in method executionHibernate of class tn.com.st2i.project.administration.model.AdmProfil  unique result  :: javax.persistence.NoResultException: No entity found for query
17-04-2026 04:14:12.0335|ERROR|Error CommonDao in method executionHibernate of class tn.com.st2i.project.administration.model.AdmProfil  unique result  :: javax.persistence.NoResultException: No entity found for query
17-04-2026 04:14:12.0382|ERROR|Error CommonDao in method executionHibernate of class tn.com.st2i.project.administration.model.AdmProfil  unique result  :: javax.persistence.NoResultException: No entity found for query
17-04-2026 04:14:14.0875|ERROR|Error CommonDao in method executionHibernate of class tn.com.st2i.project.administration.model.AdmProfil  unique result  :: javax.persistence.NoResultException: No entity found for query
17-04-2026 04:14:38.0996|ERROR|Error CommonDao in method executionHibernate of class tn.com.st2i.project.administration.model.AdmProfil  unique result  :: javax.persistence.NoResultException: No entity found for query
17-04-2026 04:14:39.0062|ERROR|Error CommonDao in method executionHibernate of class tn.com.st2i.project.administration.model.AdmProfil  unique result  :: javax.persistence.NoResultException: No entity found for query
17-04-2026 04:14:40.0627|ERROR|Error CommonDao in method executionHibernate of class tn.com.st2i.project.administration.model.AdmProfil  unique result  :: javax.persistence.NoResultException: No entity found for query
17-04-2026 04:16:20.0642|ERROR|Error CommonDao in method executionHibernate of class tn.com.st2i.project.administration.model.AdmProfil  unique result  :: javax.persistence.NoResultException: No entity found for query
17-04-2026 04:16:20.0706|ERROR|Error CommonDao in method executionHibernate of class tn.com.st2i.project.administration.model.AdmProfil  unique result  :: javax.persistence.NoResultException: No entity found for query
17-04-2026 04:16:20.0764|ERROR|Error CommonDao in method executionHibernate of class tn.com.st2i.project.administration.model.AdmProfil  unique result  :: javax.persistence.NoResultException: No entity found for query
17-04-2026 04:16:28.0855|ERROR|Error CommonDao in method executionHibernate of class tn.com.st2i.project.administration.model.AdmProfil  unique result  :: javax.persistence.NoResultException: No entity found for query
17-04-2026 04:16:28.0891|ERROR|Error CommonDao in method executionHibernate of class tn.com.st2i.project.administration.model.AdmProfil  unique result  :: javax.persistence.NoResultException: No entity found for query
17-04-2026 04:16:28.0940|ERROR|Error CommonDao in method executionHibernate of class tn.com.st2i.project.administration.model.AdmProfil  unique result  :: javax.persistence.NoResultException: No entity found for query
17-04-2026 04:20:55.0433|ERROR|Error CommonDao in method executionHibernate of class tn.com.st2i.project.administration.model.AdmProfil  unique result  :: javax.persistence.NoResultException: No entity found for query
17-04-2026 22:47:15.0494|ERROR|Error AdmUserService in method saveOrUpdate :: org.springframework.dao.DataIntegrityViolationException: not-null property references a null or transient value : tn.com.st2i.project.administration.model.AdmUser.pwd; nested exception is org.hibernate.PropertyValueException: not-null property references a null or transient value : tn.com.st2i.project.administration.model.AdmUser.pwd
17-04-2026 23:59:08.0222|ERROR|DiscoveryClient_ETABLISSEMENT-SERVICE/RANIA:etablissement-service:8063 - de-registration failedCannot execute request on any known server
com.netflix.discovery.shared.transport.TransportException: Cannot execute request on any known server
	at com.netflix.discovery.shared.transport.decorator.RetryableEurekaHttpClient.execute(RetryableEurekaHttpClient.java:112)
	at com.netflix.discovery.shared.transport.decorator.EurekaHttpClientDecorator.cancel(EurekaHttpClientDecorator.java:71)
	at com.netflix.discovery.shared.transport.decorator.EurekaHttpClientDecorator$2.execute(EurekaHttpClientDecorator.java:74)
	at com.netflix.discovery.shared.transport.decorator.SessionedEurekaHttpClient.execute(SessionedEurekaHttpClient.java:77)
	at com.netflix.discovery.shared.transport.decorator.EurekaHttpClientDecorator.cancel(EurekaHttpClientDecorator.java:71)
	at com.netflix.discovery.DiscoveryClient.unregister(DiscoveryClient.java:972)
	at com.netflix.discovery.DiscoveryClient.shutdown(DiscoveryClient.java:948)
	at java.base/jdk.internal.reflect.DirectMethodHandleAccessor.invoke(DirectMethodHandleAccessor.java:103)
	at java.base/java.lang.reflect.Method.invoke(Method.java:580)
	at org.springframework.beans.factory.annotation.InitDestroyAnnotationBeanPostProcessor$LifecycleElement.invoke(InitDestroyAnnotationBeanPostProcessor.java:389)
	at org.springframework.beans.factory.annotation.InitDestroyAnnotationBeanPostProcessor$LifecycleMetadata.invokeDestroyMethods(InitDestroyAnnotationBeanPostProcessor.java:347)
	at org.springframework.beans.factory.annotation.InitDestroyAnnotationBeanPostProcessor.postProcessBeforeDestruction(InitDestroyAnnotationBeanPostProcessor.java:177)
	at org.springframework.beans.factory.support.DisposableBeanAdapter.destroy(DisposableBeanAdapter.java:197)
	at org.springframework.beans.factory.support.DisposableBeanAdapter.run(DisposableBeanAdapter.java:190)
	at org.springframework.cloud.context.scope.GenericScope$BeanLifecycleWrapper.destroy(GenericScope.java:390)
	at org.springframework.cloud.context.scope.GenericScope.destroy(GenericScope.java:136)
	at org.springframework.beans.factory.support.DisposableBeanAdapter.destroy(DisposableBeanAdapter.java:213)
	at org.springframework.beans.factory.support.DefaultSingletonBeanRegistry.destroyBean(DefaultSingletonBeanRegistry.java:587)
	at org.springframework.beans.factory.support.DefaultSingletonBeanRegistry.destroySingleton(DefaultSingletonBeanRegistry.java:559)
	at org.springframework.beans.factory.support.DefaultListableBeanFactory.destroySingleton(DefaultListableBeanFactory.java:1163)
	at org.springframework.beans.factory.support.DefaultSingletonBeanRegistry.destroySingletons(DefaultSingletonBeanRegistry.java:520)
	at org.springframework.beans.factory.support.DefaultListableBeanFactory.destroySingletons(DefaultListableBeanFactory.java:1156)
	at org.springframework.context.support.AbstractApplicationContext.destroyBeans(AbstractApplicationContext.java:1106)
	at org.springframework.context.support.AbstractApplicationContext.doClose(AbstractApplicationContext.java:1075)
	at org.springframework.boot.web.servlet.context.ServletWebServerApplicationContext.doClose(ServletWebServerApplicationContext.java:174)
	at org.springframework.context.support.AbstractApplicationContext.close(AbstractApplicationContext.java:1021)
	at org.springframework.boot.SpringApplicationShutdownHook.closeAndWait(SpringApplicationShutdownHook.java:145)
	at java.base/java.lang.Iterable.forEach(Iterable.java:75)
	at org.springframework.boot.SpringApplicationShutdownHook.run(SpringApplicationShutdownHook.java:114)
	at java.base/java.lang.Thread.run(Thread.java:1583)
17-04-2026 23:59:08.0343|ERROR|DiscoveryClient_ADMINISTRATION-SERVICE/RANIA:administration-service:8060 - de-registration failedCannot execute request on any known server
com.netflix.discovery.shared.transport.TransportException: Cannot execute request on any known server
	at com.netflix.discovery.shared.transport.decorator.RetryableEurekaHttpClient.execute(RetryableEurekaHttpClient.java:112)
	at com.netflix.discovery.shared.transport.decorator.EurekaHttpClientDecorator.cancel(EurekaHttpClientDecorator.java:71)
	at com.netflix.discovery.shared.transport.decorator.EurekaHttpClientDecorator$2.execute(EurekaHttpClientDecorator.java:74)
	at com.netflix.discovery.shared.transport.decorator.SessionedEurekaHttpClient.execute(SessionedEurekaHttpClient.java:77)
	at com.netflix.discovery.shared.transport.decorator.EurekaHttpClientDecorator.cancel(EurekaHttpClientDecorator.java:71)
	at com.netflix.discovery.DiscoveryClient.unregister(DiscoveryClient.java:972)
	at com.netflix.discovery.DiscoveryClient.shutdown(DiscoveryClient.java:948)
	at java.base/jdk.internal.reflect.DirectMethodHandleAccessor.invoke(DirectMethodHandleAccessor.java:103)
	at java.base/java.lang.reflect.Method.invoke(Method.java:580)
	at org.springframework.beans.factory.annotation.InitDestroyAnnotationBeanPostProcessor$LifecycleElement.invoke(InitDestroyAnnotationBeanPostProcessor.java:389)
	at org.springframework.beans.factory.annotation.InitDestroyAnnotationBeanPostProcessor$LifecycleMetadata.invokeDestroyMethods(InitDestroyAnnotationBeanPostProcessor.java:347)
	at org.springframework.beans.factory.annotation.InitDestroyAnnotationBeanPostProcessor.postProcessBeforeDestruction(InitDestroyAnnotationBeanPostProcessor.java:177)
	at org.springframework.beans.factory.support.DisposableBeanAdapter.destroy(DisposableBeanAdapter.java:197)
	at org.springframework.beans.factory.support.DisposableBeanAdapter.run(DisposableBeanAdapter.java:190)
	at org.springframework.cloud.context.scope.GenericScope$BeanLifecycleWrapper.destroy(GenericScope.java:390)
	at org.springframework.cloud.context.scope.GenericScope.destroy(GenericScope.java:136)
	at org.springframework.beans.factory.support.DisposableBeanAdapter.destroy(DisposableBeanAdapter.java:213)
	at org.springframework.beans.factory.support.DefaultSingletonBeanRegistry.destroyBean(DefaultSingletonBeanRegistry.java:587)
	at org.springframework.beans.factory.support.DefaultSingletonBeanRegistry.destroySingleton(DefaultSingletonBeanRegistry.java:559)
	at org.springframework.beans.factory.support.DefaultListableBeanFactory.destroySingleton(DefaultListableBeanFactory.java:1163)
	at org.springframework.beans.factory.support.DefaultSingletonBeanRegistry.destroySingletons(DefaultSingletonBeanRegistry.java:520)
	at org.springframework.beans.factory.support.DefaultListableBeanFactory.destroySingletons(DefaultListableBeanFactory.java:1156)
	at org.springframework.context.support.AbstractApplicationContext.destroyBeans(AbstractApplicationContext.java:1106)
	at org.springframework.context.support.AbstractApplicationContext.doClose(AbstractApplicationContext.java:1075)
	at org.springframework.boot.web.servlet.context.ServletWebServerApplicationContext.doClose(ServletWebServerApplicationContext.java:174)
	at org.springframework.context.support.AbstractApplicationContext.close(AbstractApplicationContext.java:1021)
	at org.springframework.boot.SpringApplicationShutdownHook.closeAndWait(SpringApplicationShutdownHook.java:145)
	at java.base/java.lang.Iterable.forEach(Iterable.java:75)
	at org.springframework.boot.SpringApplicationShutdownHook.run(SpringApplicationShutdownHook.java:114)
	at java.base/java.lang.Thread.run(Thread.java:1583)
