20-04-2026 18:00:44.0236|INFO |The Class-Path manifest attribute in C:\Users\rania\.m2\repository\org\glassfish\ha\ha-api\3.1.9\ha-api-3.1.9.jar referenced one or more files that do not exist: file:/C:/Users/rania/.m2/repository/org/glassfish/ha/ha-api/3.1.9/hk2-core.jar,file:/C:/Users/rania/.m2/repository/org/glassfish/ha/ha-api/3.1.9/class-model.jar,file:/C:/Users/rania/.m2/repository/org/glassfish/ha/ha-api/3.1.9/config.jar,file:/C:/Users/rania/.m2/repository/org/glassfish/ha/ha-api/3.1.9/auto-depends.jar,file:/C:/Users/rania/.m2/repository/org/glassfish/ha/ha-api/3.1.9/javax.inject.jar,file:/C:/Users/rania/.m2/repository/org/glassfish/ha/ha-api/3.1.9/asm-all-repackaged.jar,file:/C:/Users/rania/.m2/repository/org/glassfish/ha/ha-api/3.1.9/hk2-api.jar,file:/C:/Users/rania/.m2/repository/org/glassfish/ha/ha-api/3.1.9/osgi-resource-locator.jar,file:/C:/Users/rania/.m2/repository/org/glassfish/ha/ha-api/3.1.9/tiger-types.jar,file:/C:/Users/rania/.m2/repository/org/glassfish/ha/ha-api/3.1.9/bean-validator.jar,file:/C:/Users/rania/.m2/repository/org/glassfish/ha/ha-api/3.1.9/jtype.jar
20-04-2026 18:00:44.0240|INFO |Devtools property defaults active! Set 'spring.devtools.add-properties' to 'false' to disable
20-04-2026 18:00:44.0240|INFO |For additional web related logging consider setting the 'logging.level.web' property to 'DEBUG'
20-04-2026 18:00:47.0005|INFO |Bootstrapping Spring Data JPA repositories in DEFAULT mode.
20-04-2026 18:00:47.0498|INFO |Finished Spring Data repository scanning in 475 ms. Found 14 JPA repository interfaces.
20-04-2026 18:00:48.0209|INFO |BeanFactory id=a639bb80-ea1a-3ad9-a3f4-e7868f41c1e4
20-04-2026 18:00:49.0570|INFO |Tomcat initialized with port(s): 8060 (http)
20-04-2026 18:00:49.0586|INFO |Starting service [Tomcat]
20-04-2026 18:00:49.0587|INFO |Starting Servlet engine: [Apache Tomcat/9.0.65]
20-04-2026 18:00:50.0236|INFO |At least one JAR was scanned for TLDs yet contained no TLDs. Enable debug logging for this logger for a complete list of JARs that were scanned but no TLDs were found in them. Skipping unneeded JARs during scanning can improve startup time and JSP compilation time.
20-04-2026 18:00:50.0246|INFO |Initializing Spring embedded WebApplicationContext
20-04-2026 18:00:50.0246|INFO |Root WebApplicationContext: initialization completed in 6005 ms
20-04-2026 18:00:50.0834|INFO |HHH000204: Processing PersistenceUnitInfo [name: default]
20-04-2026 18:00:50.0979|INFO |HHH000412: Hibernate ORM core version 5.6.11.Final
20-04-2026 18:00:51.0585|INFO |HCANN000001: Hibernate Commons Annotations {5.1.2.Final}
20-04-2026 18:00:51.0986|INFO |HHH000400: Using dialect: org.hibernate.dialect.PostgreSQLDialect
20-04-2026 18:00:54.0240|INFO |HikariPool-1 - Starting...
20-04-2026 18:00:54.0570|INFO |HikariPool-1 - Start completed.
20-04-2026 18:00:54.0748|INFO |HHH000490: Using JtaPlatform implementation: [org.hibernate.engine.transaction.jta.platform.internal.NoJtaPlatform]
20-04-2026 18:00:54.0776|INFO |Initialized JPA EntityManagerFactory for persistence unit 'default'
20-04-2026 18:00:54.0879|INFO |The Class-Path manifest attribute in C:\Users\rania\.m2\repository\org\glassfish\ha\ha-api\3.1.9\ha-api-3.1.9.jar referenced one or more files that do not exist: file:/C:/Users/rania/.m2/repository/org/glassfish/ha/ha-api/3.1.9/hk2-core.jar,file:/C:/Users/rania/.m2/repository/org/glassfish/ha/ha-api/3.1.9/class-model.jar,file:/C:/Users/rania/.m2/repository/org/glassfish/ha/ha-api/3.1.9/config.jar,file:/C:/Users/rania/.m2/repository/org/glassfish/ha/ha-api/3.1.9/auto-depends.jar,file:/C:/Users/rania/.m2/repository/org/glassfish/ha/ha-api/3.1.9/javax.inject.jar,file:/C:/Users/rania/.m2/repository/org/glassfish/ha/ha-api/3.1.9/asm-all-repackaged.jar,file:/C:/Users/rania/.m2/repository/org/glassfish/ha/ha-api/3.1.9/hk2-api.jar,file:/C:/Users/rania/.m2/repository/org/glassfish/ha/ha-api/3.1.9/osgi-resource-locator.jar,file:/C:/Users/rania/.m2/repository/org/glassfish/ha/ha-api/3.1.9/tiger-types.jar,file:/C:/Users/rania/.m2/repository/org/glassfish/ha/ha-api/3.1.9/bean-validator.jar,file:/C:/Users/rania/.m2/repository/org/glassfish/ha/ha-api/3.1.9/jtype.jar
20-04-2026 18:00:54.0885|INFO |Devtools property defaults active! Set 'spring.devtools.add-properties' to 'false' to disable
20-04-2026 18:00:54.0885|INFO |For additional web related logging consider setting the 'logging.level.web' property to 'DEBUG'
20-04-2026 18:00:58.0558|INFO |Bootstrapping Spring Data JPA repositories in DEFAULT mode.
20-04-2026 18:00:59.0877|INFO |Finished Spring Data repository scanning in 1238 ms. Found 12 JPA repository interfaces.
20-04-2026 18:01:00.0631|INFO |BeanFactory id=74b387d1-e6b4-3ec6-93fb-093986ce2e9d
20-04-2026 18:01:00.0979|INFO |Eureka HTTP Client uses RestTemplate.
20-04-2026 18:01:01.0147|INFO |Exposing 1 endpoint(s) beneath base path '/actuator'
20-04-2026 18:01:01.0224|INFO |Setting initial instance status as: STARTING
20-04-2026 18:01:01.0313|INFO |Initializing Eureka in region us-east-1
20-04-2026 18:01:01.0328|INFO |Resolving eureka endpoints via configuration
20-04-2026 18:01:01.0375|INFO |Disable delta property : false
20-04-2026 18:01:01.0375|INFO |Single vip registry refresh property : null
20-04-2026 18:01:01.0375|INFO |Force full registry fetch : false
20-04-2026 18:01:01.0375|INFO |Application is null : false
20-04-2026 18:01:01.0375|INFO |Registered Applications size is zero : true
20-04-2026 18:01:01.0375|INFO |Application version is -1: true
20-04-2026 18:01:01.0375|INFO |Getting all instance registry info from the eureka server
20-04-2026 18:01:01.0826|INFO |Tomcat initialized with port(s): 8063 (http)
20-04-2026 18:01:01.0846|INFO |Starting service [Tomcat]
20-04-2026 18:01:01.0846|INFO |Starting Servlet engine: [Apache Tomcat/9.0.65]
20-04-2026 18:01:02.0092|INFO |The response status is 200
20-04-2026 18:01:02.0094|INFO |Starting heartbeat executor: renew interval is: 30
20-04-2026 18:01:02.0103|INFO |InstanceInfoReplicator onDemand update allowed rate per min is 4
20-04-2026 18:01:02.0114|INFO |Discovery Client initialized at timestamp 1776704462112 with initial instances count: 0
20-04-2026 18:01:02.0118|INFO |Registering application ADMINISTRATION-SERVICE with eureka with status UP
20-04-2026 18:01:02.0118|INFO |Saw local status change event StatusChangeEvent [timestamp=1776704462118, current=UP, previous=STARTING]
20-04-2026 18:01:02.0122|INFO |DiscoveryClient_ADMINISTRATION-SERVICE/RANIA:administration-service:8060: registering service...
20-04-2026 18:01:02.0190|INFO |Tomcat started on port(s): 8060 (http) with context path ''
20-04-2026 18:01:02.0192|INFO |Updating port to 8060
20-04-2026 18:01:02.0235|INFO |Starting Completed ...
20-04-2026 18:01:02.0281|INFO |DiscoveryClient_ADMINISTRATION-SERVICE/RANIA:administration-service:8060 - registration status: 204
20-04-2026 18:01:02.0442|INFO |At least one JAR was scanned for TLDs yet contained no TLDs. Enable debug logging for this logger for a complete list of JARs that were scanned but no TLDs were found in them. Skipping unneeded JARs during scanning can improve startup time and JSP compilation time.
20-04-2026 18:01:02.0442|INFO |Initializing Spring embedded WebApplicationContext
20-04-2026 18:01:02.0442|INFO |Root WebApplicationContext: initialization completed in 7556 ms
20-04-2026 18:01:02.0825|INFO |HHH000204: Processing PersistenceUnitInfo [name: default]
20-04-2026 18:01:02.0916|INFO |HHH000412: Hibernate ORM core version 5.6.11.Final
20-04-2026 18:01:03.0202|INFO |HCANN000001: Hibernate Commons Annotations {5.1.2.Final}
20-04-2026 18:01:03.0361|INFO |HHH000400: Using dialect: org.hibernate.dialect.PostgreSQLDialect
20-04-2026 18:01:04.0504|INFO |HikariPool-1 - Starting...
20-04-2026 18:01:04.0793|INFO |HikariPool-1 - Start completed.
20-04-2026 18:01:05.0134|INFO |HHH000490: Using JtaPlatform implementation: [org.hibernate.engine.transaction.jta.platform.internal.NoJtaPlatform]
20-04-2026 18:01:05.0158|INFO |Initialized JPA EntityManagerFactory for persistence unit 'default'
20-04-2026 18:01:07.0376|INFO |Eureka HTTP Client uses RestTemplate.
20-04-2026 18:01:07.0475|INFO |Exposing 1 endpoint(s) beneath base path '/actuator'
20-04-2026 18:01:07.0526|INFO |Setting initial instance status as: STARTING
20-04-2026 18:01:07.0576|INFO |Initializing Eureka in region us-east-1
20-04-2026 18:01:07.0582|INFO |Resolving eureka endpoints via configuration
20-04-2026 18:01:07.0622|INFO |Disable delta property : false
20-04-2026 18:01:07.0622|INFO |Single vip registry refresh property : null
20-04-2026 18:01:07.0622|INFO |Force full registry fetch : false
20-04-2026 18:01:07.0622|INFO |Application is null : false
20-04-2026 18:01:07.0622|INFO |Registered Applications size is zero : true
20-04-2026 18:01:07.0622|INFO |Application version is -1: true
20-04-2026 18:01:07.0622|INFO |Getting all instance registry info from the eureka server
20-04-2026 18:01:08.0066|INFO |The response status is 200
20-04-2026 18:01:08.0069|INFO |Starting heartbeat executor: renew interval is: 30
20-04-2026 18:01:08.0069|INFO |InstanceInfoReplicator onDemand update allowed rate per min is 4
20-04-2026 18:01:08.0079|INFO |Discovery Client initialized at timestamp 1776704468079 with initial instances count: 0
20-04-2026 18:01:08.0081|INFO |Registering application ETABLISSEMENT-SERVICE with eureka with status UP
20-04-2026 18:01:08.0081|INFO |Saw local status change event StatusChangeEvent [timestamp=1776704468081, current=UP, previous=STARTING]
20-04-2026 18:01:08.0081|INFO |DiscoveryClient_ETABLISSEMENT-SERVICE/RANIA:etablissement-service:8063: registering service...
20-04-2026 18:01:08.0130|INFO |Tomcat started on port(s): 8063 (http) with context path ''
20-04-2026 18:01:08.0130|INFO |Updating port to 8063
20-04-2026 18:01:08.0185|INFO |DiscoveryClient_ETABLISSEMENT-SERVICE/RANIA:etablissement-service:8063 - registration status: 204
20-04-2026 18:01:08.0227|INFO |Starting Completed ...
20-04-2026 18:01:32.0103|INFO |Disable delta property : false
20-04-2026 18:01:32.0103|INFO |Single vip registry refresh property : null
20-04-2026 18:01:32.0103|INFO |Force full registry fetch : false
20-04-2026 18:01:32.0106|INFO |Application is null : false
20-04-2026 18:01:32.0106|INFO |Registered Applications size is zero : true
20-04-2026 18:01:32.0106|INFO |Application version is -1: false
20-04-2026 18:01:32.0106|INFO |Getting all instance registry info from the eureka server
20-04-2026 18:01:32.0123|INFO |The response status is 200
20-04-2026 18:01:38.0079|INFO |Disable delta property : false
20-04-2026 18:01:38.0079|INFO |Single vip registry refresh property : null
20-04-2026 18:01:38.0079|INFO |Force full registry fetch : false
20-04-2026 18:01:38.0079|INFO |Application is null : false
20-04-2026 18:01:38.0079|INFO |Registered Applications size is zero : true
20-04-2026 18:01:38.0079|INFO |Application version is -1: false
20-04-2026 18:01:38.0079|INFO |Getting all instance registry info from the eureka server
20-04-2026 18:01:38.0105|INFO |The response status is 200
20-04-2026 18:02:52.0239|INFO |Initializing Spring DispatcherServlet 'dispatcherServlet'
20-04-2026 18:02:52.0241|INFO |Initializing Servlet 'dispatcherServlet'
20-04-2026 18:02:52.0261|INFO |Completed initialization in 20 ms
20-04-2026 18:05:13.0785|INFO |Initializing Spring DispatcherServlet 'dispatcherServlet'
20-04-2026 18:05:13.0787|INFO |Initializing Servlet 'dispatcherServlet'
20-04-2026 18:05:13.0791|INFO |Completed initialization in 4 ms
20-04-2026 18:06:01.0394|INFO |Resolving eureka endpoints via configuration
20-04-2026 18:06:07.0629|INFO |Resolving eureka endpoints via configuration
20-04-2026 18:11:01.0397|INFO |Resolving eureka endpoints via configuration
20-04-2026 18:11:07.0636|INFO |Resolving eureka endpoints via configuration
20-04-2026 18:16:01.0407|INFO |Resolving eureka endpoints via configuration
20-04-2026 18:16:07.0646|INFO |Resolving eureka endpoints via configuration
20-04-2026 18:21:01.0415|INFO |Resolving eureka endpoints via configuration
20-04-2026 18:21:07.0655|INFO |Resolving eureka endpoints via configuration
20-04-2026 18:26:01.0429|INFO |Resolving eureka endpoints via configuration
20-04-2026 18:26:07.0657|INFO |Resolving eureka endpoints via configuration
20-04-2026 18:31:01.0439|INFO |Resolving eureka endpoints via configuration
20-04-2026 18:31:07.0660|INFO |Resolving eureka endpoints via configuration
20-04-2026 18:36:01.0444|INFO |Resolving eureka endpoints via configuration
20-04-2026 18:36:07.0671|INFO |Resolving eureka endpoints via configuration
20-04-2026 18:41:01.0448|INFO |Resolving eureka endpoints via configuration
20-04-2026 18:41:07.0683|INFO |Resolving eureka endpoints via configuration
20-04-2026 18:46:01.0458|INFO |Resolving eureka endpoints via configuration
20-04-2026 18:46:07.0688|INFO |Resolving eureka endpoints via configuration
20-04-2026 18:51:01.0466|INFO |Resolving eureka endpoints via configuration
20-04-2026 18:51:07.0692|INFO |Resolving eureka endpoints via configuration
20-04-2026 18:56:01.0468|INFO |Resolving eureka endpoints via configuration
20-04-2026 18:56:07.0701|INFO |Resolving eureka endpoints via configuration
20-04-2026 19:01:01.0475|INFO |Resolving eureka endpoints via configuration
20-04-2026 19:01:07.0703|INFO |Resolving eureka endpoints via configuration
20-04-2026 19:06:01.0486|INFO |Resolving eureka endpoints via configuration
20-04-2026 19:06:07.0706|INFO |Resolving eureka endpoints via configuration
20-04-2026 19:11:01.0495|INFO |Resolving eureka endpoints via configuration
20-04-2026 19:11:07.0714|INFO |Resolving eureka endpoints via configuration
20-04-2026 19:16:01.0507|INFO |Resolving eureka endpoints via configuration
20-04-2026 19:16:07.0728|INFO |Resolving eureka endpoints via configuration
20-04-2026 19:21:01.0518|INFO |Resolving eureka endpoints via configuration
20-04-2026 19:21:07.0733|INFO |Resolving eureka endpoints via configuration
20-04-2026 19:26:01.0541|INFO |Resolving eureka endpoints via configuration
20-04-2026 19:26:07.0735|INFO |Resolving eureka endpoints via configuration
20-04-2026 19:31:01.0554|INFO |Resolving eureka endpoints via configuration
20-04-2026 19:31:07.0746|INFO |Resolving eureka endpoints via configuration
20-04-2026 19:36:01.0571|INFO |Resolving eureka endpoints via configuration
20-04-2026 19:36:07.0748|INFO |Resolving eureka endpoints via configuration
20-04-2026 19:41:01.0589|INFO |Resolving eureka endpoints via configuration
20-04-2026 19:41:07.0762|INFO |Resolving eureka endpoints via configuration
20-04-2026 19:46:01.0594|INFO |Resolving eureka endpoints via configuration
20-04-2026 19:46:07.0772|INFO |Resolving eureka endpoints via configuration
20-04-2026 19:51:01.0602|INFO |Resolving eureka endpoints via configuration
20-04-2026 19:51:07.0788|INFO |Resolving eureka endpoints via configuration
20-04-2026 19:56:01.0614|INFO |Resolving eureka endpoints via configuration
20-04-2026 19:56:07.0801|INFO |Resolving eureka endpoints via configuration
20-04-2026 20:01:01.0621|INFO |Resolving eureka endpoints via configuration
20-04-2026 20:01:07.0808|INFO |Resolving eureka endpoints via configuration
20-04-2026 20:06:01.0622|INFO |Resolving eureka endpoints via configuration
20-04-2026 20:06:07.0823|INFO |Resolving eureka endpoints via configuration
20-04-2026 20:07:31.0400|INFO |Init duration for springdoc-openapi is: 1380 ms
20-04-2026 20:07:35.0605|INFO |Init duration for springdoc-openapi is: 1833 ms
20-04-2026 20:11:01.0638|INFO |Resolving eureka endpoints via configuration
20-04-2026 20:11:07.0823|INFO |Resolving eureka endpoints via configuration
20-04-2026 20:16:01.0643|INFO |Resolving eureka endpoints via configuration
20-04-2026 20:16:07.0836|INFO |Resolving eureka endpoints via configuration
20-04-2026 20:21:01.0655|INFO |Resolving eureka endpoints via configuration
20-04-2026 20:21:07.0848|INFO |Resolving eureka endpoints via configuration
20-04-2026 20:28:10.0082|INFO |Resolving eureka endpoints via configuration
20-04-2026 20:28:16.0276|INFO |Resolving eureka endpoints via configuration
20-04-2026 20:33:10.0091|INFO |Resolving eureka endpoints via configuration
20-04-2026 20:33:16.0290|INFO |Resolving eureka endpoints via configuration
20-04-2026 20:38:10.0104|INFO |Resolving eureka endpoints via configuration
20-04-2026 20:38:16.0305|INFO |Resolving eureka endpoints via configuration
20-04-2026 20:43:10.0118|INFO |Resolving eureka endpoints via configuration
20-04-2026 20:43:16.0317|INFO |Resolving eureka endpoints via configuration
20-04-2026 20:48:10.0120|INFO |Resolving eureka endpoints via configuration
20-04-2026 20:48:16.0334|INFO |Resolving eureka endpoints via configuration
20-04-2026 20:53:10.0128|INFO |Resolving eureka endpoints via configuration
20-04-2026 20:53:16.0338|INFO |Resolving eureka endpoints via configuration
20-04-2026 20:55:44.0873|INFO |Init duration for springdoc-openapi is: 449 ms
20-04-2026 20:56:00.0748|INFO |Init duration for springdoc-openapi is: 1338 ms
20-04-2026 20:58:10.0136|INFO |Resolving eureka endpoints via configuration
20-04-2026 20:58:16.0371|INFO |Resolving eureka endpoints via configuration
20-04-2026 21:03:10.0138|INFO |Resolving eureka endpoints via configuration
20-04-2026 21:03:16.0378|INFO |Resolving eureka endpoints via configuration
20-04-2026 21:08:10.0156|INFO |Resolving eureka endpoints via configuration
20-04-2026 21:08:16.0389|INFO |Resolving eureka endpoints via configuration
20-04-2026 21:13:10.0173|INFO |Resolving eureka endpoints via configuration
20-04-2026 21:13:16.0406|INFO |Resolving eureka endpoints via configuration
20-04-2026 21:18:10.0180|INFO |Resolving eureka endpoints via configuration
20-04-2026 21:18:16.0423|INFO |Resolving eureka endpoints via configuration
20-04-2026 21:23:10.0189|INFO |Resolving eureka endpoints via configuration
20-04-2026 21:23:16.0459|INFO |Resolving eureka endpoints via configuration
20-04-2026 21:28:10.0193|INFO |Resolving eureka endpoints via configuration
20-04-2026 21:28:16.0494|INFO |Resolving eureka endpoints via configuration
20-04-2026 21:33:10.0204|INFO |Resolving eureka endpoints via configuration
20-04-2026 21:33:16.0504|INFO |Resolving eureka endpoints via configuration
20-04-2026 21:38:10.0216|INFO |Resolving eureka endpoints via configuration
20-04-2026 21:38:16.0558|INFO |Resolving eureka endpoints via configuration
20-04-2026 21:40:49.0741|INFO |Unregistering application ETABLISSEMENT-SERVICE with eureka with status DOWN
20-04-2026 21:40:49.0741|INFO |Saw local status change event StatusChangeEvent [timestamp=1776717649741, current=DOWN, previous=UP]
20-04-2026 21:40:49.0742|INFO |DiscoveryClient_ETABLISSEMENT-SERVICE/RANIA:etablissement-service:8063: registering service...
20-04-2026 21:40:49.0806|INFO |Closing JPA EntityManagerFactory for persistence unit 'default'
20-04-2026 21:40:49.0812|INFO |DiscoveryClient_ETABLISSEMENT-SERVICE/RANIA:etablissement-service:8063 - registration status: 204
20-04-2026 21:40:49.0818|INFO |HikariPool-1 - Shutdown initiated...
20-04-2026 21:40:49.0829|INFO |HikariPool-1 - Shutdown completed.
20-04-2026 21:40:49.0832|INFO |Shutting down DiscoveryClient ...
20-04-2026 21:40:52.0856|INFO |Unregistering ...
20-04-2026 21:40:53.0012|INFO |DiscoveryClient_ETABLISSEMENT-SERVICE/RANIA:etablissement-service:8063 - deregister  status: 200
20-04-2026 21:40:53.0018|INFO |Completed shut down of DiscoveryClient
20-04-2026 21:41:09.0941|INFO |The Class-Path manifest attribute in C:\Users\rania\.m2\repository\org\glassfish\ha\ha-api\3.1.9\ha-api-3.1.9.jar referenced one or more files that do not exist: file:/C:/Users/rania/.m2/repository/org/glassfish/ha/ha-api/3.1.9/hk2-core.jar,file:/C:/Users/rania/.m2/repository/org/glassfish/ha/ha-api/3.1.9/class-model.jar,file:/C:/Users/rania/.m2/repository/org/glassfish/ha/ha-api/3.1.9/config.jar,file:/C:/Users/rania/.m2/repository/org/glassfish/ha/ha-api/3.1.9/auto-depends.jar,file:/C:/Users/rania/.m2/repository/org/glassfish/ha/ha-api/3.1.9/javax.inject.jar,file:/C:/Users/rania/.m2/repository/org/glassfish/ha/ha-api/3.1.9/asm-all-repackaged.jar,file:/C:/Users/rania/.m2/repository/org/glassfish/ha/ha-api/3.1.9/hk2-api.jar,file:/C:/Users/rania/.m2/repository/org/glassfish/ha/ha-api/3.1.9/osgi-resource-locator.jar,file:/C:/Users/rania/.m2/repository/org/glassfish/ha/ha-api/3.1.9/tiger-types.jar,file:/C:/Users/rania/.m2/repository/org/glassfish/ha/ha-api/3.1.9/bean-validator.jar,file:/C:/Users/rania/.m2/repository/org/glassfish/ha/ha-api/3.1.9/jtype.jar
20-04-2026 21:41:09.0955|INFO |Devtools property defaults active! Set 'spring.devtools.add-properties' to 'false' to disable
20-04-2026 21:41:09.0955|INFO |For additional web related logging consider setting the 'logging.level.web' property to 'DEBUG'
20-04-2026 21:41:12.0326|INFO |Bootstrapping Spring Data JPA repositories in DEFAULT mode.
20-04-2026 21:41:12.0608|INFO |Finished Spring Data repository scanning in 271 ms. Found 12 JPA repository interfaces.
20-04-2026 21:41:13.0032|INFO |BeanFactory id=74b387d1-e6b4-3ec6-93fb-093986ce2e9d
20-04-2026 21:41:13.0924|INFO |Tomcat initialized with port(s): 8063 (http)
20-04-2026 21:41:13.0940|INFO |Starting service [Tomcat]
20-04-2026 21:41:13.0940|INFO |Starting Servlet engine: [Apache Tomcat/9.0.65]
20-04-2026 21:41:14.0326|INFO |At least one JAR was scanned for TLDs yet contained no TLDs. Enable debug logging for this logger for a complete list of JARs that were scanned but no TLDs were found in them. Skipping unneeded JARs during scanning can improve startup time and JSP compilation time.
20-04-2026 21:41:14.0333|INFO |Initializing Spring embedded WebApplicationContext
20-04-2026 21:41:14.0334|INFO |Root WebApplicationContext: initialization completed in 4377 ms
20-04-2026 21:41:14.0678|INFO |HHH000204: Processing PersistenceUnitInfo [name: default]
20-04-2026 21:41:14.0777|INFO |HHH000412: Hibernate ORM core version 5.6.11.Final
20-04-2026 21:41:15.0049|INFO |HCANN000001: Hibernate Commons Annotations {5.1.2.Final}
20-04-2026 21:41:15.0233|INFO |HHH000400: Using dialect: org.hibernate.dialect.PostgreSQLDialect
20-04-2026 21:41:16.0444|INFO |HikariPool-1 - Starting...
20-04-2026 21:41:16.0639|INFO |HikariPool-1 - Start completed.
20-04-2026 21:41:16.0937|INFO |HHH000490: Using JtaPlatform implementation: [org.hibernate.engine.transaction.jta.platform.internal.NoJtaPlatform]
20-04-2026 21:41:16.0952|INFO |Initialized JPA EntityManagerFactory for persistence unit 'default'
20-04-2026 21:41:19.0167|INFO |Eureka HTTP Client uses RestTemplate.
20-04-2026 21:41:19.0334|INFO |Exposing 1 endpoint(s) beneath base path '/actuator'
20-04-2026 21:41:19.0399|INFO |Setting initial instance status as: STARTING
20-04-2026 21:41:19.0472|INFO |Initializing Eureka in region us-east-1
20-04-2026 21:41:19.0481|INFO |Resolving eureka endpoints via configuration
20-04-2026 21:41:19.0522|INFO |Disable delta property : false
20-04-2026 21:41:19.0522|INFO |Single vip registry refresh property : null
20-04-2026 21:41:19.0522|INFO |Force full registry fetch : false
20-04-2026 21:41:19.0522|INFO |Application is null : false
20-04-2026 21:41:19.0522|INFO |Registered Applications size is zero : true
20-04-2026 21:41:19.0522|INFO |Application version is -1: true
20-04-2026 21:41:19.0522|INFO |Getting all instance registry info from the eureka server
20-04-2026 21:41:20.0022|INFO |The response status is 200
20-04-2026 21:41:20.0027|INFO |Starting heartbeat executor: renew interval is: 30
20-04-2026 21:41:20.0033|INFO |InstanceInfoReplicator onDemand update allowed rate per min is 4
20-04-2026 21:41:20.0039|INFO |Discovery Client initialized at timestamp 1776717680038 with initial instances count: 2
20-04-2026 21:41:20.0041|INFO |Registering application ETABLISSEMENT-SERVICE with eureka with status UP
20-04-2026 21:41:20.0042|INFO |Saw local status change event StatusChangeEvent [timestamp=1776717680042, current=UP, previous=STARTING]
20-04-2026 21:41:20.0045|INFO |DiscoveryClient_ETABLISSEMENT-SERVICE/RANIA:etablissement-service:8063: registering service...
20-04-2026 21:41:20.0105|INFO |Tomcat started on port(s): 8063 (http) with context path ''
20-04-2026 21:41:20.0107|INFO |Updating port to 8063
20-04-2026 21:41:20.0123|INFO |DiscoveryClient_ETABLISSEMENT-SERVICE/RANIA:etablissement-service:8063 - registration status: 204
20-04-2026 21:41:20.0157|INFO |Starting Completed ...
20-04-2026 21:43:10.0225|INFO |Resolving eureka endpoints via configuration
20-04-2026 21:46:19.0538|INFO |Resolving eureka endpoints via configuration
20-04-2026 21:48:10.0230|INFO |Resolving eureka endpoints via configuration
20-04-2026 21:51:19.0546|INFO |Resolving eureka endpoints via configuration
20-04-2026 21:53:10.0490|INFO |Resolving eureka endpoints via configuration
20-04-2026 21:56:19.0552|INFO |Resolving eureka endpoints via configuration
20-04-2026 21:58:10.0501|INFO |Resolving eureka endpoints via configuration
20-04-2026 21:59:40.0539|INFO |Initializing Spring DispatcherServlet 'dispatcherServlet'
20-04-2026 21:59:40.0539|INFO |Initializing Servlet 'dispatcherServlet'
20-04-2026 21:59:40.0555|INFO |Completed initialization in 16 ms
20-04-2026 22:01:19.0571|INFO |Resolving eureka endpoints via configuration
20-04-2026 22:03:10.0518|INFO |Resolving eureka endpoints via configuration
20-04-2026 22:06:19.0580|INFO |Resolving eureka endpoints via configuration
20-04-2026 22:08:10.0529|INFO |Resolving eureka endpoints via configuration
20-04-2026 22:11:19.0587|INFO |Resolving eureka endpoints via configuration
20-04-2026 22:13:10.0537|INFO |Resolving eureka endpoints via configuration
20-04-2026 22:16:19.0602|INFO |Resolving eureka endpoints via configuration
20-04-2026 22:18:10.0544|INFO |Resolving eureka endpoints via configuration
20-04-2026 22:21:19.0615|INFO |Resolving eureka endpoints via configuration
20-04-2026 22:23:10.0557|INFO |Resolving eureka endpoints via configuration
20-04-2026 22:26:19.0631|INFO |Resolving eureka endpoints via configuration
20-04-2026 22:28:10.0571|INFO |Resolving eureka endpoints via configuration
20-04-2026 22:31:19.0645|INFO |Resolving eureka endpoints via configuration
20-04-2026 22:33:10.0573|INFO |Resolving eureka endpoints via configuration
