15-04-2026 09:51:27.0454|INFO |The Class-Path manifest attribute in C:\Users\rania\.m2\repository\org\glassfish\ha\ha-api\3.1.9\ha-api-3.1.9.jar referenced one or more files that do not exist: file:/C:/Users/rania/.m2/repository/org/glassfish/ha/ha-api/3.1.9/hk2-core.jar,file:/C:/Users/rania/.m2/repository/org/glassfish/ha/ha-api/3.1.9/class-model.jar,file:/C:/Users/rania/.m2/repository/org/glassfish/ha/ha-api/3.1.9/config.jar,file:/C:/Users/rania/.m2/repository/org/glassfish/ha/ha-api/3.1.9/auto-depends.jar,file:/C:/Users/rania/.m2/repository/org/glassfish/ha/ha-api/3.1.9/javax.inject.jar,file:/C:/Users/rania/.m2/repository/org/glassfish/ha/ha-api/3.1.9/asm-all-repackaged.jar,file:/C:/Users/rania/.m2/repository/org/glassfish/ha/ha-api/3.1.9/hk2-api.jar,file:/C:/Users/rania/.m2/repository/org/glassfish/ha/ha-api/3.1.9/osgi-resource-locator.jar,file:/C:/Users/rania/.m2/repository/org/glassfish/ha/ha-api/3.1.9/tiger-types.jar,file:/C:/Users/rania/.m2/repository/org/glassfish/ha/ha-api/3.1.9/bean-validator.jar,file:/C:/Users/rania/.m2/repository/org/glassfish/ha/ha-api/3.1.9/jtype.jar
15-04-2026 09:51:27.0462|INFO |Devtools property defaults active! Set 'spring.devtools.add-properties' to 'false' to disable
15-04-2026 09:51:27.0462|INFO |For additional web related logging consider setting the 'logging.level.web' property to 'DEBUG'
15-04-2026 09:51:32.0282|INFO |Bootstrapping Spring Data JPA repositories in DEFAULT mode.
15-04-2026 09:51:33.0099|INFO |Finished Spring Data repository scanning in 704 ms. Found 14 JPA repository interfaces.
15-04-2026 09:51:34.0258|INFO |BeanFactory id=a639bb80-ea1a-3ad9-a3f4-e7868f41c1e4
15-04-2026 09:51:36.0127|INFO |Tomcat initialized with port(s): 8060 (http)
15-04-2026 09:51:36.0152|INFO |Starting service [Tomcat]
15-04-2026 09:51:36.0153|INFO |Starting Servlet engine: [Apache Tomcat/9.0.65]
15-04-2026 09:51:37.0153|INFO |At least one JAR was scanned for TLDs yet contained no TLDs. Enable debug logging for this logger for a complete list of JARs that were scanned but no TLDs were found in them. Skipping unneeded JARs during scanning can improve startup time and JSP compilation time.
15-04-2026 09:51:37.0167|INFO |Initializing Spring embedded WebApplicationContext
15-04-2026 09:51:37.0168|INFO |Root WebApplicationContext: initialization completed in 9704 ms
15-04-2026 09:51:37.0969|INFO |HHH000204: Processing PersistenceUnitInfo [name: default]
15-04-2026 09:51:38.0235|INFO |HHH000412: Hibernate ORM core version 5.6.11.Final
15-04-2026 09:51:38.0786|INFO |HCANN000001: Hibernate Commons Annotations {5.1.2.Final}
15-04-2026 09:51:39.0256|INFO |HHH000400: Using dialect: org.hibernate.dialect.PostgreSQLDialect
15-04-2026 09:51:41.0774|INFO |HikariPool-1 - Starting...
15-04-2026 09:51:42.0245|INFO |HikariPool-1 - Start completed.
15-04-2026 09:51:42.0454|INFO |HHH000490: Using JtaPlatform implementation: [org.hibernate.engine.transaction.jta.platform.internal.NoJtaPlatform]
15-04-2026 09:51:42.0480|INFO |Initialized JPA EntityManagerFactory for persistence unit 'default'
15-04-2026 09:51:50.0364|INFO |LiveReload server is running on port 35729
15-04-2026 09:51:50.0419|INFO |Eureka HTTP Client uses RestTemplate.
15-04-2026 09:51:50.0653|INFO |Exposing 1 endpoint(s) beneath base path '/actuator'
15-04-2026 09:51:50.0741|INFO |Setting initial instance status as: STARTING
15-04-2026 09:51:50.0854|INFO |Initializing Eureka in region us-east-1
15-04-2026 09:51:50.0896|INFO |Resolving eureka endpoints via configuration
15-04-2026 09:51:50.0979|INFO |Disable delta property : false
15-04-2026 09:51:50.0980|INFO |Single vip registry refresh property : null
15-04-2026 09:51:50.0980|INFO |Force full registry fetch : false
15-04-2026 09:51:50.0982|INFO |Application is null : false
15-04-2026 09:51:50.0983|INFO |Registered Applications size is zero : true
15-04-2026 09:51:50.0984|INFO |Application version is -1: true
15-04-2026 09:51:50.0985|INFO |Getting all instance registry info from the eureka server
15-04-2026 09:51:51.0735|INFO |The Class-Path manifest attribute in C:\Users\rania\.m2\repository\org\glassfish\ha\ha-api\3.1.9\ha-api-3.1.9.jar referenced one or more files that do not exist: file:/C:/Users/rania/.m2/repository/org/glassfish/ha/ha-api/3.1.9/hk2-core.jar,file:/C:/Users/rania/.m2/repository/org/glassfish/ha/ha-api/3.1.9/class-model.jar,file:/C:/Users/rania/.m2/repository/org/glassfish/ha/ha-api/3.1.9/config.jar,file:/C:/Users/rania/.m2/repository/org/glassfish/ha/ha-api/3.1.9/auto-depends.jar,file:/C:/Users/rania/.m2/repository/org/glassfish/ha/ha-api/3.1.9/javax.inject.jar,file:/C:/Users/rania/.m2/repository/org/glassfish/ha/ha-api/3.1.9/asm-all-repackaged.jar,file:/C:/Users/rania/.m2/repository/org/glassfish/ha/ha-api/3.1.9/hk2-api.jar,file:/C:/Users/rania/.m2/repository/org/glassfish/ha/ha-api/3.1.9/osgi-resource-locator.jar,file:/C:/Users/rania/.m2/repository/org/glassfish/ha/ha-api/3.1.9/tiger-types.jar,file:/C:/Users/rania/.m2/repository/org/glassfish/ha/ha-api/3.1.9/bean-validator.jar,file:/C:/Users/rania/.m2/repository/org/glassfish/ha/ha-api/3.1.9/jtype.jar
15-04-2026 09:51:51.0740|INFO |Devtools property defaults active! Set 'spring.devtools.add-properties' to 'false' to disable
15-04-2026 09:51:51.0740|INFO |For additional web related logging consider setting the 'logging.level.web' property to 'DEBUG'
15-04-2026 09:51:51.0866|INFO |The response status is 200
15-04-2026 09:51:51.0870|INFO |Starting heartbeat executor: renew interval is: 30
15-04-2026 09:51:51.0879|INFO |InstanceInfoReplicator onDemand update allowed rate per min is 4
15-04-2026 09:51:51.0890|INFO |Discovery Client initialized at timestamp 1776243111887 with initial instances count: 0
15-04-2026 09:51:51.0895|INFO |Registering application ADMINISTRATION-SERVICE with eureka with status UP
15-04-2026 09:51:51.0896|INFO |Saw local status change event StatusChangeEvent [timestamp=1776243111896, current=UP, previous=STARTING]
15-04-2026 09:51:51.0904|INFO |DiscoveryClient_ADMINISTRATION-SERVICE/RANIA:administration-service:8060: registering service...
15-04-2026 09:51:52.0049|INFO |Tomcat started on port(s): 8060 (http) with context path ''
15-04-2026 09:51:52.0051|INFO |Updating port to 8060
15-04-2026 09:51:52.0055|INFO |DiscoveryClient_ADMINISTRATION-SERVICE/RANIA:administration-service:8060 - registration status: 204
15-04-2026 09:51:52.0184|INFO |Starting Completed ...
15-04-2026 09:51:55.0286|INFO |Bootstrapping Spring Data JPA repositories in DEFAULT mode.
15-04-2026 09:51:55.0902|INFO |Finished Spring Data repository scanning in 588 ms. Found 12 JPA repository interfaces.
15-04-2026 09:51:56.0882|INFO |BeanFactory id=74b387d1-e6b4-3ec6-93fb-093986ce2e9d
15-04-2026 09:51:58.0922|INFO |Tomcat initialized with port(s): 8063 (http)
15-04-2026 09:51:58.0983|INFO |Starting service [Tomcat]
15-04-2026 09:51:58.0983|INFO |Starting Servlet engine: [Apache Tomcat/9.0.65]
15-04-2026 09:51:59.0799|INFO |At least one JAR was scanned for TLDs yet contained no TLDs. Enable debug logging for this logger for a complete list of JARs that were scanned but no TLDs were found in them. Skipping unneeded JARs during scanning can improve startup time and JSP compilation time.
15-04-2026 09:51:59.0810|INFO |Initializing Spring embedded WebApplicationContext
15-04-2026 09:51:59.0810|INFO |Root WebApplicationContext: initialization completed in 8068 ms
15-04-2026 09:52:00.0557|INFO |HHH000204: Processing PersistenceUnitInfo [name: default]
15-04-2026 09:52:00.0786|INFO |HHH000412: Hibernate ORM core version 5.6.11.Final
15-04-2026 09:52:01.0549|INFO |HCANN000001: Hibernate Commons Annotations {5.1.2.Final}
15-04-2026 09:52:02.0154|INFO |HHH000400: Using dialect: org.hibernate.dialect.PostgreSQLDialect
15-04-2026 09:52:05.0779|INFO |HikariPool-1 - Starting...
15-04-2026 09:52:06.0275|INFO |HikariPool-1 - Start completed.
15-04-2026 09:52:06.0765|INFO |HHH000490: Using JtaPlatform implementation: [org.hibernate.engine.transaction.jta.platform.internal.NoJtaPlatform]
15-04-2026 09:52:06.0791|INFO |Initialized JPA EntityManagerFactory for persistence unit 'default'
15-04-2026 09:52:11.0854|INFO |Eureka HTTP Client uses RestTemplate.
15-04-2026 09:52:12.0091|INFO |Exposing 1 endpoint(s) beneath base path '/actuator'
15-04-2026 09:52:12.0193|INFO |Setting initial instance status as: STARTING
15-04-2026 09:52:12.0320|INFO |Initializing Eureka in region us-east-1
15-04-2026 09:52:12.0334|INFO |Resolving eureka endpoints via configuration
15-04-2026 09:52:12.0414|INFO |Disable delta property : false
15-04-2026 09:52:12.0418|INFO |Single vip registry refresh property : null
15-04-2026 09:52:12.0418|INFO |Force full registry fetch : false
15-04-2026 09:52:12.0418|INFO |Application is null : false
15-04-2026 09:52:12.0418|INFO |Registered Applications size is zero : true
15-04-2026 09:52:12.0422|INFO |Application version is -1: true
15-04-2026 09:52:12.0422|INFO |Getting all instance registry info from the eureka server
15-04-2026 09:52:13.0336|INFO |The response status is 200
15-04-2026 09:52:13.0344|INFO |Starting heartbeat executor: renew interval is: 30
15-04-2026 09:52:13.0349|INFO |InstanceInfoReplicator onDemand update allowed rate per min is 4
15-04-2026 09:52:13.0360|INFO |Discovery Client initialized at timestamp 1776243133358 with initial instances count: 1
15-04-2026 09:52:13.0364|INFO |Registering application ETABLISSEMENT-SERVICE with eureka with status UP
15-04-2026 09:52:13.0366|INFO |Saw local status change event StatusChangeEvent [timestamp=1776243133366, current=UP, previous=STARTING]
15-04-2026 09:52:13.0369|INFO |DiscoveryClient_ETABLISSEMENT-SERVICE/RANIA:etablissement-service:8063: registering service...
15-04-2026 09:52:13.0438|INFO |Tomcat started on port(s): 8063 (http) with context path ''
15-04-2026 09:52:13.0439|INFO |Updating port to 8063
15-04-2026 09:52:13.0455|INFO |DiscoveryClient_ETABLISSEMENT-SERVICE/RANIA:etablissement-service:8063 - registration status: 204
15-04-2026 09:52:13.0493|INFO |Starting Completed ...
15-04-2026 09:52:21.0872|INFO |Disable delta property : false
15-04-2026 09:52:21.0873|INFO |Single vip registry refresh property : null
15-04-2026 09:52:21.0873|INFO |Force full registry fetch : false
15-04-2026 09:52:21.0873|INFO |Application is null : false
15-04-2026 09:52:21.0873|INFO |Registered Applications size is zero : true
15-04-2026 09:52:21.0873|INFO |Application version is -1: false
15-04-2026 09:52:21.0873|INFO |Getting all instance registry info from the eureka server
15-04-2026 09:52:21.0911|INFO |The response status is 200
15-04-2026 09:52:28.0064|INFO |Initializing Spring DispatcherServlet 'dispatcherServlet'
15-04-2026 09:52:28.0064|INFO |Initializing Servlet 'dispatcherServlet'
15-04-2026 09:52:28.0112|INFO |Completed initialization in 48 ms
15-04-2026 09:52:32.0814|INFO |Init duration for springdoc-openapi is: 2885 ms
15-04-2026 09:52:42.0779|INFO |Init duration for springdoc-openapi is: 2673 ms
15-04-2026 09:55:44.0179|INFO |Initializing Spring DispatcherServlet 'dispatcherServlet'
15-04-2026 09:55:44.0179|INFO |Initializing Servlet 'dispatcherServlet'
15-04-2026 09:55:44.0183|INFO |Completed initialization in 4 ms
15-04-2026 09:56:50.0994|INFO |Resolving eureka endpoints via configuration
15-04-2026 09:57:12.0433|INFO |Resolving eureka endpoints via configuration
15-04-2026 10:01:51.0004|INFO |Resolving eureka endpoints via configuration
15-04-2026 10:02:12.0438|INFO |Resolving eureka endpoints via configuration
15-04-2026 10:04:39.0605|INFO |Unregistering application ADMINISTRATION-SERVICE with eureka with status DOWN
15-04-2026 10:04:39.0610|INFO |Saw local status change event StatusChangeEvent [timestamp=1776243879610, current=DOWN, previous=UP]
15-04-2026 10:04:39.0611|INFO |DiscoveryClient_ADMINISTRATION-SERVICE/RANIA:administration-service:8060: registering service...
15-04-2026 10:04:39.0622|INFO |DiscoveryClient_ADMINISTRATION-SERVICE/RANIA:administration-service:8060 - registration status: 204
15-04-2026 10:04:39.0670|INFO |Closing JPA EntityManagerFactory for persistence unit 'default'
15-04-2026 10:04:39.0676|INFO |HikariPool-1 - Shutdown initiated...
15-04-2026 10:04:39.0678|INFO |Unregistering application ETABLISSEMENT-SERVICE with eureka with status DOWN
15-04-2026 10:04:39.0680|INFO |Saw local status change event StatusChangeEvent [timestamp=1776243879680, current=DOWN, previous=UP]
15-04-2026 10:04:39.0680|INFO |DiscoveryClient_ETABLISSEMENT-SERVICE/RANIA:etablissement-service:8063: registering service...
15-04-2026 10:04:39.0689|INFO |Request execution error. endpoint=DefaultEndpoint{ serviceUrl='http://127.0.0.1:8761/eureka/} exception=I/O error on POST request for "http://127.0.0.1:8761/eureka/apps/ETABLISSEMENT-SERVICE": Connect to 127.0.0.1:8761 [/127.0.0.1] failed: Connection refused: connect; nested exception is org.apache.http.conn.HttpHostConnectException: Connect to 127.0.0.1:8761 [/127.0.0.1] failed: Connection refused: connect stacktrace=org.springframework.web.client.ResourceAccessException: I/O error on POST request for "http://127.0.0.1:8761/eureka/apps/ETABLISSEMENT-SERVICE": Connect to 127.0.0.1:8761 [/127.0.0.1] failed: Connection refused: connect; nested exception is org.apache.http.conn.HttpHostConnectException: Connect to 127.0.0.1:8761 [/127.0.0.1] failed: Connection refused: connect
	at org.springframework.web.client.RestTemplate.doExecute(RestTemplate.java:785)
	at org.springframework.web.client.RestTemplate.execute(RestTemplate.java:711)
	at org.springframework.web.client.RestTemplate.exchange(RestTemplate.java:602)
	at org.springframework.cloud.netflix.eureka.http.RestTemplateEurekaHttpClient.register(RestTemplateEurekaHttpClient.java:77)
	at com.netflix.discovery.shared.transport.decorator.EurekaHttpClientDecorator$1.execute(EurekaHttpClientDecorator.java:59)
	at com.netflix.discovery.shared.transport.decorator.RedirectingEurekaHttpClient.execute(RedirectingEurekaHttpClient.java:91)
	at com.netflix.discovery.shared.transport.decorator.EurekaHttpClientDecorator.register(EurekaHttpClientDecorator.java:56)
	at com.netflix.discovery.shared.transport.decorator.EurekaHttpClientDecorator$1.execute(EurekaHttpClientDecorator.java:59)
	at com.netflix.discovery.shared.transport.decorator.RetryableEurekaHttpClient.execute(RetryableEurekaHttpClient.java:120)
	at com.netflix.discovery.shared.transport.decorator.EurekaHttpClientDecorator.register(EurekaHttpClientDecorator.java:56)
	at com.netflix.discovery.shared.transport.decorator.EurekaHttpClientDecorator$1.execute(EurekaHttpClientDecorator.java:59)
	at com.netflix.discovery.shared.transport.decorator.SessionedEurekaHttpClient.execute(SessionedEurekaHttpClient.java:77)
	at com.netflix.discovery.shared.transport.decorator.EurekaHttpClientDecorator.register(EurekaHttpClientDecorator.java:56)
	at com.netflix.discovery.DiscoveryClient.register(DiscoveryClient.java:876)
	at com.netflix.discovery.InstanceInfoReplicator.run(InstanceInfoReplicator.java:121)
	at com.netflix.discovery.InstanceInfoReplicator$1.run(InstanceInfoReplicator.java:101)
	at java.base/java.util.concurrent.Executors$RunnableAdapter.call(Executors.java:572)
	at java.base/java.util.concurrent.FutureTask.run(FutureTask.java:317)
	at java.base/java.util.concurrent.ScheduledThreadPoolExecutor$ScheduledFutureTask.run(ScheduledThreadPoolExecutor.java:304)
	at java.base/java.util.concurrent.ThreadPoolExecutor.runWorker(ThreadPoolExecutor.java:1144)
	at java.base/java.util.concurrent.ThreadPoolExecutor$Worker.run(ThreadPoolExecutor.java:642)
	at java.base/java.lang.Thread.run(Thread.java:1583)
Caused by: org.apache.http.conn.HttpHostConnectException: Connect to 127.0.0.1:8761 [/127.0.0.1] failed: Connection refused: connect
	at org.apache.http.impl.conn.DefaultHttpClientConnectionOperator.connect(DefaultHttpClientConnectionOperator.java:156)
	at org.apache.http.impl.conn.PoolingHttpClientConnectionManager.connect(PoolingHttpClientConnectionManager.java:376)
	at org.apache.http.impl.execchain.MainClientExec.establishRoute(MainClientExec.java:393)
	at org.apache.http.impl.execchain.MainClientExec.execute(MainClientExec.java:236)
	at org.apache.http.impl.execchain.ProtocolExec.execute(ProtocolExec.java:186)
	at org.apache.http.impl.execchain.RetryExec.execute(RetryExec.java:89)
	at org.apache.http.impl.execchain.RedirectExec.execute(RedirectExec.java:110)
	at org.apache.http.impl.client.InternalHttpClient.doExecute(InternalHttpClient.java:185)
	at org.apache.http.impl.client.CloseableHttpClient.execute(CloseableHttpClient.java:83)
	at org.apache.http.impl.client.CloseableHttpClient.execute(CloseableHttpClient.java:56)
	at org.springframework.http.client.HttpComponentsClientHttpRequest.executeInternal(HttpComponentsClientHttpRequest.java:87)
	at org.springframework.http.client.AbstractBufferingClientHttpRequest.executeInternal(AbstractBufferingClientHttpRequest.java:48)
	at org.springframework.http.client.AbstractClientHttpRequest.execute(AbstractClientHttpRequest.java:66)
	at org.springframework.web.client.RestTemplate.doExecute(RestTemplate.java:776)
	... 21 more
Caused by: java.net.ConnectException: Connection refused: connect
	at java.base/sun.nio.ch.Net.connect0(Native Method)
	at java.base/sun.nio.ch.Net.connect(Net.java:589)
	at java.base/sun.nio.ch.Net.connect(Net.java:578)
	at java.base/sun.nio.ch.NioSocketImpl.connect(NioSocketImpl.java:583)
	at java.base/java.net.SocksSocketImpl.connect(SocksSocketImpl.java:327)
	at java.base/java.net.Socket.connect(Socket.java:751)
	at org.apache.http.conn.socket.PlainConnectionSocketFactory.connectSocket(PlainConnectionSocketFactory.java:75)
	at org.apache.http.impl.conn.DefaultHttpClientConnectionOperator.connect(DefaultHttpClientConnectionOperator.java:142)
	... 34 more

15-04-2026 10:04:39.0710|INFO |Request execution error. endpoint=DefaultEndpoint{ serviceUrl='http://127.0.0.1:8761/eureka/}, exception=I/O error on POST request for "http://127.0.0.1:8761/eureka/apps/ETABLISSEMENT-SERVICE": Connect to 127.0.0.1:8761 [/127.0.0.1] failed: Connection refused: connect; nested exception is org.apache.http.conn.HttpHostConnectException: Connect to 127.0.0.1:8761 [/127.0.0.1] failed: Connection refused: connect stacktrace=org.springframework.web.client.ResourceAccessException: I/O error on POST request for "http://127.0.0.1:8761/eureka/apps/ETABLISSEMENT-SERVICE": Connect to 127.0.0.1:8761 [/127.0.0.1] failed: Connection refused: connect; nested exception is org.apache.http.conn.HttpHostConnectException: Connect to 127.0.0.1:8761 [/127.0.0.1] failed: Connection refused: connect
	at org.springframework.web.client.RestTemplate.doExecute(RestTemplate.java:785)
	at org.springframework.web.client.RestTemplate.execute(RestTemplate.java:711)
	at org.springframework.web.client.RestTemplate.exchange(RestTemplate.java:602)
	at org.springframework.cloud.netflix.eureka.http.RestTemplateEurekaHttpClient.register(RestTemplateEurekaHttpClient.java:77)
	at com.netflix.discovery.shared.transport.decorator.EurekaHttpClientDecorator$1.execute(EurekaHttpClientDecorator.java:59)
	at com.netflix.discovery.shared.transport.decorator.RedirectingEurekaHttpClient.executeOnNewServer(RedirectingEurekaHttpClient.java:121)
	at com.netflix.discovery.shared.transport.decorator.RedirectingEurekaHttpClient.execute(RedirectingEurekaHttpClient.java:80)
	at com.netflix.discovery.shared.transport.decorator.EurekaHttpClientDecorator.register(EurekaHttpClientDecorator.java:56)
	at com.netflix.discovery.shared.transport.decorator.EurekaHttpClientDecorator$1.execute(EurekaHttpClientDecorator.java:59)
	at com.netflix.discovery.shared.transport.decorator.RetryableEurekaHttpClient.execute(RetryableEurekaHttpClient.java:120)
	at com.netflix.discovery.shared.transport.decorator.EurekaHttpClientDecorator.register(EurekaHttpClientDecorator.java:56)
	at com.netflix.discovery.shared.transport.decorator.EurekaHttpClientDecorator$1.execute(EurekaHttpClientDecorator.java:59)
	at com.netflix.discovery.shared.transport.decorator.SessionedEurekaHttpClient.execute(SessionedEurekaHttpClient.java:77)
	at com.netflix.discovery.shared.transport.decorator.EurekaHttpClientDecorator.register(EurekaHttpClientDecorator.java:56)
	at com.netflix.discovery.DiscoveryClient.register(DiscoveryClient.java:876)
	at com.netflix.discovery.InstanceInfoReplicator.run(InstanceInfoReplicator.java:121)
	at com.netflix.discovery.InstanceInfoReplicator$1.run(InstanceInfoReplicator.java:101)
	at java.base/java.util.concurrent.Executors$RunnableAdapter.call(Executors.java:572)
	at java.base/java.util.concurrent.FutureTask.run(FutureTask.java:317)
	at java.base/java.util.concurrent.ScheduledThreadPoolExecutor$ScheduledFutureTask.run(ScheduledThreadPoolExecutor.java:304)
	at java.base/java.util.concurrent.ThreadPoolExecutor.runWorker(ThreadPoolExecutor.java:1144)
	at java.base/java.util.concurrent.ThreadPoolExecutor$Worker.run(ThreadPoolExecutor.java:642)
	at java.base/java.lang.Thread.run(Thread.java:1583)
Caused by: org.apache.http.conn.HttpHostConnectException: Connect to 127.0.0.1:8761 [/127.0.0.1] failed: Connection refused: connect
	at org.apache.http.impl.conn.DefaultHttpClientConnectionOperator.connect(DefaultHttpClientConnectionOperator.java:156)
	at org.apache.http.impl.conn.PoolingHttpClientConnectionManager.connect(PoolingHttpClientConnectionManager.java:376)
	at org.apache.http.impl.execchain.MainClientExec.establishRoute(MainClientExec.java:393)
	at org.apache.http.impl.execchain.MainClientExec.execute(MainClientExec.java:236)
	at org.apache.http.impl.execchain.ProtocolExec.execute(ProtocolExec.java:186)
	at org.apache.http.impl.execchain.RetryExec.execute(RetryExec.java:89)
	at org.apache.http.impl.execchain.RedirectExec.execute(RedirectExec.java:110)
	at org.apache.http.impl.client.InternalHttpClient.doExecute(InternalHttpClient.java:185)
	at org.apache.http.impl.client.CloseableHttpClient.execute(CloseableHttpClient.java:83)
	at org.apache.http.impl.client.CloseableHttpClient.execute(CloseableHttpClient.java:56)
	at org.springframework.http.client.HttpComponentsClientHttpRequest.executeInternal(HttpComponentsClientHttpRequest.java:87)
	at org.springframework.http.client.AbstractBufferingClientHttpRequest.executeInternal(AbstractBufferingClientHttpRequest.java:48)
	at org.springframework.http.client.AbstractClientHttpRequest.execute(AbstractClientHttpRequest.java:66)
	at org.springframework.web.client.RestTemplate.doExecute(RestTemplate.java:776)
	... 22 more
Caused by: java.net.ConnectException: Connection refused: connect
	at java.base/sun.nio.ch.Net.connect0(Native Method)
	at java.base/sun.nio.ch.Net.connect(Net.java:589)
	at java.base/sun.nio.ch.Net.connect(Net.java:578)
	at java.base/sun.nio.ch.NioSocketImpl.connect(NioSocketImpl.java:583)
	at java.base/java.net.SocksSocketImpl.connect(SocksSocketImpl.java:327)
	at java.base/java.net.Socket.connect(Socket.java:751)
	at org.apache.http.conn.socket.PlainConnectionSocketFactory.connectSocket(PlainConnectionSocketFactory.java:75)
	at org.apache.http.impl.conn.DefaultHttpClientConnectionOperator.connect(DefaultHttpClientConnectionOperator.java:142)
	... 35 more

15-04-2026 10:04:39.0727|INFO |HikariPool-1 - Shutdown completed.
15-04-2026 10:04:39.0728|INFO |Shutting down DiscoveryClient ...
15-04-2026 10:04:39.0736|INFO |Closing JPA EntityManagerFactory for persistence unit 'default'
15-04-2026 10:04:39.0744|INFO |HikariPool-1 - Shutdown initiated...
15-04-2026 10:04:39.0750|INFO |HikariPool-1 - Shutdown completed.
15-04-2026 10:04:39.0752|INFO |Shutting down DiscoveryClient ...
15-04-2026 10:04:42.0764|INFO |Unregistering ...
15-04-2026 10:04:42.0797|INFO |Unregistering ...
15-04-2026 10:04:42.0935|INFO |Request execution error. endpoint=DefaultEndpoint{ serviceUrl='http://127.0.0.1:8761/eureka/} exception=I/O error on DELETE request for "http://127.0.0.1:8761/eureka/apps/ADMINISTRATION-SERVICE/RANIA:administration-service:8060": Connect to 127.0.0.1:8761 [/127.0.0.1] failed: Connection refused: connect; nested exception is org.apache.http.conn.HttpHostConnectException: Connect to 127.0.0.1:8761 [/127.0.0.1] failed: Connection refused: connect stacktrace=org.springframework.web.client.ResourceAccessException: I/O error on DELETE request for "http://127.0.0.1:8761/eureka/apps/ADMINISTRATION-SERVICE/RANIA:administration-service:8060": Connect to 127.0.0.1:8761 [/127.0.0.1] failed: Connection refused: connect; nested exception is org.apache.http.conn.HttpHostConnectException: Connect to 127.0.0.1:8761 [/127.0.0.1] failed: Connection refused: connect
	at org.springframework.web.client.RestTemplate.doExecute(RestTemplate.java:785)
	at org.springframework.web.client.RestTemplate.execute(RestTemplate.java:711)
	at org.springframework.web.client.RestTemplate.exchange(RestTemplate.java:602)
	at org.springframework.cloud.netflix.eureka.http.RestTemplateEurekaHttpClient.cancel(RestTemplateEurekaHttpClient.java:87)
	at com.netflix.discovery.shared.transport.decorator.EurekaHttpClientDecorator$2.execute(EurekaHttpClientDecorator.java:74)
	at com.netflix.discovery.shared.transport.decorator.RedirectingEurekaHttpClient.execute(RedirectingEurekaHttpClient.java:91)
	at com.netflix.discovery.shared.transport.decorator.EurekaHttpClientDecorator.cancel(EurekaHttpClientDecorator.java:71)
	at com.netflix.discovery.shared.transport.decorator.EurekaHttpClientDecorator$2.execute(EurekaHttpClientDecorator.java:74)
	at com.netflix.discovery.shared.transport.decorator.RetryableEurekaHttpClient.execute(RetryableEurekaHttpClient.java:120)
	at com.netflix.discovery.shared.transport.decorator.EurekaHttpClientDecorator.cancel(EurekaHttpClientDecorator.java:71)
	at com.netflix.discovery.shared.transport.decorator.EurekaHttpClientDecorator$2.execute(EurekaHttpClientDecorator.java:74)
	at com.netflix.discovery.shared.transport.decorator.SessionedEurekaHttpClient.execute(SessionedEurekaHttpClient.java:77)
	at com.netflix.discovery.shared.transport.decorator.EurekaHttpClientDecorator.cancel(EurekaHttpClientDecorator.java:71)
	at com.netflix.discovery.DiscoveryClient.unregister(DiscoveryClient.java:972)
	at com.netflix.discovery.DiscoveryClient.shutdown(DiscoveryClient.java:948)
	at java.base/jdk.internal.reflect.DirectMethodHandleAccessor.invoke(DirectMethodHandleAccessor.java:103)
	at java.base/java.lang.reflect.Method.invoke(Method.java:580)
	at org.springframework.beans.factory.annotation.InitDestroyAnnotationBeanPostProcessor$LifecycleElement.invoke(InitDestroyAnnotationBeanPostProcessor.java:389)
	at org.springframework.beans.factory.annotation.InitDestroyAnnotationBeanPostProcessor$LifecycleMetadata.invokeDestroyMethods(InitDestroyAnnotationBeanPostProcessor.java:347)
	at org.springframework.beans.factory.annotation.InitDestroyAnnotationBeanPostProcessor.postProcessBeforeDestruction(InitDestroyAnnotationBeanPostProcessor.java:177)
	at org.springframework.beans.factory.support.DisposableBeanAdapter.destroy(DisposableBeanAdapter.java:197)
	at org.springframework.beans.factory.support.DisposableBeanAdapter.run(DisposableBeanAdapter.java:190)
	at org.springframework.cloud.context.scope.GenericScope$BeanLifecycleWrapper.destroy(GenericScope.java:390)
	at org.springframework.cloud.context.scope.GenericScope.destroy(GenericScope.java:136)
	at org.springframework.beans.factory.support.DisposableBeanAdapter.destroy(DisposableBeanAdapter.java:213)
	at org.springframework.beans.factory.support.DefaultSingletonBeanRegistry.destroyBean(DefaultSingletonBeanRegistry.java:587)
	at org.springframework.beans.factory.support.DefaultSingletonBeanRegistry.destroySingleton(DefaultSingletonBeanRegistry.java:559)
	at org.springframework.beans.factory.support.DefaultListableBeanFactory.destroySingleton(DefaultListableBeanFactory.java:1163)
	at org.springframework.beans.factory.support.DefaultSingletonBeanRegistry.destroySingletons(DefaultSingletonBeanRegistry.java:520)
	at org.springframework.beans.factory.support.DefaultListableBeanFactory.destroySingletons(DefaultListableBeanFactory.java:1156)
	at org.springframework.context.support.AbstractApplicationContext.destroyBeans(AbstractApplicationContext.java:1106)
	at org.springframework.context.support.AbstractApplicationContext.doClose(AbstractApplicationContext.java:1075)
	at org.springframework.boot.web.servlet.context.ServletWebServerApplicationContext.doClose(ServletWebServerApplicationContext.java:174)
	at org.springframework.context.support.AbstractApplicationContext.close(AbstractApplicationContext.java:1021)
	at org.springframework.boot.SpringApplicationShutdownHook.closeAndWait(SpringApplicationShutdownHook.java:145)
	at java.base/java.lang.Iterable.forEach(Iterable.java:75)
	at org.springframework.boot.SpringApplicationShutdownHook.run(SpringApplicationShutdownHook.java:114)
	at java.base/java.lang.Thread.run(Thread.java:1583)
Caused by: org.apache.http.conn.HttpHostConnectException: Connect to 127.0.0.1:8761 [/127.0.0.1] failed: Connection refused: connect
	at org.apache.http.impl.conn.DefaultHttpClientConnectionOperator.connect(DefaultHttpClientConnectionOperator.java:156)
	at org.apache.http.impl.conn.PoolingHttpClientConnectionManager.connect(PoolingHttpClientConnectionManager.java:376)
	at org.apache.http.impl.execchain.MainClientExec.establishRoute(MainClientExec.java:393)
	at org.apache.http.impl.execchain.MainClientExec.execute(MainClientExec.java:236)
	at org.apache.http.impl.execchain.ProtocolExec.execute(ProtocolExec.java:186)
	at org.apache.http.impl.execchain.RetryExec.execute(RetryExec.java:89)
	at org.apache.http.impl.execchain.RedirectExec.execute(RedirectExec.java:110)
	at org.apache.http.impl.client.InternalHttpClient.doExecute(InternalHttpClient.java:185)
	at org.apache.http.impl.client.CloseableHttpClient.execute(CloseableHttpClient.java:83)
	at org.apache.http.impl.client.CloseableHttpClient.execute(CloseableHttpClient.java:56)
	at org.springframework.http.client.HttpComponentsClientHttpRequest.executeInternal(HttpComponentsClientHttpRequest.java:87)
	at org.springframework.http.client.AbstractBufferingClientHttpRequest.executeInternal(AbstractBufferingClientHttpRequest.java:48)
	at org.springframework.http.client.AbstractClientHttpRequest.execute(AbstractClientHttpRequest.java:66)
	at org.springframework.web.client.RestTemplate.doExecute(RestTemplate.java:776)
	... 37 more
Caused by: java.net.ConnectException: Connection refused: connect
	at java.base/sun.nio.ch.Net.connect0(Native Method)
	at java.base/sun.nio.ch.Net.connect(Net.java:589)
	at java.base/sun.nio.ch.Net.connect(Net.java:578)
	at java.base/sun.nio.ch.NioSocketImpl.connect(NioSocketImpl.java:583)
	at java.base/java.net.SocksSocketImpl.connect(SocksSocketImpl.java:327)
	at java.base/java.net.Socket.connect(Socket.java:751)
	at org.apache.http.conn.socket.PlainConnectionSocketFactory.connectSocket(PlainConnectionSocketFactory.java:75)
	at org.apache.http.impl.conn.DefaultHttpClientConnectionOperator.connect(DefaultHttpClientConnectionOperator.java:142)
	... 50 more

15-04-2026 10:04:42.0974|INFO |Request execution error. endpoint=DefaultEndpoint{ serviceUrl='http://127.0.0.1:8761/eureka/}, exception=I/O error on DELETE request for "http://127.0.0.1:8761/eureka/apps/ETABLISSEMENT-SERVICE/RANIA:etablissement-service:8063": Connect to 127.0.0.1:8761 [/127.0.0.1] failed: Connection refused: connect; nested exception is org.apache.http.conn.HttpHostConnectException: Connect to 127.0.0.1:8761 [/127.0.0.1] failed: Connection refused: connect stacktrace=org.springframework.web.client.ResourceAccessException: I/O error on DELETE request for "http://127.0.0.1:8761/eureka/apps/ETABLISSEMENT-SERVICE/RANIA:etablissement-service:8063": Connect to 127.0.0.1:8761 [/127.0.0.1] failed: Connection refused: connect; nested exception is org.apache.http.conn.HttpHostConnectException: Connect to 127.0.0.1:8761 [/127.0.0.1] failed: Connection refused: connect
	at org.springframework.web.client.RestTemplate.doExecute(RestTemplate.java:785)
	at org.springframework.web.client.RestTemplate.execute(RestTemplate.java:711)
	at org.springframework.web.client.RestTemplate.exchange(RestTemplate.java:602)
	at org.springframework.cloud.netflix.eureka.http.RestTemplateEurekaHttpClient.cancel(RestTemplateEurekaHttpClient.java:87)
	at com.netflix.discovery.shared.transport.decorator.EurekaHttpClientDecorator$2.execute(EurekaHttpClientDecorator.java:74)
	at com.netflix.discovery.shared.transport.decorator.RedirectingEurekaHttpClient.executeOnNewServer(RedirectingEurekaHttpClient.java:121)
	at com.netflix.discovery.shared.transport.decorator.RedirectingEurekaHttpClient.execute(RedirectingEurekaHttpClient.java:80)
	at com.netflix.discovery.shared.transport.decorator.EurekaHttpClientDecorator.cancel(EurekaHttpClientDecorator.java:71)
	at com.netflix.discovery.shared.transport.decorator.EurekaHttpClientDecorator$2.execute(EurekaHttpClientDecorator.java:74)
	at com.netflix.discovery.shared.transport.decorator.RetryableEurekaHttpClient.execute(RetryableEurekaHttpClient.java:120)
	at com.netflix.discovery.shared.transport.decorator.EurekaHttpClientDecorator.cancel(EurekaHttpClientDecorator.java:71)
	at com.netflix.discovery.shared.transport.decorator.EurekaHttpClientDecorator$2.execute(EurekaHttpClientDecorator.java:74)
	at com.netflix.discovery.shared.transport.decorator.SessionedEurekaHttpClient.execute(SessionedEurekaHttpClient.java:77)
	at com.netflix.discovery.shared.transport.decorator.EurekaHttpClientDecorator.cancel(EurekaHttpClientDecorator.java:71)
	at com.netflix.discovery.DiscoveryClient.unregister(DiscoveryClient.java:972)
	at com.netflix.discovery.DiscoveryClient.shutdown(DiscoveryClient.java:948)
	at java.base/jdk.internal.reflect.DirectMethodHandleAccessor.invoke(DirectMethodHandleAccessor.java:103)
	at java.base/java.lang.reflect.Method.invoke(Method.java:580)
	at org.springframework.beans.factory.annotation.InitDestroyAnnotationBeanPostProcessor$LifecycleElement.invoke(InitDestroyAnnotationBeanPostProcessor.java:389)
	at org.springframework.beans.factory.annotation.InitDestroyAnnotationBeanPostProcessor$LifecycleMetadata.invokeDestroyMethods(InitDestroyAnnotationBeanPostProcessor.java:347)
	at org.springframework.beans.factory.annotation.InitDestroyAnnotationBeanPostProcessor.postProcessBeforeDestruction(InitDestroyAnnotationBeanPostProcessor.java:177)
	at org.springframework.beans.factory.support.DisposableBeanAdapter.destroy(DisposableBeanAdapter.java:197)
	at org.springframework.beans.factory.support.DisposableBeanAdapter.run(DisposableBeanAdapter.java:190)
	at org.springframework.cloud.context.scope.GenericScope$BeanLifecycleWrapper.destroy(GenericScope.java:390)
	at org.springframework.cloud.context.scope.GenericScope.destroy(GenericScope.java:136)
	at org.springframework.beans.factory.support.DisposableBeanAdapter.destroy(DisposableBeanAdapter.java:213)
	at org.springframework.beans.factory.support.DefaultSingletonBeanRegistry.destroyBean(DefaultSingletonBeanRegistry.java:587)
	at org.springframework.beans.factory.support.DefaultSingletonBeanRegistry.destroySingleton(DefaultSingletonBeanRegistry.java:559)
	at org.springframework.beans.factory.support.DefaultListableBeanFactory.destroySingleton(DefaultListableBeanFactory.java:1163)
	at org.springframework.beans.factory.support.DefaultSingletonBeanRegistry.destroySingletons(DefaultSingletonBeanRegistry.java:520)
	at org.springframework.beans.factory.support.DefaultListableBeanFactory.destroySingletons(DefaultListableBeanFactory.java:1156)
	at org.springframework.context.support.AbstractApplicationContext.destroyBeans(AbstractApplicationContext.java:1106)
	at org.springframework.context.support.AbstractApplicationContext.doClose(AbstractApplicationContext.java:1075)
	at org.springframework.boot.web.servlet.context.ServletWebServerApplicationContext.doClose(ServletWebServerApplicationContext.java:174)
	at org.springframework.context.support.AbstractApplicationContext.close(AbstractApplicationContext.java:1021)
	at org.springframework.boot.SpringApplicationShutdownHook.closeAndWait(SpringApplicationShutdownHook.java:145)
	at java.base/java.lang.Iterable.forEach(Iterable.java:75)
	at org.springframework.boot.SpringApplicationShutdownHook.run(SpringApplicationShutdownHook.java:114)
	at java.base/java.lang.Thread.run(Thread.java:1583)
Caused by: org.apache.http.conn.HttpHostConnectException: Connect to 127.0.0.1:8761 [/127.0.0.1] failed: Connection refused: connect
	at org.apache.http.impl.conn.DefaultHttpClientConnectionOperator.connect(DefaultHttpClientConnectionOperator.java:156)
	at org.apache.http.impl.conn.PoolingHttpClientConnectionManager.connect(PoolingHttpClientConnectionManager.java:376)
	at org.apache.http.impl.execchain.MainClientExec.establishRoute(MainClientExec.java:393)
	at org.apache.http.impl.execchain.MainClientExec.execute(MainClientExec.java:236)
	at org.apache.http.impl.execchain.ProtocolExec.execute(ProtocolExec.java:186)
	at org.apache.http.impl.execchain.RetryExec.execute(RetryExec.java:89)
	at org.apache.http.impl.execchain.RedirectExec.execute(RedirectExec.java:110)
	at org.apache.http.impl.client.InternalHttpClient.doExecute(InternalHttpClient.java:185)
	at org.apache.http.impl.client.CloseableHttpClient.execute(CloseableHttpClient.java:83)
	at org.apache.http.impl.client.CloseableHttpClient.execute(CloseableHttpClient.java:56)
	at org.springframework.http.client.HttpComponentsClientHttpRequest.executeInternal(HttpComponentsClientHttpRequest.java:87)
	at org.springframework.http.client.AbstractBufferingClientHttpRequest.executeInternal(AbstractBufferingClientHttpRequest.java:48)
	at org.springframework.http.client.AbstractClientHttpRequest.execute(AbstractClientHttpRequest.java:66)
	at org.springframework.web.client.RestTemplate.doExecute(RestTemplate.java:776)
	... 38 more
Caused by: java.net.ConnectException: Connection refused: connect
	at java.base/sun.nio.ch.Net.connect0(Native Method)
	at java.base/sun.nio.ch.Net.connect(Net.java:589)
	at java.base/sun.nio.ch.Net.connect(Net.java:578)
	at java.base/sun.nio.ch.NioSocketImpl.connect(NioSocketImpl.java:583)
	at java.base/java.net.SocksSocketImpl.connect(SocksSocketImpl.java:327)
	at java.base/java.net.Socket.connect(Socket.java:751)
	at org.apache.http.conn.socket.PlainConnectionSocketFactory.connectSocket(PlainConnectionSocketFactory.java:75)
	at org.apache.http.impl.conn.DefaultHttpClientConnectionOperator.connect(DefaultHttpClientConnectionOperator.java:142)
	... 51 more

15-04-2026 10:04:43.0114|INFO |Request execution error. endpoint=DefaultEndpoint{ serviceUrl='http://127.0.0.1:8761/eureka/}, exception=I/O error on DELETE request for "http://127.0.0.1:8761/eureka/apps/ADMINISTRATION-SERVICE/RANIA:administration-service:8060": Connect to 127.0.0.1:8761 [/127.0.0.1] failed: Connection refused: connect; nested exception is org.apache.http.conn.HttpHostConnectException: Connect to 127.0.0.1:8761 [/127.0.0.1] failed: Connection refused: connect stacktrace=org.springframework.web.client.ResourceAccessException: I/O error on DELETE request for "http://127.0.0.1:8761/eureka/apps/ADMINISTRATION-SERVICE/RANIA:administration-service:8060": Connect to 127.0.0.1:8761 [/127.0.0.1] failed: Connection refused: connect; nested exception is org.apache.http.conn.HttpHostConnectException: Connect to 127.0.0.1:8761 [/127.0.0.1] failed: Connection refused: connect
	at org.springframework.web.client.RestTemplate.doExecute(RestTemplate.java:785)
	at org.springframework.web.client.RestTemplate.execute(RestTemplate.java:711)
	at org.springframework.web.client.RestTemplate.exchange(RestTemplate.java:602)
	at org.springframework.cloud.netflix.eureka.http.RestTemplateEurekaHttpClient.cancel(RestTemplateEurekaHttpClient.java:87)
	at com.netflix.discovery.shared.transport.decorator.EurekaHttpClientDecorator$2.execute(EurekaHttpClientDecorator.java:74)
	at com.netflix.discovery.shared.transport.decorator.RedirectingEurekaHttpClient.executeOnNewServer(RedirectingEurekaHttpClient.java:121)
	at com.netflix.discovery.shared.transport.decorator.RedirectingEurekaHttpClient.execute(RedirectingEurekaHttpClient.java:80)
	at com.netflix.discovery.shared.transport.decorator.EurekaHttpClientDecorator.cancel(EurekaHttpClientDecorator.java:71)
	at com.netflix.discovery.shared.transport.decorator.EurekaHttpClientDecorator$2.execute(EurekaHttpClientDecorator.java:74)
	at com.netflix.discovery.shared.transport.decorator.RetryableEurekaHttpClient.execute(RetryableEurekaHttpClient.java:120)
	at com.netflix.discovery.shared.transport.decorator.EurekaHttpClientDecorator.cancel(EurekaHttpClientDecorator.java:71)
	at com.netflix.discovery.shared.transport.decorator.EurekaHttpClientDecorator$2.execute(EurekaHttpClientDecorator.java:74)
	at com.netflix.discovery.shared.transport.decorator.SessionedEurekaHttpClient.execute(SessionedEurekaHttpClient.java:77)
	at com.netflix.discovery.shared.transport.decorator.EurekaHttpClientDecorator.cancel(EurekaHttpClientDecorator.java:71)
	at com.netflix.discovery.DiscoveryClient.unregister(DiscoveryClient.java:972)
	at com.netflix.discovery.DiscoveryClient.shutdown(DiscoveryClient.java:948)
	at java.base/jdk.internal.reflect.DirectMethodHandleAccessor.invoke(DirectMethodHandleAccessor.java:103)
	at java.base/java.lang.reflect.Method.invoke(Method.java:580)
	at org.springframework.beans.factory.annotation.InitDestroyAnnotationBeanPostProcessor$LifecycleElement.invoke(InitDestroyAnnotationBeanPostProcessor.java:389)
	at org.springframework.beans.factory.annotation.InitDestroyAnnotationBeanPostProcessor$LifecycleMetadata.invokeDestroyMethods(InitDestroyAnnotationBeanPostProcessor.java:347)
	at org.springframework.beans.factory.annotation.InitDestroyAnnotationBeanPostProcessor.postProcessBeforeDestruction(InitDestroyAnnotationBeanPostProcessor.java:177)
	at org.springframework.beans.factory.support.DisposableBeanAdapter.destroy(DisposableBeanAdapter.java:197)
	at org.springframework.beans.factory.support.DisposableBeanAdapter.run(DisposableBeanAdapter.java:190)
	at org.springframework.cloud.context.scope.GenericScope$BeanLifecycleWrapper.destroy(GenericScope.java:390)
	at org.springframework.cloud.context.scope.GenericScope.destroy(GenericScope.java:136)
	at org.springframework.beans.factory.support.DisposableBeanAdapter.destroy(DisposableBeanAdapter.java:213)
	at org.springframework.beans.factory.support.DefaultSingletonBeanRegistry.destroyBean(DefaultSingletonBeanRegistry.java:587)
	at org.springframework.beans.factory.support.DefaultSingletonBeanRegistry.destroySingleton(DefaultSingletonBeanRegistry.java:559)
	at org.springframework.beans.factory.support.DefaultListableBeanFactory.destroySingleton(DefaultListableBeanFactory.java:1163)
	at org.springframework.beans.factory.support.DefaultSingletonBeanRegistry.destroySingletons(DefaultSingletonBeanRegistry.java:520)
	at org.springframework.beans.factory.support.DefaultListableBeanFactory.destroySingletons(DefaultListableBeanFactory.java:1156)
	at org.springframework.context.support.AbstractApplicationContext.destroyBeans(AbstractApplicationContext.java:1106)
	at org.springframework.context.support.AbstractApplicationContext.doClose(AbstractApplicationContext.java:1075)
	at org.springframework.boot.web.servlet.context.ServletWebServerApplicationContext.doClose(ServletWebServerApplicationContext.java:174)
	at org.springframework.context.support.AbstractApplicationContext.close(AbstractApplicationContext.java:1021)
	at org.springframework.boot.SpringApplicationShutdownHook.closeAndWait(SpringApplicationShutdownHook.java:145)
	at java.base/java.lang.Iterable.forEach(Iterable.java:75)
	at org.springframework.boot.SpringApplicationShutdownHook.run(SpringApplicationShutdownHook.java:114)
	at java.base/java.lang.Thread.run(Thread.java:1583)
Caused by: org.apache.http.conn.HttpHostConnectException: Connect to 127.0.0.1:8761 [/127.0.0.1] failed: Connection refused: connect
	at org.apache.http.impl.conn.DefaultHttpClientConnectionOperator.connect(DefaultHttpClientConnectionOperator.java:156)
	at org.apache.http.impl.conn.PoolingHttpClientConnectionManager.connect(PoolingHttpClientConnectionManager.java:376)
	at org.apache.http.impl.execchain.MainClientExec.establishRoute(MainClientExec.java:393)
	at org.apache.http.impl.execchain.MainClientExec.execute(MainClientExec.java:236)
	at org.apache.http.impl.execchain.ProtocolExec.execute(ProtocolExec.java:186)
	at org.apache.http.impl.execchain.RetryExec.execute(RetryExec.java:89)
	at org.apache.http.impl.execchain.RedirectExec.execute(RedirectExec.java:110)
	at org.apache.http.impl.client.InternalHttpClient.doExecute(InternalHttpClient.java:185)
	at org.apache.http.impl.client.CloseableHttpClient.execute(CloseableHttpClient.java:83)
	at org.apache.http.impl.client.CloseableHttpClient.execute(CloseableHttpClient.java:56)
	at org.springframework.http.client.HttpComponentsClientHttpRequest.executeInternal(HttpComponentsClientHttpRequest.java:87)
	at org.springframework.http.client.AbstractBufferingClientHttpRequest.executeInternal(AbstractBufferingClientHttpRequest.java:48)
	at org.springframework.http.client.AbstractClientHttpRequest.execute(AbstractClientHttpRequest.java:66)
	at org.springframework.web.client.RestTemplate.doExecute(RestTemplate.java:776)
	... 38 more
Caused by: java.net.ConnectException: Connection refused: connect
	at java.base/sun.nio.ch.Net.connect0(Native Method)
	at java.base/sun.nio.ch.Net.connect(Net.java:589)
	at java.base/sun.nio.ch.Net.connect(Net.java:578)
	at java.base/sun.nio.ch.NioSocketImpl.connect(NioSocketImpl.java:583)
	at java.base/java.net.SocksSocketImpl.connect(SocksSocketImpl.java:327)
	at java.base/java.net.Socket.connect(Socket.java:751)
	at org.apache.http.conn.socket.PlainConnectionSocketFactory.connectSocket(PlainConnectionSocketFactory.java:75)
	at org.apache.http.impl.conn.DefaultHttpClientConnectionOperator.connect(DefaultHttpClientConnectionOperator.java:142)
	... 51 more

15-04-2026 10:04:43.0149|INFO |Completed shut down of DiscoveryClient
15-04-2026 10:04:43.0210|INFO |Completed shut down of DiscoveryClient
15-04-2026 18:42:02.0657|INFO |The Class-Path manifest attribute in C:\Users\rania\.m2\repository\org\glassfish\ha\ha-api\3.1.9\ha-api-3.1.9.jar referenced one or more files that do not exist: file:/C:/Users/rania/.m2/repository/org/glassfish/ha/ha-api/3.1.9/hk2-core.jar,file:/C:/Users/rania/.m2/repository/org/glassfish/ha/ha-api/3.1.9/class-model.jar,file:/C:/Users/rania/.m2/repository/org/glassfish/ha/ha-api/3.1.9/config.jar,file:/C:/Users/rania/.m2/repository/org/glassfish/ha/ha-api/3.1.9/auto-depends.jar,file:/C:/Users/rania/.m2/repository/org/glassfish/ha/ha-api/3.1.9/javax.inject.jar,file:/C:/Users/rania/.m2/repository/org/glassfish/ha/ha-api/3.1.9/asm-all-repackaged.jar,file:/C:/Users/rania/.m2/repository/org/glassfish/ha/ha-api/3.1.9/hk2-api.jar,file:/C:/Users/rania/.m2/repository/org/glassfish/ha/ha-api/3.1.9/osgi-resource-locator.jar,file:/C:/Users/rania/.m2/repository/org/glassfish/ha/ha-api/3.1.9/tiger-types.jar,file:/C:/Users/rania/.m2/repository/org/glassfish/ha/ha-api/3.1.9/bean-validator.jar,file:/C:/Users/rania/.m2/repository/org/glassfish/ha/ha-api/3.1.9/jtype.jar
15-04-2026 18:42:02.0667|INFO |Devtools property defaults active! Set 'spring.devtools.add-properties' to 'false' to disable
15-04-2026 18:42:02.0669|INFO |For additional web related logging consider setting the 'logging.level.web' property to 'DEBUG'
15-04-2026 18:42:09.0165|INFO |Bootstrapping Spring Data JPA repositories in DEFAULT mode.
15-04-2026 18:42:10.0265|INFO |Finished Spring Data repository scanning in 1065 ms. Found 14 JPA repository interfaces.
15-04-2026 18:42:11.0876|INFO |BeanFactory id=a639bb80-ea1a-3ad9-a3f4-e7868f41c1e4
15-04-2026 18:42:15.0396|INFO |Tomcat initialized with port(s): 8060 (http)
15-04-2026 18:42:15.0469|INFO |Starting service [Tomcat]
15-04-2026 18:42:15.0498|INFO |Starting Servlet engine: [Apache Tomcat/9.0.65]
15-04-2026 18:42:17.0524|INFO |At least one JAR was scanned for TLDs yet contained no TLDs. Enable debug logging for this logger for a complete list of JARs that were scanned but no TLDs were found in them. Skipping unneeded JARs during scanning can improve startup time and JSP compilation time.
15-04-2026 18:42:17.0542|INFO |Initializing Spring embedded WebApplicationContext
15-04-2026 18:42:17.0543|INFO |Root WebApplicationContext: initialization completed in 14870 ms
15-04-2026 18:42:18.0662|INFO |HHH000204: Processing PersistenceUnitInfo [name: default]
15-04-2026 18:42:18.0951|INFO |HHH000412: Hibernate ORM core version 5.6.11.Final
15-04-2026 18:42:19.0849|INFO |HCANN000001: Hibernate Commons Annotations {5.1.2.Final}
15-04-2026 18:42:20.0604|INFO |HHH000400: Using dialect: org.hibernate.dialect.PostgreSQLDialect
15-04-2026 18:42:25.0250|INFO |HikariPool-1 - Starting...
15-04-2026 18:42:25.0958|INFO |HikariPool-1 - Start completed.
15-04-2026 18:42:26.0274|INFO |HHH000490: Using JtaPlatform implementation: [org.hibernate.engine.transaction.jta.platform.internal.NoJtaPlatform]
15-04-2026 18:42:26.0309|INFO |Initialized JPA EntityManagerFactory for persistence unit 'default'
15-04-2026 18:42:37.0768|INFO |Eureka HTTP Client uses RestTemplate.
15-04-2026 18:42:37.0958|INFO |Exposing 1 endpoint(s) beneath base path '/actuator'
15-04-2026 18:42:38.0029|INFO |Setting initial instance status as: STARTING
15-04-2026 18:42:38.0129|INFO |Initializing Eureka in region us-east-1
15-04-2026 18:42:38.0142|INFO |Resolving eureka endpoints via configuration
15-04-2026 18:42:38.0195|INFO |Disable delta property : false
15-04-2026 18:42:38.0195|INFO |Single vip registry refresh property : null
15-04-2026 18:42:38.0195|INFO |Force full registry fetch : false
15-04-2026 18:42:38.0196|INFO |Application is null : false
15-04-2026 18:42:38.0196|INFO |Registered Applications size is zero : true
15-04-2026 18:42:38.0196|INFO |Application version is -1: true
15-04-2026 18:42:38.0196|INFO |Getting all instance registry info from the eureka server
15-04-2026 18:42:39.0106|INFO |The response status is 200
15-04-2026 18:42:39.0111|INFO |Starting heartbeat executor: renew interval is: 30
15-04-2026 18:42:39.0115|INFO |InstanceInfoReplicator onDemand update allowed rate per min is 4
15-04-2026 18:42:39.0124|INFO |Discovery Client initialized at timestamp 1776274959122 with initial instances count: 0
15-04-2026 18:42:39.0131|INFO |Registering application ADMINISTRATION-SERVICE with eureka with status UP
15-04-2026 18:42:39.0132|INFO |Saw local status change event StatusChangeEvent [timestamp=1776274959132, current=UP, previous=STARTING]
15-04-2026 18:42:39.0136|INFO |DiscoveryClient_ADMINISTRATION-SERVICE/RANIA:administration-service:8060: registering service...
15-04-2026 18:42:39.0208|INFO |Tomcat started on port(s): 8060 (http) with context path ''
15-04-2026 18:42:39.0209|INFO |Updating port to 8060
15-04-2026 18:42:39.0315|INFO |Starting Completed ...
15-04-2026 18:42:39.0453|INFO |DiscoveryClient_ADMINISTRATION-SERVICE/RANIA:administration-service:8060 - registration status: 204
15-04-2026 18:42:59.0979|INFO |The Class-Path manifest attribute in C:\Users\rania\.m2\repository\org\glassfish\ha\ha-api\3.1.9\ha-api-3.1.9.jar referenced one or more files that do not exist: file:/C:/Users/rania/.m2/repository/org/glassfish/ha/ha-api/3.1.9/hk2-core.jar,file:/C:/Users/rania/.m2/repository/org/glassfish/ha/ha-api/3.1.9/class-model.jar,file:/C:/Users/rania/.m2/repository/org/glassfish/ha/ha-api/3.1.9/config.jar,file:/C:/Users/rania/.m2/repository/org/glassfish/ha/ha-api/3.1.9/auto-depends.jar,file:/C:/Users/rania/.m2/repository/org/glassfish/ha/ha-api/3.1.9/javax.inject.jar,file:/C:/Users/rania/.m2/repository/org/glassfish/ha/ha-api/3.1.9/asm-all-repackaged.jar,file:/C:/Users/rania/.m2/repository/org/glassfish/ha/ha-api/3.1.9/hk2-api.jar,file:/C:/Users/rania/.m2/repository/org/glassfish/ha/ha-api/3.1.9/osgi-resource-locator.jar,file:/C:/Users/rania/.m2/repository/org/glassfish/ha/ha-api/3.1.9/tiger-types.jar,file:/C:/Users/rania/.m2/repository/org/glassfish/ha/ha-api/3.1.9/bean-validator.jar,file:/C:/Users/rania/.m2/repository/org/glassfish/ha/ha-api/3.1.9/jtype.jar
15-04-2026 18:42:59.0985|INFO |Devtools property defaults active! Set 'spring.devtools.add-properties' to 'false' to disable
15-04-2026 18:42:59.0985|INFO |For additional web related logging consider setting the 'logging.level.web' property to 'DEBUG'
15-04-2026 18:43:02.0886|INFO |Bootstrapping Spring Data JPA repositories in DEFAULT mode.
15-04-2026 18:43:03.0286|INFO |Finished Spring Data repository scanning in 376 ms. Found 12 JPA repository interfaces.
15-04-2026 18:43:03.0688|INFO |BeanFactory id=74b387d1-e6b4-3ec6-93fb-093986ce2e9d
15-04-2026 18:43:04.0484|INFO |Tomcat initialized with port(s): 8063 (http)
15-04-2026 18:43:04.0498|INFO |Starting service [Tomcat]
15-04-2026 18:43:04.0498|INFO |Starting Servlet engine: [Apache Tomcat/9.0.65]
15-04-2026 18:43:04.0888|INFO |At least one JAR was scanned for TLDs yet contained no TLDs. Enable debug logging for this logger for a complete list of JARs that were scanned but no TLDs were found in them. Skipping unneeded JARs during scanning can improve startup time and JSP compilation time.
15-04-2026 18:43:04.0894|INFO |Initializing Spring embedded WebApplicationContext
15-04-2026 18:43:04.0894|INFO |Root WebApplicationContext: initialization completed in 4907 ms
15-04-2026 18:43:05.0224|INFO |HHH000204: Processing PersistenceUnitInfo [name: default]
15-04-2026 18:43:05.0294|INFO |HHH000412: Hibernate ORM core version 5.6.11.Final
15-04-2026 18:43:05.0528|INFO |HCANN000001: Hibernate Commons Annotations {5.1.2.Final}
15-04-2026 18:43:05.0694|INFO |HHH000400: Using dialect: org.hibernate.dialect.PostgreSQLDialect
15-04-2026 18:43:06.0873|INFO |HikariPool-1 - Starting...
15-04-2026 18:43:07.0049|INFO |HikariPool-1 - Start completed.
15-04-2026 18:43:07.0383|INFO |HHH000490: Using JtaPlatform implementation: [org.hibernate.engine.transaction.jta.platform.internal.NoJtaPlatform]
15-04-2026 18:43:07.0404|INFO |Initialized JPA EntityManagerFactory for persistence unit 'default'
15-04-2026 18:43:09.0119|INFO |Disable delta property : false
15-04-2026 18:43:09.0119|INFO |Single vip registry refresh property : null
15-04-2026 18:43:09.0119|INFO |Force full registry fetch : false
15-04-2026 18:43:09.0119|INFO |Application is null : false
15-04-2026 18:43:09.0119|INFO |Registered Applications size is zero : true
15-04-2026 18:43:09.0119|INFO |Application version is -1: false
15-04-2026 18:43:09.0119|INFO |Getting all instance registry info from the eureka server
15-04-2026 18:43:09.0151|INFO |The response status is 200
15-04-2026 18:43:09.0615|INFO |Eureka HTTP Client uses RestTemplate.
15-04-2026 18:43:09.0728|INFO |Exposing 1 endpoint(s) beneath base path '/actuator'
15-04-2026 18:43:09.0771|INFO |Setting initial instance status as: STARTING
15-04-2026 18:43:09.0829|INFO |Initializing Eureka in region us-east-1
15-04-2026 18:43:09.0839|INFO |Resolving eureka endpoints via configuration
15-04-2026 18:43:09.0889|INFO |Disable delta property : false
15-04-2026 18:43:09.0889|INFO |Single vip registry refresh property : null
15-04-2026 18:43:09.0889|INFO |Force full registry fetch : false
15-04-2026 18:43:09.0890|INFO |Application is null : false
15-04-2026 18:43:09.0890|INFO |Registered Applications size is zero : true
15-04-2026 18:43:09.0891|INFO |Application version is -1: true
15-04-2026 18:43:09.0891|INFO |Getting all instance registry info from the eureka server
15-04-2026 18:43:10.0373|INFO |The response status is 200
15-04-2026 18:43:10.0380|INFO |Starting heartbeat executor: renew interval is: 30
15-04-2026 18:43:10.0384|INFO |InstanceInfoReplicator onDemand update allowed rate per min is 4
15-04-2026 18:43:10.0391|INFO |Discovery Client initialized at timestamp 1776274990389 with initial instances count: 2
15-04-2026 18:43:10.0392|INFO |Registering application ETABLISSEMENT-SERVICE with eureka with status UP
15-04-2026 18:43:10.0394|INFO |Saw local status change event StatusChangeEvent [timestamp=1776274990394, current=UP, previous=STARTING]
15-04-2026 18:43:10.0397|INFO |DiscoveryClient_ETABLISSEMENT-SERVICE/RANIA:etablissement-service:8063: registering service...
15-04-2026 18:43:10.0464|INFO |Tomcat started on port(s): 8063 (http) with context path ''
15-04-2026 18:43:10.0466|INFO |Updating port to 8063
15-04-2026 18:43:10.0485|INFO |DiscoveryClient_ETABLISSEMENT-SERVICE/RANIA:etablissement-service:8063 - registration status: 204
15-04-2026 18:43:10.0523|INFO |Starting Completed ...
15-04-2026 18:46:53.0576|INFO |Initializing Spring DispatcherServlet 'dispatcherServlet'
15-04-2026 18:46:53.0576|INFO |Initializing Servlet 'dispatcherServlet'
15-04-2026 18:46:53.0578|INFO |Completed initialization in 1 ms
15-04-2026 18:47:04.0898|INFO |Initializing Spring DispatcherServlet 'dispatcherServlet'
15-04-2026 18:47:04.0902|INFO |Initializing Servlet 'dispatcherServlet'
15-04-2026 18:47:04.0909|INFO |Completed initialization in 7 ms
15-04-2026 18:47:38.0206|INFO |Resolving eureka endpoints via configuration
15-04-2026 18:48:09.0908|INFO |Resolving eureka endpoints via configuration
15-04-2026 18:52:38.0219|INFO |Resolving eureka endpoints via configuration
15-04-2026 18:53:09.0926|INFO |Resolving eureka endpoints via configuration
15-04-2026 18:57:38.0234|INFO |Resolving eureka endpoints via configuration
15-04-2026 18:58:09.0942|INFO |Resolving eureka endpoints via configuration
15-04-2026 19:02:38.0249|INFO |Resolving eureka endpoints via configuration
15-04-2026 19:03:09.0945|INFO |Resolving eureka endpoints via configuration
15-04-2026 19:07:38.0258|INFO |Resolving eureka endpoints via configuration
15-04-2026 19:08:09.0951|INFO |Resolving eureka endpoints via configuration
15-04-2026 19:12:38.0268|INFO |Resolving eureka endpoints via configuration
15-04-2026 19:13:09.0956|INFO |Resolving eureka endpoints via configuration
15-04-2026 19:17:38.0284|INFO |Resolving eureka endpoints via configuration
15-04-2026 19:18:09.0970|INFO |Resolving eureka endpoints via configuration
15-04-2026 19:22:38.0299|INFO |Resolving eureka endpoints via configuration
15-04-2026 19:23:09.0978|INFO |Resolving eureka endpoints via configuration
15-04-2026 19:27:38.0304|INFO |Resolving eureka endpoints via configuration
15-04-2026 19:28:09.0985|INFO |Resolving eureka endpoints via configuration
15-04-2026 19:32:38.0310|INFO |Resolving eureka endpoints via configuration
15-04-2026 19:33:09.0999|INFO |Resolving eureka endpoints via configuration
15-04-2026 19:37:39.0883|INFO |Resolving eureka endpoints via configuration
15-04-2026 19:38:10.0007|INFO |Resolving eureka endpoints via configuration
15-04-2026 19:42:40.0350|INFO |Resolving eureka endpoints via configuration
15-04-2026 19:43:10.0015|INFO |Resolving eureka endpoints via configuration
15-04-2026 19:47:40.0356|INFO |Resolving eureka endpoints via configuration
15-04-2026 19:48:10.0017|INFO |Resolving eureka endpoints via configuration
15-04-2026 19:52:40.0363|INFO |Resolving eureka endpoints via configuration
15-04-2026 19:53:10.0021|INFO |Resolving eureka endpoints via configuration
15-04-2026 19:57:40.0367|INFO |Resolving eureka endpoints via configuration
15-04-2026 19:58:10.0022|INFO |Resolving eureka endpoints via configuration
15-04-2026 20:02:40.0380|INFO |Resolving eureka endpoints via configuration
15-04-2026 20:03:10.0039|INFO |Resolving eureka endpoints via configuration
15-04-2026 20:07:40.0389|INFO |Resolving eureka endpoints via configuration
15-04-2026 20:08:10.0049|INFO |Resolving eureka endpoints via configuration
15-04-2026 20:12:40.0400|INFO |Resolving eureka endpoints via configuration
15-04-2026 20:13:10.0052|INFO |Resolving eureka endpoints via configuration
15-04-2026 20:16:16.0880|INFO |Unregistering application ADMINISTRATION-SERVICE with eureka with status DOWN
15-04-2026 20:16:16.0881|INFO |Saw local status change event StatusChangeEvent [timestamp=1776280576881, current=DOWN, previous=UP]
15-04-2026 20:16:16.0882|INFO |DiscoveryClient_ADMINISTRATION-SERVICE/RANIA:administration-service:8060: registering service...
15-04-2026 20:16:16.0906|INFO |DiscoveryClient_ADMINISTRATION-SERVICE/RANIA:administration-service:8060 - registration status: 204
15-04-2026 20:16:16.0976|INFO |Closing JPA EntityManagerFactory for persistence unit 'default'
15-04-2026 20:16:16.0990|INFO |HikariPool-1 - Shutdown initiated...
15-04-2026 20:16:16.0996|INFO |HikariPool-1 - Shutdown completed.
15-04-2026 20:16:17.0000|INFO |Shutting down DiscoveryClient ...
15-04-2026 20:16:20.0014|INFO |Unregistering ...
15-04-2026 20:16:20.0049|INFO |DiscoveryClient_ADMINISTRATION-SERVICE/RANIA:administration-service:8060 - deregister  status: 200
15-04-2026 20:16:20.0061|INFO |Completed shut down of DiscoveryClient
15-04-2026 20:16:30.0505|INFO |The Class-Path manifest attribute in C:\Users\rania\.m2\repository\org\glassfish\ha\ha-api\3.1.9\ha-api-3.1.9.jar referenced one or more files that do not exist: file:/C:/Users/rania/.m2/repository/org/glassfish/ha/ha-api/3.1.9/hk2-core.jar,file:/C:/Users/rania/.m2/repository/org/glassfish/ha/ha-api/3.1.9/class-model.jar,file:/C:/Users/rania/.m2/repository/org/glassfish/ha/ha-api/3.1.9/config.jar,file:/C:/Users/rania/.m2/repository/org/glassfish/ha/ha-api/3.1.9/auto-depends.jar,file:/C:/Users/rania/.m2/repository/org/glassfish/ha/ha-api/3.1.9/javax.inject.jar,file:/C:/Users/rania/.m2/repository/org/glassfish/ha/ha-api/3.1.9/asm-all-repackaged.jar,file:/C:/Users/rania/.m2/repository/org/glassfish/ha/ha-api/3.1.9/hk2-api.jar,file:/C:/Users/rania/.m2/repository/org/glassfish/ha/ha-api/3.1.9/osgi-resource-locator.jar,file:/C:/Users/rania/.m2/repository/org/glassfish/ha/ha-api/3.1.9/tiger-types.jar,file:/C:/Users/rania/.m2/repository/org/glassfish/ha/ha-api/3.1.9/bean-validator.jar,file:/C:/Users/rania/.m2/repository/org/glassfish/ha/ha-api/3.1.9/jtype.jar
15-04-2026 20:16:30.0508|INFO |Devtools property defaults active! Set 'spring.devtools.add-properties' to 'false' to disable
15-04-2026 20:16:30.0508|INFO |For additional web related logging consider setting the 'logging.level.web' property to 'DEBUG'
15-04-2026 20:16:32.0890|INFO |Bootstrapping Spring Data JPA repositories in DEFAULT mode.
15-04-2026 20:16:33.0196|INFO |Finished Spring Data repository scanning in 296 ms. Found 14 JPA repository interfaces.
15-04-2026 20:16:33.0567|INFO |BeanFactory id=a639bb80-ea1a-3ad9-a3f4-e7868f41c1e4
15-04-2026 20:16:34.0499|INFO |Tomcat initialized with port(s): 8060 (http)
15-04-2026 20:16:34.0512|INFO |Starting service [Tomcat]
15-04-2026 20:16:34.0512|INFO |Starting Servlet engine: [Apache Tomcat/9.0.65]
15-04-2026 20:16:34.0905|INFO |At least one JAR was scanned for TLDs yet contained no TLDs. Enable debug logging for this logger for a complete list of JARs that were scanned but no TLDs were found in them. Skipping unneeded JARs during scanning can improve startup time and JSP compilation time.
15-04-2026 20:16:34.0910|INFO |Initializing Spring embedded WebApplicationContext
15-04-2026 20:16:34.0910|INFO |Root WebApplicationContext: initialization completed in 4401 ms
15-04-2026 20:16:35.0302|INFO |HHH000204: Processing PersistenceUnitInfo [name: default]
15-04-2026 20:16:35.0396|INFO |HHH000412: Hibernate ORM core version 5.6.11.Final
15-04-2026 20:16:35.0647|INFO |HCANN000001: Hibernate Commons Annotations {5.1.2.Final}
15-04-2026 20:16:35.0817|INFO |HHH000400: Using dialect: org.hibernate.dialect.PostgreSQLDialect
15-04-2026 20:16:36.0954|INFO |HikariPool-1 - Starting...
15-04-2026 20:16:37.0117|INFO |HikariPool-1 - Start completed.
15-04-2026 20:16:37.0254|INFO |HHH000490: Using JtaPlatform implementation: [org.hibernate.engine.transaction.jta.platform.internal.NoJtaPlatform]
15-04-2026 20:16:37.0277|INFO |Initialized JPA EntityManagerFactory for persistence unit 'default'
15-04-2026 20:16:41.0005|INFO |Eureka HTTP Client uses RestTemplate.
15-04-2026 20:16:41.0119|INFO |Exposing 1 endpoint(s) beneath base path '/actuator'
15-04-2026 20:16:41.0161|INFO |Setting initial instance status as: STARTING
15-04-2026 20:16:41.0231|INFO |Initializing Eureka in region us-east-1
15-04-2026 20:16:41.0240|INFO |Resolving eureka endpoints via configuration
15-04-2026 20:16:41.0273|INFO |Disable delta property : false
15-04-2026 20:16:41.0273|INFO |Single vip registry refresh property : null
15-04-2026 20:16:41.0273|INFO |Force full registry fetch : false
15-04-2026 20:16:41.0274|INFO |Application is null : false
15-04-2026 20:16:41.0274|INFO |Registered Applications size is zero : true
15-04-2026 20:16:41.0274|INFO |Application version is -1: true
15-04-2026 20:16:41.0274|INFO |Getting all instance registry info from the eureka server
15-04-2026 20:16:41.0693|INFO |The response status is 200
15-04-2026 20:16:41.0697|INFO |Starting heartbeat executor: renew interval is: 30
15-04-2026 20:16:41.0701|INFO |InstanceInfoReplicator onDemand update allowed rate per min is 4
15-04-2026 20:16:41.0708|INFO |Discovery Client initialized at timestamp 1776280601707 with initial instances count: 2
15-04-2026 20:16:41.0711|INFO |Registering application ADMINISTRATION-SERVICE with eureka with status UP
15-04-2026 20:16:41.0712|INFO |Saw local status change event StatusChangeEvent [timestamp=1776280601712, current=UP, previous=STARTING]
15-04-2026 20:16:41.0715|INFO |DiscoveryClient_ADMINISTRATION-SERVICE/RANIA:administration-service:8060: registering service...
15-04-2026 20:16:41.0778|INFO |Tomcat started on port(s): 8060 (http) with context path ''
15-04-2026 20:16:41.0779|INFO |Updating port to 8060
15-04-2026 20:16:41.0795|INFO |DiscoveryClient_ADMINISTRATION-SERVICE/RANIA:administration-service:8060 - registration status: 204
15-04-2026 20:16:41.0820|INFO |Starting Completed ...
15-04-2026 20:17:09.0618|INFO |Initializing Spring DispatcherServlet 'dispatcherServlet'
15-04-2026 20:17:09.0620|INFO |Initializing Servlet 'dispatcherServlet'
15-04-2026 20:17:09.0627|INFO |Completed initialization in 6 ms
15-04-2026 20:18:10.0065|INFO |Resolving eureka endpoints via configuration
15-04-2026 20:21:41.0283|INFO |Resolving eureka endpoints via configuration
15-04-2026 20:23:10.0080|INFO |Resolving eureka endpoints via configuration
15-04-2026 20:26:41.0291|INFO |Resolving eureka endpoints via configuration
15-04-2026 20:28:10.0083|INFO |Resolving eureka endpoints via configuration
15-04-2026 20:31:41.0294|INFO |Resolving eureka endpoints via configuration
15-04-2026 20:33:10.0085|INFO |Resolving eureka endpoints via configuration
15-04-2026 20:36:41.0300|INFO |Resolving eureka endpoints via configuration
15-04-2026 20:38:10.0101|INFO |Resolving eureka endpoints via configuration
15-04-2026 20:41:41.0306|INFO |Resolving eureka endpoints via configuration
15-04-2026 20:43:10.0104|INFO |Resolving eureka endpoints via configuration
15-04-2026 20:46:41.0320|INFO |Resolving eureka endpoints via configuration
15-04-2026 20:48:10.0114|INFO |Resolving eureka endpoints via configuration
15-04-2026 20:51:41.0325|INFO |Resolving eureka endpoints via configuration
15-04-2026 20:53:10.0121|INFO |Resolving eureka endpoints via configuration
15-04-2026 20:56:41.0339|INFO |Resolving eureka endpoints via configuration
15-04-2026 20:58:10.0132|INFO |Resolving eureka endpoints via configuration
15-04-2026 21:01:41.0348|INFO |Resolving eureka endpoints via configuration
15-04-2026 21:03:10.0137|INFO |Resolving eureka endpoints via configuration
15-04-2026 21:06:41.0350|INFO |Resolving eureka endpoints via configuration
15-04-2026 21:08:10.0146|INFO |Resolving eureka endpoints via configuration
15-04-2026 21:11:41.0365|INFO |Resolving eureka endpoints via configuration
15-04-2026 21:13:10.0155|INFO |Resolving eureka endpoints via configuration
15-04-2026 21:16:41.0374|INFO |Resolving eureka endpoints via configuration
15-04-2026 21:18:10.0165|INFO |Resolving eureka endpoints via configuration
15-04-2026 21:21:41.0378|INFO |Resolving eureka endpoints via configuration
15-04-2026 21:23:10.0178|INFO |Resolving eureka endpoints via configuration
15-04-2026 21:26:41.0393|INFO |Resolving eureka endpoints via configuration
15-04-2026 21:28:10.0192|INFO |Resolving eureka endpoints via configuration
15-04-2026 21:31:41.0404|INFO |Resolving eureka endpoints via configuration
15-04-2026 21:33:10.0204|INFO |Resolving eureka endpoints via configuration
15-04-2026 21:36:41.0417|INFO |Resolving eureka endpoints via configuration
15-04-2026 21:38:10.0217|INFO |Resolving eureka endpoints via configuration
15-04-2026 21:41:41.0429|INFO |Resolving eureka endpoints via configuration
15-04-2026 21:43:10.0232|INFO |Resolving eureka endpoints via configuration
15-04-2026 21:46:41.0445|INFO |Resolving eureka endpoints via configuration
15-04-2026 21:48:10.0248|INFO |Resolving eureka endpoints via configuration
15-04-2026 21:51:41.0454|INFO |Resolving eureka endpoints via configuration
15-04-2026 21:53:10.0260|INFO |Resolving eureka endpoints via configuration
15-04-2026 21:56:41.0465|INFO |Resolving eureka endpoints via configuration
15-04-2026 21:58:10.0277|INFO |Resolving eureka endpoints via configuration
15-04-2026 22:01:41.0479|INFO |Resolving eureka endpoints via configuration
15-04-2026 22:03:10.0290|INFO |Resolving eureka endpoints via configuration
15-04-2026 22:06:41.0488|INFO |Resolving eureka endpoints via configuration
15-04-2026 22:08:10.0297|INFO |Resolving eureka endpoints via configuration
15-04-2026 22:11:41.0503|INFO |Resolving eureka endpoints via configuration
15-04-2026 22:13:10.0301|INFO |Resolving eureka endpoints via configuration
15-04-2026 22:16:41.0513|INFO |Resolving eureka endpoints via configuration
15-04-2026 22:18:10.0302|INFO |Resolving eureka endpoints via configuration
15-04-2026 22:21:41.0526|INFO |Resolving eureka endpoints via configuration
15-04-2026 22:23:10.0305|INFO |Resolving eureka endpoints via configuration
15-04-2026 22:26:41.0541|INFO |Resolving eureka endpoints via configuration
15-04-2026 22:28:10.0312|INFO |Resolving eureka endpoints via configuration
15-04-2026 22:31:41.0545|INFO |Resolving eureka endpoints via configuration
15-04-2026 22:33:10.0320|INFO |Resolving eureka endpoints via configuration
15-04-2026 22:36:41.0560|INFO |Resolving eureka endpoints via configuration
15-04-2026 22:38:10.0338|INFO |Resolving eureka endpoints via configuration
15-04-2026 22:41:41.0576|INFO |Resolving eureka endpoints via configuration
15-04-2026 22:43:10.0348|INFO |Resolving eureka endpoints via configuration
15-04-2026 22:46:41.0588|INFO |Resolving eureka endpoints via configuration
15-04-2026 22:48:10.0355|INFO |Resolving eureka endpoints via configuration
15-04-2026 22:51:41.0606|INFO |Resolving eureka endpoints via configuration
15-04-2026 22:53:10.0365|INFO |Resolving eureka endpoints via configuration
15-04-2026 22:56:41.0619|INFO |Resolving eureka endpoints via configuration
15-04-2026 22:58:10.0375|INFO |Resolving eureka endpoints via configuration
15-04-2026 23:01:41.0630|INFO |Resolving eureka endpoints via configuration
15-04-2026 23:03:10.0375|INFO |Resolving eureka endpoints via configuration
15-04-2026 23:06:41.0642|INFO |Resolving eureka endpoints via configuration
15-04-2026 23:08:10.0390|INFO |Resolving eureka endpoints via configuration
15-04-2026 23:11:41.0655|INFO |Resolving eureka endpoints via configuration
15-04-2026 23:13:10.0401|INFO |Resolving eureka endpoints via configuration
15-04-2026 23:16:41.0671|INFO |Resolving eureka endpoints via configuration
15-04-2026 23:18:10.0408|INFO |Resolving eureka endpoints via configuration
15-04-2026 23:21:41.0686|INFO |Resolving eureka endpoints via configuration
15-04-2026 23:23:10.0415|INFO |Resolving eureka endpoints via configuration
15-04-2026 23:26:41.0704|INFO |Resolving eureka endpoints via configuration
15-04-2026 23:28:10.0440|INFO |Resolving eureka endpoints via configuration
15-04-2026 23:31:41.0715|INFO |Resolving eureka endpoints via configuration
15-04-2026 23:33:10.0449|INFO |Resolving eureka endpoints via configuration
15-04-2026 23:36:41.0717|INFO |Resolving eureka endpoints via configuration
15-04-2026 23:38:10.0456|INFO |Resolving eureka endpoints via configuration
15-04-2026 23:41:41.0746|INFO |Resolving eureka endpoints via configuration
15-04-2026 23:43:10.0473|INFO |Resolving eureka endpoints via configuration
15-04-2026 23:46:41.0763|INFO |Resolving eureka endpoints via configuration
15-04-2026 23:48:10.0489|INFO |Resolving eureka endpoints via configuration
15-04-2026 23:51:41.0775|INFO |Resolving eureka endpoints via configuration
15-04-2026 23:53:10.0502|INFO |Resolving eureka endpoints via configuration
