23-05-2026 19:14:04.0937|INFO |The Class-Path manifest attribute in C:\Users\rania\.m2\repository\org\glassfish\ha\ha-api\3.1.9\ha-api-3.1.9.jar referenced one or more files that do not exist: file:/C:/Users/rania/.m2/repository/org/glassfish/ha/ha-api/3.1.9/hk2-core.jar,file:/C:/Users/rania/.m2/repository/org/glassfish/ha/ha-api/3.1.9/class-model.jar,file:/C:/Users/rania/.m2/repository/org/glassfish/ha/ha-api/3.1.9/config.jar,file:/C:/Users/rania/.m2/repository/org/glassfish/ha/ha-api/3.1.9/auto-depends.jar,file:/C:/Users/rania/.m2/repository/org/glassfish/ha/ha-api/3.1.9/javax.inject.jar,file:/C:/Users/rania/.m2/repository/org/glassfish/ha/ha-api/3.1.9/asm-all-repackaged.jar,file:/C:/Users/rania/.m2/repository/org/glassfish/ha/ha-api/3.1.9/hk2-api.jar,file:/C:/Users/rania/.m2/repository/org/glassfish/ha/ha-api/3.1.9/osgi-resource-locator.jar,file:/C:/Users/rania/.m2/repository/org/glassfish/ha/ha-api/3.1.9/tiger-types.jar,file:/C:/Users/rania/.m2/repository/org/glassfish/ha/ha-api/3.1.9/bean-validator.jar,file:/C:/Users/rania/.m2/repository/org/glassfish/ha/ha-api/3.1.9/jtype.jar
23-05-2026 19:14:04.0956|INFO |Devtools property defaults active! Set 'spring.devtools.add-properties' to 'false' to disable
23-05-2026 19:14:04.0958|INFO |For additional web related logging consider setting the 'logging.level.web' property to 'DEBUG'
23-05-2026 19:14:10.0491|INFO |Bootstrapping Spring Data JPA repositories in DEFAULT mode.
23-05-2026 19:14:11.0169|INFO |Finished Spring Data repository scanning in 662 ms. Found 14 JPA repository interfaces.
23-05-2026 19:14:13.0463|INFO |BeanFactory id=a639bb80-ea1a-3ad9-a3f4-e7868f41c1e4
23-05-2026 19:14:17.0010|INFO |Tomcat initialized with port(s): 8060 (http)
23-05-2026 19:14:17.0073|INFO |Starting service [Tomcat]
23-05-2026 19:14:17.0078|INFO |Starting Servlet engine: [Apache Tomcat/9.0.65]
23-05-2026 19:14:18.0141|INFO |At least one JAR was scanned for TLDs yet contained no TLDs. Enable debug logging for this logger for a complete list of JARs that were scanned but no TLDs were found in them. Skipping unneeded JARs during scanning can improve startup time and JSP compilation time.
23-05-2026 19:14:18.0154|INFO |Initializing Spring embedded WebApplicationContext
23-05-2026 19:14:18.0155|INFO |Root WebApplicationContext: initialization completed in 13190 ms
23-05-2026 19:14:18.0972|INFO |HHH000204: Processing PersistenceUnitInfo [name: default]
23-05-2026 19:14:19.0139|INFO |HHH000412: Hibernate ORM core version 5.6.11.Final
23-05-2026 19:14:19.0701|INFO |HCANN000001: Hibernate Commons Annotations {5.1.2.Final}
23-05-2026 19:14:20.0163|INFO |HHH000400: Using dialect: org.hibernate.dialect.PostgreSQLDialect
23-05-2026 19:14:23.0640|INFO |HikariPool-1 - Starting...
23-05-2026 19:14:24.0082|INFO |HikariPool-1 - Start completed.
23-05-2026 19:14:24.0307|INFO |HHH000490: Using JtaPlatform implementation: [org.hibernate.engine.transaction.jta.platform.internal.NoJtaPlatform]
23-05-2026 19:14:24.0373|INFO |Initialized JPA EntityManagerFactory for persistence unit 'default'
23-05-2026 19:14:32.0961|INFO |The Class-Path manifest attribute in C:\Users\rania\.m2\repository\org\glassfish\ha\ha-api\3.1.9\ha-api-3.1.9.jar referenced one or more files that do not exist: file:/C:/Users/rania/.m2/repository/org/glassfish/ha/ha-api/3.1.9/hk2-core.jar,file:/C:/Users/rania/.m2/repository/org/glassfish/ha/ha-api/3.1.9/class-model.jar,file:/C:/Users/rania/.m2/repository/org/glassfish/ha/ha-api/3.1.9/config.jar,file:/C:/Users/rania/.m2/repository/org/glassfish/ha/ha-api/3.1.9/auto-depends.jar,file:/C:/Users/rania/.m2/repository/org/glassfish/ha/ha-api/3.1.9/javax.inject.jar,file:/C:/Users/rania/.m2/repository/org/glassfish/ha/ha-api/3.1.9/asm-all-repackaged.jar,file:/C:/Users/rania/.m2/repository/org/glassfish/ha/ha-api/3.1.9/hk2-api.jar,file:/C:/Users/rania/.m2/repository/org/glassfish/ha/ha-api/3.1.9/osgi-resource-locator.jar,file:/C:/Users/rania/.m2/repository/org/glassfish/ha/ha-api/3.1.9/tiger-types.jar,file:/C:/Users/rania/.m2/repository/org/glassfish/ha/ha-api/3.1.9/bean-validator.jar,file:/C:/Users/rania/.m2/repository/org/glassfish/ha/ha-api/3.1.9/jtype.jar
23-05-2026 19:14:32.0973|INFO |Devtools property defaults active! Set 'spring.devtools.add-properties' to 'false' to disable
23-05-2026 19:14:32.0975|INFO |For additional web related logging consider setting the 'logging.level.web' property to 'DEBUG'
23-05-2026 19:14:33.0276|INFO |Eureka HTTP Client uses RestTemplate.
23-05-2026 19:14:33.0524|INFO |Exposing 1 endpoint(s) beneath base path '/actuator'
23-05-2026 19:14:33.0637|INFO |Setting initial instance status as: STARTING
23-05-2026 19:14:33.0787|INFO |Initializing Eureka in region us-east-1
23-05-2026 19:14:33.0809|INFO |Resolving eureka endpoints via configuration
23-05-2026 19:14:33.0924|INFO |Disable delta property : false
23-05-2026 19:14:33.0925|INFO |Single vip registry refresh property : null
23-05-2026 19:14:33.0926|INFO |Force full registry fetch : false
23-05-2026 19:14:33.0926|INFO |Application is null : false
23-05-2026 19:14:33.0926|INFO |Registered Applications size is zero : true
23-05-2026 19:14:33.0927|INFO |Application version is -1: true
23-05-2026 19:14:33.0928|INFO |Getting all instance registry info from the eureka server
23-05-2026 19:14:34.0788|INFO |The response status is 200
23-05-2026 19:14:34.0797|INFO |Starting heartbeat executor: renew interval is: 30
23-05-2026 19:14:34.0806|INFO |InstanceInfoReplicator onDemand update allowed rate per min is 4
23-05-2026 19:14:34.0818|INFO |Discovery Client initialized at timestamp 1779560074816 with initial instances count: 1
23-05-2026 19:14:34.0823|INFO |Registering application ADMINISTRATION-SERVICE with eureka with status UP
23-05-2026 19:14:34.0827|INFO |Saw local status change event StatusChangeEvent [timestamp=1779560074827, current=UP, previous=STARTING]
23-05-2026 19:14:34.0834|INFO |DiscoveryClient_ADMINISTRATION-SERVICE/RANIA:administration-service:8060: registering service...
23-05-2026 19:14:34.0924|INFO |Tomcat started on port(s): 8060 (http) with context path ''
23-05-2026 19:14:34.0926|INFO |Updating port to 8060
23-05-2026 19:14:34.0951|INFO |DiscoveryClient_ADMINISTRATION-SERVICE/RANIA:administration-service:8060 - registration status: 204
23-05-2026 19:14:35.0018|INFO |Starting Completed ...
23-05-2026 19:14:37.0338|INFO |Bootstrapping Spring Data JPA repositories in DEFAULT mode.
23-05-2026 19:14:38.0203|INFO |Finished Spring Data repository scanning in 840 ms. Found 28 JPA repository interfaces.
23-05-2026 19:14:39.0005|INFO |BeanFactory id=c6eae668-41fa-368c-9e1b-1d588d105bef
23-05-2026 19:14:40.0441|INFO |Tomcat initialized with port(s): 8063 (http)
23-05-2026 19:14:40.0468|INFO |Starting service [Tomcat]
23-05-2026 19:14:40.0470|INFO |Starting Servlet engine: [Apache Tomcat/9.0.65]
23-05-2026 19:14:41.0235|INFO |At least one JAR was scanned for TLDs yet contained no TLDs. Enable debug logging for this logger for a complete list of JARs that were scanned but no TLDs were found in them. Skipping unneeded JARs during scanning can improve startup time and JSP compilation time.
23-05-2026 19:14:41.0257|INFO |Initializing Spring embedded WebApplicationContext
23-05-2026 19:14:41.0258|INFO |Root WebApplicationContext: initialization completed in 8280 ms
23-05-2026 19:14:42.0342|INFO |HHH000204: Processing PersistenceUnitInfo [name: default]
23-05-2026 19:14:42.0927|INFO |HHH000412: Hibernate ORM core version 5.6.11.Final
23-05-2026 19:14:44.0782|INFO |HCANN000001: Hibernate Commons Annotations {5.1.2.Final}
23-05-2026 19:14:45.0657|INFO |HHH000400: Using dialect: org.hibernate.dialect.PostgreSQLDialect
23-05-2026 19:14:52.0925|INFO |HikariPool-1 - Starting...
23-05-2026 19:14:53.0496|INFO |HikariPool-1 - Start completed.
23-05-2026 19:14:54.0586|INFO |HHH000490: Using JtaPlatform implementation: [org.hibernate.engine.transaction.jta.platform.internal.NoJtaPlatform]
23-05-2026 19:14:54.0635|INFO |Initialized JPA EntityManagerFactory for persistence unit 'default'
23-05-2026 19:15:02.0055|INFO |Eureka HTTP Client uses RestTemplate.
23-05-2026 19:15:02.0353|INFO |Exposing 1 endpoint(s) beneath base path '/actuator'
23-05-2026 19:15:02.0483|INFO |Setting initial instance status as: STARTING
23-05-2026 19:15:02.0655|INFO |Initializing Eureka in region us-east-1
23-05-2026 19:15:02.0674|INFO |Resolving eureka endpoints via configuration
23-05-2026 19:15:02.0773|INFO |Disable delta property : false
23-05-2026 19:15:02.0774|INFO |Single vip registry refresh property : null
23-05-2026 19:15:02.0774|INFO |Force full registry fetch : false
23-05-2026 19:15:02.0774|INFO |Application is null : false
23-05-2026 19:15:02.0775|INFO |Registered Applications size is zero : true
23-05-2026 19:15:02.0776|INFO |Application version is -1: true
23-05-2026 19:15:02.0776|INFO |Getting all instance registry info from the eureka server
23-05-2026 19:15:03.0920|INFO |The response status is 200
23-05-2026 19:15:03.0935|INFO |Starting heartbeat executor: renew interval is: 30
23-05-2026 19:15:03.0943|INFO |InstanceInfoReplicator onDemand update allowed rate per min is 4
23-05-2026 19:15:03.0959|INFO |Discovery Client initialized at timestamp 1779560103958 with initial instances count: 2
23-05-2026 19:15:03.0968|INFO |Registering application ETABLISSEMENT-SERVICE with eureka with status UP
23-05-2026 19:15:03.0970|INFO |Saw local status change event StatusChangeEvent [timestamp=1779560103970, current=UP, previous=STARTING]
23-05-2026 19:15:03.0981|INFO |DiscoveryClient_ETABLISSEMENT-SERVICE/RANIA:etablissement-service:8063: registering service...
23-05-2026 19:15:04.0082|INFO |Tomcat started on port(s): 8063 (http) with context path ''
23-05-2026 19:15:04.0085|INFO |Updating port to 8063
23-05-2026 19:15:04.0123|INFO |DiscoveryClient_ETABLISSEMENT-SERVICE/RANIA:etablissement-service:8063 - registration status: 204
23-05-2026 19:15:04.0184|INFO |Starting Completed ...
23-05-2026 19:18:03.0034|INFO |Initializing Spring DispatcherServlet 'dispatcherServlet'
23-05-2026 19:18:03.0035|INFO |Initializing Servlet 'dispatcherServlet'
23-05-2026 19:18:03.0042|INFO |Completed initialization in 7 ms
23-05-2026 19:18:27.0064|INFO |Initializing Spring DispatcherServlet 'dispatcherServlet'
23-05-2026 19:18:27.0065|INFO |Initializing Servlet 'dispatcherServlet'
23-05-2026 19:18:27.0068|INFO |Completed initialization in 3 ms
23-05-2026 19:19:33.0956|INFO |Resolving eureka endpoints via configuration
23-05-2026 19:20:02.0786|INFO |Resolving eureka endpoints via configuration
23-05-2026 19:24:33.0968|INFO |Resolving eureka endpoints via configuration
23-05-2026 19:25:02.0801|INFO |Resolving eureka endpoints via configuration
23-05-2026 19:29:33.0975|INFO |Resolving eureka endpoints via configuration
23-05-2026 19:30:02.0817|INFO |Resolving eureka endpoints via configuration
23-05-2026 19:34:33.0986|INFO |Resolving eureka endpoints via configuration
23-05-2026 19:35:02.0821|INFO |Resolving eureka endpoints via configuration
23-05-2026 19:39:33.0993|INFO |Resolving eureka endpoints via configuration
23-05-2026 19:40:02.0833|INFO |Resolving eureka endpoints via configuration
23-05-2026 19:44:34.0003|INFO |Resolving eureka endpoints via configuration
23-05-2026 19:45:02.0842|INFO |Resolving eureka endpoints via configuration
23-05-2026 19:49:34.0027|INFO |Resolving eureka endpoints via configuration
23-05-2026 19:50:02.0856|INFO |Resolving eureka endpoints via configuration
23-05-2026 19:54:34.0032|INFO |Resolving eureka endpoints via configuration
23-05-2026 19:55:02.0864|INFO |Resolving eureka endpoints via configuration
23-05-2026 19:59:34.0042|INFO |Resolving eureka endpoints via configuration
23-05-2026 20:00:02.0872|INFO |Resolving eureka endpoints via configuration
23-05-2026 20:04:34.0052|INFO |Resolving eureka endpoints via configuration
23-05-2026 20:05:02.0887|INFO |Resolving eureka endpoints via configuration
23-05-2026 20:09:34.0067|INFO |Resolving eureka endpoints via configuration
23-05-2026 20:10:02.0900|INFO |Resolving eureka endpoints via configuration
23-05-2026 20:14:34.0077|INFO |Resolving eureka endpoints via configuration
23-05-2026 20:15:02.0909|INFO |Resolving eureka endpoints via configuration
23-05-2026 20:19:34.0082|INFO |Resolving eureka endpoints via configuration
23-05-2026 20:20:02.0924|INFO |Resolving eureka endpoints via configuration
23-05-2026 20:24:34.0089|INFO |Resolving eureka endpoints via configuration
23-05-2026 20:25:02.0928|INFO |Resolving eureka endpoints via configuration
23-05-2026 20:29:34.0099|INFO |Resolving eureka endpoints via configuration
23-05-2026 20:30:02.0945|INFO |Resolving eureka endpoints via configuration
23-05-2026 20:34:34.0112|INFO |Resolving eureka endpoints via configuration
23-05-2026 20:35:02.0960|INFO |Resolving eureka endpoints via configuration
23-05-2026 20:39:34.0125|INFO |Resolving eureka endpoints via configuration
23-05-2026 20:40:02.0975|INFO |Resolving eureka endpoints via configuration
23-05-2026 20:44:34.0134|INFO |Resolving eureka endpoints via configuration
23-05-2026 20:45:02.0989|INFO |Resolving eureka endpoints via configuration
23-05-2026 20:49:34.0144|INFO |Resolving eureka endpoints via configuration
23-05-2026 20:50:03.0005|INFO |Resolving eureka endpoints via configuration
23-05-2026 20:54:34.0149|INFO |Resolving eureka endpoints via configuration
23-05-2026 20:55:03.0016|INFO |Resolving eureka endpoints via configuration
23-05-2026 20:59:34.0161|INFO |Resolving eureka endpoints via configuration
23-05-2026 21:00:03.0026|INFO |Resolving eureka endpoints via configuration
23-05-2026 21:04:34.0172|INFO |Resolving eureka endpoints via configuration
23-05-2026 21:05:03.0028|INFO |Resolving eureka endpoints via configuration
23-05-2026 21:09:34.0186|INFO |Resolving eureka endpoints via configuration
23-05-2026 21:10:03.0037|INFO |Resolving eureka endpoints via configuration
23-05-2026 21:14:34.0202|INFO |Resolving eureka endpoints via configuration
23-05-2026 21:15:03.0047|INFO |Resolving eureka endpoints via configuration
23-05-2026 21:19:34.0206|INFO |Resolving eureka endpoints via configuration
23-05-2026 21:20:03.0060|INFO |Resolving eureka endpoints via configuration
23-05-2026 21:24:34.0211|INFO |Resolving eureka endpoints via configuration
23-05-2026 21:25:03.0069|INFO |Resolving eureka endpoints via configuration
23-05-2026 21:29:34.0227|INFO |Resolving eureka endpoints via configuration
23-05-2026 21:30:03.0087|INFO |Resolving eureka endpoints via configuration
23-05-2026 21:34:34.0238|INFO |Resolving eureka endpoints via configuration
23-05-2026 21:35:03.0104|INFO |Resolving eureka endpoints via configuration
23-05-2026 21:39:34.0250|INFO |Resolving eureka endpoints via configuration
23-05-2026 21:40:03.0114|INFO |Resolving eureka endpoints via configuration
23-05-2026 21:44:34.0266|INFO |Resolving eureka endpoints via configuration
23-05-2026 21:45:03.0120|INFO |Resolving eureka endpoints via configuration
23-05-2026 21:46:33.0589|INFO |Unregistering application ETABLISSEMENT-SERVICE with eureka with status DOWN
23-05-2026 21:46:33.0590|INFO |Saw local status change event StatusChangeEvent [timestamp=1779569193590, current=DOWN, previous=UP]
23-05-2026 21:46:33.0590|INFO |DiscoveryClient_ETABLISSEMENT-SERVICE/RANIA:etablissement-service:8063: registering service...
23-05-2026 21:46:33.0628|INFO |DiscoveryClient_ETABLISSEMENT-SERVICE/RANIA:etablissement-service:8063 - registration status: 204
23-05-2026 21:46:33.0677|INFO |Closing JPA EntityManagerFactory for persistence unit 'default'
23-05-2026 21:46:33.0686|INFO |HikariPool-1 - Shutdown initiated...
23-05-2026 21:46:33.0693|INFO |HikariPool-1 - Shutdown completed.
23-05-2026 21:46:33.0698|INFO |Shutting down DiscoveryClient ...
23-05-2026 21:46:36.0706|INFO |Unregistering ...
23-05-2026 21:46:36.0748|INFO |DiscoveryClient_ETABLISSEMENT-SERVICE/RANIA:etablissement-service:8063 - deregister  status: 200
23-05-2026 21:46:36.0753|INFO |Completed shut down of DiscoveryClient
23-05-2026 21:46:53.0536|INFO |The Class-Path manifest attribute in C:\Users\rania\.m2\repository\org\glassfish\ha\ha-api\3.1.9\ha-api-3.1.9.jar referenced one or more files that do not exist: file:/C:/Users/rania/.m2/repository/org/glassfish/ha/ha-api/3.1.9/hk2-core.jar,file:/C:/Users/rania/.m2/repository/org/glassfish/ha/ha-api/3.1.9/class-model.jar,file:/C:/Users/rania/.m2/repository/org/glassfish/ha/ha-api/3.1.9/config.jar,file:/C:/Users/rania/.m2/repository/org/glassfish/ha/ha-api/3.1.9/auto-depends.jar,file:/C:/Users/rania/.m2/repository/org/glassfish/ha/ha-api/3.1.9/javax.inject.jar,file:/C:/Users/rania/.m2/repository/org/glassfish/ha/ha-api/3.1.9/asm-all-repackaged.jar,file:/C:/Users/rania/.m2/repository/org/glassfish/ha/ha-api/3.1.9/hk2-api.jar,file:/C:/Users/rania/.m2/repository/org/glassfish/ha/ha-api/3.1.9/osgi-resource-locator.jar,file:/C:/Users/rania/.m2/repository/org/glassfish/ha/ha-api/3.1.9/tiger-types.jar,file:/C:/Users/rania/.m2/repository/org/glassfish/ha/ha-api/3.1.9/bean-validator.jar,file:/C:/Users/rania/.m2/repository/org/glassfish/ha/ha-api/3.1.9/jtype.jar
23-05-2026 21:46:53.0540|INFO |Devtools property defaults active! Set 'spring.devtools.add-properties' to 'false' to disable
23-05-2026 21:46:53.0541|INFO |For additional web related logging consider setting the 'logging.level.web' property to 'DEBUG'
23-05-2026 21:46:56.0039|INFO |Bootstrapping Spring Data JPA repositories in DEFAULT mode.
23-05-2026 21:46:56.0591|INFO |Finished Spring Data repository scanning in 534 ms. Found 29 JPA repository interfaces.
23-05-2026 21:46:57.0246|INFO |BeanFactory id=18f72454-71ca-37b4-a21b-45b8c48432f1
23-05-2026 21:46:58.0581|INFO |Tomcat initialized with port(s): 8063 (http)
23-05-2026 21:46:58.0600|INFO |Starting service [Tomcat]
23-05-2026 21:46:58.0601|INFO |Starting Servlet engine: [Apache Tomcat/9.0.65]
23-05-2026 21:46:59.0020|INFO |At least one JAR was scanned for TLDs yet contained no TLDs. Enable debug logging for this logger for a complete list of JARs that were scanned but no TLDs were found in them. Skipping unneeded JARs during scanning can improve startup time and JSP compilation time.
23-05-2026 21:46:59.0028|INFO |Initializing Spring embedded WebApplicationContext
23-05-2026 21:46:59.0029|INFO |Root WebApplicationContext: initialization completed in 5486 ms
23-05-2026 21:46:59.0501|INFO |HHH000204: Processing PersistenceUnitInfo [name: default]
23-05-2026 21:46:59.0647|INFO |HHH000412: Hibernate ORM core version 5.6.11.Final
23-05-2026 21:47:00.0040|INFO |HCANN000001: Hibernate Commons Annotations {5.1.2.Final}
23-05-2026 21:47:00.0323|INFO |HHH000400: Using dialect: org.hibernate.dialect.PostgreSQLDialect
23-05-2026 21:47:02.0244|INFO |HikariPool-1 - Starting...
23-05-2026 21:47:02.0486|INFO |HikariPool-1 - Start completed.
23-05-2026 21:47:03.0048|INFO |HHH000490: Using JtaPlatform implementation: [org.hibernate.engine.transaction.jta.platform.internal.NoJtaPlatform]
23-05-2026 21:47:03.0070|INFO |Initialized JPA EntityManagerFactory for persistence unit 'default'
23-05-2026 21:47:06.0973|INFO |Eureka HTTP Client uses RestTemplate.
23-05-2026 21:47:07.0110|INFO |Exposing 1 endpoint(s) beneath base path '/actuator'
23-05-2026 21:47:07.0165|INFO |Setting initial instance status as: STARTING
23-05-2026 21:47:07.0237|INFO |Initializing Eureka in region us-east-1
23-05-2026 21:47:07.0248|INFO |Resolving eureka endpoints via configuration
23-05-2026 21:47:07.0296|INFO |Disable delta property : false
23-05-2026 21:47:07.0297|INFO |Single vip registry refresh property : null
23-05-2026 21:47:07.0297|INFO |Force full registry fetch : false
23-05-2026 21:47:07.0297|INFO |Application is null : false
23-05-2026 21:47:07.0298|INFO |Registered Applications size is zero : true
23-05-2026 21:47:07.0298|INFO |Application version is -1: true
23-05-2026 21:47:07.0298|INFO |Getting all instance registry info from the eureka server
23-05-2026 21:47:07.0934|INFO |The response status is 200
23-05-2026 21:47:07.0939|INFO |Starting heartbeat executor: renew interval is: 30
23-05-2026 21:47:07.0945|INFO |InstanceInfoReplicator onDemand update allowed rate per min is 4
23-05-2026 21:47:07.0956|INFO |Discovery Client initialized at timestamp 1779569227954 with initial instances count: 2
23-05-2026 21:47:07.0959|INFO |Registering application ETABLISSEMENT-SERVICE with eureka with status UP
23-05-2026 21:47:07.0960|INFO |Saw local status change event StatusChangeEvent [timestamp=1779569227960, current=UP, previous=STARTING]
23-05-2026 21:47:07.0964|INFO |DiscoveryClient_ETABLISSEMENT-SERVICE/RANIA:etablissement-service:8063: registering service...
23-05-2026 21:47:08.0018|INFO |Tomcat started on port(s): 8063 (http) with context path ''
23-05-2026 21:47:08.0018|INFO |Updating port to 8063
23-05-2026 21:47:08.0031|INFO |DiscoveryClient_ETABLISSEMENT-SERVICE/RANIA:etablissement-service:8063 - registration status: 204
23-05-2026 21:47:08.0052|INFO |Starting Completed ...
23-05-2026 21:49:34.0268|INFO |Resolving eureka endpoints via configuration
23-05-2026 21:52:07.0310|INFO |Resolving eureka endpoints via configuration
23-05-2026 21:54:34.0280|INFO |Resolving eureka endpoints via configuration
23-05-2026 21:57:07.0326|INFO |Resolving eureka endpoints via configuration
23-05-2026 21:59:34.0287|INFO |Resolving eureka endpoints via configuration
23-05-2026 22:02:07.0335|INFO |Resolving eureka endpoints via configuration
23-05-2026 22:03:49.0168|INFO |Initializing Spring DispatcherServlet 'dispatcherServlet'
23-05-2026 22:03:49.0168|INFO |Initializing Servlet 'dispatcherServlet'
23-05-2026 22:03:49.0171|INFO |Completed initialization in 3 ms
23-05-2026 22:04:34.0296|INFO |Resolving eureka endpoints via configuration
23-05-2026 22:07:07.0344|INFO |Resolving eureka endpoints via configuration
23-05-2026 22:09:34.0304|INFO |Resolving eureka endpoints via configuration
23-05-2026 22:12:07.0359|INFO |Resolving eureka endpoints via configuration
23-05-2026 22:14:34.0318|INFO |Resolving eureka endpoints via configuration
23-05-2026 22:17:07.0373|INFO |Resolving eureka endpoints via configuration
23-05-2026 22:19:34.0330|INFO |Resolving eureka endpoints via configuration
23-05-2026 22:22:01.0471|INFO |Unregistering application ETABLISSEMENT-SERVICE with eureka with status DOWN
23-05-2026 22:22:01.0472|INFO |Saw local status change event StatusChangeEvent [timestamp=1779571321472, current=DOWN, previous=UP]
23-05-2026 22:22:01.0473|INFO |DiscoveryClient_ETABLISSEMENT-SERVICE/RANIA:etablissement-service:8063: registering service...
23-05-2026 22:22:01.0531|INFO |DiscoveryClient_ETABLISSEMENT-SERVICE/RANIA:etablissement-service:8063 - registration status: 204
23-05-2026 22:22:01.0580|INFO |Closing JPA EntityManagerFactory for persistence unit 'default'
23-05-2026 22:22:01.0600|INFO |HikariPool-1 - Shutdown initiated...
23-05-2026 22:22:01.0608|INFO |HikariPool-1 - Shutdown completed.
23-05-2026 22:22:01.0610|INFO |Shutting down DiscoveryClient ...
23-05-2026 22:22:04.0630|INFO |Unregistering ...
23-05-2026 22:22:04.0655|INFO |DiscoveryClient_ETABLISSEMENT-SERVICE/RANIA:etablissement-service:8063 - deregister  status: 200
23-05-2026 22:22:04.0662|INFO |Completed shut down of DiscoveryClient
23-05-2026 22:22:12.0030|INFO |The Class-Path manifest attribute in C:\Users\rania\.m2\repository\org\glassfish\ha\ha-api\3.1.9\ha-api-3.1.9.jar referenced one or more files that do not exist: file:/C:/Users/rania/.m2/repository/org/glassfish/ha/ha-api/3.1.9/hk2-core.jar,file:/C:/Users/rania/.m2/repository/org/glassfish/ha/ha-api/3.1.9/class-model.jar,file:/C:/Users/rania/.m2/repository/org/glassfish/ha/ha-api/3.1.9/config.jar,file:/C:/Users/rania/.m2/repository/org/glassfish/ha/ha-api/3.1.9/auto-depends.jar,file:/C:/Users/rania/.m2/repository/org/glassfish/ha/ha-api/3.1.9/javax.inject.jar,file:/C:/Users/rania/.m2/repository/org/glassfish/ha/ha-api/3.1.9/asm-all-repackaged.jar,file:/C:/Users/rania/.m2/repository/org/glassfish/ha/ha-api/3.1.9/hk2-api.jar,file:/C:/Users/rania/.m2/repository/org/glassfish/ha/ha-api/3.1.9/osgi-resource-locator.jar,file:/C:/Users/rania/.m2/repository/org/glassfish/ha/ha-api/3.1.9/tiger-types.jar,file:/C:/Users/rania/.m2/repository/org/glassfish/ha/ha-api/3.1.9/bean-validator.jar,file:/C:/Users/rania/.m2/repository/org/glassfish/ha/ha-api/3.1.9/jtype.jar
23-05-2026 22:22:12.0035|INFO |Devtools property defaults active! Set 'spring.devtools.add-properties' to 'false' to disable
23-05-2026 22:22:12.0036|INFO |For additional web related logging consider setting the 'logging.level.web' property to 'DEBUG'
23-05-2026 22:22:13.0911|INFO |Bootstrapping Spring Data JPA repositories in DEFAULT mode.
23-05-2026 22:22:14.0282|INFO |Finished Spring Data repository scanning in 359 ms. Found 29 JPA repository interfaces.
23-05-2026 22:22:14.0715|INFO |BeanFactory id=18f72454-71ca-37b4-a21b-45b8c48432f1
23-05-2026 22:22:15.0816|INFO |Tomcat initialized with port(s): 8063 (http)
23-05-2026 22:22:15.0832|INFO |Starting service [Tomcat]
23-05-2026 22:22:15.0835|INFO |Starting Servlet engine: [Apache Tomcat/9.0.65]
23-05-2026 22:22:16.0234|INFO |At least one JAR was scanned for TLDs yet contained no TLDs. Enable debug logging for this logger for a complete list of JARs that were scanned but no TLDs were found in them. Skipping unneeded JARs during scanning can improve startup time and JSP compilation time.
23-05-2026 22:22:16.0240|INFO |Initializing Spring embedded WebApplicationContext
23-05-2026 22:22:16.0240|INFO |Root WebApplicationContext: initialization completed in 4203 ms
23-05-2026 22:22:16.0609|INFO |HHH000204: Processing PersistenceUnitInfo [name: default]
23-05-2026 22:22:16.0703|INFO |HHH000412: Hibernate ORM core version 5.6.11.Final
23-05-2026 22:22:16.0979|INFO |HCANN000001: Hibernate Commons Annotations {5.1.2.Final}
23-05-2026 22:22:17.0168|INFO |HHH000400: Using dialect: org.hibernate.dialect.PostgreSQLDialect
23-05-2026 22:22:18.0617|INFO |HikariPool-1 - Starting...
23-05-2026 22:22:18.0794|INFO |HikariPool-1 - Start completed.
23-05-2026 22:22:19.0158|INFO |HHH000490: Using JtaPlatform implementation: [org.hibernate.engine.transaction.jta.platform.internal.NoJtaPlatform]
23-05-2026 22:22:19.0175|INFO |Initialized JPA EntityManagerFactory for persistence unit 'default'
23-05-2026 22:22:21.0938|INFO |Eureka HTTP Client uses RestTemplate.
23-05-2026 22:22:22.0035|INFO |Exposing 1 endpoint(s) beneath base path '/actuator'
23-05-2026 22:22:22.0072|INFO |Setting initial instance status as: STARTING
23-05-2026 22:22:22.0118|INFO |Initializing Eureka in region us-east-1
23-05-2026 22:22:22.0126|INFO |Resolving eureka endpoints via configuration
23-05-2026 22:22:22.0166|INFO |Disable delta property : false
23-05-2026 22:22:22.0167|INFO |Single vip registry refresh property : null
23-05-2026 22:22:22.0167|INFO |Force full registry fetch : false
23-05-2026 22:22:22.0167|INFO |Application is null : false
23-05-2026 22:22:22.0167|INFO |Registered Applications size is zero : true
23-05-2026 22:22:22.0167|INFO |Application version is -1: true
23-05-2026 22:22:22.0167|INFO |Getting all instance registry info from the eureka server
23-05-2026 22:22:22.0568|INFO |The response status is 200
23-05-2026 22:22:22.0572|INFO |Starting heartbeat executor: renew interval is: 30
23-05-2026 22:22:22.0575|INFO |InstanceInfoReplicator onDemand update allowed rate per min is 4
23-05-2026 22:22:22.0582|INFO |Discovery Client initialized at timestamp 1779571342580 with initial instances count: 3
23-05-2026 22:22:22.0584|INFO |Registering application ETABLISSEMENT-SERVICE with eureka with status UP
23-05-2026 22:22:22.0584|INFO |Saw local status change event StatusChangeEvent [timestamp=1779571342584, current=UP, previous=STARTING]
23-05-2026 22:22:22.0587|INFO |DiscoveryClient_ETABLISSEMENT-SERVICE/RANIA:etablissement-service:8063: registering service...
23-05-2026 22:22:22.0628|INFO |Tomcat started on port(s): 8063 (http) with context path ''
23-05-2026 22:22:22.0629|INFO |Updating port to 8063
23-05-2026 22:22:22.0641|INFO |DiscoveryClient_ETABLISSEMENT-SERVICE/RANIA:etablissement-service:8063 - registration status: 204
23-05-2026 22:22:22.0658|INFO |Starting Completed ...
23-05-2026 22:24:34.0333|INFO |Resolving eureka endpoints via configuration
23-05-2026 22:27:22.0174|INFO |Resolving eureka endpoints via configuration
23-05-2026 22:29:34.0376|INFO |Resolving eureka endpoints via configuration
23-05-2026 22:32:22.0192|INFO |Resolving eureka endpoints via configuration
23-05-2026 22:34:34.0386|INFO |Resolving eureka endpoints via configuration
23-05-2026 22:35:22.0701|INFO |Initializing Spring DispatcherServlet 'dispatcherServlet'
23-05-2026 22:35:22.0702|INFO |Initializing Servlet 'dispatcherServlet'
23-05-2026 22:35:22.0707|INFO |Completed initialization in 5 ms
23-05-2026 22:37:22.0201|INFO |Resolving eureka endpoints via configuration
23-05-2026 22:39:34.0397|INFO |Resolving eureka endpoints via configuration
23-05-2026 22:42:22.0217|INFO |Resolving eureka endpoints via configuration
23-05-2026 22:44:34.0408|INFO |Resolving eureka endpoints via configuration
23-05-2026 22:47:22.0231|INFO |Resolving eureka endpoints via configuration
23-05-2026 22:49:34.0423|INFO |Resolving eureka endpoints via configuration
23-05-2026 22:52:22.0249|INFO |Resolving eureka endpoints via configuration
23-05-2026 22:54:34.0434|INFO |Resolving eureka endpoints via configuration
23-05-2026 22:55:53.0843|INFO |Unregistering application ETABLISSEMENT-SERVICE with eureka with status DOWN
23-05-2026 22:55:53.0844|INFO |Saw local status change event StatusChangeEvent [timestamp=1779573353844, current=DOWN, previous=UP]
23-05-2026 22:55:53.0845|INFO |DiscoveryClient_ETABLISSEMENT-SERVICE/RANIA:etablissement-service:8063: registering service...
23-05-2026 22:55:53.0900|INFO |DiscoveryClient_ETABLISSEMENT-SERVICE/RANIA:etablissement-service:8063 - registration status: 204
23-05-2026 22:55:53.0936|INFO |Closing JPA EntityManagerFactory for persistence unit 'default'
23-05-2026 22:55:53.0945|INFO |HikariPool-1 - Shutdown initiated...
23-05-2026 22:55:53.0957|INFO |HikariPool-1 - Shutdown completed.
23-05-2026 22:55:53.0964|INFO |Shutting down DiscoveryClient ...
23-05-2026 22:55:56.0971|INFO |Unregistering ...
23-05-2026 22:55:56.0979|INFO |DiscoveryClient_ETABLISSEMENT-SERVICE/RANIA:etablissement-service:8063 - deregister  status: 200
23-05-2026 22:55:56.0985|INFO |Completed shut down of DiscoveryClient
23-05-2026 22:56:19.0964|INFO |The Class-Path manifest attribute in C:\Users\rania\.m2\repository\org\glassfish\ha\ha-api\3.1.9\ha-api-3.1.9.jar referenced one or more files that do not exist: file:/C:/Users/rania/.m2/repository/org/glassfish/ha/ha-api/3.1.9/hk2-core.jar,file:/C:/Users/rania/.m2/repository/org/glassfish/ha/ha-api/3.1.9/class-model.jar,file:/C:/Users/rania/.m2/repository/org/glassfish/ha/ha-api/3.1.9/config.jar,file:/C:/Users/rania/.m2/repository/org/glassfish/ha/ha-api/3.1.9/auto-depends.jar,file:/C:/Users/rania/.m2/repository/org/glassfish/ha/ha-api/3.1.9/javax.inject.jar,file:/C:/Users/rania/.m2/repository/org/glassfish/ha/ha-api/3.1.9/asm-all-repackaged.jar,file:/C:/Users/rania/.m2/repository/org/glassfish/ha/ha-api/3.1.9/hk2-api.jar,file:/C:/Users/rania/.m2/repository/org/glassfish/ha/ha-api/3.1.9/osgi-resource-locator.jar,file:/C:/Users/rania/.m2/repository/org/glassfish/ha/ha-api/3.1.9/tiger-types.jar,file:/C:/Users/rania/.m2/repository/org/glassfish/ha/ha-api/3.1.9/bean-validator.jar,file:/C:/Users/rania/.m2/repository/org/glassfish/ha/ha-api/3.1.9/jtype.jar
23-05-2026 22:56:19.0973|INFO |Devtools property defaults active! Set 'spring.devtools.add-properties' to 'false' to disable
23-05-2026 22:56:19.0974|INFO |For additional web related logging consider setting the 'logging.level.web' property to 'DEBUG'
23-05-2026 22:56:23.0022|INFO |Bootstrapping Spring Data JPA repositories in DEFAULT mode.
23-05-2026 22:56:23.0404|INFO |Finished Spring Data repository scanning in 369 ms. Found 29 JPA repository interfaces.
23-05-2026 22:56:23.0868|INFO |BeanFactory id=18f72454-71ca-37b4-a21b-45b8c48432f1
23-05-2026 22:56:24.0870|INFO |Tomcat initialized with port(s): 8063 (http)
23-05-2026 22:56:24.0886|INFO |Starting service [Tomcat]
23-05-2026 22:56:24.0887|INFO |Starting Servlet engine: [Apache Tomcat/9.0.65]
23-05-2026 22:56:25.0268|INFO |At least one JAR was scanned for TLDs yet contained no TLDs. Enable debug logging for this logger for a complete list of JARs that were scanned but no TLDs were found in them. Skipping unneeded JARs during scanning can improve startup time and JSP compilation time.
23-05-2026 22:56:25.0273|INFO |Initializing Spring embedded WebApplicationContext
23-05-2026 22:56:25.0274|INFO |Root WebApplicationContext: initialization completed in 5297 ms
23-05-2026 22:56:25.0660|INFO |HHH000204: Processing PersistenceUnitInfo [name: default]
23-05-2026 22:56:25.0764|INFO |HHH000412: Hibernate ORM core version 5.6.11.Final
23-05-2026 22:56:26.0060|INFO |HCANN000001: Hibernate Commons Annotations {5.1.2.Final}
23-05-2026 22:56:26.0272|INFO |HHH000400: Using dialect: org.hibernate.dialect.PostgreSQLDialect
23-05-2026 22:56:27.0791|INFO |HikariPool-1 - Starting...
23-05-2026 22:56:27.0985|INFO |HikariPool-1 - Start completed.
23-05-2026 22:56:28.0342|INFO |HHH000490: Using JtaPlatform implementation: [org.hibernate.engine.transaction.jta.platform.internal.NoJtaPlatform]
23-05-2026 22:56:28.0360|INFO |Initialized JPA EntityManagerFactory for persistence unit 'default'
23-05-2026 22:56:31.0839|INFO |Eureka HTTP Client uses RestTemplate.
23-05-2026 22:56:31.0943|INFO |Exposing 1 endpoint(s) beneath base path '/actuator'
23-05-2026 22:56:31.0988|INFO |Setting initial instance status as: STARTING
23-05-2026 22:56:32.0048|INFO |Initializing Eureka in region us-east-1
23-05-2026 22:56:32.0055|INFO |Resolving eureka endpoints via configuration
23-05-2026 22:56:32.0097|INFO |Disable delta property : false
23-05-2026 22:56:32.0098|INFO |Single vip registry refresh property : null
23-05-2026 22:56:32.0098|INFO |Force full registry fetch : false
23-05-2026 22:56:32.0098|INFO |Application is null : false
23-05-2026 22:56:32.0098|INFO |Registered Applications size is zero : true
23-05-2026 22:56:32.0098|INFO |Application version is -1: true
23-05-2026 22:56:32.0100|INFO |Getting all instance registry info from the eureka server
23-05-2026 22:56:32.0520|INFO |The response status is 200
23-05-2026 22:56:32.0524|INFO |Starting heartbeat executor: renew interval is: 30
23-05-2026 22:56:32.0528|INFO |InstanceInfoReplicator onDemand update allowed rate per min is 4
23-05-2026 22:56:32.0536|INFO |Discovery Client initialized at timestamp 1779573392534 with initial instances count: 2
23-05-2026 22:56:32.0538|INFO |Registering application ETABLISSEMENT-SERVICE with eureka with status UP
23-05-2026 22:56:32.0539|INFO |Saw local status change event StatusChangeEvent [timestamp=1779573392539, current=UP, previous=STARTING]
23-05-2026 22:56:32.0541|INFO |DiscoveryClient_ETABLISSEMENT-SERVICE/RANIA:etablissement-service:8063: registering service...
23-05-2026 22:56:32.0589|INFO |Tomcat started on port(s): 8063 (http) with context path ''
23-05-2026 22:56:32.0590|INFO |Updating port to 8063
23-05-2026 22:56:32.0603|INFO |DiscoveryClient_ETABLISSEMENT-SERVICE/RANIA:etablissement-service:8063 - registration status: 204
23-05-2026 22:56:32.0621|INFO |Starting Completed ...
23-05-2026 22:57:57.0950|INFO |Initializing Spring DispatcherServlet 'dispatcherServlet'
23-05-2026 22:57:57.0951|INFO |Initializing Servlet 'dispatcherServlet'
23-05-2026 22:57:57.0955|INFO |Completed initialization in 4 ms
23-05-2026 22:59:34.0448|INFO |Resolving eureka endpoints via configuration
23-05-2026 23:01:32.0116|INFO |Resolving eureka endpoints via configuration
23-05-2026 23:04:34.0452|INFO |Resolving eureka endpoints via configuration
23-05-2026 23:06:32.0122|INFO |Resolving eureka endpoints via configuration
23-05-2026 23:09:34.0463|INFO |Resolving eureka endpoints via configuration
23-05-2026 23:11:32.0132|INFO |Resolving eureka endpoints via configuration
23-05-2026 23:14:34.0483|INFO |Resolving eureka endpoints via configuration
23-05-2026 23:16:32.0145|INFO |Resolving eureka endpoints via configuration
23-05-2026 23:19:34.0487|INFO |Resolving eureka endpoints via configuration
23-05-2026 23:21:32.0158|INFO |Resolving eureka endpoints via configuration
23-05-2026 23:24:34.0499|INFO |Resolving eureka endpoints via configuration
23-05-2026 23:38:08.0765|INFO |Resolving eureka endpoints via configuration
23-05-2026 23:41:09.0239|INFO |Resolving eureka endpoints via configuration
23-05-2026 23:43:06.0918|INFO |Resolving eureka endpoints via configuration
23-05-2026 23:46:09.0244|INFO |Resolving eureka endpoints via configuration
23-05-2026 23:48:06.0936|INFO |Resolving eureka endpoints via configuration
23-05-2026 23:51:09.0258|INFO |Resolving eureka endpoints via configuration
23-05-2026 23:53:06.0938|INFO |Resolving eureka endpoints via configuration
