20-03-2026 12:23:29.0217|INFO |The Class-Path manifest attribute in C:\Users\rania\.m2\repository\org\glassfish\ha\ha-api\3.1.9\ha-api-3.1.9.jar referenced one or more files that do not exist: file:/C:/Users/rania/.m2/repository/org/glassfish/ha/ha-api/3.1.9/hk2-core.jar,file:/C:/Users/rania/.m2/repository/org/glassfish/ha/ha-api/3.1.9/class-model.jar,file:/C:/Users/rania/.m2/repository/org/glassfish/ha/ha-api/3.1.9/config.jar,file:/C:/Users/rania/.m2/repository/org/glassfish/ha/ha-api/3.1.9/auto-depends.jar,file:/C:/Users/rania/.m2/repository/org/glassfish/ha/ha-api/3.1.9/javax.inject.jar,file:/C:/Users/rania/.m2/repository/org/glassfish/ha/ha-api/3.1.9/asm-all-repackaged.jar,file:/C:/Users/rania/.m2/repository/org/glassfish/ha/ha-api/3.1.9/hk2-api.jar,file:/C:/Users/rania/.m2/repository/org/glassfish/ha/ha-api/3.1.9/osgi-resource-locator.jar,file:/C:/Users/rania/.m2/repository/org/glassfish/ha/ha-api/3.1.9/tiger-types.jar,file:/C:/Users/rania/.m2/repository/org/glassfish/ha/ha-api/3.1.9/bean-validator.jar,file:/C:/Users/rania/.m2/repository/org/glassfish/ha/ha-api/3.1.9/jtype.jar
20-03-2026 12:23:29.0221|INFO |Devtools property defaults active! Set 'spring.devtools.add-properties' to 'false' to disable
20-03-2026 12:23:29.0221|INFO |For additional web related logging consider setting the 'logging.level.web' property to 'DEBUG'
20-03-2026 12:23:32.0197|INFO |Bootstrapping Spring Data JPA repositories in DEFAULT mode.
20-03-2026 12:23:32.0720|INFO |Finished Spring Data repository scanning in 507 ms. Found 14 JPA repository interfaces.
20-03-2026 12:23:33.0550|INFO |BeanFactory id=a639bb80-ea1a-3ad9-a3f4-e7868f41c1e4
20-03-2026 12:23:34.0857|INFO |Tomcat initialized with port(s): 8060 (http)
20-03-2026 12:23:34.0876|INFO |Starting service [Tomcat]
20-03-2026 12:23:34.0876|INFO |Starting Servlet engine: [Apache Tomcat/9.0.65]
20-03-2026 12:23:35.0730|INFO |At least one JAR was scanned for TLDs yet contained no TLDs. Enable debug logging for this logger for a complete list of JARs that were scanned but no TLDs were found in them. Skipping unneeded JARs during scanning can improve startup time and JSP compilation time.
20-03-2026 12:23:35.0740|INFO |Initializing Spring embedded WebApplicationContext
20-03-2026 12:23:35.0741|INFO |Root WebApplicationContext: initialization completed in 6519 ms
20-03-2026 12:23:36.0394|INFO |HHH000204: Processing PersistenceUnitInfo [name: default]
20-03-2026 12:23:36.0566|INFO |HHH000412: Hibernate ORM core version 5.6.11.Final
20-03-2026 12:23:37.0037|INFO |HCANN000001: Hibernate Commons Annotations {5.1.2.Final}
20-03-2026 12:23:37.0385|INFO |HHH000400: Using dialect: org.hibernate.dialect.PostgreSQLDialect
20-03-2026 12:23:39.0430|INFO |HikariPool-1 - Starting...
20-03-2026 12:23:39.0895|INFO |HikariPool-1 - Start completed.
20-03-2026 12:23:40.0233|INFO |HHH000490: Using JtaPlatform implementation: [org.hibernate.engine.transaction.jta.platform.internal.NoJtaPlatform]
20-03-2026 12:23:40.0261|INFO |Initialized JPA EntityManagerFactory for persistence unit 'default'
20-03-2026 12:23:46.0546|INFO |Eureka HTTP Client uses RestTemplate.
20-03-2026 12:23:46.0696|INFO |Exposing 1 endpoint(s) beneath base path '/actuator'
20-03-2026 12:23:46.0762|INFO |Setting initial instance status as: STARTING
20-03-2026 12:23:46.0827|INFO |Initializing Eureka in region us-east-1
20-03-2026 12:23:46.0836|INFO |Resolving eureka endpoints via configuration
20-03-2026 12:23:46.0881|INFO |Disable delta property : false
20-03-2026 12:23:46.0882|INFO |Single vip registry refresh property : null
20-03-2026 12:23:46.0882|INFO |Force full registry fetch : false
20-03-2026 12:23:46.0883|INFO |Application is null : false
20-03-2026 12:23:46.0883|INFO |Registered Applications size is zero : true
20-03-2026 12:23:46.0883|INFO |Application version is -1: true
20-03-2026 12:23:46.0883|INFO |Getting all instance registry info from the eureka server
20-03-2026 12:23:47.0465|INFO |The response status is 200
20-03-2026 12:23:47.0469|INFO |Starting heartbeat executor: renew interval is: 30
20-03-2026 12:23:47.0473|INFO |InstanceInfoReplicator onDemand update allowed rate per min is 4
20-03-2026 12:23:47.0482|INFO |Discovery Client initialized at timestamp 1774005827480 with initial instances count: 0
20-03-2026 12:23:47.0485|INFO |Registering application ADMINISTRATION-SERVICE with eureka with status UP
20-03-2026 12:23:47.0486|INFO |Saw local status change event StatusChangeEvent [timestamp=1774005827486, current=UP, previous=STARTING]
20-03-2026 12:23:47.0489|INFO |DiscoveryClient_ADMINISTRATION-SERVICE/RANIA:administration-service:8060: registering service...
20-03-2026 12:23:47.0546|INFO |Tomcat started on port(s): 8060 (http) with context path ''
20-03-2026 12:23:47.0547|INFO |Updating port to 8060
20-03-2026 12:23:47.0600|INFO |Starting Completed ...
20-03-2026 12:23:47.0628|INFO |DiscoveryClient_ADMINISTRATION-SERVICE/RANIA:administration-service:8060 - registration status: 204
20-03-2026 12:24:17.0468|INFO |Disable delta property : false
20-03-2026 12:24:17.0471|INFO |Single vip registry refresh property : null
20-03-2026 12:24:17.0473|INFO |Force full registry fetch : false
20-03-2026 12:24:17.0473|INFO |Application is null : false
20-03-2026 12:24:17.0473|INFO |Registered Applications size is zero : true
20-03-2026 12:24:17.0473|INFO |Application version is -1: false
20-03-2026 12:24:17.0473|INFO |Getting all instance registry info from the eureka server
20-03-2026 12:24:17.0540|INFO |The response status is 200
20-03-2026 12:25:58.0239|INFO |Initializing Spring DispatcherServlet 'dispatcherServlet'
20-03-2026 12:25:58.0239|INFO |Initializing Servlet 'dispatcherServlet'
20-03-2026 12:25:58.0244|INFO |Completed initialization in 5 ms
20-03-2026 12:26:00.0091|INFO |Init duration for springdoc-openapi is: 1667 ms
20-03-2026 12:28:46.0891|INFO |Resolving eureka endpoints via configuration
20-03-2026 12:33:46.0906|INFO |Resolving eureka endpoints via configuration
20-03-2026 12:38:46.0920|INFO |Resolving eureka endpoints via configuration
20-03-2026 12:43:46.0923|INFO |Resolving eureka endpoints via configuration
20-03-2026 12:48:46.0927|INFO |Resolving eureka endpoints via configuration
20-03-2026 12:53:46.0929|INFO |Resolving eureka endpoints via configuration
20-03-2026 12:58:46.0934|INFO |Resolving eureka endpoints via configuration
20-03-2026 13:03:47.0085|INFO |Resolving eureka endpoints via configuration
20-03-2026 13:08:47.0101|INFO |Resolving eureka endpoints via configuration
20-03-2026 13:13:47.0119|INFO |Resolving eureka endpoints via configuration
20-03-2026 13:18:47.0123|INFO |Resolving eureka endpoints via configuration
20-03-2026 13:20:24.0897|INFO |Init duration for springdoc-openapi is: 308 ms
20-03-2026 13:23:47.0126|INFO |Resolving eureka endpoints via configuration
20-03-2026 13:28:47.0131|INFO |Resolving eureka endpoints via configuration
20-03-2026 13:33:47.0144|INFO |Resolving eureka endpoints via configuration
20-03-2026 13:38:47.0157|INFO |Resolving eureka endpoints via configuration
20-03-2026 13:43:47.0196|INFO |Resolving eureka endpoints via configuration
20-03-2026 14:54:19.0699|INFO |Resolving eureka endpoints via configuration
20-03-2026 14:59:19.0709|INFO |Resolving eureka endpoints via configuration
20-03-2026 19:36:32.0893|INFO |Unregistering application ADMINISTRATION-SERVICE with eureka with status DOWN
20-03-2026 19:36:32.0893|INFO |Saw local status change event StatusChangeEvent [timestamp=1774031792893, current=DOWN, previous=UP]
20-03-2026 19:36:32.0894|INFO |DiscoveryClient_ADMINISTRATION-SERVICE/RANIA:administration-service:8060: registering service...
20-03-2026 19:36:32.0950|INFO |DiscoveryClient_ADMINISTRATION-SERVICE/RANIA:administration-service:8060 - registration status: 204
20-03-2026 19:36:32.0977|INFO |Closing JPA EntityManagerFactory for persistence unit 'default'
20-03-2026 19:36:32.0990|INFO |HikariPool-1 - Shutdown initiated...
20-03-2026 19:36:33.0017|INFO |HikariPool-1 - Shutdown completed.
20-03-2026 19:36:33.0021|INFO |Shutting down DiscoveryClient ...
20-03-2026 19:36:36.0033|INFO |Unregistering ...
20-03-2026 19:36:36.0049|INFO |Request execution error. endpoint=DefaultEndpoint{ serviceUrl='http://127.0.0.1:8761/eureka/} exception=I/O error on DELETE request for "http://127.0.0.1:8761/eureka/apps/ADMINISTRATION-SERVICE/RANIA:administration-service:8060": Connect to 127.0.0.1:8761 [/127.0.0.1] failed: Connection refused: connect; nested exception is org.apache.http.conn.HttpHostConnectException: Connect to 127.0.0.1:8761 [/127.0.0.1] failed: Connection refused: connect stacktrace=org.springframework.web.client.ResourceAccessException: I/O error on DELETE request for "http://127.0.0.1:8761/eureka/apps/ADMINISTRATION-SERVICE/RANIA:administration-service:8060": Connect to 127.0.0.1:8761 [/127.0.0.1] failed: Connection refused: connect; nested exception is org.apache.http.conn.HttpHostConnectException: Connect to 127.0.0.1:8761 [/127.0.0.1] failed: Connection refused: connect
	at org.springframework.web.client.RestTemplate.doExecute(RestTemplate.java:785)
	at org.springframework.web.client.RestTemplate.execute(RestTemplate.java:711)
	at org.springframework.web.client.RestTemplate.exchange(RestTemplate.java:602)
	at org.springframework.cloud.netflix.eureka.http.RestTemplateEurekaHttpClient.cancel(RestTemplateEurekaHttpClient.java:87)
	at com.netflix.discovery.shared.transport.decorator.EurekaHttpClientDecorator$2.execute(EurekaHttpClientDecorator.java:74)
	at com.netflix.discovery.shared.transport.decorator.RedirectingEurekaHttpClient.execute(RedirectingEurekaHttpClient.java:91)
	at com.netflix.discovery.shared.transport.decorator.EurekaHttpClientDecorator.cancel(EurekaHttpClientDecorator.java:71)
	at com.netflix.discovery.shared.transport.decorator.EurekaHttpClientDecorator$2.execute(EurekaHttpClientDecorator.java:74)
	at com.netflix.discovery.shared.transport.decorator.RetryableEurekaHttpClient.execute(RetryableEurekaHttpClient.java:120)
	at com.netflix.discovery.shared.transport.decorator.EurekaHttpClientDecorator.cancel(EurekaHttpClientDecorator.java:71)
	at com.netflix.discovery.shared.transport.decorator.EurekaHttpClientDecorator$2.execute(EurekaHttpClientDecorator.java:74)
	at com.netflix.discovery.shared.transport.decorator.SessionedEurekaHttpClient.execute(SessionedEurekaHttpClient.java:77)
	at com.netflix.discovery.shared.transport.decorator.EurekaHttpClientDecorator.cancel(EurekaHttpClientDecorator.java:71)
	at com.netflix.discovery.DiscoveryClient.unregister(DiscoveryClient.java:972)
	at com.netflix.discovery.DiscoveryClient.shutdown(DiscoveryClient.java:948)
	at java.base/jdk.internal.reflect.DirectMethodHandleAccessor.invoke(DirectMethodHandleAccessor.java:103)
	at java.base/java.lang.reflect.Method.invoke(Method.java:580)
	at org.springframework.beans.factory.annotation.InitDestroyAnnotationBeanPostProcessor$LifecycleElement.invoke(InitDestroyAnnotationBeanPostProcessor.java:389)
	at org.springframework.beans.factory.annotation.InitDestroyAnnotationBeanPostProcessor$LifecycleMetadata.invokeDestroyMethods(InitDestroyAnnotationBeanPostProcessor.java:347)
	at org.springframework.beans.factory.annotation.InitDestroyAnnotationBeanPostProcessor.postProcessBeforeDestruction(InitDestroyAnnotationBeanPostProcessor.java:177)
	at org.springframework.beans.factory.support.DisposableBeanAdapter.destroy(DisposableBeanAdapter.java:197)
	at org.springframework.beans.factory.support.DisposableBeanAdapter.run(DisposableBeanAdapter.java:190)
	at org.springframework.cloud.context.scope.GenericScope$BeanLifecycleWrapper.destroy(GenericScope.java:390)
	at org.springframework.cloud.context.scope.GenericScope.destroy(GenericScope.java:136)
	at org.springframework.beans.factory.support.DisposableBeanAdapter.destroy(DisposableBeanAdapter.java:213)
	at org.springframework.beans.factory.support.DefaultSingletonBeanRegistry.destroyBean(DefaultSingletonBeanRegistry.java:587)
	at org.springframework.beans.factory.support.DefaultSingletonBeanRegistry.destroySingleton(DefaultSingletonBeanRegistry.java:559)
	at org.springframework.beans.factory.support.DefaultListableBeanFactory.destroySingleton(DefaultListableBeanFactory.java:1163)
	at org.springframework.beans.factory.support.DefaultSingletonBeanRegistry.destroySingletons(DefaultSingletonBeanRegistry.java:520)
	at org.springframework.beans.factory.support.DefaultListableBeanFactory.destroySingletons(DefaultListableBeanFactory.java:1156)
	at org.springframework.context.support.AbstractApplicationContext.destroyBeans(AbstractApplicationContext.java:1106)
	at org.springframework.context.support.AbstractApplicationContext.doClose(AbstractApplicationContext.java:1075)
	at org.springframework.boot.web.servlet.context.ServletWebServerApplicationContext.doClose(ServletWebServerApplicationContext.java:174)
	at org.springframework.context.support.AbstractApplicationContext.close(AbstractApplicationContext.java:1021)
	at org.springframework.boot.SpringApplicationShutdownHook.closeAndWait(SpringApplicationShutdownHook.java:145)
	at java.base/java.lang.Iterable.forEach(Iterable.java:75)
	at org.springframework.boot.SpringApplicationShutdownHook.run(SpringApplicationShutdownHook.java:114)
	at java.base/java.lang.Thread.run(Thread.java:1583)
Caused by: org.apache.http.conn.HttpHostConnectException: Connect to 127.0.0.1:8761 [/127.0.0.1] failed: Connection refused: connect
	at org.apache.http.impl.conn.DefaultHttpClientConnectionOperator.connect(DefaultHttpClientConnectionOperator.java:156)
	at org.apache.http.impl.conn.PoolingHttpClientConnectionManager.connect(PoolingHttpClientConnectionManager.java:376)
	at org.apache.http.impl.execchain.MainClientExec.establishRoute(MainClientExec.java:393)
	at org.apache.http.impl.execchain.MainClientExec.execute(MainClientExec.java:236)
	at org.apache.http.impl.execchain.ProtocolExec.execute(ProtocolExec.java:186)
	at org.apache.http.impl.execchain.RetryExec.execute(RetryExec.java:89)
	at org.apache.http.impl.execchain.RedirectExec.execute(RedirectExec.java:110)
	at org.apache.http.impl.client.InternalHttpClient.doExecute(InternalHttpClient.java:185)
	at org.apache.http.impl.client.CloseableHttpClient.execute(CloseableHttpClient.java:83)
	at org.apache.http.impl.client.CloseableHttpClient.execute(CloseableHttpClient.java:56)
	at org.springframework.http.client.HttpComponentsClientHttpRequest.executeInternal(HttpComponentsClientHttpRequest.java:87)
	at org.springframework.http.client.AbstractBufferingClientHttpRequest.executeInternal(AbstractBufferingClientHttpRequest.java:48)
	at org.springframework.http.client.AbstractClientHttpRequest.execute(AbstractClientHttpRequest.java:66)
	at org.springframework.web.client.RestTemplate.doExecute(RestTemplate.java:776)
	... 37 more
Caused by: java.net.ConnectException: Connection refused: connect
	at java.base/sun.nio.ch.Net.connect0(Native Method)
	at java.base/sun.nio.ch.Net.connect(Net.java:589)
	at java.base/sun.nio.ch.Net.connect(Net.java:578)
	at java.base/sun.nio.ch.NioSocketImpl.connect(NioSocketImpl.java:583)
	at java.base/java.net.SocksSocketImpl.connect(SocksSocketImpl.java:327)
	at java.base/java.net.Socket.connect(Socket.java:751)
	at org.apache.http.conn.socket.PlainConnectionSocketFactory.connectSocket(PlainConnectionSocketFactory.java:75)
	at org.apache.http.impl.conn.DefaultHttpClientConnectionOperator.connect(DefaultHttpClientConnectionOperator.java:142)
	... 50 more

20-03-2026 19:36:36.0135|INFO |Request execution error. endpoint=DefaultEndpoint{ serviceUrl='http://127.0.0.1:8761/eureka/}, exception=I/O error on DELETE request for "http://127.0.0.1:8761/eureka/apps/ADMINISTRATION-SERVICE/RANIA:administration-service:8060": Connect to 127.0.0.1:8761 [/127.0.0.1] failed: Connection refused: connect; nested exception is org.apache.http.conn.HttpHostConnectException: Connect to 127.0.0.1:8761 [/127.0.0.1] failed: Connection refused: connect stacktrace=org.springframework.web.client.ResourceAccessException: I/O error on DELETE request for "http://127.0.0.1:8761/eureka/apps/ADMINISTRATION-SERVICE/RANIA:administration-service:8060": Connect to 127.0.0.1:8761 [/127.0.0.1] failed: Connection refused: connect; nested exception is org.apache.http.conn.HttpHostConnectException: Connect to 127.0.0.1:8761 [/127.0.0.1] failed: Connection refused: connect
	at org.springframework.web.client.RestTemplate.doExecute(RestTemplate.java:785)
	at org.springframework.web.client.RestTemplate.execute(RestTemplate.java:711)
	at org.springframework.web.client.RestTemplate.exchange(RestTemplate.java:602)
	at org.springframework.cloud.netflix.eureka.http.RestTemplateEurekaHttpClient.cancel(RestTemplateEurekaHttpClient.java:87)
	at com.netflix.discovery.shared.transport.decorator.EurekaHttpClientDecorator$2.execute(EurekaHttpClientDecorator.java:74)
	at com.netflix.discovery.shared.transport.decorator.RedirectingEurekaHttpClient.executeOnNewServer(RedirectingEurekaHttpClient.java:121)
	at com.netflix.discovery.shared.transport.decorator.RedirectingEurekaHttpClient.execute(RedirectingEurekaHttpClient.java:80)
	at com.netflix.discovery.shared.transport.decorator.EurekaHttpClientDecorator.cancel(EurekaHttpClientDecorator.java:71)
	at com.netflix.discovery.shared.transport.decorator.EurekaHttpClientDecorator$2.execute(EurekaHttpClientDecorator.java:74)
	at com.netflix.discovery.shared.transport.decorator.RetryableEurekaHttpClient.execute(RetryableEurekaHttpClient.java:120)
	at com.netflix.discovery.shared.transport.decorator.EurekaHttpClientDecorator.cancel(EurekaHttpClientDecorator.java:71)
	at com.netflix.discovery.shared.transport.decorator.EurekaHttpClientDecorator$2.execute(EurekaHttpClientDecorator.java:74)
	at com.netflix.discovery.shared.transport.decorator.SessionedEurekaHttpClient.execute(SessionedEurekaHttpClient.java:77)
	at com.netflix.discovery.shared.transport.decorator.EurekaHttpClientDecorator.cancel(EurekaHttpClientDecorator.java:71)
	at com.netflix.discovery.DiscoveryClient.unregister(DiscoveryClient.java:972)
	at com.netflix.discovery.DiscoveryClient.shutdown(DiscoveryClient.java:948)
	at java.base/jdk.internal.reflect.DirectMethodHandleAccessor.invoke(DirectMethodHandleAccessor.java:103)
	at java.base/java.lang.reflect.Method.invoke(Method.java:580)
	at org.springframework.beans.factory.annotation.InitDestroyAnnotationBeanPostProcessor$LifecycleElement.invoke(InitDestroyAnnotationBeanPostProcessor.java:389)
	at org.springframework.beans.factory.annotation.InitDestroyAnnotationBeanPostProcessor$LifecycleMetadata.invokeDestroyMethods(InitDestroyAnnotationBeanPostProcessor.java:347)
	at org.springframework.beans.factory.annotation.InitDestroyAnnotationBeanPostProcessor.postProcessBeforeDestruction(InitDestroyAnnotationBeanPostProcessor.java:177)
	at org.springframework.beans.factory.support.DisposableBeanAdapter.destroy(DisposableBeanAdapter.java:197)
	at org.springframework.beans.factory.support.DisposableBeanAdapter.run(DisposableBeanAdapter.java:190)
	at org.springframework.cloud.context.scope.GenericScope$BeanLifecycleWrapper.destroy(GenericScope.java:390)
	at org.springframework.cloud.context.scope.GenericScope.destroy(GenericScope.java:136)
	at org.springframework.beans.factory.support.DisposableBeanAdapter.destroy(DisposableBeanAdapter.java:213)
	at org.springframework.beans.factory.support.DefaultSingletonBeanRegistry.destroyBean(DefaultSingletonBeanRegistry.java:587)
	at org.springframework.beans.factory.support.DefaultSingletonBeanRegistry.destroySingleton(DefaultSingletonBeanRegistry.java:559)
	at org.springframework.beans.factory.support.DefaultListableBeanFactory.destroySingleton(DefaultListableBeanFactory.java:1163)
	at org.springframework.beans.factory.support.DefaultSingletonBeanRegistry.destroySingletons(DefaultSingletonBeanRegistry.java:520)
	at org.springframework.beans.factory.support.DefaultListableBeanFactory.destroySingletons(DefaultListableBeanFactory.java:1156)
	at org.springframework.context.support.AbstractApplicationContext.destroyBeans(AbstractApplicationContext.java:1106)
	at org.springframework.context.support.AbstractApplicationContext.doClose(AbstractApplicationContext.java:1075)
	at org.springframework.boot.web.servlet.context.ServletWebServerApplicationContext.doClose(ServletWebServerApplicationContext.java:174)
	at org.springframework.context.support.AbstractApplicationContext.close(AbstractApplicationContext.java:1021)
	at org.springframework.boot.SpringApplicationShutdownHook.closeAndWait(SpringApplicationShutdownHook.java:145)
	at java.base/java.lang.Iterable.forEach(Iterable.java:75)
	at org.springframework.boot.SpringApplicationShutdownHook.run(SpringApplicationShutdownHook.java:114)
	at java.base/java.lang.Thread.run(Thread.java:1583)
Caused by: org.apache.http.conn.HttpHostConnectException: Connect to 127.0.0.1:8761 [/127.0.0.1] failed: Connection refused: connect
	at org.apache.http.impl.conn.DefaultHttpClientConnectionOperator.connect(DefaultHttpClientConnectionOperator.java:156)
	at org.apache.http.impl.conn.PoolingHttpClientConnectionManager.connect(PoolingHttpClientConnectionManager.java:376)
	at org.apache.http.impl.execchain.MainClientExec.establishRoute(MainClientExec.java:393)
	at org.apache.http.impl.execchain.MainClientExec.execute(MainClientExec.java:236)
	at org.apache.http.impl.execchain.ProtocolExec.execute(ProtocolExec.java:186)
	at org.apache.http.impl.execchain.RetryExec.execute(RetryExec.java:89)
	at org.apache.http.impl.execchain.RedirectExec.execute(RedirectExec.java:110)
	at org.apache.http.impl.client.InternalHttpClient.doExecute(InternalHttpClient.java:185)
	at org.apache.http.impl.client.CloseableHttpClient.execute(CloseableHttpClient.java:83)
	at org.apache.http.impl.client.CloseableHttpClient.execute(CloseableHttpClient.java:56)
	at org.springframework.http.client.HttpComponentsClientHttpRequest.executeInternal(HttpComponentsClientHttpRequest.java:87)
	at org.springframework.http.client.AbstractBufferingClientHttpRequest.executeInternal(AbstractBufferingClientHttpRequest.java:48)
	at org.springframework.http.client.AbstractClientHttpRequest.execute(AbstractClientHttpRequest.java:66)
	at org.springframework.web.client.RestTemplate.doExecute(RestTemplate.java:776)
	... 38 more
Caused by: java.net.ConnectException: Connection refused: connect
	at java.base/sun.nio.ch.Net.connect0(Native Method)
	at java.base/sun.nio.ch.Net.connect(Net.java:589)
	at java.base/sun.nio.ch.Net.connect(Net.java:578)
	at java.base/sun.nio.ch.NioSocketImpl.connect(NioSocketImpl.java:583)
	at java.base/java.net.SocksSocketImpl.connect(SocksSocketImpl.java:327)
	at java.base/java.net.Socket.connect(Socket.java:751)
	at org.apache.http.conn.socket.PlainConnectionSocketFactory.connectSocket(PlainConnectionSocketFactory.java:75)
	at org.apache.http.impl.conn.DefaultHttpClientConnectionOperator.connect(DefaultHttpClientConnectionOperator.java:142)
	... 51 more

20-03-2026 19:36:36.0164|INFO |Completed shut down of DiscoveryClient
20-03-2026 20:17:23.0359|INFO |The Class-Path manifest attribute in C:\Users\rania\.m2\repository\org\glassfish\ha\ha-api\3.1.9\ha-api-3.1.9.jar referenced one or more files that do not exist: file:/C:/Users/rania/.m2/repository/org/glassfish/ha/ha-api/3.1.9/hk2-core.jar,file:/C:/Users/rania/.m2/repository/org/glassfish/ha/ha-api/3.1.9/class-model.jar,file:/C:/Users/rania/.m2/repository/org/glassfish/ha/ha-api/3.1.9/config.jar,file:/C:/Users/rania/.m2/repository/org/glassfish/ha/ha-api/3.1.9/auto-depends.jar,file:/C:/Users/rania/.m2/repository/org/glassfish/ha/ha-api/3.1.9/javax.inject.jar,file:/C:/Users/rania/.m2/repository/org/glassfish/ha/ha-api/3.1.9/asm-all-repackaged.jar,file:/C:/Users/rania/.m2/repository/org/glassfish/ha/ha-api/3.1.9/hk2-api.jar,file:/C:/Users/rania/.m2/repository/org/glassfish/ha/ha-api/3.1.9/osgi-resource-locator.jar,file:/C:/Users/rania/.m2/repository/org/glassfish/ha/ha-api/3.1.9/tiger-types.jar,file:/C:/Users/rania/.m2/repository/org/glassfish/ha/ha-api/3.1.9/bean-validator.jar,file:/C:/Users/rania/.m2/repository/org/glassfish/ha/ha-api/3.1.9/jtype.jar
20-03-2026 20:17:23.0365|INFO |Devtools property defaults active! Set 'spring.devtools.add-properties' to 'false' to disable
20-03-2026 20:17:23.0366|INFO |For additional web related logging consider setting the 'logging.level.web' property to 'DEBUG'
20-03-2026 20:17:26.0477|INFO |Bootstrapping Spring Data JPA repositories in DEFAULT mode.
20-03-2026 20:17:26.0859|INFO |Finished Spring Data repository scanning in 313 ms. Found 14 JPA repository interfaces.
20-03-2026 20:17:27.0409|INFO |BeanFactory id=a639bb80-ea1a-3ad9-a3f4-e7868f41c1e4
20-03-2026 20:17:28.0193|INFO |Tomcat initialized with port(s): 8060 (http)
20-03-2026 20:17:28.0205|INFO |Starting service [Tomcat]
20-03-2026 20:17:28.0207|INFO |Starting Servlet engine: [Apache Tomcat/9.0.65]
20-03-2026 20:17:28.0630|INFO |At least one JAR was scanned for TLDs yet contained no TLDs. Enable debug logging for this logger for a complete list of JARs that were scanned but no TLDs were found in them. Skipping unneeded JARs during scanning can improve startup time and JSP compilation time.
20-03-2026 20:17:28.0637|INFO |Initializing Spring embedded WebApplicationContext
20-03-2026 20:17:28.0638|INFO |Root WebApplicationContext: initialization completed in 5270 ms
20-03-2026 20:17:28.0950|INFO |HHH000204: Processing PersistenceUnitInfo [name: default]
20-03-2026 20:17:29.0016|INFO |HHH000412: Hibernate ORM core version 5.6.11.Final
20-03-2026 20:17:29.0224|INFO |HCANN000001: Hibernate Commons Annotations {5.1.2.Final}
20-03-2026 20:17:29.0368|INFO |HHH000400: Using dialect: org.hibernate.dialect.PostgreSQLDialect
20-03-2026 20:17:30.0315|INFO |HikariPool-1 - Starting...
20-03-2026 20:17:30.0592|INFO |HikariPool-1 - Start completed.
20-03-2026 20:17:30.0653|INFO |HHH000490: Using JtaPlatform implementation: [org.hibernate.engine.transaction.jta.platform.internal.NoJtaPlatform]
20-03-2026 20:17:30.0669|INFO |Initialized JPA EntityManagerFactory for persistence unit 'default'
20-03-2026 20:17:33.0761|INFO |Eureka HTTP Client uses RestTemplate.
20-03-2026 20:17:33.0872|INFO |Exposing 1 endpoint(s) beneath base path '/actuator'
20-03-2026 20:17:33.0917|INFO |Setting initial instance status as: STARTING
20-03-2026 20:17:33.0986|INFO |Initializing Eureka in region us-east-1
20-03-2026 20:17:34.0004|INFO |Resolving eureka endpoints via configuration
20-03-2026 20:17:34.0030|INFO |Disable delta property : false
20-03-2026 20:17:34.0030|INFO |Single vip registry refresh property : null
20-03-2026 20:17:34.0030|INFO |Force full registry fetch : false
20-03-2026 20:17:34.0030|INFO |Application is null : false
20-03-2026 20:17:34.0030|INFO |Registered Applications size is zero : true
20-03-2026 20:17:34.0030|INFO |Application version is -1: true
20-03-2026 20:17:34.0030|INFO |Getting all instance registry info from the eureka server
20-03-2026 20:17:34.0378|INFO |The response status is 200
20-03-2026 20:17:34.0381|INFO |Starting heartbeat executor: renew interval is: 30
20-03-2026 20:17:34.0384|INFO |InstanceInfoReplicator onDemand update allowed rate per min is 4
20-03-2026 20:17:34.0390|INFO |Discovery Client initialized at timestamp 1774034254388 with initial instances count: 1
20-03-2026 20:17:34.0392|INFO |Registering application ADMINISTRATION-SERVICE with eureka with status UP
20-03-2026 20:17:34.0392|INFO |Saw local status change event StatusChangeEvent [timestamp=1774034254392, current=UP, previous=STARTING]
20-03-2026 20:17:34.0394|INFO |DiscoveryClient_ADMINISTRATION-SERVICE/RANIA:administration-service:8060: registering service...
20-03-2026 20:17:34.0438|INFO |Tomcat started on port(s): 8060 (http) with context path ''
20-03-2026 20:17:34.0438|INFO |Updating port to 8060
20-03-2026 20:17:34.0448|INFO |DiscoveryClient_ADMINISTRATION-SERVICE/RANIA:administration-service:8060 - registration status: 204
20-03-2026 20:17:34.0465|INFO |Starting Completed ...
20-03-2026 20:21:27.0985|INFO |Initializing Spring DispatcherServlet 'dispatcherServlet'
20-03-2026 20:21:27.0985|INFO |Initializing Servlet 'dispatcherServlet'
20-03-2026 20:21:27.0995|INFO |Completed initialization in 10 ms
20-03-2026 20:21:28.0887|INFO |Init duration for springdoc-openapi is: 768 ms
20-03-2026 20:21:36.0407|INFO |Init duration for springdoc-openapi is: 240 ms
20-03-2026 20:22:34.0056|INFO |Resolving eureka endpoints via configuration
20-03-2026 20:27:34.0075|INFO |Resolving eureka endpoints via configuration
20-03-2026 20:32:34.0085|INFO |Resolving eureka endpoints via configuration
20-03-2026 20:37:34.0090|INFO |Resolving eureka endpoints via configuration
20-03-2026 20:42:34.0103|INFO |Resolving eureka endpoints via configuration
20-03-2026 20:47:34.0117|INFO |Resolving eureka endpoints via configuration
20-03-2026 20:52:34.0125|INFO |Resolving eureka endpoints via configuration
20-03-2026 20:57:34.0135|INFO |Resolving eureka endpoints via configuration
20-03-2026 21:02:34.0142|INFO |Resolving eureka endpoints via configuration
20-03-2026 21:07:34.0156|INFO |Resolving eureka endpoints via configuration
20-03-2026 21:45:37.0866|INFO |Resolving eureka endpoints via configuration
20-03-2026 21:50:37.0868|INFO |Resolving eureka endpoints via configuration
20-03-2026 21:55:37.0879|INFO |Resolving eureka endpoints via configuration
20-03-2026 22:00:37.0882|INFO |Resolving eureka endpoints via configuration
20-03-2026 22:05:37.0893|INFO |Resolving eureka endpoints via configuration
20-03-2026 22:10:37.0901|INFO |Resolving eureka endpoints via configuration
