19-04-2026 12:34:28.0329|INFO |The Class-Path manifest attribute in C:\Users\rania\.m2\repository\org\glassfish\ha\ha-api\3.1.9\ha-api-3.1.9.jar referenced one or more files that do not exist: file:/C:/Users/rania/.m2/repository/org/glassfish/ha/ha-api/3.1.9/hk2-core.jar,file:/C:/Users/rania/.m2/repository/org/glassfish/ha/ha-api/3.1.9/class-model.jar,file:/C:/Users/rania/.m2/repository/org/glassfish/ha/ha-api/3.1.9/config.jar,file:/C:/Users/rania/.m2/repository/org/glassfish/ha/ha-api/3.1.9/auto-depends.jar,file:/C:/Users/rania/.m2/repository/org/glassfish/ha/ha-api/3.1.9/javax.inject.jar,file:/C:/Users/rania/.m2/repository/org/glassfish/ha/ha-api/3.1.9/asm-all-repackaged.jar,file:/C:/Users/rania/.m2/repository/org/glassfish/ha/ha-api/3.1.9/hk2-api.jar,file:/C:/Users/rania/.m2/repository/org/glassfish/ha/ha-api/3.1.9/osgi-resource-locator.jar,file:/C:/Users/rania/.m2/repository/org/glassfish/ha/ha-api/3.1.9/tiger-types.jar,file:/C:/Users/rania/.m2/repository/org/glassfish/ha/ha-api/3.1.9/bean-validator.jar,file:/C:/Users/rania/.m2/repository/org/glassfish/ha/ha-api/3.1.9/jtype.jar
19-04-2026 12:34:28.0333|INFO |Devtools property defaults active! Set 'spring.devtools.add-properties' to 'false' to disable
19-04-2026 12:34:28.0333|INFO |For additional web related logging consider setting the 'logging.level.web' property to 'DEBUG'
19-04-2026 12:34:31.0292|INFO |Bootstrapping Spring Data JPA repositories in DEFAULT mode.
19-04-2026 12:34:31.0770|INFO |Finished Spring Data repository scanning in 460 ms. Found 14 JPA repository interfaces.
19-04-2026 12:34:32.0629|INFO |BeanFactory id=a639bb80-ea1a-3ad9-a3f4-e7868f41c1e4
19-04-2026 12:34:33.0997|INFO |Tomcat initialized with port(s): 8060 (http)
19-04-2026 12:34:34.0020|INFO |Starting service [Tomcat]
19-04-2026 12:34:34.0021|INFO |Starting Servlet engine: [Apache Tomcat/9.0.65]
19-04-2026 12:34:34.0741|INFO |At least one JAR was scanned for TLDs yet contained no TLDs. Enable debug logging for this logger for a complete list of JARs that were scanned but no TLDs were found in them. Skipping unneeded JARs during scanning can improve startup time and JSP compilation time.
19-04-2026 12:34:34.0755|INFO |Initializing Spring embedded WebApplicationContext
19-04-2026 12:34:34.0755|INFO |Root WebApplicationContext: initialization completed in 6421 ms
19-04-2026 12:34:35.0395|INFO |HHH000204: Processing PersistenceUnitInfo [name: default]
19-04-2026 12:34:35.0545|INFO |HHH000412: Hibernate ORM core version 5.6.11.Final
19-04-2026 12:34:36.0027|INFO |HCANN000001: Hibernate Commons Annotations {5.1.2.Final}
19-04-2026 12:34:36.0398|INFO |HHH000400: Using dialect: org.hibernate.dialect.PostgreSQLDialect
19-04-2026 12:34:38.0986|INFO |HikariPool-1 - Starting...
19-04-2026 12:34:39.0411|INFO |HikariPool-1 - Start completed.
19-04-2026 12:34:39.0599|INFO |HHH000490: Using JtaPlatform implementation: [org.hibernate.engine.transaction.jta.platform.internal.NoJtaPlatform]
19-04-2026 12:34:39.0624|INFO |Initialized JPA EntityManagerFactory for persistence unit 'default'
19-04-2026 12:34:41.0878|INFO |The Class-Path manifest attribute in C:\Users\rania\.m2\repository\org\glassfish\ha\ha-api\3.1.9\ha-api-3.1.9.jar referenced one or more files that do not exist: file:/C:/Users/rania/.m2/repository/org/glassfish/ha/ha-api/3.1.9/hk2-core.jar,file:/C:/Users/rania/.m2/repository/org/glassfish/ha/ha-api/3.1.9/class-model.jar,file:/C:/Users/rania/.m2/repository/org/glassfish/ha/ha-api/3.1.9/config.jar,file:/C:/Users/rania/.m2/repository/org/glassfish/ha/ha-api/3.1.9/auto-depends.jar,file:/C:/Users/rania/.m2/repository/org/glassfish/ha/ha-api/3.1.9/javax.inject.jar,file:/C:/Users/rania/.m2/repository/org/glassfish/ha/ha-api/3.1.9/asm-all-repackaged.jar,file:/C:/Users/rania/.m2/repository/org/glassfish/ha/ha-api/3.1.9/hk2-api.jar,file:/C:/Users/rania/.m2/repository/org/glassfish/ha/ha-api/3.1.9/osgi-resource-locator.jar,file:/C:/Users/rania/.m2/repository/org/glassfish/ha/ha-api/3.1.9/tiger-types.jar,file:/C:/Users/rania/.m2/repository/org/glassfish/ha/ha-api/3.1.9/bean-validator.jar,file:/C:/Users/rania/.m2/repository/org/glassfish/ha/ha-api/3.1.9/jtype.jar
19-04-2026 12:34:41.0887|INFO |Devtools property defaults active! Set 'spring.devtools.add-properties' to 'false' to disable
19-04-2026 12:34:41.0887|INFO |For additional web related logging consider setting the 'logging.level.web' property to 'DEBUG'
19-04-2026 12:34:45.0861|INFO |Eureka HTTP Client uses RestTemplate.
19-04-2026 12:34:46.0047|INFO |Exposing 1 endpoint(s) beneath base path '/actuator'
19-04-2026 12:34:46.0131|INFO |Setting initial instance status as: STARTING
19-04-2026 12:34:46.0241|INFO |Initializing Eureka in region us-east-1
19-04-2026 12:34:46.0253|INFO |Resolving eureka endpoints via configuration
19-04-2026 12:34:46.0311|INFO |Disable delta property : false
19-04-2026 12:34:46.0312|INFO |Single vip registry refresh property : null
19-04-2026 12:34:46.0312|INFO |Force full registry fetch : false
19-04-2026 12:34:46.0312|INFO |Application is null : false
19-04-2026 12:34:46.0312|INFO |Registered Applications size is zero : true
19-04-2026 12:34:46.0313|INFO |Application version is -1: true
19-04-2026 12:34:46.0313|INFO |Getting all instance registry info from the eureka server
19-04-2026 12:34:46.0383|INFO |Bootstrapping Spring Data JPA repositories in DEFAULT mode.
19-04-2026 12:34:46.0921|INFO |Finished Spring Data repository scanning in 519 ms. Found 12 JPA repository interfaces.
19-04-2026 12:34:47.0008|INFO |The response status is 200
19-04-2026 12:34:47.0014|INFO |Starting heartbeat executor: renew interval is: 30
19-04-2026 12:34:47.0019|INFO |InstanceInfoReplicator onDemand update allowed rate per min is 4
19-04-2026 12:34:47.0029|INFO |Discovery Client initialized at timestamp 1776598487028 with initial instances count: 1
19-04-2026 12:34:47.0034|INFO |Registering application ADMINISTRATION-SERVICE with eureka with status UP
19-04-2026 12:34:47.0035|INFO |Saw local status change event StatusChangeEvent [timestamp=1776598487035, current=UP, previous=STARTING]
19-04-2026 12:34:47.0039|INFO |DiscoveryClient_ADMINISTRATION-SERVICE/RANIA:administration-service:8060: registering service...
19-04-2026 12:34:47.0118|INFO |Tomcat started on port(s): 8060 (http) with context path ''
19-04-2026 12:34:47.0119|INFO |Updating port to 8060
19-04-2026 12:34:47.0130|INFO |DiscoveryClient_ADMINISTRATION-SERVICE/RANIA:administration-service:8060 - registration status: 204
19-04-2026 12:34:47.0176|INFO |Starting Completed ...
19-04-2026 12:34:47.0719|INFO |BeanFactory id=74b387d1-e6b4-3ec6-93fb-093986ce2e9d
19-04-2026 12:34:48.0985|INFO |Tomcat initialized with port(s): 8063 (http)
19-04-2026 12:34:48.0995|INFO |Starting service [Tomcat]
19-04-2026 12:34:48.0996|INFO |Starting Servlet engine: [Apache Tomcat/9.0.65]
19-04-2026 12:34:49.0366|INFO |At least one JAR was scanned for TLDs yet contained no TLDs. Enable debug logging for this logger for a complete list of JARs that were scanned but no TLDs were found in them. Skipping unneeded JARs during scanning can improve startup time and JSP compilation time.
19-04-2026 12:34:49.0374|INFO |Initializing Spring embedded WebApplicationContext
19-04-2026 12:34:49.0374|INFO |Root WebApplicationContext: initialization completed in 7486 ms
19-04-2026 12:34:49.0731|INFO |HHH000204: Processing PersistenceUnitInfo [name: default]
19-04-2026 12:34:49.0794|INFO |HHH000412: Hibernate ORM core version 5.6.11.Final
19-04-2026 12:34:50.0015|INFO |HCANN000001: Hibernate Commons Annotations {5.1.2.Final}
19-04-2026 12:34:50.0176|INFO |HHH000400: Using dialect: org.hibernate.dialect.PostgreSQLDialect
19-04-2026 12:34:51.0231|INFO |HikariPool-1 - Starting...
19-04-2026 12:34:51.0400|INFO |HikariPool-1 - Start completed.
19-04-2026 12:34:51.0706|INFO |HHH000490: Using JtaPlatform implementation: [org.hibernate.engine.transaction.jta.platform.internal.NoJtaPlatform]
19-04-2026 12:34:51.0722|INFO |Initialized JPA EntityManagerFactory for persistence unit 'default'
19-04-2026 12:34:53.0772|INFO |Eureka HTTP Client uses RestTemplate.
19-04-2026 12:34:53.0918|INFO |Exposing 1 endpoint(s) beneath base path '/actuator'
19-04-2026 12:34:53.0981|INFO |Setting initial instance status as: STARTING
19-04-2026 12:34:54.0034|INFO |Initializing Eureka in region us-east-1
19-04-2026 12:34:54.0046|INFO |Resolving eureka endpoints via configuration
19-04-2026 12:34:54.0078|INFO |Disable delta property : false
19-04-2026 12:34:54.0078|INFO |Single vip registry refresh property : null
19-04-2026 12:34:54.0078|INFO |Force full registry fetch : false
19-04-2026 12:34:54.0078|INFO |Application is null : false
19-04-2026 12:34:54.0078|INFO |Registered Applications size is zero : true
19-04-2026 12:34:54.0079|INFO |Application version is -1: true
19-04-2026 12:34:54.0079|INFO |Getting all instance registry info from the eureka server
19-04-2026 12:34:54.0569|INFO |The response status is 200
19-04-2026 12:34:54.0572|INFO |Starting heartbeat executor: renew interval is: 30
19-04-2026 12:34:54.0577|INFO |InstanceInfoReplicator onDemand update allowed rate per min is 4
19-04-2026 12:34:54.0585|INFO |Discovery Client initialized at timestamp 1776598494583 with initial instances count: 1
19-04-2026 12:34:54.0588|INFO |Registering application ETABLISSEMENT-SERVICE with eureka with status UP
19-04-2026 12:34:54.0590|INFO |Saw local status change event StatusChangeEvent [timestamp=1776598494590, current=UP, previous=STARTING]
19-04-2026 12:34:54.0593|INFO |DiscoveryClient_ETABLISSEMENT-SERVICE/RANIA:etablissement-service:8063: registering service...
19-04-2026 12:34:54.0639|INFO |Tomcat started on port(s): 8063 (http) with context path ''
19-04-2026 12:34:54.0640|INFO |Updating port to 8063
19-04-2026 12:34:54.0660|INFO |DiscoveryClient_ETABLISSEMENT-SERVICE/RANIA:etablissement-service:8063 - registration status: 204
19-04-2026 12:34:54.0680|INFO |Starting Completed ...
19-04-2026 12:39:46.0323|INFO |Resolving eureka endpoints via configuration
19-04-2026 12:39:54.0091|INFO |Resolving eureka endpoints via configuration
19-04-2026 12:44:46.0340|INFO |Resolving eureka endpoints via configuration
19-04-2026 12:44:54.0100|INFO |Resolving eureka endpoints via configuration
19-04-2026 12:49:26.0348|INFO |Initializing Spring DispatcherServlet 'dispatcherServlet'
19-04-2026 12:49:26.0348|INFO |Initializing Servlet 'dispatcherServlet'
19-04-2026 12:49:26.0367|INFO |Completed initialization in 19 ms
19-04-2026 12:49:46.0355|INFO |Resolving eureka endpoints via configuration
19-04-2026 12:49:54.0111|INFO |Resolving eureka endpoints via configuration
19-04-2026 12:54:46.0364|INFO |Resolving eureka endpoints via configuration
19-04-2026 12:54:54.0125|INFO |Resolving eureka endpoints via configuration
19-04-2026 12:59:46.0377|INFO |Resolving eureka endpoints via configuration
19-04-2026 12:59:54.0136|INFO |Resolving eureka endpoints via configuration
19-04-2026 13:04:46.0379|INFO |Resolving eureka endpoints via configuration
19-04-2026 13:04:47.0844|INFO |Initializing Spring DispatcherServlet 'dispatcherServlet'
19-04-2026 13:04:47.0844|INFO |Initializing Servlet 'dispatcherServlet'
19-04-2026 13:04:47.0866|INFO |Completed initialization in 22 ms
19-04-2026 13:04:54.0151|INFO |Resolving eureka endpoints via configuration
19-04-2026 13:09:46.0381|INFO |Resolving eureka endpoints via configuration
19-04-2026 13:09:54.0164|INFO |Resolving eureka endpoints via configuration
19-04-2026 13:14:46.0395|INFO |Resolving eureka endpoints via configuration
19-04-2026 13:14:54.0172|INFO |Resolving eureka endpoints via configuration
19-04-2026 13:19:46.0408|INFO |Resolving eureka endpoints via configuration
19-04-2026 13:19:54.0185|INFO |Resolving eureka endpoints via configuration
19-04-2026 13:24:46.0420|INFO |Resolving eureka endpoints via configuration
19-04-2026 13:24:54.0191|INFO |Resolving eureka endpoints via configuration
19-04-2026 13:29:46.0436|INFO |Resolving eureka endpoints via configuration
19-04-2026 13:29:54.0200|INFO |Resolving eureka endpoints via configuration
19-04-2026 13:34:46.0448|INFO |Resolving eureka endpoints via configuration
19-04-2026 13:34:54.0214|INFO |Resolving eureka endpoints via configuration
19-04-2026 13:39:46.0464|INFO |Resolving eureka endpoints via configuration
19-04-2026 13:39:54.0231|INFO |Resolving eureka endpoints via configuration
19-04-2026 13:44:46.0470|INFO |Resolving eureka endpoints via configuration
19-04-2026 13:44:54.0248|INFO |Resolving eureka endpoints via configuration
19-04-2026 13:49:46.0475|INFO |Resolving eureka endpoints via configuration
19-04-2026 13:49:54.0259|INFO |Resolving eureka endpoints via configuration
19-04-2026 13:54:46.0477|INFO |Resolving eureka endpoints via configuration
19-04-2026 13:54:54.0274|INFO |Resolving eureka endpoints via configuration
19-04-2026 13:59:46.0487|INFO |Resolving eureka endpoints via configuration
19-04-2026 13:59:54.0276|INFO |Resolving eureka endpoints via configuration
19-04-2026 14:04:46.0492|INFO |Resolving eureka endpoints via configuration
19-04-2026 14:04:54.0285|INFO |Resolving eureka endpoints via configuration
19-04-2026 14:09:46.0495|INFO |Resolving eureka endpoints via configuration
19-04-2026 14:09:54.0295|INFO |Resolving eureka endpoints via configuration
19-04-2026 14:14:46.0500|INFO |Resolving eureka endpoints via configuration
19-04-2026 14:14:54.0297|INFO |Resolving eureka endpoints via configuration
19-04-2026 14:19:46.0508|INFO |Resolving eureka endpoints via configuration
19-04-2026 14:19:54.0306|INFO |Resolving eureka endpoints via configuration
19-04-2026 14:24:46.0532|INFO |Resolving eureka endpoints via configuration
19-04-2026 14:24:54.0319|INFO |Resolving eureka endpoints via configuration
19-04-2026 14:27:51.0892|INFO |Init duration for springdoc-openapi is: 1421 ms
19-04-2026 14:28:05.0621|INFO |Init duration for springdoc-openapi is: 1224 ms
19-04-2026 14:29:46.0535|INFO |Resolving eureka endpoints via configuration
19-04-2026 14:29:54.0327|INFO |Resolving eureka endpoints via configuration
19-04-2026 14:34:46.0550|INFO |Resolving eureka endpoints via configuration
19-04-2026 14:34:54.0332|INFO |Resolving eureka endpoints via configuration
19-04-2026 14:39:46.0556|INFO |Resolving eureka endpoints via configuration
19-04-2026 14:39:54.0340|INFO |Resolving eureka endpoints via configuration
19-04-2026 14:44:46.0571|INFO |Resolving eureka endpoints via configuration
19-04-2026 14:44:54.0353|INFO |Resolving eureka endpoints via configuration
19-04-2026 14:49:46.0587|INFO |Resolving eureka endpoints via configuration
19-04-2026 14:49:54.0361|INFO |Resolving eureka endpoints via configuration
19-04-2026 14:54:46.0598|INFO |Resolving eureka endpoints via configuration
19-04-2026 14:54:54.0365|INFO |Resolving eureka endpoints via configuration
19-04-2026 14:59:46.0614|INFO |Resolving eureka endpoints via configuration
19-04-2026 14:59:54.0367|INFO |Resolving eureka endpoints via configuration
19-04-2026 15:04:46.0630|INFO |Resolving eureka endpoints via configuration
19-04-2026 15:04:54.0384|INFO |Resolving eureka endpoints via configuration
19-04-2026 15:09:46.0644|INFO |Resolving eureka endpoints via configuration
19-04-2026 15:09:54.0395|INFO |Resolving eureka endpoints via configuration
19-04-2026 15:14:46.0661|INFO |Resolving eureka endpoints via configuration
19-04-2026 15:14:54.0486|INFO |Resolving eureka endpoints via configuration
19-04-2026 15:19:46.0672|INFO |Resolving eureka endpoints via configuration
19-04-2026 15:19:54.0492|INFO |Resolving eureka endpoints via configuration
19-04-2026 15:24:46.0693|INFO |Resolving eureka endpoints via configuration
19-04-2026 15:24:54.0498|INFO |Resolving eureka endpoints via configuration
19-04-2026 15:29:46.0695|INFO |Resolving eureka endpoints via configuration
19-04-2026 15:29:54.0516|INFO |Resolving eureka endpoints via configuration
19-04-2026 15:34:46.0700|INFO |Resolving eureka endpoints via configuration
19-04-2026 15:34:54.0529|INFO |Resolving eureka endpoints via configuration
19-04-2026 15:39:46.0710|INFO |Resolving eureka endpoints via configuration
19-04-2026 15:39:54.0547|INFO |Resolving eureka endpoints via configuration
19-04-2026 15:44:46.0718|INFO |Resolving eureka endpoints via configuration
19-04-2026 15:44:54.0556|INFO |Resolving eureka endpoints via configuration
19-04-2026 15:49:46.0724|INFO |Resolving eureka endpoints via configuration
19-04-2026 15:49:54.0558|INFO |Resolving eureka endpoints via configuration
19-04-2026 15:54:46.0739|INFO |Resolving eureka endpoints via configuration
19-04-2026 15:54:54.0575|INFO |Resolving eureka endpoints via configuration
19-04-2026 15:59:46.0754|INFO |Resolving eureka endpoints via configuration
19-04-2026 15:59:54.0579|INFO |Resolving eureka endpoints via configuration
19-04-2026 16:04:46.0770|INFO |Resolving eureka endpoints via configuration
19-04-2026 16:04:54.0604|INFO |Resolving eureka endpoints via configuration
19-04-2026 16:09:46.0784|INFO |Resolving eureka endpoints via configuration
19-04-2026 16:09:54.0614|INFO |Resolving eureka endpoints via configuration
19-04-2026 16:14:46.0796|INFO |Resolving eureka endpoints via configuration
19-04-2026 16:14:54.0657|INFO |Resolving eureka endpoints via configuration
19-04-2026 16:19:46.0805|INFO |Resolving eureka endpoints via configuration
19-04-2026 16:19:54.0661|INFO |Resolving eureka endpoints via configuration
19-04-2026 16:37:23.0279|INFO |Resolving eureka endpoints via configuration
19-04-2026 16:37:31.0150|INFO |Resolving eureka endpoints via configuration
19-04-2026 16:42:23.0287|INFO |Resolving eureka endpoints via configuration
19-04-2026 16:42:31.0156|INFO |Resolving eureka endpoints via configuration
19-04-2026 16:47:23.0297|INFO |Resolving eureka endpoints via configuration
19-04-2026 16:47:31.0170|INFO |Resolving eureka endpoints via configuration
19-04-2026 16:52:23.0304|INFO |Resolving eureka endpoints via configuration
19-04-2026 16:52:31.0173|INFO |Resolving eureka endpoints via configuration
19-04-2026 16:57:23.0318|INFO |Resolving eureka endpoints via configuration
19-04-2026 16:57:31.0176|INFO |Resolving eureka endpoints via configuration
19-04-2026 17:02:23.0323|INFO |Resolving eureka endpoints via configuration
19-04-2026 17:02:31.0184|INFO |Resolving eureka endpoints via configuration
19-04-2026 17:07:23.0328|INFO |Resolving eureka endpoints via configuration
19-04-2026 17:07:31.0197|INFO |Resolving eureka endpoints via configuration
19-04-2026 17:12:23.0331|INFO |Resolving eureka endpoints via configuration
19-04-2026 17:12:31.0201|INFO |Resolving eureka endpoints via configuration
19-04-2026 17:17:23.0333|INFO |Resolving eureka endpoints via configuration
19-04-2026 17:17:31.0211|INFO |Resolving eureka endpoints via configuration
19-04-2026 17:22:23.0348|INFO |Resolving eureka endpoints via configuration
19-04-2026 17:22:31.0214|INFO |Resolving eureka endpoints via configuration
19-04-2026 17:27:23.0362|INFO |Resolving eureka endpoints via configuration
19-04-2026 17:27:31.0216|INFO |Resolving eureka endpoints via configuration
19-04-2026 17:32:23.0363|INFO |Resolving eureka endpoints via configuration
19-04-2026 17:32:31.0233|INFO |Resolving eureka endpoints via configuration
19-04-2026 21:01:46.0191|INFO |Resolving eureka endpoints via configuration
19-04-2026 21:01:54.0056|INFO |Resolving eureka endpoints via configuration
19-04-2026 21:06:46.0204|INFO |Resolving eureka endpoints via configuration
19-04-2026 21:06:54.0059|INFO |Resolving eureka endpoints via configuration
19-04-2026 22:12:02.0695|INFO |Resolving eureka endpoints via configuration
19-04-2026 22:12:10.0543|INFO |Resolving eureka endpoints via configuration
19-04-2026 22:17:02.0706|INFO |Resolving eureka endpoints via configuration
19-04-2026 22:17:10.0544|INFO |Resolving eureka endpoints via configuration
19-04-2026 22:22:02.0710|INFO |Resolving eureka endpoints via configuration
19-04-2026 22:22:10.0555|INFO |Resolving eureka endpoints via configuration
19-04-2026 22:27:02.0725|INFO |Resolving eureka endpoints via configuration
19-04-2026 22:27:10.0560|INFO |Resolving eureka endpoints via configuration
19-04-2026 22:32:02.0733|INFO |Resolving eureka endpoints via configuration
19-04-2026 22:32:10.0573|INFO |Resolving eureka endpoints via configuration
19-04-2026 22:37:02.0736|INFO |Resolving eureka endpoints via configuration
19-04-2026 22:37:10.0576|INFO |Resolving eureka endpoints via configuration
19-04-2026 22:42:02.0753|INFO |Resolving eureka endpoints via configuration
19-04-2026 22:42:10.0587|INFO |Resolving eureka endpoints via configuration
19-04-2026 22:47:02.0757|INFO |Resolving eureka endpoints via configuration
19-04-2026 22:47:10.0599|INFO |Resolving eureka endpoints via configuration
19-04-2026 22:54:09.0986|INFO |Resolving eureka endpoints via configuration
19-04-2026 22:54:17.0816|INFO |Resolving eureka endpoints via configuration
19-04-2026 22:59:10.0000|INFO |Resolving eureka endpoints via configuration
19-04-2026 22:59:17.0833|INFO |Resolving eureka endpoints via configuration
19-04-2026 23:04:10.0014|INFO |Resolving eureka endpoints via configuration
19-04-2026 23:04:17.0836|INFO |Resolving eureka endpoints via configuration
19-04-2026 23:09:10.0028|INFO |Resolving eureka endpoints via configuration
19-04-2026 23:09:17.0852|INFO |Resolving eureka endpoints via configuration
19-04-2026 23:14:10.0031|INFO |Resolving eureka endpoints via configuration
19-04-2026 23:14:17.0879|INFO |Resolving eureka endpoints via configuration
19-04-2026 23:19:10.0042|INFO |Resolving eureka endpoints via configuration
19-04-2026 23:19:17.0892|INFO |Resolving eureka endpoints via configuration
19-04-2026 23:24:10.0050|INFO |Resolving eureka endpoints via configuration
19-04-2026 23:24:17.0906|INFO |Resolving eureka endpoints via configuration
19-04-2026 23:29:10.0137|INFO |Resolving eureka endpoints via configuration
19-04-2026 23:29:17.0916|INFO |Resolving eureka endpoints via configuration
19-04-2026 23:31:25.0808|INFO |Unregistering application ADMINISTRATION-SERVICE with eureka with status DOWN
19-04-2026 23:31:25.0815|INFO |Saw local status change event StatusChangeEvent [timestamp=1776637885814, current=DOWN, previous=UP]
19-04-2026 23:31:25.0819|INFO |DiscoveryClient_ADMINISTRATION-SERVICE/RANIA:administration-service:8060: registering service...
19-04-2026 23:31:25.0870|INFO |Unregistering application ETABLISSEMENT-SERVICE with eureka with status DOWN
19-04-2026 23:31:25.0873|INFO |Saw local status change event StatusChangeEvent [timestamp=1776637885873, current=DOWN, previous=UP]
19-04-2026 23:31:25.0880|INFO |DiscoveryClient_ETABLISSEMENT-SERVICE/RANIA:etablissement-service:8063: registering service...
19-04-2026 23:31:26.0037|INFO |DiscoveryClient_ETABLISSEMENT-SERVICE/RANIA:etablissement-service:8063 - registration status: 204
19-04-2026 23:31:26.0039|INFO |DiscoveryClient_ADMINISTRATION-SERVICE/RANIA:administration-service:8060 - registration status: 204
19-04-2026 23:31:26.0152|INFO |Closing JPA EntityManagerFactory for persistence unit 'default'
19-04-2026 23:31:26.0190|INFO |HikariPool-1 - Shutdown initiated...
19-04-2026 23:31:26.0208|INFO |Closing JPA EntityManagerFactory for persistence unit 'default'
19-04-2026 23:31:26.0234|INFO |HikariPool-1 - Shutdown completed.
19-04-2026 23:31:26.0270|INFO |Shutting down DiscoveryClient ...
19-04-2026 23:31:26.0272|INFO |HikariPool-1 - Shutdown initiated...
19-04-2026 23:31:26.0290|INFO |HikariPool-1 - Shutdown completed.
19-04-2026 23:31:26.0311|INFO |Shutting down DiscoveryClient ...
19-04-2026 23:31:29.0284|INFO |Unregistering ...
19-04-2026 23:31:29.0314|INFO |Unregistering ...
19-04-2026 23:31:29.0324|INFO |Request execution error. endpoint=DefaultEndpoint{ serviceUrl='http://127.0.0.1:8761/eureka/} exception=I/O error on DELETE request for "http://127.0.0.1:8761/eureka/apps/ETABLISSEMENT-SERVICE/RANIA:etablissement-service:8063": Connect to 127.0.0.1:8761 [/127.0.0.1] failed: Connection refused: connect; nested exception is org.apache.http.conn.HttpHostConnectException: Connect to 127.0.0.1:8761 [/127.0.0.1] failed: Connection refused: connect stacktrace=org.springframework.web.client.ResourceAccessException: I/O error on DELETE request for "http://127.0.0.1:8761/eureka/apps/ETABLISSEMENT-SERVICE/RANIA:etablissement-service:8063": Connect to 127.0.0.1:8761 [/127.0.0.1] failed: Connection refused: connect; nested exception is org.apache.http.conn.HttpHostConnectException: Connect to 127.0.0.1:8761 [/127.0.0.1] failed: Connection refused: connect
	at org.springframework.web.client.RestTemplate.doExecute(RestTemplate.java:785)
	at org.springframework.web.client.RestTemplate.execute(RestTemplate.java:711)
	at org.springframework.web.client.RestTemplate.exchange(RestTemplate.java:602)
	at org.springframework.cloud.netflix.eureka.http.RestTemplateEurekaHttpClient.cancel(RestTemplateEurekaHttpClient.java:87)
	at com.netflix.discovery.shared.transport.decorator.EurekaHttpClientDecorator$2.execute(EurekaHttpClientDecorator.java:74)
	at com.netflix.discovery.shared.transport.decorator.RedirectingEurekaHttpClient.execute(RedirectingEurekaHttpClient.java:91)
	at com.netflix.discovery.shared.transport.decorator.EurekaHttpClientDecorator.cancel(EurekaHttpClientDecorator.java:71)
	at com.netflix.discovery.shared.transport.decorator.EurekaHttpClientDecorator$2.execute(EurekaHttpClientDecorator.java:74)
	at com.netflix.discovery.shared.transport.decorator.RetryableEurekaHttpClient.execute(RetryableEurekaHttpClient.java:120)
	at com.netflix.discovery.shared.transport.decorator.EurekaHttpClientDecorator.cancel(EurekaHttpClientDecorator.java:71)
	at com.netflix.discovery.shared.transport.decorator.EurekaHttpClientDecorator$2.execute(EurekaHttpClientDecorator.java:74)
	at com.netflix.discovery.shared.transport.decorator.SessionedEurekaHttpClient.execute(SessionedEurekaHttpClient.java:77)
	at com.netflix.discovery.shared.transport.decorator.EurekaHttpClientDecorator.cancel(EurekaHttpClientDecorator.java:71)
	at com.netflix.discovery.DiscoveryClient.unregister(DiscoveryClient.java:972)
	at com.netflix.discovery.DiscoveryClient.shutdown(DiscoveryClient.java:948)
	at java.base/jdk.internal.reflect.DirectMethodHandleAccessor.invoke(DirectMethodHandleAccessor.java:103)
	at java.base/java.lang.reflect.Method.invoke(Method.java:580)
	at org.springframework.beans.factory.annotation.InitDestroyAnnotationBeanPostProcessor$LifecycleElement.invoke(InitDestroyAnnotationBeanPostProcessor.java:389)
	at org.springframework.beans.factory.annotation.InitDestroyAnnotationBeanPostProcessor$LifecycleMetadata.invokeDestroyMethods(InitDestroyAnnotationBeanPostProcessor.java:347)
	at org.springframework.beans.factory.annotation.InitDestroyAnnotationBeanPostProcessor.postProcessBeforeDestruction(InitDestroyAnnotationBeanPostProcessor.java:177)
	at org.springframework.beans.factory.support.DisposableBeanAdapter.destroy(DisposableBeanAdapter.java:197)
	at org.springframework.beans.factory.support.DisposableBeanAdapter.run(DisposableBeanAdapter.java:190)
	at org.springframework.cloud.context.scope.GenericScope$BeanLifecycleWrapper.destroy(GenericScope.java:390)
	at org.springframework.cloud.context.scope.GenericScope.destroy(GenericScope.java:136)
	at org.springframework.beans.factory.support.DisposableBeanAdapter.destroy(DisposableBeanAdapter.java:213)
	at org.springframework.beans.factory.support.DefaultSingletonBeanRegistry.destroyBean(DefaultSingletonBeanRegistry.java:587)
	at org.springframework.beans.factory.support.DefaultSingletonBeanRegistry.destroySingleton(DefaultSingletonBeanRegistry.java:559)
	at org.springframework.beans.factory.support.DefaultListableBeanFactory.destroySingleton(DefaultListableBeanFactory.java:1163)
	at org.springframework.beans.factory.support.DefaultSingletonBeanRegistry.destroySingletons(DefaultSingletonBeanRegistry.java:520)
	at org.springframework.beans.factory.support.DefaultListableBeanFactory.destroySingletons(DefaultListableBeanFactory.java:1156)
	at org.springframework.context.support.AbstractApplicationContext.destroyBeans(AbstractApplicationContext.java:1106)
	at org.springframework.context.support.AbstractApplicationContext.doClose(AbstractApplicationContext.java:1075)
	at org.springframework.boot.web.servlet.context.ServletWebServerApplicationContext.doClose(ServletWebServerApplicationContext.java:174)
	at org.springframework.context.support.AbstractApplicationContext.close(AbstractApplicationContext.java:1021)
	at org.springframework.boot.SpringApplicationShutdownHook.closeAndWait(SpringApplicationShutdownHook.java:145)
	at java.base/java.lang.Iterable.forEach(Iterable.java:75)
	at org.springframework.boot.SpringApplicationShutdownHook.run(SpringApplicationShutdownHook.java:114)
	at java.base/java.lang.Thread.run(Thread.java:1583)
Caused by: org.apache.http.conn.HttpHostConnectException: Connect to 127.0.0.1:8761 [/127.0.0.1] failed: Connection refused: connect
	at org.apache.http.impl.conn.DefaultHttpClientConnectionOperator.connect(DefaultHttpClientConnectionOperator.java:156)
	at org.apache.http.impl.conn.PoolingHttpClientConnectionManager.connect(PoolingHttpClientConnectionManager.java:376)
	at org.apache.http.impl.execchain.MainClientExec.establishRoute(MainClientExec.java:393)
	at org.apache.http.impl.execchain.MainClientExec.execute(MainClientExec.java:236)
	at org.apache.http.impl.execchain.ProtocolExec.execute(ProtocolExec.java:186)
	at org.apache.http.impl.execchain.RetryExec.execute(RetryExec.java:89)
	at org.apache.http.impl.execchain.RedirectExec.execute(RedirectExec.java:110)
	at org.apache.http.impl.client.InternalHttpClient.doExecute(InternalHttpClient.java:185)
	at org.apache.http.impl.client.CloseableHttpClient.execute(CloseableHttpClient.java:83)
	at org.apache.http.impl.client.CloseableHttpClient.execute(CloseableHttpClient.java:56)
	at org.springframework.http.client.HttpComponentsClientHttpRequest.executeInternal(HttpComponentsClientHttpRequest.java:87)
	at org.springframework.http.client.AbstractBufferingClientHttpRequest.executeInternal(AbstractBufferingClientHttpRequest.java:48)
	at org.springframework.http.client.AbstractClientHttpRequest.execute(AbstractClientHttpRequest.java:66)
	at org.springframework.web.client.RestTemplate.doExecute(RestTemplate.java:776)
	... 37 more
Caused by: java.net.ConnectException: Connection refused: connect
	at java.base/sun.nio.ch.Net.connect0(Native Method)
	at java.base/sun.nio.ch.Net.connect(Net.java:589)
	at java.base/sun.nio.ch.Net.connect(Net.java:578)
	at java.base/sun.nio.ch.NioSocketImpl.connect(NioSocketImpl.java:583)
	at java.base/java.net.SocksSocketImpl.connect(SocksSocketImpl.java:327)
	at java.base/java.net.Socket.connect(Socket.java:751)
	at org.apache.http.conn.socket.PlainConnectionSocketFactory.connectSocket(PlainConnectionSocketFactory.java:75)
	at org.apache.http.impl.conn.DefaultHttpClientConnectionOperator.connect(DefaultHttpClientConnectionOperator.java:142)
	... 50 more

19-04-2026 23:31:29.0344|INFO |Request execution error. endpoint=DefaultEndpoint{ serviceUrl='http://127.0.0.1:8761/eureka/} exception=I/O error on DELETE request for "http://127.0.0.1:8761/eureka/apps/ADMINISTRATION-SERVICE/RANIA:administration-service:8060": Connect to 127.0.0.1:8761 [/127.0.0.1] failed: Connection refused: connect; nested exception is org.apache.http.conn.HttpHostConnectException: Connect to 127.0.0.1:8761 [/127.0.0.1] failed: Connection refused: connect stacktrace=org.springframework.web.client.ResourceAccessException: I/O error on DELETE request for "http://127.0.0.1:8761/eureka/apps/ADMINISTRATION-SERVICE/RANIA:administration-service:8060": Connect to 127.0.0.1:8761 [/127.0.0.1] failed: Connection refused: connect; nested exception is org.apache.http.conn.HttpHostConnectException: Connect to 127.0.0.1:8761 [/127.0.0.1] failed: Connection refused: connect
	at org.springframework.web.client.RestTemplate.doExecute(RestTemplate.java:785)
	at org.springframework.web.client.RestTemplate.execute(RestTemplate.java:711)
	at org.springframework.web.client.RestTemplate.exchange(RestTemplate.java:602)
	at org.springframework.cloud.netflix.eureka.http.RestTemplateEurekaHttpClient.cancel(RestTemplateEurekaHttpClient.java:87)
	at com.netflix.discovery.shared.transport.decorator.EurekaHttpClientDecorator$2.execute(EurekaHttpClientDecorator.java:74)
	at com.netflix.discovery.shared.transport.decorator.RedirectingEurekaHttpClient.execute(RedirectingEurekaHttpClient.java:91)
	at com.netflix.discovery.shared.transport.decorator.EurekaHttpClientDecorator.cancel(EurekaHttpClientDecorator.java:71)
	at com.netflix.discovery.shared.transport.decorator.EurekaHttpClientDecorator$2.execute(EurekaHttpClientDecorator.java:74)
	at com.netflix.discovery.shared.transport.decorator.RetryableEurekaHttpClient.execute(RetryableEurekaHttpClient.java:120)
	at com.netflix.discovery.shared.transport.decorator.EurekaHttpClientDecorator.cancel(EurekaHttpClientDecorator.java:71)
	at com.netflix.discovery.shared.transport.decorator.EurekaHttpClientDecorator$2.execute(EurekaHttpClientDecorator.java:74)
	at com.netflix.discovery.shared.transport.decorator.SessionedEurekaHttpClient.execute(SessionedEurekaHttpClient.java:77)
	at com.netflix.discovery.shared.transport.decorator.EurekaHttpClientDecorator.cancel(EurekaHttpClientDecorator.java:71)
	at com.netflix.discovery.DiscoveryClient.unregister(DiscoveryClient.java:972)
	at com.netflix.discovery.DiscoveryClient.shutdown(DiscoveryClient.java:948)
	at java.base/jdk.internal.reflect.DirectMethodHandleAccessor.invoke(DirectMethodHandleAccessor.java:103)
	at java.base/java.lang.reflect.Method.invoke(Method.java:580)
	at org.springframework.beans.factory.annotation.InitDestroyAnnotationBeanPostProcessor$LifecycleElement.invoke(InitDestroyAnnotationBeanPostProcessor.java:389)
	at org.springframework.beans.factory.annotation.InitDestroyAnnotationBeanPostProcessor$LifecycleMetadata.invokeDestroyMethods(InitDestroyAnnotationBeanPostProcessor.java:347)
	at org.springframework.beans.factory.annotation.InitDestroyAnnotationBeanPostProcessor.postProcessBeforeDestruction(InitDestroyAnnotationBeanPostProcessor.java:177)
	at org.springframework.beans.factory.support.DisposableBeanAdapter.destroy(DisposableBeanAdapter.java:197)
	at org.springframework.beans.factory.support.DisposableBeanAdapter.run(DisposableBeanAdapter.java:190)
	at org.springframework.cloud.context.scope.GenericScope$BeanLifecycleWrapper.destroy(GenericScope.java:390)
	at org.springframework.cloud.context.scope.GenericScope.destroy(GenericScope.java:136)
	at org.springframework.beans.factory.support.DisposableBeanAdapter.destroy(DisposableBeanAdapter.java:213)
	at org.springframework.beans.factory.support.DefaultSingletonBeanRegistry.destroyBean(DefaultSingletonBeanRegistry.java:587)
	at org.springframework.beans.factory.support.DefaultSingletonBeanRegistry.destroySingleton(DefaultSingletonBeanRegistry.java:559)
	at org.springframework.beans.factory.support.DefaultListableBeanFactory.destroySingleton(DefaultListableBeanFactory.java:1163)
	at org.springframework.beans.factory.support.DefaultSingletonBeanRegistry.destroySingletons(DefaultSingletonBeanRegistry.java:520)
	at org.springframework.beans.factory.support.DefaultListableBeanFactory.destroySingletons(DefaultListableBeanFactory.java:1156)
	at org.springframework.context.support.AbstractApplicationContext.destroyBeans(AbstractApplicationContext.java:1106)
	at org.springframework.context.support.AbstractApplicationContext.doClose(AbstractApplicationContext.java:1075)
	at org.springframework.boot.web.servlet.context.ServletWebServerApplicationContext.doClose(ServletWebServerApplicationContext.java:174)
	at org.springframework.context.support.AbstractApplicationContext.close(AbstractApplicationContext.java:1021)
	at org.springframework.boot.SpringApplicationShutdownHook.closeAndWait(SpringApplicationShutdownHook.java:145)
	at java.base/java.lang.Iterable.forEach(Iterable.java:75)
	at org.springframework.boot.SpringApplicationShutdownHook.run(SpringApplicationShutdownHook.java:114)
	at java.base/java.lang.Thread.run(Thread.java:1583)
Caused by: org.apache.http.conn.HttpHostConnectException: Connect to 127.0.0.1:8761 [/127.0.0.1] failed: Connection refused: connect
	at org.apache.http.impl.conn.DefaultHttpClientConnectionOperator.connect(DefaultHttpClientConnectionOperator.java:156)
	at org.apache.http.impl.conn.PoolingHttpClientConnectionManager.connect(PoolingHttpClientConnectionManager.java:376)
	at org.apache.http.impl.execchain.MainClientExec.establishRoute(MainClientExec.java:393)
	at org.apache.http.impl.execchain.MainClientExec.execute(MainClientExec.java:236)
	at org.apache.http.impl.execchain.ProtocolExec.execute(ProtocolExec.java:186)
	at org.apache.http.impl.execchain.RetryExec.execute(RetryExec.java:89)
	at org.apache.http.impl.execchain.RedirectExec.execute(RedirectExec.java:110)
	at org.apache.http.impl.client.InternalHttpClient.doExecute(InternalHttpClient.java:185)
	at org.apache.http.impl.client.CloseableHttpClient.execute(CloseableHttpClient.java:83)
	at org.apache.http.impl.client.CloseableHttpClient.execute(CloseableHttpClient.java:56)
	at org.springframework.http.client.HttpComponentsClientHttpRequest.executeInternal(HttpComponentsClientHttpRequest.java:87)
	at org.springframework.http.client.AbstractBufferingClientHttpRequest.executeInternal(AbstractBufferingClientHttpRequest.java:48)
	at org.springframework.http.client.AbstractClientHttpRequest.execute(AbstractClientHttpRequest.java:66)
	at org.springframework.web.client.RestTemplate.doExecute(RestTemplate.java:776)
	... 37 more
Caused by: java.net.ConnectException: Connection refused: connect
	at java.base/sun.nio.ch.Net.connect0(Native Method)
	at java.base/sun.nio.ch.Net.connect(Net.java:589)
	at java.base/sun.nio.ch.Net.connect(Net.java:578)
	at java.base/sun.nio.ch.NioSocketImpl.connect(NioSocketImpl.java:583)
	at java.base/java.net.SocksSocketImpl.connect(SocksSocketImpl.java:327)
	at java.base/java.net.Socket.connect(Socket.java:751)
	at org.apache.http.conn.socket.PlainConnectionSocketFactory.connectSocket(PlainConnectionSocketFactory.java:75)
	at org.apache.http.impl.conn.DefaultHttpClientConnectionOperator.connect(DefaultHttpClientConnectionOperator.java:142)
	... 50 more

19-04-2026 23:31:29.0351|INFO |Request execution error. endpoint=DefaultEndpoint{ serviceUrl='http://127.0.0.1:8761/eureka/}, exception=I/O error on DELETE request for "http://127.0.0.1:8761/eureka/apps/ETABLISSEMENT-SERVICE/RANIA:etablissement-service:8063": Connect to 127.0.0.1:8761 [/127.0.0.1] failed: Connection refused: connect; nested exception is org.apache.http.conn.HttpHostConnectException: Connect to 127.0.0.1:8761 [/127.0.0.1] failed: Connection refused: connect stacktrace=org.springframework.web.client.ResourceAccessException: I/O error on DELETE request for "http://127.0.0.1:8761/eureka/apps/ETABLISSEMENT-SERVICE/RANIA:etablissement-service:8063": Connect to 127.0.0.1:8761 [/127.0.0.1] failed: Connection refused: connect; nested exception is org.apache.http.conn.HttpHostConnectException: Connect to 127.0.0.1:8761 [/127.0.0.1] failed: Connection refused: connect
	at org.springframework.web.client.RestTemplate.doExecute(RestTemplate.java:785)
	at org.springframework.web.client.RestTemplate.execute(RestTemplate.java:711)
	at org.springframework.web.client.RestTemplate.exchange(RestTemplate.java:602)
	at org.springframework.cloud.netflix.eureka.http.RestTemplateEurekaHttpClient.cancel(RestTemplateEurekaHttpClient.java:87)
	at com.netflix.discovery.shared.transport.decorator.EurekaHttpClientDecorator$2.execute(EurekaHttpClientDecorator.java:74)
	at com.netflix.discovery.shared.transport.decorator.RedirectingEurekaHttpClient.executeOnNewServer(RedirectingEurekaHttpClient.java:121)
	at com.netflix.discovery.shared.transport.decorator.RedirectingEurekaHttpClient.execute(RedirectingEurekaHttpClient.java:80)
	at com.netflix.discovery.shared.transport.decorator.EurekaHttpClientDecorator.cancel(EurekaHttpClientDecorator.java:71)
	at com.netflix.discovery.shared.transport.decorator.EurekaHttpClientDecorator$2.execute(EurekaHttpClientDecorator.java:74)
	at com.netflix.discovery.shared.transport.decorator.RetryableEurekaHttpClient.execute(RetryableEurekaHttpClient.java:120)
	at com.netflix.discovery.shared.transport.decorator.EurekaHttpClientDecorator.cancel(EurekaHttpClientDecorator.java:71)
	at com.netflix.discovery.shared.transport.decorator.EurekaHttpClientDecorator$2.execute(EurekaHttpClientDecorator.java:74)
	at com.netflix.discovery.shared.transport.decorator.SessionedEurekaHttpClient.execute(SessionedEurekaHttpClient.java:77)
	at com.netflix.discovery.shared.transport.decorator.EurekaHttpClientDecorator.cancel(EurekaHttpClientDecorator.java:71)
	at com.netflix.discovery.DiscoveryClient.unregister(DiscoveryClient.java:972)
	at com.netflix.discovery.DiscoveryClient.shutdown(DiscoveryClient.java:948)
	at java.base/jdk.internal.reflect.DirectMethodHandleAccessor.invoke(DirectMethodHandleAccessor.java:103)
	at java.base/java.lang.reflect.Method.invoke(Method.java:580)
	at org.springframework.beans.factory.annotation.InitDestroyAnnotationBeanPostProcessor$LifecycleElement.invoke(InitDestroyAnnotationBeanPostProcessor.java:389)
	at org.springframework.beans.factory.annotation.InitDestroyAnnotationBeanPostProcessor$LifecycleMetadata.invokeDestroyMethods(InitDestroyAnnotationBeanPostProcessor.java:347)
	at org.springframework.beans.factory.annotation.InitDestroyAnnotationBeanPostProcessor.postProcessBeforeDestruction(InitDestroyAnnotationBeanPostProcessor.java:177)
	at org.springframework.beans.factory.support.DisposableBeanAdapter.destroy(DisposableBeanAdapter.java:197)
	at org.springframework.beans.factory.support.DisposableBeanAdapter.run(DisposableBeanAdapter.java:190)
	at org.springframework.cloud.context.scope.GenericScope$BeanLifecycleWrapper.destroy(GenericScope.java:390)
	at org.springframework.cloud.context.scope.GenericScope.destroy(GenericScope.java:136)
	at org.springframework.beans.factory.support.DisposableBeanAdapter.destroy(DisposableBeanAdapter.java:213)
	at org.springframework.beans.factory.support.DefaultSingletonBeanRegistry.destroyBean(DefaultSingletonBeanRegistry.java:587)
	at org.springframework.beans.factory.support.DefaultSingletonBeanRegistry.destroySingleton(DefaultSingletonBeanRegistry.java:559)
	at org.springframework.beans.factory.support.DefaultListableBeanFactory.destroySingleton(DefaultListableBeanFactory.java:1163)
	at org.springframework.beans.factory.support.DefaultSingletonBeanRegistry.destroySingletons(DefaultSingletonBeanRegistry.java:520)
	at org.springframework.beans.factory.support.DefaultListableBeanFactory.destroySingletons(DefaultListableBeanFactory.java:1156)
	at org.springframework.context.support.AbstractApplicationContext.destroyBeans(AbstractApplicationContext.java:1106)
	at org.springframework.context.support.AbstractApplicationContext.doClose(AbstractApplicationContext.java:1075)
	at org.springframework.boot.web.servlet.context.ServletWebServerApplicationContext.doClose(ServletWebServerApplicationContext.java:174)
	at org.springframework.context.support.AbstractApplicationContext.close(AbstractApplicationContext.java:1021)
	at org.springframework.boot.SpringApplicationShutdownHook.closeAndWait(SpringApplicationShutdownHook.java:145)
	at java.base/java.lang.Iterable.forEach(Iterable.java:75)
	at org.springframework.boot.SpringApplicationShutdownHook.run(SpringApplicationShutdownHook.java:114)
	at java.base/java.lang.Thread.run(Thread.java:1583)
Caused by: org.apache.http.conn.HttpHostConnectException: Connect to 127.0.0.1:8761 [/127.0.0.1] failed: Connection refused: connect
	at org.apache.http.impl.conn.DefaultHttpClientConnectionOperator.connect(DefaultHttpClientConnectionOperator.java:156)
	at org.apache.http.impl.conn.PoolingHttpClientConnectionManager.connect(PoolingHttpClientConnectionManager.java:376)
	at org.apache.http.impl.execchain.MainClientExec.establishRoute(MainClientExec.java:393)
	at org.apache.http.impl.execchain.MainClientExec.execute(MainClientExec.java:236)
	at org.apache.http.impl.execchain.ProtocolExec.execute(ProtocolExec.java:186)
	at org.apache.http.impl.execchain.RetryExec.execute(RetryExec.java:89)
	at org.apache.http.impl.execchain.RedirectExec.execute(RedirectExec.java:110)
	at org.apache.http.impl.client.InternalHttpClient.doExecute(InternalHttpClient.java:185)
	at org.apache.http.impl.client.CloseableHttpClient.execute(CloseableHttpClient.java:83)
	at org.apache.http.impl.client.CloseableHttpClient.execute(CloseableHttpClient.java:56)
	at org.springframework.http.client.HttpComponentsClientHttpRequest.executeInternal(HttpComponentsClientHttpRequest.java:87)
	at org.springframework.http.client.AbstractBufferingClientHttpRequest.executeInternal(AbstractBufferingClientHttpRequest.java:48)
	at org.springframework.http.client.AbstractClientHttpRequest.execute(AbstractClientHttpRequest.java:66)
	at org.springframework.web.client.RestTemplate.doExecute(RestTemplate.java:776)
	... 38 more
Caused by: java.net.ConnectException: Connection refused: connect
	at java.base/sun.nio.ch.Net.connect0(Native Method)
	at java.base/sun.nio.ch.Net.connect(Net.java:589)
	at java.base/sun.nio.ch.Net.connect(Net.java:578)
	at java.base/sun.nio.ch.NioSocketImpl.connect(NioSocketImpl.java:583)
	at java.base/java.net.SocksSocketImpl.connect(SocksSocketImpl.java:327)
	at java.base/java.net.Socket.connect(Socket.java:751)
	at org.apache.http.conn.socket.PlainConnectionSocketFactory.connectSocket(PlainConnectionSocketFactory.java:75)
	at org.apache.http.impl.conn.DefaultHttpClientConnectionOperator.connect(DefaultHttpClientConnectionOperator.java:142)
	... 51 more

19-04-2026 23:31:29.0354|INFO |Request execution error. endpoint=DefaultEndpoint{ serviceUrl='http://127.0.0.1:8761/eureka/}, exception=I/O error on DELETE request for "http://127.0.0.1:8761/eureka/apps/ADMINISTRATION-SERVICE/RANIA:administration-service:8060": Connect to 127.0.0.1:8761 [/127.0.0.1] failed: Connection refused: connect; nested exception is org.apache.http.conn.HttpHostConnectException: Connect to 127.0.0.1:8761 [/127.0.0.1] failed: Connection refused: connect stacktrace=org.springframework.web.client.ResourceAccessException: I/O error on DELETE request for "http://127.0.0.1:8761/eureka/apps/ADMINISTRATION-SERVICE/RANIA:administration-service:8060": Connect to 127.0.0.1:8761 [/127.0.0.1] failed: Connection refused: connect; nested exception is org.apache.http.conn.HttpHostConnectException: Connect to 127.0.0.1:8761 [/127.0.0.1] failed: Connection refused: connect
	at org.springframework.web.client.RestTemplate.doExecute(RestTemplate.java:785)
	at org.springframework.web.client.RestTemplate.execute(RestTemplate.java:711)
	at org.springframework.web.client.RestTemplate.exchange(RestTemplate.java:602)
	at org.springframework.cloud.netflix.eureka.http.RestTemplateEurekaHttpClient.cancel(RestTemplateEurekaHttpClient.java:87)
	at com.netflix.discovery.shared.transport.decorator.EurekaHttpClientDecorator$2.execute(EurekaHttpClientDecorator.java:74)
	at com.netflix.discovery.shared.transport.decorator.RedirectingEurekaHttpClient.executeOnNewServer(RedirectingEurekaHttpClient.java:121)
	at com.netflix.discovery.shared.transport.decorator.RedirectingEurekaHttpClient.execute(RedirectingEurekaHttpClient.java:80)
	at com.netflix.discovery.shared.transport.decorator.EurekaHttpClientDecorator.cancel(EurekaHttpClientDecorator.java:71)
	at com.netflix.discovery.shared.transport.decorator.EurekaHttpClientDecorator$2.execute(EurekaHttpClientDecorator.java:74)
	at com.netflix.discovery.shared.transport.decorator.RetryableEurekaHttpClient.execute(RetryableEurekaHttpClient.java:120)
	at com.netflix.discovery.shared.transport.decorator.EurekaHttpClientDecorator.cancel(EurekaHttpClientDecorator.java:71)
	at com.netflix.discovery.shared.transport.decorator.EurekaHttpClientDecorator$2.execute(EurekaHttpClientDecorator.java:74)
	at com.netflix.discovery.shared.transport.decorator.SessionedEurekaHttpClient.execute(SessionedEurekaHttpClient.java:77)
	at com.netflix.discovery.shared.transport.decorator.EurekaHttpClientDecorator.cancel(EurekaHttpClientDecorator.java:71)
	at com.netflix.discovery.DiscoveryClient.unregister(DiscoveryClient.java:972)
	at com.netflix.discovery.DiscoveryClient.shutdown(DiscoveryClient.java:948)
	at java.base/jdk.internal.reflect.DirectMethodHandleAccessor.invoke(DirectMethodHandleAccessor.java:103)
	at java.base/java.lang.reflect.Method.invoke(Method.java:580)
	at org.springframework.beans.factory.annotation.InitDestroyAnnotationBeanPostProcessor$LifecycleElement.invoke(InitDestroyAnnotationBeanPostProcessor.java:389)
	at org.springframework.beans.factory.annotation.InitDestroyAnnotationBeanPostProcessor$LifecycleMetadata.invokeDestroyMethods(InitDestroyAnnotationBeanPostProcessor.java:347)
	at org.springframework.beans.factory.annotation.InitDestroyAnnotationBeanPostProcessor.postProcessBeforeDestruction(InitDestroyAnnotationBeanPostProcessor.java:177)
	at org.springframework.beans.factory.support.DisposableBeanAdapter.destroy(DisposableBeanAdapter.java:197)
	at org.springframework.beans.factory.support.DisposableBeanAdapter.run(DisposableBeanAdapter.java:190)
	at org.springframework.cloud.context.scope.GenericScope$BeanLifecycleWrapper.destroy(GenericScope.java:390)
	at org.springframework.cloud.context.scope.GenericScope.destroy(GenericScope.java:136)
	at org.springframework.beans.factory.support.DisposableBeanAdapter.destroy(DisposableBeanAdapter.java:213)
	at org.springframework.beans.factory.support.DefaultSingletonBeanRegistry.destroyBean(DefaultSingletonBeanRegistry.java:587)
	at org.springframework.beans.factory.support.DefaultSingletonBeanRegistry.destroySingleton(DefaultSingletonBeanRegistry.java:559)
	at org.springframework.beans.factory.support.DefaultListableBeanFactory.destroySingleton(DefaultListableBeanFactory.java:1163)
	at org.springframework.beans.factory.support.DefaultSingletonBeanRegistry.destroySingletons(DefaultSingletonBeanRegistry.java:520)
	at org.springframework.beans.factory.support.DefaultListableBeanFactory.destroySingletons(DefaultListableBeanFactory.java:1156)
	at org.springframework.context.support.AbstractApplicationContext.destroyBeans(AbstractApplicationContext.java:1106)
	at org.springframework.context.support.AbstractApplicationContext.doClose(AbstractApplicationContext.java:1075)
	at org.springframework.boot.web.servlet.context.ServletWebServerApplicationContext.doClose(ServletWebServerApplicationContext.java:174)
	at org.springframework.context.support.AbstractApplicationContext.close(AbstractApplicationContext.java:1021)
	at org.springframework.boot.SpringApplicationShutdownHook.closeAndWait(SpringApplicationShutdownHook.java:145)
	at java.base/java.lang.Iterable.forEach(Iterable.java:75)
	at org.springframework.boot.SpringApplicationShutdownHook.run(SpringApplicationShutdownHook.java:114)
	at java.base/java.lang.Thread.run(Thread.java:1583)
Caused by: org.apache.http.conn.HttpHostConnectException: Connect to 127.0.0.1:8761 [/127.0.0.1] failed: Connection refused: connect
	at org.apache.http.impl.conn.DefaultHttpClientConnectionOperator.connect(DefaultHttpClientConnectionOperator.java:156)
	at org.apache.http.impl.conn.PoolingHttpClientConnectionManager.connect(PoolingHttpClientConnectionManager.java:376)
	at org.apache.http.impl.execchain.MainClientExec.establishRoute(MainClientExec.java:393)
	at org.apache.http.impl.execchain.MainClientExec.execute(MainClientExec.java:236)
	at org.apache.http.impl.execchain.ProtocolExec.execute(ProtocolExec.java:186)
	at org.apache.http.impl.execchain.RetryExec.execute(RetryExec.java:89)
	at org.apache.http.impl.execchain.RedirectExec.execute(RedirectExec.java:110)
	at org.apache.http.impl.client.InternalHttpClient.doExecute(InternalHttpClient.java:185)
	at org.apache.http.impl.client.CloseableHttpClient.execute(CloseableHttpClient.java:83)
	at org.apache.http.impl.client.CloseableHttpClient.execute(CloseableHttpClient.java:56)
	at org.springframework.http.client.HttpComponentsClientHttpRequest.executeInternal(HttpComponentsClientHttpRequest.java:87)
	at org.springframework.http.client.AbstractBufferingClientHttpRequest.executeInternal(AbstractBufferingClientHttpRequest.java:48)
	at org.springframework.http.client.AbstractClientHttpRequest.execute(AbstractClientHttpRequest.java:66)
	at org.springframework.web.client.RestTemplate.doExecute(RestTemplate.java:776)
	... 38 more
Caused by: java.net.ConnectException: Connection refused: connect
	at java.base/sun.nio.ch.Net.connect0(Native Method)
	at java.base/sun.nio.ch.Net.connect(Net.java:589)
	at java.base/sun.nio.ch.Net.connect(Net.java:578)
	at java.base/sun.nio.ch.NioSocketImpl.connect(NioSocketImpl.java:583)
	at java.base/java.net.SocksSocketImpl.connect(SocksSocketImpl.java:327)
	at java.base/java.net.Socket.connect(Socket.java:751)
	at org.apache.http.conn.socket.PlainConnectionSocketFactory.connectSocket(PlainConnectionSocketFactory.java:75)
	at org.apache.http.impl.conn.DefaultHttpClientConnectionOperator.connect(DefaultHttpClientConnectionOperator.java:142)
	... 51 more

19-04-2026 23:31:29.0379|INFO |Completed shut down of DiscoveryClient
19-04-2026 23:31:29.0379|INFO |Completed shut down of DiscoveryClient
