27-05-2026 00:52:42.0618|INFO |Resolving eureka endpoints via configuration
27-05-2026 00:54:39.0671|INFO |Resolving eureka endpoints via configuration
27-05-2026 00:57:42.0674|INFO |Resolving eureka endpoints via configuration
27-05-2026 00:59:39.0739|INFO |Resolving eureka endpoints via configuration
27-05-2026 01:02:42.0684|INFO |Resolving eureka endpoints via configuration
27-05-2026 01:04:42.0778|INFO |Resolving eureka endpoints via configuration
27-05-2026 01:07:45.0728|INFO |Resolving eureka endpoints via configuration
27-05-2026 08:20:06.0443|INFO |Resolving eureka endpoints via configuration
27-05-2026 10:41:24.0944|INFO |The Class-Path manifest attribute in C:\Users\rania\.m2\repository\org\glassfish\ha\ha-api\3.1.9\ha-api-3.1.9.jar referenced one or more files that do not exist: file:/C:/Users/rania/.m2/repository/org/glassfish/ha/ha-api/3.1.9/hk2-core.jar,file:/C:/Users/rania/.m2/repository/org/glassfish/ha/ha-api/3.1.9/class-model.jar,file:/C:/Users/rania/.m2/repository/org/glassfish/ha/ha-api/3.1.9/config.jar,file:/C:/Users/rania/.m2/repository/org/glassfish/ha/ha-api/3.1.9/auto-depends.jar,file:/C:/Users/rania/.m2/repository/org/glassfish/ha/ha-api/3.1.9/javax.inject.jar,file:/C:/Users/rania/.m2/repository/org/glassfish/ha/ha-api/3.1.9/asm-all-repackaged.jar,file:/C:/Users/rania/.m2/repository/org/glassfish/ha/ha-api/3.1.9/hk2-api.jar,file:/C:/Users/rania/.m2/repository/org/glassfish/ha/ha-api/3.1.9/osgi-resource-locator.jar,file:/C:/Users/rania/.m2/repository/org/glassfish/ha/ha-api/3.1.9/tiger-types.jar,file:/C:/Users/rania/.m2/repository/org/glassfish/ha/ha-api/3.1.9/bean-validator.jar,file:/C:/Users/rania/.m2/repository/org/glassfish/ha/ha-api/3.1.9/jtype.jar
27-05-2026 10:41:24.0949|INFO |Devtools property defaults active! Set 'spring.devtools.add-properties' to 'false' to disable
27-05-2026 10:41:24.0949|INFO |For additional web related logging consider setting the 'logging.level.web' property to 'DEBUG'
27-05-2026 10:41:28.0725|INFO |Bootstrapping Spring Data JPA repositories in DEFAULT mode.
27-05-2026 10:41:29.0347|INFO |Finished Spring Data repository scanning in 602 ms. Found 29 JPA repository interfaces.
27-05-2026 10:41:30.0376|INFO |BeanFactory id=18f72454-71ca-37b4-a21b-45b8c48432f1
27-05-2026 10:41:31.0952|INFO |Tomcat initialized with port(s): 8063 (http)
27-05-2026 10:41:31.0980|INFO |Starting service [Tomcat]
27-05-2026 10:41:31.0981|INFO |Starting Servlet engine: [Apache Tomcat/9.0.65]
27-05-2026 10:41:32.0724|INFO |At least one JAR was scanned for TLDs yet contained no TLDs. Enable debug logging for this logger for a complete list of JARs that were scanned but no TLDs were found in them. Skipping unneeded JARs during scanning can improve startup time and JSP compilation time.
27-05-2026 10:41:32.0734|INFO |Initializing Spring embedded WebApplicationContext
27-05-2026 10:41:32.0735|INFO |Root WebApplicationContext: initialization completed in 7785 ms
27-05-2026 10:41:33.0344|INFO |HHH000204: Processing PersistenceUnitInfo [name: default]
27-05-2026 10:41:33.0483|INFO |HHH000412: Hibernate ORM core version 5.6.11.Final
27-05-2026 10:41:33.0895|INFO |HCANN000001: Hibernate Commons Annotations {5.1.2.Final}
27-05-2026 10:41:34.0224|INFO |HHH000400: Using dialect: org.hibernate.dialect.PostgreSQLDialect
27-05-2026 10:41:34.0672|INFO |The Class-Path manifest attribute in C:\Users\rania\.m2\repository\org\glassfish\ha\ha-api\3.1.9\ha-api-3.1.9.jar referenced one or more files that do not exist: file:/C:/Users/rania/.m2/repository/org/glassfish/ha/ha-api/3.1.9/hk2-core.jar,file:/C:/Users/rania/.m2/repository/org/glassfish/ha/ha-api/3.1.9/class-model.jar,file:/C:/Users/rania/.m2/repository/org/glassfish/ha/ha-api/3.1.9/config.jar,file:/C:/Users/rania/.m2/repository/org/glassfish/ha/ha-api/3.1.9/auto-depends.jar,file:/C:/Users/rania/.m2/repository/org/glassfish/ha/ha-api/3.1.9/javax.inject.jar,file:/C:/Users/rania/.m2/repository/org/glassfish/ha/ha-api/3.1.9/asm-all-repackaged.jar,file:/C:/Users/rania/.m2/repository/org/glassfish/ha/ha-api/3.1.9/hk2-api.jar,file:/C:/Users/rania/.m2/repository/org/glassfish/ha/ha-api/3.1.9/osgi-resource-locator.jar,file:/C:/Users/rania/.m2/repository/org/glassfish/ha/ha-api/3.1.9/tiger-types.jar,file:/C:/Users/rania/.m2/repository/org/glassfish/ha/ha-api/3.1.9/bean-validator.jar,file:/C:/Users/rania/.m2/repository/org/glassfish/ha/ha-api/3.1.9/jtype.jar
27-05-2026 10:41:34.0676|INFO |Devtools property defaults active! Set 'spring.devtools.add-properties' to 'false' to disable
27-05-2026 10:41:34.0677|INFO |For additional web related logging consider setting the 'logging.level.web' property to 'DEBUG'
27-05-2026 10:41:36.0864|INFO |HikariPool-1 - Starting...
27-05-2026 10:41:37.0118|INFO |HikariPool-1 - Start completed.
27-05-2026 10:41:37.0289|INFO |Bootstrapping Spring Data JPA repositories in DEFAULT mode.
27-05-2026 10:41:37.0672|INFO |HHH000490: Using JtaPlatform implementation: [org.hibernate.engine.transaction.jta.platform.internal.NoJtaPlatform]
27-05-2026 10:41:37.0695|INFO |Initialized JPA EntityManagerFactory for persistence unit 'default'
27-05-2026 10:41:37.0739|INFO |Finished Spring Data repository scanning in 432 ms. Found 14 JPA repository interfaces.
27-05-2026 10:41:38.0353|INFO |BeanFactory id=a639bb80-ea1a-3ad9-a3f4-e7868f41c1e4
27-05-2026 10:41:39.0476|INFO |Tomcat initialized with port(s): 8060 (http)
27-05-2026 10:41:39.0501|INFO |Starting service [Tomcat]
27-05-2026 10:41:39.0508|INFO |Starting Servlet engine: [Apache Tomcat/9.0.65]
27-05-2026 10:41:40.0196|INFO |At least one JAR was scanned for TLDs yet contained no TLDs. Enable debug logging for this logger for a complete list of JARs that were scanned but no TLDs were found in them. Skipping unneeded JARs during scanning can improve startup time and JSP compilation time.
27-05-2026 10:41:40.0206|INFO |Initializing Spring embedded WebApplicationContext
27-05-2026 10:41:40.0206|INFO |Root WebApplicationContext: initialization completed in 5528 ms
27-05-2026 10:41:40.0714|INFO |HHH000204: Processing PersistenceUnitInfo [name: default]
27-05-2026 10:41:40.0815|INFO |HHH000412: Hibernate ORM core version 5.6.11.Final
27-05-2026 10:41:41.0154|INFO |HCANN000001: Hibernate Commons Annotations {5.1.2.Final}
27-05-2026 10:41:41.0438|INFO |HHH000400: Using dialect: org.hibernate.dialect.PostgreSQLDialect
27-05-2026 10:41:41.0711|INFO |Eureka HTTP Client uses RestTemplate.
27-05-2026 10:41:41.0912|INFO |Exposing 1 endpoint(s) beneath base path '/actuator'
27-05-2026 10:41:41.0968|INFO |Setting initial instance status as: STARTING
27-05-2026 10:41:42.0070|INFO |Initializing Eureka in region us-east-1
27-05-2026 10:41:42.0079|INFO |Resolving eureka endpoints via configuration
27-05-2026 10:41:42.0119|INFO |Disable delta property : false
27-05-2026 10:41:42.0119|INFO |Single vip registry refresh property : null
27-05-2026 10:41:42.0119|INFO |Force full registry fetch : false
27-05-2026 10:41:42.0120|INFO |Application is null : false
27-05-2026 10:41:42.0120|INFO |Registered Applications size is zero : true
27-05-2026 10:41:42.0120|INFO |Application version is -1: true
27-05-2026 10:41:42.0120|INFO |Getting all instance registry info from the eureka server
27-05-2026 10:41:42.0734|INFO |The response status is 200
27-05-2026 10:41:42.0740|INFO |Starting heartbeat executor: renew interval is: 30
27-05-2026 10:41:42.0744|INFO |InstanceInfoReplicator onDemand update allowed rate per min is 4
27-05-2026 10:41:42.0754|INFO |Discovery Client initialized at timestamp 1779874902753 with initial instances count: 1
27-05-2026 10:41:42.0756|INFO |Registering application ETABLISSEMENT-SERVICE with eureka with status UP
27-05-2026 10:41:42.0757|INFO |Saw local status change event StatusChangeEvent [timestamp=1779874902757, current=UP, previous=STARTING]
27-05-2026 10:41:42.0760|INFO |DiscoveryClient_ETABLISSEMENT-SERVICE/RANIA:etablissement-service:8063: registering service...
27-05-2026 10:41:42.0811|INFO |Tomcat started on port(s): 8063 (http) with context path ''
27-05-2026 10:41:42.0813|INFO |Updating port to 8063
27-05-2026 10:41:42.0827|INFO |DiscoveryClient_ETABLISSEMENT-SERVICE/RANIA:etablissement-service:8063 - registration status: 204
27-05-2026 10:41:42.0845|INFO |Starting Completed ...
27-05-2026 10:41:42.0930|INFO |HikariPool-1 - Starting...
27-05-2026 10:41:43.0106|INFO |HikariPool-1 - Start completed.
27-05-2026 10:41:43.0194|INFO |HHH000490: Using JtaPlatform implementation: [org.hibernate.engine.transaction.jta.platform.internal.NoJtaPlatform]
27-05-2026 10:41:43.0211|INFO |Initialized JPA EntityManagerFactory for persistence unit 'default'
27-05-2026 10:41:46.0574|INFO |Eureka HTTP Client uses RestTemplate.
27-05-2026 10:41:46.0665|INFO |Exposing 1 endpoint(s) beneath base path '/actuator'
27-05-2026 10:41:46.0701|INFO |Setting initial instance status as: STARTING
27-05-2026 10:41:46.0750|INFO |Initializing Eureka in region us-east-1
27-05-2026 10:41:46.0755|INFO |Resolving eureka endpoints via configuration
27-05-2026 10:41:46.0782|INFO |Disable delta property : false
27-05-2026 10:41:46.0782|INFO |Single vip registry refresh property : null
27-05-2026 10:41:46.0782|INFO |Force full registry fetch : false
27-05-2026 10:41:46.0782|INFO |Application is null : false
27-05-2026 10:41:46.0782|INFO |Registered Applications size is zero : true
27-05-2026 10:41:46.0783|INFO |Application version is -1: true
27-05-2026 10:41:46.0783|INFO |Getting all instance registry info from the eureka server
27-05-2026 10:41:47.0218|INFO |The response status is 200
27-05-2026 10:41:47.0223|INFO |Starting heartbeat executor: renew interval is: 30
27-05-2026 10:41:47.0227|INFO |InstanceInfoReplicator onDemand update allowed rate per min is 4
27-05-2026 10:41:47.0235|INFO |Discovery Client initialized at timestamp 1779874907234 with initial instances count: 1
27-05-2026 10:41:47.0238|INFO |Registering application ADMINISTRATION-SERVICE with eureka with status UP
27-05-2026 10:41:47.0240|INFO |Saw local status change event StatusChangeEvent [timestamp=1779874907238, current=UP, previous=STARTING]
27-05-2026 10:41:47.0242|INFO |DiscoveryClient_ADMINISTRATION-SERVICE/RANIA:administration-service:8060: registering service...
27-05-2026 10:41:47.0284|INFO |Tomcat started on port(s): 8060 (http) with context path ''
27-05-2026 10:41:47.0285|INFO |Updating port to 8060
27-05-2026 10:41:47.0295|INFO |DiscoveryClient_ADMINISTRATION-SERVICE/RANIA:administration-service:8060 - registration status: 204
27-05-2026 10:41:47.0312|INFO |Starting Completed ...
27-05-2026 10:43:49.0871|INFO |Initializing Spring DispatcherServlet 'dispatcherServlet'
27-05-2026 10:43:49.0871|INFO |Initializing Servlet 'dispatcherServlet'
27-05-2026 10:43:49.0875|INFO |Completed initialization in 4 ms
27-05-2026 10:43:53.0238|INFO |Initializing Spring DispatcherServlet 'dispatcherServlet'
27-05-2026 10:43:53.0238|INFO |Initializing Servlet 'dispatcherServlet'
27-05-2026 10:43:53.0242|INFO |Completed initialization in 4 ms
27-05-2026 10:46:42.0138|INFO |Resolving eureka endpoints via configuration
27-05-2026 10:46:46.0802|INFO |Resolving eureka endpoints via configuration
27-05-2026 10:51:42.0151|INFO |Resolving eureka endpoints via configuration
27-05-2026 10:51:46.0809|INFO |Resolving eureka endpoints via configuration
27-05-2026 10:56:42.0160|INFO |Resolving eureka endpoints via configuration
27-05-2026 10:56:46.0823|INFO |Resolving eureka endpoints via configuration
27-05-2026 11:01:42.0333|INFO |Resolving eureka endpoints via configuration
27-05-2026 11:01:46.0863|INFO |Resolving eureka endpoints via configuration
27-05-2026 11:03:19.0114|INFO |Init duration for springdoc-openapi is: 5792 ms
27-05-2026 11:03:29.0077|INFO |Init duration for springdoc-openapi is: 1602 ms
27-05-2026 11:06:42.0973|INFO |Resolving eureka endpoints via configuration
27-05-2026 11:06:46.0926|INFO |Resolving eureka endpoints via configuration
27-05-2026 11:09:47.0505|INFO |Unregistering application ETABLISSEMENT-SERVICE with eureka with status DOWN
27-05-2026 11:09:47.0505|INFO |Saw local status change event StatusChangeEvent [timestamp=1779876587505, current=DOWN, previous=UP]
27-05-2026 11:09:47.0507|INFO |DiscoveryClient_ETABLISSEMENT-SERVICE/RANIA:etablissement-service:8063: registering service...
27-05-2026 11:09:47.0525|INFO |DiscoveryClient_ETABLISSEMENT-SERVICE/RANIA:etablissement-service:8063 - registration status: 204
27-05-2026 11:09:47.0570|INFO |Closing JPA EntityManagerFactory for persistence unit 'default'
27-05-2026 11:09:47.0576|INFO |HikariPool-1 - Shutdown initiated...
27-05-2026 11:09:47.0580|INFO |HikariPool-1 - Shutdown completed.
27-05-2026 11:09:47.0589|INFO |Shutting down DiscoveryClient ...
27-05-2026 11:09:50.0610|INFO |Unregistering ...
27-05-2026 11:09:50.0637|INFO |DiscoveryClient_ETABLISSEMENT-SERVICE/RANIA:etablissement-service:8063 - deregister  status: 200
27-05-2026 11:09:50.0644|INFO |Completed shut down of DiscoveryClient
27-05-2026 11:09:59.0574|INFO |The Class-Path manifest attribute in C:\Users\rania\.m2\repository\org\glassfish\ha\ha-api\3.1.9\ha-api-3.1.9.jar referenced one or more files that do not exist: file:/C:/Users/rania/.m2/repository/org/glassfish/ha/ha-api/3.1.9/hk2-core.jar,file:/C:/Users/rania/.m2/repository/org/glassfish/ha/ha-api/3.1.9/class-model.jar,file:/C:/Users/rania/.m2/repository/org/glassfish/ha/ha-api/3.1.9/config.jar,file:/C:/Users/rania/.m2/repository/org/glassfish/ha/ha-api/3.1.9/auto-depends.jar,file:/C:/Users/rania/.m2/repository/org/glassfish/ha/ha-api/3.1.9/javax.inject.jar,file:/C:/Users/rania/.m2/repository/org/glassfish/ha/ha-api/3.1.9/asm-all-repackaged.jar,file:/C:/Users/rania/.m2/repository/org/glassfish/ha/ha-api/3.1.9/hk2-api.jar,file:/C:/Users/rania/.m2/repository/org/glassfish/ha/ha-api/3.1.9/osgi-resource-locator.jar,file:/C:/Users/rania/.m2/repository/org/glassfish/ha/ha-api/3.1.9/tiger-types.jar,file:/C:/Users/rania/.m2/repository/org/glassfish/ha/ha-api/3.1.9/bean-validator.jar,file:/C:/Users/rania/.m2/repository/org/glassfish/ha/ha-api/3.1.9/jtype.jar
27-05-2026 11:09:59.0579|INFO |Devtools property defaults active! Set 'spring.devtools.add-properties' to 'false' to disable
27-05-2026 11:09:59.0579|INFO |For additional web related logging consider setting the 'logging.level.web' property to 'DEBUG'
27-05-2026 11:10:02.0017|INFO |Bootstrapping Spring Data JPA repositories in DEFAULT mode.
27-05-2026 11:10:02.0369|INFO |Finished Spring Data repository scanning in 343 ms. Found 29 JPA repository interfaces.
27-05-2026 11:10:02.0801|INFO |BeanFactory id=18f72454-71ca-37b4-a21b-45b8c48432f1
27-05-2026 11:10:03.0666|INFO |Tomcat initialized with port(s): 8063 (http)
27-05-2026 11:10:03.0680|INFO |Starting service [Tomcat]
27-05-2026 11:10:03.0681|INFO |Starting Servlet engine: [Apache Tomcat/9.0.65]
27-05-2026 11:10:04.0060|INFO |At least one JAR was scanned for TLDs yet contained no TLDs. Enable debug logging for this logger for a complete list of JARs that were scanned but no TLDs were found in them. Skipping unneeded JARs during scanning can improve startup time and JSP compilation time.
27-05-2026 11:10:04.0066|INFO |Initializing Spring embedded WebApplicationContext
27-05-2026 11:10:04.0067|INFO |Root WebApplicationContext: initialization completed in 4486 ms
27-05-2026 11:10:04.0434|INFO |HHH000204: Processing PersistenceUnitInfo [name: default]
27-05-2026 11:10:04.0528|INFO |HHH000412: Hibernate ORM core version 5.6.11.Final
27-05-2026 11:10:04.0799|INFO |HCANN000001: Hibernate Commons Annotations {5.1.2.Final}
27-05-2026 11:10:04.0980|INFO |HHH000400: Using dialect: org.hibernate.dialect.PostgreSQLDialect
27-05-2026 11:10:06.0462|INFO |HikariPool-1 - Starting...
27-05-2026 11:10:06.0641|INFO |HikariPool-1 - Start completed.
27-05-2026 11:10:07.0051|INFO |HHH000490: Using JtaPlatform implementation: [org.hibernate.engine.transaction.jta.platform.internal.NoJtaPlatform]
27-05-2026 11:10:07.0062|INFO |Initialized JPA EntityManagerFactory for persistence unit 'default'
27-05-2026 11:10:09.0685|INFO |Eureka HTTP Client uses RestTemplate.
27-05-2026 11:10:09.0778|INFO |Exposing 1 endpoint(s) beneath base path '/actuator'
27-05-2026 11:10:09.0816|INFO |Setting initial instance status as: STARTING
27-05-2026 11:10:09.0862|INFO |Initializing Eureka in region us-east-1
27-05-2026 11:10:09.0869|INFO |Resolving eureka endpoints via configuration
27-05-2026 11:10:09.0924|INFO |Disable delta property : false
27-05-2026 11:10:09.0924|INFO |Single vip registry refresh property : null
27-05-2026 11:10:09.0924|INFO |Force full registry fetch : false
27-05-2026 11:10:09.0924|INFO |Application is null : false
27-05-2026 11:10:09.0925|INFO |Registered Applications size is zero : true
27-05-2026 11:10:09.0925|INFO |Application version is -1: true
27-05-2026 11:10:09.0925|INFO |Getting all instance registry info from the eureka server
27-05-2026 11:10:10.0328|INFO |The response status is 200
27-05-2026 11:10:10.0332|INFO |Starting heartbeat executor: renew interval is: 30
27-05-2026 11:10:10.0336|INFO |InstanceInfoReplicator onDemand update allowed rate per min is 4
27-05-2026 11:10:10.0342|INFO |Discovery Client initialized at timestamp 1779876610340 with initial instances count: 2
27-05-2026 11:10:10.0344|INFO |Registering application ETABLISSEMENT-SERVICE with eureka with status UP
27-05-2026 11:10:10.0345|INFO |Saw local status change event StatusChangeEvent [timestamp=1779876610345, current=UP, previous=STARTING]
27-05-2026 11:10:10.0348|INFO |DiscoveryClient_ETABLISSEMENT-SERVICE/RANIA:etablissement-service:8063: registering service...
27-05-2026 11:10:10.0399|INFO |Tomcat started on port(s): 8063 (http) with context path ''
27-05-2026 11:10:10.0400|INFO |Updating port to 8063
27-05-2026 11:10:10.0411|INFO |DiscoveryClient_ETABLISSEMENT-SERVICE/RANIA:etablissement-service:8063 - registration status: 204
27-05-2026 11:10:10.0430|INFO |Starting Completed ...
27-05-2026 11:11:46.0939|INFO |Resolving eureka endpoints via configuration
27-05-2026 11:12:00.0838|INFO |Init duration for springdoc-openapi is: 298 ms
27-05-2026 11:12:06.0048|INFO |Initializing Spring DispatcherServlet 'dispatcherServlet'
27-05-2026 11:12:06.0048|INFO |Initializing Servlet 'dispatcherServlet'
27-05-2026 11:12:06.0051|INFO |Completed initialization in 3 ms
27-05-2026 11:12:07.0266|INFO |Init duration for springdoc-openapi is: 1131 ms
27-05-2026 11:15:09.0937|INFO |Resolving eureka endpoints via configuration
27-05-2026 11:16:46.0945|INFO |Resolving eureka endpoints via configuration
27-05-2026 11:20:09.0941|INFO |Resolving eureka endpoints via configuration
27-05-2026 11:21:46.0960|INFO |Resolving eureka endpoints via configuration
27-05-2026 11:25:09.0952|INFO |Resolving eureka endpoints via configuration
27-05-2026 11:26:46.0965|INFO |Resolving eureka endpoints via configuration
27-05-2026 11:30:09.0966|INFO |Resolving eureka endpoints via configuration
27-05-2026 11:31:46.0968|INFO |Resolving eureka endpoints via configuration
27-05-2026 11:37:52.0321|INFO |Resolving eureka endpoints via configuration
27-05-2026 11:39:29.0304|INFO |Resolving eureka endpoints via configuration
27-05-2026 11:42:52.0334|INFO |Resolving eureka endpoints via configuration
27-05-2026 11:44:29.0316|INFO |Resolving eureka endpoints via configuration
27-05-2026 11:47:52.0352|INFO |Resolving eureka endpoints via configuration
27-05-2026 11:49:29.0332|INFO |Resolving eureka endpoints via configuration
27-05-2026 11:52:52.0356|INFO |Resolving eureka endpoints via configuration
27-05-2026 11:54:29.0337|INFO |Resolving eureka endpoints via configuration
27-05-2026 11:57:52.0368|INFO |Resolving eureka endpoints via configuration
27-05-2026 11:58:51.0382|INFO |Unregistering application ETABLISSEMENT-SERVICE with eureka with status DOWN
27-05-2026 11:58:51.0382|INFO |Saw local status change event StatusChangeEvent [timestamp=1779879531382, current=DOWN, previous=UP]
27-05-2026 11:58:51.0383|INFO |DiscoveryClient_ETABLISSEMENT-SERVICE/RANIA:etablissement-service:8063: registering service...
27-05-2026 11:58:51.0415|INFO |DiscoveryClient_ETABLISSEMENT-SERVICE/RANIA:etablissement-service:8063 - registration status: 204
27-05-2026 11:58:51.0448|INFO |Closing JPA EntityManagerFactory for persistence unit 'default'
27-05-2026 11:58:51.0453|INFO |HikariPool-1 - Shutdown initiated...
27-05-2026 11:58:51.0460|INFO |HikariPool-1 - Shutdown completed.
27-05-2026 11:58:51.0462|INFO |Shutting down DiscoveryClient ...
27-05-2026 11:58:54.0484|INFO |Unregistering ...
27-05-2026 11:58:54.0510|INFO |DiscoveryClient_ETABLISSEMENT-SERVICE/RANIA:etablissement-service:8063 - deregister  status: 200
27-05-2026 11:58:54.0521|INFO |Completed shut down of DiscoveryClient
27-05-2026 11:59:14.0340|INFO |The Class-Path manifest attribute in C:\Users\rania\.m2\repository\org\glassfish\ha\ha-api\3.1.9\ha-api-3.1.9.jar referenced one or more files that do not exist: file:/C:/Users/rania/.m2/repository/org/glassfish/ha/ha-api/3.1.9/hk2-core.jar,file:/C:/Users/rania/.m2/repository/org/glassfish/ha/ha-api/3.1.9/class-model.jar,file:/C:/Users/rania/.m2/repository/org/glassfish/ha/ha-api/3.1.9/config.jar,file:/C:/Users/rania/.m2/repository/org/glassfish/ha/ha-api/3.1.9/auto-depends.jar,file:/C:/Users/rania/.m2/repository/org/glassfish/ha/ha-api/3.1.9/javax.inject.jar,file:/C:/Users/rania/.m2/repository/org/glassfish/ha/ha-api/3.1.9/asm-all-repackaged.jar,file:/C:/Users/rania/.m2/repository/org/glassfish/ha/ha-api/3.1.9/hk2-api.jar,file:/C:/Users/rania/.m2/repository/org/glassfish/ha/ha-api/3.1.9/osgi-resource-locator.jar,file:/C:/Users/rania/.m2/repository/org/glassfish/ha/ha-api/3.1.9/tiger-types.jar,file:/C:/Users/rania/.m2/repository/org/glassfish/ha/ha-api/3.1.9/bean-validator.jar,file:/C:/Users/rania/.m2/repository/org/glassfish/ha/ha-api/3.1.9/jtype.jar
27-05-2026 11:59:14.0349|INFO |Devtools property defaults active! Set 'spring.devtools.add-properties' to 'false' to disable
27-05-2026 11:59:14.0350|INFO |For additional web related logging consider setting the 'logging.level.web' property to 'DEBUG'
27-05-2026 11:59:19.0134|INFO |Bootstrapping Spring Data JPA repositories in DEFAULT mode.
27-05-2026 11:59:19.0843|INFO |Finished Spring Data repository scanning in 687 ms. Found 29 JPA repository interfaces.
27-05-2026 11:59:20.0648|INFO |BeanFactory id=18f72454-71ca-37b4-a21b-45b8c48432f1
27-05-2026 11:59:22.0269|INFO |Tomcat initialized with port(s): 8063 (http)
27-05-2026 11:59:22.0293|INFO |Starting service [Tomcat]
27-05-2026 11:59:22.0294|INFO |Starting Servlet engine: [Apache Tomcat/9.0.65]
27-05-2026 11:59:23.0008|INFO |At least one JAR was scanned for TLDs yet contained no TLDs. Enable debug logging for this logger for a complete list of JARs that were scanned but no TLDs were found in them. Skipping unneeded JARs during scanning can improve startup time and JSP compilation time.
27-05-2026 11:59:23.0018|INFO |Initializing Spring embedded WebApplicationContext
27-05-2026 11:59:23.0019|INFO |Root WebApplicationContext: initialization completed in 8667 ms
27-05-2026 11:59:23.0742|INFO |HHH000204: Processing PersistenceUnitInfo [name: default]
27-05-2026 11:59:23.0908|INFO |HHH000412: Hibernate ORM core version 5.6.11.Final
27-05-2026 11:59:24.0431|INFO |HCANN000001: Hibernate Commons Annotations {5.1.2.Final}
27-05-2026 11:59:24.0792|INFO |HHH000400: Using dialect: org.hibernate.dialect.PostgreSQLDialect
27-05-2026 11:59:26.0801|INFO |HikariPool-1 - Starting...
27-05-2026 11:59:26.0978|INFO |HikariPool-1 - Start completed.
27-05-2026 11:59:27.0348|INFO |HHH000490: Using JtaPlatform implementation: [org.hibernate.engine.transaction.jta.platform.internal.NoJtaPlatform]
27-05-2026 11:59:27.0365|INFO |Initialized JPA EntityManagerFactory for persistence unit 'default'
27-05-2026 11:59:29.0351|INFO |Resolving eureka endpoints via configuration
27-05-2026 11:59:29.0915|INFO |Eureka HTTP Client uses RestTemplate.
27-05-2026 11:59:30.0008|INFO |Exposing 1 endpoint(s) beneath base path '/actuator'
27-05-2026 11:59:30.0047|INFO |Setting initial instance status as: STARTING
27-05-2026 11:59:30.0099|INFO |Initializing Eureka in region us-east-1
27-05-2026 11:59:30.0106|INFO |Resolving eureka endpoints via configuration
27-05-2026 11:59:30.0155|INFO |Disable delta property : false
27-05-2026 11:59:30.0155|INFO |Single vip registry refresh property : null
27-05-2026 11:59:30.0155|INFO |Force full registry fetch : false
27-05-2026 11:59:30.0157|INFO |Application is null : false
27-05-2026 11:59:30.0158|INFO |Registered Applications size is zero : true
27-05-2026 11:59:30.0158|INFO |Application version is -1: true
27-05-2026 11:59:30.0158|INFO |Getting all instance registry info from the eureka server
27-05-2026 11:59:30.0585|INFO |The response status is 200
27-05-2026 11:59:30.0589|INFO |Starting heartbeat executor: renew interval is: 30
27-05-2026 11:59:30.0594|INFO |InstanceInfoReplicator onDemand update allowed rate per min is 4
27-05-2026 11:59:30.0599|INFO |Discovery Client initialized at timestamp 1779879570599 with initial instances count: 2
27-05-2026 11:59:30.0601|INFO |Registering application ETABLISSEMENT-SERVICE with eureka with status UP
27-05-2026 11:59:30.0602|INFO |Saw local status change event StatusChangeEvent [timestamp=1779879570602, current=UP, previous=STARTING]
27-05-2026 11:59:30.0604|INFO |DiscoveryClient_ETABLISSEMENT-SERVICE/RANIA:etablissement-service:8063: registering service...
27-05-2026 11:59:30.0652|INFO |Tomcat started on port(s): 8063 (http) with context path ''
27-05-2026 11:59:30.0653|INFO |Updating port to 8063
27-05-2026 11:59:30.0660|INFO |DiscoveryClient_ETABLISSEMENT-SERVICE/RANIA:etablissement-service:8063 - registration status: 204
27-05-2026 11:59:30.0680|INFO |Starting Completed ...
27-05-2026 12:00:32.0657|INFO |Initializing Spring DispatcherServlet 'dispatcherServlet'
27-05-2026 12:00:32.0657|INFO |Initializing Servlet 'dispatcherServlet'
27-05-2026 12:00:32.0660|INFO |Completed initialization in 3 ms
27-05-2026 12:04:29.0367|INFO |Resolving eureka endpoints via configuration
27-05-2026 12:04:30.0173|INFO |Resolving eureka endpoints via configuration
27-05-2026 12:09:29.0382|INFO |Resolving eureka endpoints via configuration
27-05-2026 12:09:30.0175|INFO |Resolving eureka endpoints via configuration
27-05-2026 12:14:29.0396|INFO |Resolving eureka endpoints via configuration
27-05-2026 12:14:30.0177|INFO |Resolving eureka endpoints via configuration
27-05-2026 12:19:29.0407|INFO |Resolving eureka endpoints via configuration
27-05-2026 12:19:30.0192|INFO |Resolving eureka endpoints via configuration
27-05-2026 12:24:29.0413|INFO |Resolving eureka endpoints via configuration
27-05-2026 12:24:30.0200|INFO |Resolving eureka endpoints via configuration
27-05-2026 13:34:24.0600|INFO |Resolving eureka endpoints via configuration
27-05-2026 13:34:25.0381|INFO |Resolving eureka endpoints via configuration
27-05-2026 13:39:24.0630|INFO |Resolving eureka endpoints via configuration
27-05-2026 13:39:25.0393|INFO |Resolving eureka endpoints via configuration
27-05-2026 13:44:24.0636|INFO |Resolving eureka endpoints via configuration
27-05-2026 13:44:25.0400|INFO |Resolving eureka endpoints via configuration
27-05-2026 13:49:24.0647|INFO |Resolving eureka endpoints via configuration
27-05-2026 13:49:25.0411|INFO |Resolving eureka endpoints via configuration
27-05-2026 13:54:24.0653|INFO |Resolving eureka endpoints via configuration
27-05-2026 13:54:25.0420|INFO |Resolving eureka endpoints via configuration
27-05-2026 13:59:24.0669|INFO |Resolving eureka endpoints via configuration
27-05-2026 13:59:25.0438|INFO |Resolving eureka endpoints via configuration
27-05-2026 14:04:24.0683|INFO |Resolving eureka endpoints via configuration
27-05-2026 14:04:25.0447|INFO |Resolving eureka endpoints via configuration
27-05-2026 14:09:24.0698|INFO |Resolving eureka endpoints via configuration
27-05-2026 14:09:25.0462|INFO |Resolving eureka endpoints via configuration
27-05-2026 14:33:58.0155|INFO |Resolving eureka endpoints via configuration
27-05-2026 14:33:58.0921|INFO |Resolving eureka endpoints via configuration
27-05-2026 14:38:58.0169|INFO |Resolving eureka endpoints via configuration
27-05-2026 14:38:58.0928|INFO |Resolving eureka endpoints via configuration
27-05-2026 14:43:58.0172|INFO |Resolving eureka endpoints via configuration
27-05-2026 14:43:58.0938|INFO |Resolving eureka endpoints via configuration
27-05-2026 14:48:58.0190|INFO |Resolving eureka endpoints via configuration
27-05-2026 14:48:58.0950|INFO |Resolving eureka endpoints via configuration
27-05-2026 14:53:58.0195|INFO |Resolving eureka endpoints via configuration
27-05-2026 14:53:58.0963|INFO |Resolving eureka endpoints via configuration
27-05-2026 14:58:58.0211|INFO |Resolving eureka endpoints via configuration
27-05-2026 14:58:58.0975|INFO |Resolving eureka endpoints via configuration
27-05-2026 15:03:58.0217|INFO |Resolving eureka endpoints via configuration
27-05-2026 15:03:58.0994|INFO |Resolving eureka endpoints via configuration
27-05-2026 15:08:58.0221|INFO |Resolving eureka endpoints via configuration
27-05-2026 15:08:59.0011|INFO |Resolving eureka endpoints via configuration
27-05-2026 17:51:59.0128|INFO |Resolving eureka endpoints via configuration
27-05-2026 17:51:59.0924|INFO |Resolving eureka endpoints via configuration
27-05-2026 17:56:59.0135|INFO |Resolving eureka endpoints via configuration
27-05-2026 17:56:59.0926|INFO |Resolving eureka endpoints via configuration
27-05-2026 18:01:59.0142|INFO |Resolving eureka endpoints via configuration
27-05-2026 18:01:59.0937|INFO |Resolving eureka endpoints via configuration
27-05-2026 18:06:59.0155|INFO |Resolving eureka endpoints via configuration
27-05-2026 18:06:59.0948|INFO |Resolving eureka endpoints via configuration
27-05-2026 18:11:59.0169|INFO |Resolving eureka endpoints via configuration
27-05-2026 18:11:59.0967|INFO |Resolving eureka endpoints via configuration
27-05-2026 18:16:59.0187|INFO |Resolving eureka endpoints via configuration
27-05-2026 18:16:59.0974|INFO |Resolving eureka endpoints via configuration
27-05-2026 18:21:59.0199|INFO |Resolving eureka endpoints via configuration
27-05-2026 18:21:59.0993|INFO |Resolving eureka endpoints via configuration
27-05-2026 18:26:59.0205|INFO |Resolving eureka endpoints via configuration
27-05-2026 18:27:00.0003|INFO |Resolving eureka endpoints via configuration
27-05-2026 18:31:59.0208|INFO |Resolving eureka endpoints via configuration
27-05-2026 18:32:00.0024|INFO |Resolving eureka endpoints via configuration
27-05-2026 18:40:39.0747|INFO |Resolving eureka endpoints via configuration
27-05-2026 18:40:40.0555|INFO |Resolving eureka endpoints via configuration
27-05-2026 18:45:39.0754|INFO |Resolving eureka endpoints via configuration
27-05-2026 18:45:40.0565|INFO |Resolving eureka endpoints via configuration
27-05-2026 18:50:39.0764|INFO |Resolving eureka endpoints via configuration
27-05-2026 18:50:40.0575|INFO |Resolving eureka endpoints via configuration
27-05-2026 18:55:39.0767|INFO |Resolving eureka endpoints via configuration
27-05-2026 18:55:40.0580|INFO |Resolving eureka endpoints via configuration
27-05-2026 19:00:39.0779|INFO |Resolving eureka endpoints via configuration
27-05-2026 19:00:40.0593|INFO |Resolving eureka endpoints via configuration
27-05-2026 19:05:39.0780|INFO |Resolving eureka endpoints via configuration
27-05-2026 19:05:40.0604|INFO |Resolving eureka endpoints via configuration
27-05-2026 19:10:39.0784|INFO |Resolving eureka endpoints via configuration
27-05-2026 19:10:40.0617|INFO |Resolving eureka endpoints via configuration
27-05-2026 19:15:39.0786|INFO |Resolving eureka endpoints via configuration
27-05-2026 19:15:40.0629|INFO |Resolving eureka endpoints via configuration
27-05-2026 19:20:39.0788|INFO |Resolving eureka endpoints via configuration
27-05-2026 19:20:40.0644|INFO |Resolving eureka endpoints via configuration
27-05-2026 19:25:39.0795|INFO |Resolving eureka endpoints via configuration
27-05-2026 19:25:40.0650|INFO |Resolving eureka endpoints via configuration
27-05-2026 19:30:39.0800|INFO |Resolving eureka endpoints via configuration
27-05-2026 19:30:40.0658|INFO |Resolving eureka endpoints via configuration
27-05-2026 19:35:39.0814|INFO |Resolving eureka endpoints via configuration
27-05-2026 19:35:40.0663|INFO |Resolving eureka endpoints via configuration
27-05-2026 19:40:39.0824|INFO |Resolving eureka endpoints via configuration
27-05-2026 19:40:40.0679|INFO |Resolving eureka endpoints via configuration
27-05-2026 19:45:39.0834|INFO |Resolving eureka endpoints via configuration
27-05-2026 19:45:40.0684|INFO |Resolving eureka endpoints via configuration
27-05-2026 19:55:23.0125|INFO |Resolving eureka endpoints via configuration
27-05-2026 19:55:23.0984|INFO |Resolving eureka endpoints via configuration
27-05-2026 20:00:23.0131|INFO |Resolving eureka endpoints via configuration
27-05-2026 20:00:23.0987|INFO |Resolving eureka endpoints via configuration
27-05-2026 23:07:02.0125|INFO |Resolving eureka endpoints via configuration
27-05-2026 23:07:03.0000|INFO |Resolving eureka endpoints via configuration
27-05-2026 23:12:02.0141|INFO |Resolving eureka endpoints via configuration
27-05-2026 23:12:03.0013|INFO |Resolving eureka endpoints via configuration
27-05-2026 23:17:02.0144|INFO |Resolving eureka endpoints via configuration
27-05-2026 23:17:03.0031|INFO |Resolving eureka endpoints via configuration
27-05-2026 23:22:02.0147|INFO |Resolving eureka endpoints via configuration
27-05-2026 23:22:03.0039|INFO |Resolving eureka endpoints via configuration
27-05-2026 23:27:02.0155|INFO |Resolving eureka endpoints via configuration
27-05-2026 23:27:03.0048|INFO |Resolving eureka endpoints via configuration
27-05-2026 23:32:02.0172|INFO |Resolving eureka endpoints via configuration
27-05-2026 23:32:03.0055|INFO |Resolving eureka endpoints via configuration
27-05-2026 23:37:02.0187|INFO |Resolving eureka endpoints via configuration
27-05-2026 23:37:03.0060|INFO |Resolving eureka endpoints via configuration
27-05-2026 23:42:02.0197|INFO |Resolving eureka endpoints via configuration
27-05-2026 23:42:03.0072|INFO |Resolving eureka endpoints via configuration
27-05-2026 23:47:02.0199|INFO |Resolving eureka endpoints via configuration
27-05-2026 23:47:03.0084|INFO |Resolving eureka endpoints via configuration
27-05-2026 23:52:02.0210|INFO |Resolving eureka endpoints via configuration
27-05-2026 23:52:03.0096|INFO |Resolving eureka endpoints via configuration
27-05-2026 23:56:34.0485|INFO |Unregistering application ADMINISTRATION-SERVICE with eureka with status DOWN
27-05-2026 23:56:34.0492|INFO |Saw local status change event StatusChangeEvent [timestamp=1779922594492, current=DOWN, previous=UP]
27-05-2026 23:56:34.0512|INFO |DiscoveryClient_ADMINISTRATION-SERVICE/RANIA:administration-service:8060: registering service...
27-05-2026 23:56:34.0690|INFO |DiscoveryClient_ADMINISTRATION-SERVICE/RANIA:administration-service:8060 - registration status: 204
27-05-2026 23:56:35.0398|INFO |Unregistering application ETABLISSEMENT-SERVICE with eureka with status DOWN
27-05-2026 23:56:35.0406|INFO |Saw local status change event StatusChangeEvent [timestamp=1779922595406, current=DOWN, previous=UP]
27-05-2026 23:56:35.0411|INFO |DiscoveryClient_ETABLISSEMENT-SERVICE/RANIA:etablissement-service:8063: registering service...
27-05-2026 23:56:38.0375|INFO |DiscoveryClient_ETABLISSEMENT-SERVICE/RANIA:etablissement-service:8063 - registration status: 204
27-05-2026 23:56:41.0696|INFO |Closing JPA EntityManagerFactory for persistence unit 'default'
27-05-2026 23:56:43.0092|INFO |HikariPool-1 - Shutdown initiated...
27-05-2026 23:56:43.0199|INFO |HikariPool-1 - Shutdown completed.
27-05-2026 23:56:43.0205|INFO |Shutting down DiscoveryClient ...
27-05-2026 23:56:43.0226|INFO |Closing JPA EntityManagerFactory for persistence unit 'default'
27-05-2026 23:56:43.0260|INFO |HikariPool-1 - Shutdown initiated...
27-05-2026 23:56:43.0307|INFO |HikariPool-1 - Shutdown completed.
27-05-2026 23:56:43.0312|INFO |Shutting down DiscoveryClient ...
27-05-2026 23:56:46.0582|INFO |Unregistering ...
27-05-2026 23:56:46.0582|INFO |Unregistering ...
27-05-2026 23:56:47.0718|INFO |Request execution error. endpoint=DefaultEndpoint{ serviceUrl='http://127.0.0.1:8761/eureka/} exception=I/O error on DELETE request for "http://127.0.0.1:8761/eureka/apps/ADMINISTRATION-SERVICE/RANIA:administration-service:8060": Connect to 127.0.0.1:8761 [/127.0.0.1] failed: Connection refused: connect; nested exception is org.apache.http.conn.HttpHostConnectException: Connect to 127.0.0.1:8761 [/127.0.0.1] failed: Connection refused: connect stacktrace=org.springframework.web.client.ResourceAccessException: I/O error on DELETE request for "http://127.0.0.1:8761/eureka/apps/ADMINISTRATION-SERVICE/RANIA:administration-service:8060": Connect to 127.0.0.1:8761 [/127.0.0.1] failed: Connection refused: connect; nested exception is org.apache.http.conn.HttpHostConnectException: Connect to 127.0.0.1:8761 [/127.0.0.1] failed: Connection refused: connect
	at org.springframework.web.client.RestTemplate.doExecute(RestTemplate.java:785)
	at org.springframework.web.client.RestTemplate.execute(RestTemplate.java:711)
	at org.springframework.web.client.RestTemplate.exchange(RestTemplate.java:602)
	at org.springframework.cloud.netflix.eureka.http.RestTemplateEurekaHttpClient.cancel(RestTemplateEurekaHttpClient.java:87)
	at com.netflix.discovery.shared.transport.decorator.EurekaHttpClientDecorator$2.execute(EurekaHttpClientDecorator.java:74)
	at com.netflix.discovery.shared.transport.decorator.RedirectingEurekaHttpClient.execute(RedirectingEurekaHttpClient.java:91)
	at com.netflix.discovery.shared.transport.decorator.EurekaHttpClientDecorator.cancel(EurekaHttpClientDecorator.java:71)
	at com.netflix.discovery.shared.transport.decorator.EurekaHttpClientDecorator$2.execute(EurekaHttpClientDecorator.java:74)
	at com.netflix.discovery.shared.transport.decorator.RetryableEurekaHttpClient.execute(RetryableEurekaHttpClient.java:120)
	at com.netflix.discovery.shared.transport.decorator.EurekaHttpClientDecorator.cancel(EurekaHttpClientDecorator.java:71)
	at com.netflix.discovery.shared.transport.decorator.EurekaHttpClientDecorator$2.execute(EurekaHttpClientDecorator.java:74)
	at com.netflix.discovery.shared.transport.decorator.SessionedEurekaHttpClient.execute(SessionedEurekaHttpClient.java:77)
	at com.netflix.discovery.shared.transport.decorator.EurekaHttpClientDecorator.cancel(EurekaHttpClientDecorator.java:71)
	at com.netflix.discovery.DiscoveryClient.unregister(DiscoveryClient.java:972)
	at com.netflix.discovery.DiscoveryClient.shutdown(DiscoveryClient.java:948)
	at java.base/jdk.internal.reflect.DirectMethodHandleAccessor.invoke(DirectMethodHandleAccessor.java:103)
	at java.base/java.lang.reflect.Method.invoke(Method.java:580)
	at org.springframework.beans.factory.annotation.InitDestroyAnnotationBeanPostProcessor$LifecycleElement.invoke(InitDestroyAnnotationBeanPostProcessor.java:389)
	at org.springframework.beans.factory.annotation.InitDestroyAnnotationBeanPostProcessor$LifecycleMetadata.invokeDestroyMethods(InitDestroyAnnotationBeanPostProcessor.java:347)
	at org.springframework.beans.factory.annotation.InitDestroyAnnotationBeanPostProcessor.postProcessBeforeDestruction(InitDestroyAnnotationBeanPostProcessor.java:177)
	at org.springframework.beans.factory.support.DisposableBeanAdapter.destroy(DisposableBeanAdapter.java:197)
	at org.springframework.beans.factory.support.DisposableBeanAdapter.run(DisposableBeanAdapter.java:190)
	at org.springframework.cloud.context.scope.GenericScope$BeanLifecycleWrapper.destroy(GenericScope.java:390)
	at org.springframework.cloud.context.scope.GenericScope.destroy(GenericScope.java:136)
	at org.springframework.beans.factory.support.DisposableBeanAdapter.destroy(DisposableBeanAdapter.java:213)
	at org.springframework.beans.factory.support.DefaultSingletonBeanRegistry.destroyBean(DefaultSingletonBeanRegistry.java:587)
	at org.springframework.beans.factory.support.DefaultSingletonBeanRegistry.destroySingleton(DefaultSingletonBeanRegistry.java:559)
	at org.springframework.beans.factory.support.DefaultListableBeanFactory.destroySingleton(DefaultListableBeanFactory.java:1163)
	at org.springframework.beans.factory.support.DefaultSingletonBeanRegistry.destroySingletons(DefaultSingletonBeanRegistry.java:520)
	at org.springframework.beans.factory.support.DefaultListableBeanFactory.destroySingletons(DefaultListableBeanFactory.java:1156)
	at org.springframework.context.support.AbstractApplicationContext.destroyBeans(AbstractApplicationContext.java:1106)
	at org.springframework.context.support.AbstractApplicationContext.doClose(AbstractApplicationContext.java:1075)
	at org.springframework.boot.web.servlet.context.ServletWebServerApplicationContext.doClose(ServletWebServerApplicationContext.java:174)
	at org.springframework.context.support.AbstractApplicationContext.close(AbstractApplicationContext.java:1021)
	at org.springframework.boot.SpringApplicationShutdownHook.closeAndWait(SpringApplicationShutdownHook.java:145)
	at java.base/java.lang.Iterable.forEach(Iterable.java:75)
	at org.springframework.boot.SpringApplicationShutdownHook.run(SpringApplicationShutdownHook.java:114)
	at java.base/java.lang.Thread.run(Thread.java:1583)
Caused by: org.apache.http.conn.HttpHostConnectException: Connect to 127.0.0.1:8761 [/127.0.0.1] failed: Connection refused: connect
	at org.apache.http.impl.conn.DefaultHttpClientConnectionOperator.connect(DefaultHttpClientConnectionOperator.java:156)
	at org.apache.http.impl.conn.PoolingHttpClientConnectionManager.connect(PoolingHttpClientConnectionManager.java:376)
	at org.apache.http.impl.execchain.MainClientExec.establishRoute(MainClientExec.java:393)
	at org.apache.http.impl.execchain.MainClientExec.execute(MainClientExec.java:236)
	at org.apache.http.impl.execchain.ProtocolExec.execute(ProtocolExec.java:186)
	at org.apache.http.impl.execchain.RetryExec.execute(RetryExec.java:89)
	at org.apache.http.impl.execchain.RedirectExec.execute(RedirectExec.java:110)
	at org.apache.http.impl.client.InternalHttpClient.doExecute(InternalHttpClient.java:185)
	at org.apache.http.impl.client.CloseableHttpClient.execute(CloseableHttpClient.java:83)
	at org.apache.http.impl.client.CloseableHttpClient.execute(CloseableHttpClient.java:56)
	at org.springframework.http.client.HttpComponentsClientHttpRequest.executeInternal(HttpComponentsClientHttpRequest.java:87)
	at org.springframework.http.client.AbstractBufferingClientHttpRequest.executeInternal(AbstractBufferingClientHttpRequest.java:48)
	at org.springframework.http.client.AbstractClientHttpRequest.execute(AbstractClientHttpRequest.java:66)
	at org.springframework.web.client.RestTemplate.doExecute(RestTemplate.java:776)
	... 37 more
Caused by: java.net.ConnectException: Connection refused: connect
	at java.base/sun.nio.ch.Net.connect0(Native Method)
	at java.base/sun.nio.ch.Net.connect(Net.java:589)
	at java.base/sun.nio.ch.Net.connect(Net.java:578)
	at java.base/sun.nio.ch.NioSocketImpl.connect(NioSocketImpl.java:583)
	at java.base/java.net.SocksSocketImpl.connect(SocksSocketImpl.java:327)
	at java.base/java.net.Socket.connect(Socket.java:751)
	at org.apache.http.conn.socket.PlainConnectionSocketFactory.connectSocket(PlainConnectionSocketFactory.java:75)
	at org.apache.http.impl.conn.DefaultHttpClientConnectionOperator.connect(DefaultHttpClientConnectionOperator.java:142)
	... 50 more

27-05-2026 23:56:48.0291|INFO |Request execution error. endpoint=DefaultEndpoint{ serviceUrl='http://127.0.0.1:8761/eureka/} exception=I/O error on DELETE request for "http://127.0.0.1:8761/eureka/apps/ETABLISSEMENT-SERVICE/RANIA:etablissement-service:8063": Connect to 127.0.0.1:8761 [/127.0.0.1] failed: Connection refused: connect; nested exception is org.apache.http.conn.HttpHostConnectException: Connect to 127.0.0.1:8761 [/127.0.0.1] failed: Connection refused: connect stacktrace=org.springframework.web.client.ResourceAccessException: I/O error on DELETE request for "http://127.0.0.1:8761/eureka/apps/ETABLISSEMENT-SERVICE/RANIA:etablissement-service:8063": Connect to 127.0.0.1:8761 [/127.0.0.1] failed: Connection refused: connect; nested exception is org.apache.http.conn.HttpHostConnectException: Connect to 127.0.0.1:8761 [/127.0.0.1] failed: Connection refused: connect
	at org.springframework.web.client.RestTemplate.doExecute(RestTemplate.java:785)
	at org.springframework.web.client.RestTemplate.execute(RestTemplate.java:711)
	at org.springframework.web.client.RestTemplate.exchange(RestTemplate.java:602)
	at org.springframework.cloud.netflix.eureka.http.RestTemplateEurekaHttpClient.cancel(RestTemplateEurekaHttpClient.java:87)
	at com.netflix.discovery.shared.transport.decorator.EurekaHttpClientDecorator$2.execute(EurekaHttpClientDecorator.java:74)
	at com.netflix.discovery.shared.transport.decorator.RedirectingEurekaHttpClient.execute(RedirectingEurekaHttpClient.java:91)
	at com.netflix.discovery.shared.transport.decorator.EurekaHttpClientDecorator.cancel(EurekaHttpClientDecorator.java:71)
	at com.netflix.discovery.shared.transport.decorator.EurekaHttpClientDecorator$2.execute(EurekaHttpClientDecorator.java:74)
	at com.netflix.discovery.shared.transport.decorator.RetryableEurekaHttpClient.execute(RetryableEurekaHttpClient.java:120)
	at com.netflix.discovery.shared.transport.decorator.EurekaHttpClientDecorator.cancel(EurekaHttpClientDecorator.java:71)
	at com.netflix.discovery.shared.transport.decorator.EurekaHttpClientDecorator$2.execute(EurekaHttpClientDecorator.java:74)
	at com.netflix.discovery.shared.transport.decorator.SessionedEurekaHttpClient.execute(SessionedEurekaHttpClient.java:77)
	at com.netflix.discovery.shared.transport.decorator.EurekaHttpClientDecorator.cancel(EurekaHttpClientDecorator.java:71)
	at com.netflix.discovery.DiscoveryClient.unregister(DiscoveryClient.java:972)
	at com.netflix.discovery.DiscoveryClient.shutdown(DiscoveryClient.java:948)
	at java.base/jdk.internal.reflect.DirectMethodHandleAccessor.invoke(DirectMethodHandleAccessor.java:103)
	at java.base/java.lang.reflect.Method.invoke(Method.java:580)
	at org.springframework.beans.factory.annotation.InitDestroyAnnotationBeanPostProcessor$LifecycleElement.invoke(InitDestroyAnnotationBeanPostProcessor.java:389)
	at org.springframework.beans.factory.annotation.InitDestroyAnnotationBeanPostProcessor$LifecycleMetadata.invokeDestroyMethods(InitDestroyAnnotationBeanPostProcessor.java:347)
	at org.springframework.beans.factory.annotation.InitDestroyAnnotationBeanPostProcessor.postProcessBeforeDestruction(InitDestroyAnnotationBeanPostProcessor.java:177)
	at org.springframework.beans.factory.support.DisposableBeanAdapter.destroy(DisposableBeanAdapter.java:197)
	at org.springframework.beans.factory.support.DisposableBeanAdapter.run(DisposableBeanAdapter.java:190)
	at org.springframework.cloud.context.scope.GenericScope$BeanLifecycleWrapper.destroy(GenericScope.java:390)
	at org.springframework.cloud.context.scope.GenericScope.destroy(GenericScope.java:136)
	at org.springframework.beans.factory.support.DisposableBeanAdapter.destroy(DisposableBeanAdapter.java:213)
	at org.springframework.beans.factory.support.DefaultSingletonBeanRegistry.destroyBean(DefaultSingletonBeanRegistry.java:587)
	at org.springframework.beans.factory.support.DefaultSingletonBeanRegistry.destroySingleton(DefaultSingletonBeanRegistry.java:559)
	at org.springframework.beans.factory.support.DefaultListableBeanFactory.destroySingleton(DefaultListableBeanFactory.java:1163)
	at org.springframework.beans.factory.support.DefaultSingletonBeanRegistry.destroySingletons(DefaultSingletonBeanRegistry.java:520)
	at org.springframework.beans.factory.support.DefaultListableBeanFactory.destroySingletons(DefaultListableBeanFactory.java:1156)
	at org.springframework.context.support.AbstractApplicationContext.destroyBeans(AbstractApplicationContext.java:1106)
	at org.springframework.context.support.AbstractApplicationContext.doClose(AbstractApplicationContext.java:1075)
	at org.springframework.boot.web.servlet.context.ServletWebServerApplicationContext.doClose(ServletWebServerApplicationContext.java:174)
	at org.springframework.context.support.AbstractApplicationContext.close(AbstractApplicationContext.java:1021)
	at org.springframework.boot.SpringApplicationShutdownHook.closeAndWait(SpringApplicationShutdownHook.java:145)
	at java.base/java.lang.Iterable.forEach(Iterable.java:75)
	at org.springframework.boot.SpringApplicationShutdownHook.run(SpringApplicationShutdownHook.java:114)
	at java.base/java.lang.Thread.run(Thread.java:1583)
Caused by: org.apache.http.conn.HttpHostConnectException: Connect to 127.0.0.1:8761 [/127.0.0.1] failed: Connection refused: connect
	at org.apache.http.impl.conn.DefaultHttpClientConnectionOperator.connect(DefaultHttpClientConnectionOperator.java:156)
	at org.apache.http.impl.conn.PoolingHttpClientConnectionManager.connect(PoolingHttpClientConnectionManager.java:376)
	at org.apache.http.impl.execchain.MainClientExec.establishRoute(MainClientExec.java:393)
	at org.apache.http.impl.execchain.MainClientExec.execute(MainClientExec.java:236)
	at org.apache.http.impl.execchain.ProtocolExec.execute(ProtocolExec.java:186)
	at org.apache.http.impl.execchain.RetryExec.execute(RetryExec.java:89)
	at org.apache.http.impl.execchain.RedirectExec.execute(RedirectExec.java:110)
	at org.apache.http.impl.client.InternalHttpClient.doExecute(InternalHttpClient.java:185)
	at org.apache.http.impl.client.CloseableHttpClient.execute(CloseableHttpClient.java:83)
	at org.apache.http.impl.client.CloseableHttpClient.execute(CloseableHttpClient.java:56)
	at org.springframework.http.client.HttpComponentsClientHttpRequest.executeInternal(HttpComponentsClientHttpRequest.java:87)
	at org.springframework.http.client.AbstractBufferingClientHttpRequest.executeInternal(AbstractBufferingClientHttpRequest.java:48)
	at org.springframework.http.client.AbstractClientHttpRequest.execute(AbstractClientHttpRequest.java:66)
	at org.springframework.web.client.RestTemplate.doExecute(RestTemplate.java:776)
	... 37 more
Caused by: java.net.ConnectException: Connection refused: connect
	at java.base/sun.nio.ch.Net.connect0(Native Method)
	at java.base/sun.nio.ch.Net.connect(Net.java:589)
	at java.base/sun.nio.ch.Net.connect(Net.java:578)
	at java.base/sun.nio.ch.NioSocketImpl.connect(NioSocketImpl.java:583)
	at java.base/java.net.SocksSocketImpl.connect(SocksSocketImpl.java:327)
	at java.base/java.net.Socket.connect(Socket.java:751)
	at org.apache.http.conn.socket.PlainConnectionSocketFactory.connectSocket(PlainConnectionSocketFactory.java:75)
	at org.apache.http.impl.conn.DefaultHttpClientConnectionOperator.connect(DefaultHttpClientConnectionOperator.java:142)
	... 50 more

27-05-2026 23:56:48.0482|INFO |Request execution error. endpoint=DefaultEndpoint{ serviceUrl='http://127.0.0.1:8761/eureka/}, exception=I/O error on DELETE request for "http://127.0.0.1:8761/eureka/apps/ADMINISTRATION-SERVICE/RANIA:administration-service:8060": Connect to 127.0.0.1:8761 [/127.0.0.1] failed: Connection refused: connect; nested exception is org.apache.http.conn.HttpHostConnectException: Connect to 127.0.0.1:8761 [/127.0.0.1] failed: Connection refused: connect stacktrace=org.springframework.web.client.ResourceAccessException: I/O error on DELETE request for "http://127.0.0.1:8761/eureka/apps/ADMINISTRATION-SERVICE/RANIA:administration-service:8060": Connect to 127.0.0.1:8761 [/127.0.0.1] failed: Connection refused: connect; nested exception is org.apache.http.conn.HttpHostConnectException: Connect to 127.0.0.1:8761 [/127.0.0.1] failed: Connection refused: connect
	at org.springframework.web.client.RestTemplate.doExecute(RestTemplate.java:785)
	at org.springframework.web.client.RestTemplate.execute(RestTemplate.java:711)
	at org.springframework.web.client.RestTemplate.exchange(RestTemplate.java:602)
	at org.springframework.cloud.netflix.eureka.http.RestTemplateEurekaHttpClient.cancel(RestTemplateEurekaHttpClient.java:87)
	at com.netflix.discovery.shared.transport.decorator.EurekaHttpClientDecorator$2.execute(EurekaHttpClientDecorator.java:74)
	at com.netflix.discovery.shared.transport.decorator.RedirectingEurekaHttpClient.executeOnNewServer(RedirectingEurekaHttpClient.java:121)
	at com.netflix.discovery.shared.transport.decorator.RedirectingEurekaHttpClient.execute(RedirectingEurekaHttpClient.java:80)
	at com.netflix.discovery.shared.transport.decorator.EurekaHttpClientDecorator.cancel(EurekaHttpClientDecorator.java:71)
	at com.netflix.discovery.shared.transport.decorator.EurekaHttpClientDecorator$2.execute(EurekaHttpClientDecorator.java:74)
	at com.netflix.discovery.shared.transport.decorator.RetryableEurekaHttpClient.execute(RetryableEurekaHttpClient.java:120)
	at com.netflix.discovery.shared.transport.decorator.EurekaHttpClientDecorator.cancel(EurekaHttpClientDecorator.java:71)
	at com.netflix.discovery.shared.transport.decorator.EurekaHttpClientDecorator$2.execute(EurekaHttpClientDecorator.java:74)
	at com.netflix.discovery.shared.transport.decorator.SessionedEurekaHttpClient.execute(SessionedEurekaHttpClient.java:77)
	at com.netflix.discovery.shared.transport.decorator.EurekaHttpClientDecorator.cancel(EurekaHttpClientDecorator.java:71)
	at com.netflix.discovery.DiscoveryClient.unregister(DiscoveryClient.java:972)
	at com.netflix.discovery.DiscoveryClient.shutdown(DiscoveryClient.java:948)
	at java.base/jdk.internal.reflect.DirectMethodHandleAccessor.invoke(DirectMethodHandleAccessor.java:103)
	at java.base/java.lang.reflect.Method.invoke(Method.java:580)
	at org.springframework.beans.factory.annotation.InitDestroyAnnotationBeanPostProcessor$LifecycleElement.invoke(InitDestroyAnnotationBeanPostProcessor.java:389)
	at org.springframework.beans.factory.annotation.InitDestroyAnnotationBeanPostProcessor$LifecycleMetadata.invokeDestroyMethods(InitDestroyAnnotationBeanPostProcessor.java:347)
	at org.springframework.beans.factory.annotation.InitDestroyAnnotationBeanPostProcessor.postProcessBeforeDestruction(InitDestroyAnnotationBeanPostProcessor.java:177)
	at org.springframework.beans.factory.support.DisposableBeanAdapter.destroy(DisposableBeanAdapter.java:197)
	at org.springframework.beans.factory.support.DisposableBeanAdapter.run(DisposableBeanAdapter.java:190)
	at org.springframework.cloud.context.scope.GenericScope$BeanLifecycleWrapper.destroy(GenericScope.java:390)
	at org.springframework.cloud.context.scope.GenericScope.destroy(GenericScope.java:136)
	at org.springframework.beans.factory.support.DisposableBeanAdapter.destroy(DisposableBeanAdapter.java:213)
	at org.springframework.beans.factory.support.DefaultSingletonBeanRegistry.destroyBean(DefaultSingletonBeanRegistry.java:587)
	at org.springframework.beans.factory.support.DefaultSingletonBeanRegistry.destroySingleton(DefaultSingletonBeanRegistry.java:559)
	at org.springframework.beans.factory.support.DefaultListableBeanFactory.destroySingleton(DefaultListableBeanFactory.java:1163)
	at org.springframework.beans.factory.support.DefaultSingletonBeanRegistry.destroySingletons(DefaultSingletonBeanRegistry.java:520)
	at org.springframework.beans.factory.support.DefaultListableBeanFactory.destroySingletons(DefaultListableBeanFactory.java:1156)
	at org.springframework.context.support.AbstractApplicationContext.destroyBeans(AbstractApplicationContext.java:1106)
	at org.springframework.context.support.AbstractApplicationContext.doClose(AbstractApplicationContext.java:1075)
	at org.springframework.boot.web.servlet.context.ServletWebServerApplicationContext.doClose(ServletWebServerApplicationContext.java:174)
	at org.springframework.context.support.AbstractApplicationContext.close(AbstractApplicationContext.java:1021)
	at org.springframework.boot.SpringApplicationShutdownHook.closeAndWait(SpringApplicationShutdownHook.java:145)
	at java.base/java.lang.Iterable.forEach(Iterable.java:75)
	at org.springframework.boot.SpringApplicationShutdownHook.run(SpringApplicationShutdownHook.java:114)
	at java.base/java.lang.Thread.run(Thread.java:1583)
Caused by: org.apache.http.conn.HttpHostConnectException: Connect to 127.0.0.1:8761 [/127.0.0.1] failed: Connection refused: connect
	at org.apache.http.impl.conn.DefaultHttpClientConnectionOperator.connect(DefaultHttpClientConnectionOperator.java:156)
	at org.apache.http.impl.conn.PoolingHttpClientConnectionManager.connect(PoolingHttpClientConnectionManager.java:376)
	at org.apache.http.impl.execchain.MainClientExec.establishRoute(MainClientExec.java:393)
	at org.apache.http.impl.execchain.MainClientExec.execute(MainClientExec.java:236)
	at org.apache.http.impl.execchain.ProtocolExec.execute(ProtocolExec.java:186)
	at org.apache.http.impl.execchain.RetryExec.execute(RetryExec.java:89)
	at org.apache.http.impl.execchain.RedirectExec.execute(RedirectExec.java:110)
	at org.apache.http.impl.client.InternalHttpClient.doExecute(InternalHttpClient.java:185)
	at org.apache.http.impl.client.CloseableHttpClient.execute(CloseableHttpClient.java:83)
	at org.apache.http.impl.client.CloseableHttpClient.execute(CloseableHttpClient.java:56)
	at org.springframework.http.client.HttpComponentsClientHttpRequest.executeInternal(HttpComponentsClientHttpRequest.java:87)
	at org.springframework.http.client.AbstractBufferingClientHttpRequest.executeInternal(AbstractBufferingClientHttpRequest.java:48)
	at org.springframework.http.client.AbstractClientHttpRequest.execute(AbstractClientHttpRequest.java:66)
	at org.springframework.web.client.RestTemplate.doExecute(RestTemplate.java:776)
	... 38 more
Caused by: java.net.ConnectException: Connection refused: connect
	at java.base/sun.nio.ch.Net.connect0(Native Method)
	at java.base/sun.nio.ch.Net.connect(Net.java:589)
	at java.base/sun.nio.ch.Net.connect(Net.java:578)
	at java.base/sun.nio.ch.NioSocketImpl.connect(NioSocketImpl.java:583)
	at java.base/java.net.SocksSocketImpl.connect(SocksSocketImpl.java:327)
	at java.base/java.net.Socket.connect(Socket.java:751)
	at org.apache.http.conn.socket.PlainConnectionSocketFactory.connectSocket(PlainConnectionSocketFactory.java:75)
	at org.apache.http.impl.conn.DefaultHttpClientConnectionOperator.connect(DefaultHttpClientConnectionOperator.java:142)
	... 51 more

27-05-2026 23:56:49.0325|INFO |Request execution error. endpoint=DefaultEndpoint{ serviceUrl='http://127.0.0.1:8761/eureka/}, exception=I/O error on DELETE request for "http://127.0.0.1:8761/eureka/apps/ETABLISSEMENT-SERVICE/RANIA:etablissement-service:8063": Connect to 127.0.0.1:8761 [/127.0.0.1] failed: Connection refused: connect; nested exception is org.apache.http.conn.HttpHostConnectException: Connect to 127.0.0.1:8761 [/127.0.0.1] failed: Connection refused: connect stacktrace=org.springframework.web.client.ResourceAccessException: I/O error on DELETE request for "http://127.0.0.1:8761/eureka/apps/ETABLISSEMENT-SERVICE/RANIA:etablissement-service:8063": Connect to 127.0.0.1:8761 [/127.0.0.1] failed: Connection refused: connect; nested exception is org.apache.http.conn.HttpHostConnectException: Connect to 127.0.0.1:8761 [/127.0.0.1] failed: Connection refused: connect
	at org.springframework.web.client.RestTemplate.doExecute(RestTemplate.java:785)
	at org.springframework.web.client.RestTemplate.execute(RestTemplate.java:711)
	at org.springframework.web.client.RestTemplate.exchange(RestTemplate.java:602)
	at org.springframework.cloud.netflix.eureka.http.RestTemplateEurekaHttpClient.cancel(RestTemplateEurekaHttpClient.java:87)
	at com.netflix.discovery.shared.transport.decorator.EurekaHttpClientDecorator$2.execute(EurekaHttpClientDecorator.java:74)
	at com.netflix.discovery.shared.transport.decorator.RedirectingEurekaHttpClient.executeOnNewServer(RedirectingEurekaHttpClient.java:121)
	at com.netflix.discovery.shared.transport.decorator.RedirectingEurekaHttpClient.execute(RedirectingEurekaHttpClient.java:80)
	at com.netflix.discovery.shared.transport.decorator.EurekaHttpClientDecorator.cancel(EurekaHttpClientDecorator.java:71)
	at com.netflix.discovery.shared.transport.decorator.EurekaHttpClientDecorator$2.execute(EurekaHttpClientDecorator.java:74)
	at com.netflix.discovery.shared.transport.decorator.RetryableEurekaHttpClient.execute(RetryableEurekaHttpClient.java:120)
	at com.netflix.discovery.shared.transport.decorator.EurekaHttpClientDecorator.cancel(EurekaHttpClientDecorator.java:71)
	at com.netflix.discovery.shared.transport.decorator.EurekaHttpClientDecorator$2.execute(EurekaHttpClientDecorator.java:74)
	at com.netflix.discovery.shared.transport.decorator.SessionedEurekaHttpClient.execute(SessionedEurekaHttpClient.java:77)
	at com.netflix.discovery.shared.transport.decorator.EurekaHttpClientDecorator.cancel(EurekaHttpClientDecorator.java:71)
	at com.netflix.discovery.DiscoveryClient.unregister(DiscoveryClient.java:972)
	at com.netflix.discovery.DiscoveryClient.shutdown(DiscoveryClient.java:948)
	at java.base/jdk.internal.reflect.DirectMethodHandleAccessor.invoke(DirectMethodHandleAccessor.java:103)
	at java.base/java.lang.reflect.Method.invoke(Method.java:580)
	at org.springframework.beans.factory.annotation.InitDestroyAnnotationBeanPostProcessor$LifecycleElement.invoke(InitDestroyAnnotationBeanPostProcessor.java:389)
	at org.springframework.beans.factory.annotation.InitDestroyAnnotationBeanPostProcessor$LifecycleMetadata.invokeDestroyMethods(InitDestroyAnnotationBeanPostProcessor.java:347)
	at org.springframework.beans.factory.annotation.InitDestroyAnnotationBeanPostProcessor.postProcessBeforeDestruction(InitDestroyAnnotationBeanPostProcessor.java:177)
	at org.springframework.beans.factory.support.DisposableBeanAdapter.destroy(DisposableBeanAdapter.java:197)
	at org.springframework.beans.factory.support.DisposableBeanAdapter.run(DisposableBeanAdapter.java:190)
	at org.springframework.cloud.context.scope.GenericScope$BeanLifecycleWrapper.destroy(GenericScope.java:390)
	at org.springframework.cloud.context.scope.GenericScope.destroy(GenericScope.java:136)
	at org.springframework.beans.factory.support.DisposableBeanAdapter.destroy(DisposableBeanAdapter.java:213)
	at org.springframework.beans.factory.support.DefaultSingletonBeanRegistry.destroyBean(DefaultSingletonBeanRegistry.java:587)
	at org.springframework.beans.factory.support.DefaultSingletonBeanRegistry.destroySingleton(DefaultSingletonBeanRegistry.java:559)
	at org.springframework.beans.factory.support.DefaultListableBeanFactory.destroySingleton(DefaultListableBeanFactory.java:1163)
	at org.springframework.beans.factory.support.DefaultSingletonBeanRegistry.destroySingletons(DefaultSingletonBeanRegistry.java:520)
	at org.springframework.beans.factory.support.DefaultListableBeanFactory.destroySingletons(DefaultListableBeanFactory.java:1156)
	at org.springframework.context.support.AbstractApplicationContext.destroyBeans(AbstractApplicationContext.java:1106)
	at org.springframework.context.support.AbstractApplicationContext.doClose(AbstractApplicationContext.java:1075)
	at org.springframework.boot.web.servlet.context.ServletWebServerApplicationContext.doClose(ServletWebServerApplicationContext.java:174)
	at org.springframework.context.support.AbstractApplicationContext.close(AbstractApplicationContext.java:1021)
	at org.springframework.boot.SpringApplicationShutdownHook.closeAndWait(SpringApplicationShutdownHook.java:145)
	at java.base/java.lang.Iterable.forEach(Iterable.java:75)
	at org.springframework.boot.SpringApplicationShutdownHook.run(SpringApplicationShutdownHook.java:114)
	at java.base/java.lang.Thread.run(Thread.java:1583)
Caused by: org.apache.http.conn.HttpHostConnectException: Connect to 127.0.0.1:8761 [/127.0.0.1] failed: Connection refused: connect
	at org.apache.http.impl.conn.DefaultHttpClientConnectionOperator.connect(DefaultHttpClientConnectionOperator.java:156)
	at org.apache.http.impl.conn.PoolingHttpClientConnectionManager.connect(PoolingHttpClientConnectionManager.java:376)
	at org.apache.http.impl.execchain.MainClientExec.establishRoute(MainClientExec.java:393)
	at org.apache.http.impl.execchain.MainClientExec.execute(MainClientExec.java:236)
	at org.apache.http.impl.execchain.ProtocolExec.execute(ProtocolExec.java:186)
	at org.apache.http.impl.execchain.RetryExec.execute(RetryExec.java:89)
	at org.apache.http.impl.execchain.RedirectExec.execute(RedirectExec.java:110)
	at org.apache.http.impl.client.InternalHttpClient.doExecute(InternalHttpClient.java:185)
	at org.apache.http.impl.client.CloseableHttpClient.execute(CloseableHttpClient.java:83)
	at org.apache.http.impl.client.CloseableHttpClient.execute(CloseableHttpClient.java:56)
	at org.springframework.http.client.HttpComponentsClientHttpRequest.executeInternal(HttpComponentsClientHttpRequest.java:87)
	at org.springframework.http.client.AbstractBufferingClientHttpRequest.executeInternal(AbstractBufferingClientHttpRequest.java:48)
	at org.springframework.http.client.AbstractClientHttpRequest.execute(AbstractClientHttpRequest.java:66)
	at org.springframework.web.client.RestTemplate.doExecute(RestTemplate.java:776)
	... 38 more
Caused by: java.net.ConnectException: Connection refused: connect
	at java.base/sun.nio.ch.Net.connect0(Native Method)
	at java.base/sun.nio.ch.Net.connect(Net.java:589)
	at java.base/sun.nio.ch.Net.connect(Net.java:578)
	at java.base/sun.nio.ch.NioSocketImpl.connect(NioSocketImpl.java:583)
	at java.base/java.net.SocksSocketImpl.connect(SocksSocketImpl.java:327)
	at java.base/java.net.Socket.connect(Socket.java:751)
	at org.apache.http.conn.socket.PlainConnectionSocketFactory.connectSocket(PlainConnectionSocketFactory.java:75)
	at org.apache.http.impl.conn.DefaultHttpClientConnectionOperator.connect(DefaultHttpClientConnectionOperator.java:142)
	... 51 more

27-05-2026 23:56:49.0875|INFO |Completed shut down of DiscoveryClient
27-05-2026 23:56:50.0244|INFO |Completed shut down of DiscoveryClient
