05-04-2026 06:52:03.0840|INFO |The Class-Path manifest attribute in C:\Users\rania\.m2\repository\org\glassfish\ha\ha-api\3.1.9\ha-api-3.1.9.jar referenced one or more files that do not exist: file:/C:/Users/rania/.m2/repository/org/glassfish/ha/ha-api/3.1.9/hk2-core.jar,file:/C:/Users/rania/.m2/repository/org/glassfish/ha/ha-api/3.1.9/class-model.jar,file:/C:/Users/rania/.m2/repository/org/glassfish/ha/ha-api/3.1.9/config.jar,file:/C:/Users/rania/.m2/repository/org/glassfish/ha/ha-api/3.1.9/auto-depends.jar,file:/C:/Users/rania/.m2/repository/org/glassfish/ha/ha-api/3.1.9/javax.inject.jar,file:/C:/Users/rania/.m2/repository/org/glassfish/ha/ha-api/3.1.9/asm-all-repackaged.jar,file:/C:/Users/rania/.m2/repository/org/glassfish/ha/ha-api/3.1.9/hk2-api.jar,file:/C:/Users/rania/.m2/repository/org/glassfish/ha/ha-api/3.1.9/osgi-resource-locator.jar,file:/C:/Users/rania/.m2/repository/org/glassfish/ha/ha-api/3.1.9/tiger-types.jar,file:/C:/Users/rania/.m2/repository/org/glassfish/ha/ha-api/3.1.9/bean-validator.jar,file:/C:/Users/rania/.m2/repository/org/glassfish/ha/ha-api/3.1.9/jtype.jar
05-04-2026 06:52:03.0844|INFO |Devtools property defaults active! Set 'spring.devtools.add-properties' to 'false' to disable
05-04-2026 06:52:03.0848|INFO |For additional web related logging consider setting the 'logging.level.web' property to 'DEBUG'
05-04-2026 06:52:07.0693|INFO |Bootstrapping Spring Data JPA repositories in DEFAULT mode.
05-04-2026 06:52:08.0315|INFO |Finished Spring Data repository scanning in 598 ms. Found 14 JPA repository interfaces.
05-04-2026 06:52:09.0213|INFO |BeanFactory id=a639bb80-ea1a-3ad9-a3f4-e7868f41c1e4
05-04-2026 06:52:11.0165|INFO |Tomcat initialized with port(s): 8060 (http)
05-04-2026 06:52:11.0190|INFO |Starting service [Tomcat]
05-04-2026 06:52:11.0191|INFO |Starting Servlet engine: [Apache Tomcat/9.0.65]
05-04-2026 06:52:11.0991|INFO |At least one JAR was scanned for TLDs yet contained no TLDs. Enable debug logging for this logger for a complete list of JARs that were scanned but no TLDs were found in them. Skipping unneeded JARs during scanning can improve startup time and JSP compilation time.
05-04-2026 06:52:12.0003|INFO |Initializing Spring embedded WebApplicationContext
05-04-2026 06:52:12.0003|INFO |Root WebApplicationContext: initialization completed in 8149 ms
05-04-2026 06:52:12.0732|INFO |HHH000204: Processing PersistenceUnitInfo [name: default]
05-04-2026 06:52:12.0917|INFO |HHH000412: Hibernate ORM core version 5.6.11.Final
05-04-2026 06:52:13.0475|INFO |HCANN000001: Hibernate Commons Annotations {5.1.2.Final}
05-04-2026 06:52:13.0875|INFO |HHH000400: Using dialect: org.hibernate.dialect.PostgreSQLDialect
05-04-2026 06:52:16.0243|INFO |HikariPool-1 - Starting...
05-04-2026 06:52:16.0669|INFO |HikariPool-1 - Start completed.
05-04-2026 06:52:16.0921|INFO |HHH000490: Using JtaPlatform implementation: [org.hibernate.engine.transaction.jta.platform.internal.NoJtaPlatform]
05-04-2026 06:52:16.0951|INFO |Initialized JPA EntityManagerFactory for persistence unit 'default'
05-04-2026 06:52:25.0956|INFO |LiveReload server is running on port 35729
05-04-2026 06:52:26.0153|INFO |Eureka HTTP Client uses RestTemplate.
05-04-2026 06:52:26.0444|INFO |Exposing 1 endpoint(s) beneath base path '/actuator'
05-04-2026 06:52:26.0528|INFO |Setting initial instance status as: STARTING
05-04-2026 06:52:26.0627|INFO |Initializing Eureka in region us-east-1
05-04-2026 06:52:26.0643|INFO |Resolving eureka endpoints via configuration
05-04-2026 06:52:26.0721|INFO |Disable delta property : false
05-04-2026 06:52:26.0721|INFO |Single vip registry refresh property : null
05-04-2026 06:52:26.0721|INFO |Force full registry fetch : false
05-04-2026 06:52:26.0723|INFO |Application is null : false
05-04-2026 06:52:26.0723|INFO |Registered Applications size is zero : true
05-04-2026 06:52:26.0727|INFO |Application version is -1: true
05-04-2026 06:52:26.0727|INFO |Getting all instance registry info from the eureka server
05-04-2026 06:52:27.0806|INFO |Request execution error. endpoint=DefaultEndpoint{ serviceUrl='http://127.0.0.1:8761/eureka/}, exception=I/O error on GET request for "http://127.0.0.1:8761/eureka/apps/": Connect to 127.0.0.1:8761 [/127.0.0.1] failed: Connection refused: connect; nested exception is org.apache.http.conn.HttpHostConnectException: Connect to 127.0.0.1:8761 [/127.0.0.1] failed: Connection refused: connect stacktrace=org.springframework.web.client.ResourceAccessException: I/O error on GET request for "http://127.0.0.1:8761/eureka/apps/": Connect to 127.0.0.1:8761 [/127.0.0.1] failed: Connection refused: connect; nested exception is org.apache.http.conn.HttpHostConnectException: Connect to 127.0.0.1:8761 [/127.0.0.1] failed: Connection refused: connect
	at org.springframework.web.client.RestTemplate.doExecute(RestTemplate.java:785)
	at org.springframework.web.client.RestTemplate.execute(RestTemplate.java:711)
	at org.springframework.web.client.RestTemplate.exchange(RestTemplate.java:602)
	at org.springframework.cloud.netflix.eureka.http.RestTemplateEurekaHttpClient.getApplicationsInternal(RestTemplateEurekaHttpClient.java:145)
	at org.springframework.cloud.netflix.eureka.http.RestTemplateEurekaHttpClient.getApplications(RestTemplateEurekaHttpClient.java:135)
	at com.netflix.discovery.shared.transport.decorator.EurekaHttpClientDecorator$6.execute(EurekaHttpClientDecorator.java:137)
	at com.netflix.discovery.shared.transport.decorator.RedirectingEurekaHttpClient.executeOnNewServer(RedirectingEurekaHttpClient.java:121)
	at com.netflix.discovery.shared.transport.decorator.RedirectingEurekaHttpClient.execute(RedirectingEurekaHttpClient.java:80)
	at com.netflix.discovery.shared.transport.decorator.EurekaHttpClientDecorator.getApplications(EurekaHttpClientDecorator.java:134)
	at com.netflix.discovery.shared.transport.decorator.EurekaHttpClientDecorator$6.execute(EurekaHttpClientDecorator.java:137)
	at com.netflix.discovery.shared.transport.decorator.RetryableEurekaHttpClient.execute(RetryableEurekaHttpClient.java:120)
	at com.netflix.discovery.shared.transport.decorator.EurekaHttpClientDecorator.getApplications(EurekaHttpClientDecorator.java:134)
	at com.netflix.discovery.shared.transport.decorator.EurekaHttpClientDecorator$6.execute(EurekaHttpClientDecorator.java:137)
	at com.netflix.discovery.shared.transport.decorator.SessionedEurekaHttpClient.execute(SessionedEurekaHttpClient.java:77)
	at com.netflix.discovery.shared.transport.decorator.EurekaHttpClientDecorator.getApplications(EurekaHttpClientDecorator.java:134)
	at com.netflix.discovery.DiscoveryClient.getAndStoreFullRegistry(DiscoveryClient.java:1101)
	at com.netflix.discovery.DiscoveryClient.fetchRegistry(DiscoveryClient.java:1014)
	at com.netflix.discovery.DiscoveryClient.<init>(DiscoveryClient.java:441)
	at com.netflix.discovery.DiscoveryClient.<init>(DiscoveryClient.java:283)
	at com.netflix.discovery.DiscoveryClient.<init>(DiscoveryClient.java:279)
	at org.springframework.cloud.netflix.eureka.CloudEurekaClient.<init>(CloudEurekaClient.java:66)
	at org.springframework.cloud.netflix.eureka.EurekaClientAutoConfiguration$RefreshableEurekaClientConfiguration.eurekaClient(EurekaClientAutoConfiguration.java:295)
	at java.base/jdk.internal.reflect.DirectMethodHandleAccessor.invoke(DirectMethodHandleAccessor.java:103)
	at java.base/java.lang.reflect.Method.invoke(Method.java:580)
	at org.springframework.beans.factory.support.SimpleInstantiationStrategy.instantiate(SimpleInstantiationStrategy.java:154)
	at org.springframework.beans.factory.support.ConstructorResolver.instantiate(ConstructorResolver.java:653)
	at org.springframework.beans.factory.support.ConstructorResolver.instantiateUsingFactoryMethod(ConstructorResolver.java:638)
	at org.springframework.beans.factory.support.AbstractAutowireCapableBeanFactory.instantiateUsingFactoryMethod(AbstractAutowireCapableBeanFactory.java:1352)
	at org.springframework.beans.factory.support.AbstractAutowireCapableBeanFactory.createBeanInstance(AbstractAutowireCapableBeanFactory.java:1195)
	at org.springframework.beans.factory.support.AbstractAutowireCapableBeanFactory.doCreateBean(AbstractAutowireCapableBeanFactory.java:582)
	at org.springframework.beans.factory.support.AbstractAutowireCapableBeanFactory.createBean(AbstractAutowireCapableBeanFactory.java:542)
	at org.springframework.beans.factory.support.AbstractBeanFactory.lambda$doGetBean$1(AbstractBeanFactory.java:374)
	at org.springframework.cloud.context.scope.GenericScope$BeanLifecycleWrapper.getBean(GenericScope.java:376)
	at org.springframework.cloud.context.scope.GenericScope.get(GenericScope.java:179)
	at org.springframework.beans.factory.support.AbstractBeanFactory.doGetBean(AbstractBeanFactory.java:371)
	at org.springframework.beans.factory.support.AbstractBeanFactory.getBean(AbstractBeanFactory.java:208)
	at org.springframework.aop.target.SimpleBeanTargetSource.getTarget(SimpleBeanTargetSource.java:35)
	at org.springframework.cloud.netflix.eureka.serviceregistry.EurekaRegistration.getTargetObject(EurekaRegistration.java:127)
	at org.springframework.cloud.netflix.eureka.serviceregistry.EurekaRegistration.getEurekaClient(EurekaRegistration.java:115)
	at java.base/jdk.internal.reflect.DirectMethodHandleAccessor.invoke(DirectMethodHandleAccessor.java:103)
	at java.base/java.lang.reflect.Method.invoke(Method.java:580)
	at org.springframework.util.ReflectionUtils.invokeMethod(ReflectionUtils.java:282)
	at org.springframework.cloud.context.scope.GenericScope$LockedScopedProxyFactoryBean.invoke(GenericScope.java:485)
	at org.springframework.aop.framework.ReflectiveMethodInvocation.proceed(ReflectiveMethodInvocation.java:186)
	at org.springframework.aop.framework.CglibAopProxy$CglibMethodInvocation.proceed(CglibAopProxy.java:763)
	at org.springframework.aop.framework.CglibAopProxy$DynamicAdvisedInterceptor.intercept(CglibAopProxy.java:708)
	at org.springframework.cloud.netflix.eureka.serviceregistry.EurekaRegistration$$EnhancerBySpringCGLIB$$e001580e.getEurekaClient(<generated>)
	at org.springframework.cloud.netflix.eureka.serviceregistry.EurekaServiceRegistry.maybeInitializeClient(EurekaServiceRegistry.java:54)
	at org.springframework.cloud.netflix.eureka.serviceregistry.EurekaServiceRegistry.register(EurekaServiceRegistry.java:38)
	at org.springframework.cloud.netflix.eureka.serviceregistry.EurekaAutoServiceRegistration.start(EurekaAutoServiceRegistration.java:83)
	at org.springframework.context.support.DefaultLifecycleProcessor.doStart(DefaultLifecycleProcessor.java:178)
	at org.springframework.context.support.DefaultLifecycleProcessor.access$200(DefaultLifecycleProcessor.java:54)
	at org.springframework.context.support.DefaultLifecycleProcessor$LifecycleGroup.start(DefaultLifecycleProcessor.java:356)
	at java.base/java.lang.Iterable.forEach(Iterable.java:75)
	at org.springframework.context.support.DefaultLifecycleProcessor.startBeans(DefaultLifecycleProcessor.java:155)
	at org.springframework.context.support.DefaultLifecycleProcessor.onRefresh(DefaultLifecycleProcessor.java:123)
	at org.springframework.context.support.AbstractApplicationContext.finishRefresh(AbstractApplicationContext.java:935)
	at org.springframework.context.support.AbstractApplicationContext.refresh(AbstractApplicationContext.java:586)
	at org.springframework.boot.web.servlet.context.ServletWebServerApplicationContext.refresh(ServletWebServerApplicationContext.java:147)
	at org.springframework.boot.SpringApplication.refresh(SpringApplication.java:734)
	at org.springframework.boot.SpringApplication.refreshContext(SpringApplication.java:408)
	at org.springframework.boot.SpringApplication.run(SpringApplication.java:308)
	at org.springframework.boot.SpringApplication.run(SpringApplication.java:1306)
	at org.springframework.boot.SpringApplication.run(SpringApplication.java:1295)
	at tn.com.st2i.project.AdministrationApplication.main(AdministrationApplication.java:23)
	at java.base/jdk.internal.reflect.DirectMethodHandleAccessor.invoke(DirectMethodHandleAccessor.java:103)
	at java.base/java.lang.reflect.Method.invoke(Method.java:580)
	at org.springframework.boot.devtools.restart.RestartLauncher.run(RestartLauncher.java:49)
Caused by: org.apache.http.conn.HttpHostConnectException: Connect to 127.0.0.1:8761 [/127.0.0.1] failed: Connection refused: connect
	at org.apache.http.impl.conn.DefaultHttpClientConnectionOperator.connect(DefaultHttpClientConnectionOperator.java:156)
	at org.apache.http.impl.conn.PoolingHttpClientConnectionManager.connect(PoolingHttpClientConnectionManager.java:376)
	at org.apache.http.impl.execchain.MainClientExec.establishRoute(MainClientExec.java:393)
	at org.apache.http.impl.execchain.MainClientExec.execute(MainClientExec.java:236)
	at org.apache.http.impl.execchain.ProtocolExec.execute(ProtocolExec.java:186)
	at org.apache.http.impl.execchain.RetryExec.execute(RetryExec.java:89)
	at org.apache.http.impl.execchain.RedirectExec.execute(RedirectExec.java:110)
	at org.apache.http.impl.client.InternalHttpClient.doExecute(InternalHttpClient.java:185)
	at org.apache.http.impl.client.CloseableHttpClient.execute(CloseableHttpClient.java:83)
	at org.apache.http.impl.client.CloseableHttpClient.execute(CloseableHttpClient.java:56)
	at org.springframework.http.client.HttpComponentsClientHttpRequest.executeInternal(HttpComponentsClientHttpRequest.java:87)
	at org.springframework.http.client.AbstractBufferingClientHttpRequest.executeInternal(AbstractBufferingClientHttpRequest.java:48)
	at org.springframework.http.client.AbstractClientHttpRequest.execute(AbstractClientHttpRequest.java:66)
	at org.springframework.web.client.RestTemplate.doExecute(RestTemplate.java:776)
	... 67 more
Caused by: java.net.ConnectException: Connection refused: connect
	at java.base/sun.nio.ch.Net.connect0(Native Method)
	at java.base/sun.nio.ch.Net.connect(Net.java:589)
	at java.base/sun.nio.ch.Net.connect(Net.java:578)
	at java.base/sun.nio.ch.NioSocketImpl.connect(NioSocketImpl.java:583)
	at java.base/java.net.SocksSocketImpl.connect(SocksSocketImpl.java:327)
	at java.base/java.net.Socket.connect(Socket.java:751)
	at org.apache.http.conn.socket.PlainConnectionSocketFactory.connectSocket(PlainConnectionSocketFactory.java:75)
	at org.apache.http.impl.conn.DefaultHttpClientConnectionOperator.connect(DefaultHttpClientConnectionOperator.java:142)
	... 80 more

05-04-2026 06:52:27.0814|INFO |DiscoveryClient_ADMINISTRATION-SERVICE/RANIA:administration-service:8060 - was unable to refresh its cache! This periodic background refresh will be retried in 30 seconds. status = Cannot execute request on any known server stacktrace = com.netflix.discovery.shared.transport.TransportException: Cannot execute request on any known server
	at com.netflix.discovery.shared.transport.decorator.RetryableEurekaHttpClient.execute(RetryableEurekaHttpClient.java:112)
	at com.netflix.discovery.shared.transport.decorator.EurekaHttpClientDecorator.getApplications(EurekaHttpClientDecorator.java:134)
	at com.netflix.discovery.shared.transport.decorator.EurekaHttpClientDecorator$6.execute(EurekaHttpClientDecorator.java:137)
	at com.netflix.discovery.shared.transport.decorator.SessionedEurekaHttpClient.execute(SessionedEurekaHttpClient.java:77)
	at com.netflix.discovery.shared.transport.decorator.EurekaHttpClientDecorator.getApplications(EurekaHttpClientDecorator.java:134)
	at com.netflix.discovery.DiscoveryClient.getAndStoreFullRegistry(DiscoveryClient.java:1101)
	at com.netflix.discovery.DiscoveryClient.fetchRegistry(DiscoveryClient.java:1014)
	at com.netflix.discovery.DiscoveryClient.<init>(DiscoveryClient.java:441)
	at com.netflix.discovery.DiscoveryClient.<init>(DiscoveryClient.java:283)
	at com.netflix.discovery.DiscoveryClient.<init>(DiscoveryClient.java:279)
	at org.springframework.cloud.netflix.eureka.CloudEurekaClient.<init>(CloudEurekaClient.java:66)
	at org.springframework.cloud.netflix.eureka.EurekaClientAutoConfiguration$RefreshableEurekaClientConfiguration.eurekaClient(EurekaClientAutoConfiguration.java:295)
	at java.base/jdk.internal.reflect.DirectMethodHandleAccessor.invoke(DirectMethodHandleAccessor.java:103)
	at java.base/java.lang.reflect.Method.invoke(Method.java:580)
	at org.springframework.beans.factory.support.SimpleInstantiationStrategy.instantiate(SimpleInstantiationStrategy.java:154)
	at org.springframework.beans.factory.support.ConstructorResolver.instantiate(ConstructorResolver.java:653)
	at org.springframework.beans.factory.support.ConstructorResolver.instantiateUsingFactoryMethod(ConstructorResolver.java:638)
	at org.springframework.beans.factory.support.AbstractAutowireCapableBeanFactory.instantiateUsingFactoryMethod(AbstractAutowireCapableBeanFactory.java:1352)
	at org.springframework.beans.factory.support.AbstractAutowireCapableBeanFactory.createBeanInstance(AbstractAutowireCapableBeanFactory.java:1195)
	at org.springframework.beans.factory.support.AbstractAutowireCapableBeanFactory.doCreateBean(AbstractAutowireCapableBeanFactory.java:582)
	at org.springframework.beans.factory.support.AbstractAutowireCapableBeanFactory.createBean(AbstractAutowireCapableBeanFactory.java:542)
	at org.springframework.beans.factory.support.AbstractBeanFactory.lambda$doGetBean$1(AbstractBeanFactory.java:374)
	at org.springframework.cloud.context.scope.GenericScope$BeanLifecycleWrapper.getBean(GenericScope.java:376)
	at org.springframework.cloud.context.scope.GenericScope.get(GenericScope.java:179)
	at org.springframework.beans.factory.support.AbstractBeanFactory.doGetBean(AbstractBeanFactory.java:371)
	at org.springframework.beans.factory.support.AbstractBeanFactory.getBean(AbstractBeanFactory.java:208)
	at org.springframework.aop.target.SimpleBeanTargetSource.getTarget(SimpleBeanTargetSource.java:35)
	at org.springframework.cloud.netflix.eureka.serviceregistry.EurekaRegistration.getTargetObject(EurekaRegistration.java:127)
	at org.springframework.cloud.netflix.eureka.serviceregistry.EurekaRegistration.getEurekaClient(EurekaRegistration.java:115)
	at java.base/jdk.internal.reflect.DirectMethodHandleAccessor.invoke(DirectMethodHandleAccessor.java:103)
	at java.base/java.lang.reflect.Method.invoke(Method.java:580)
	at org.springframework.util.ReflectionUtils.invokeMethod(ReflectionUtils.java:282)
	at org.springframework.cloud.context.scope.GenericScope$LockedScopedProxyFactoryBean.invoke(GenericScope.java:485)
	at org.springframework.aop.framework.ReflectiveMethodInvocation.proceed(ReflectiveMethodInvocation.java:186)
	at org.springframework.aop.framework.CglibAopProxy$CglibMethodInvocation.proceed(CglibAopProxy.java:763)
	at org.springframework.aop.framework.CglibAopProxy$DynamicAdvisedInterceptor.intercept(CglibAopProxy.java:708)
	at org.springframework.cloud.netflix.eureka.serviceregistry.EurekaRegistration$$EnhancerBySpringCGLIB$$e001580e.getEurekaClient(<generated>)
	at org.springframework.cloud.netflix.eureka.serviceregistry.EurekaServiceRegistry.maybeInitializeClient(EurekaServiceRegistry.java:54)
	at org.springframework.cloud.netflix.eureka.serviceregistry.EurekaServiceRegistry.register(EurekaServiceRegistry.java:38)
	at org.springframework.cloud.netflix.eureka.serviceregistry.EurekaAutoServiceRegistration.start(EurekaAutoServiceRegistration.java:83)
	at org.springframework.context.support.DefaultLifecycleProcessor.doStart(DefaultLifecycleProcessor.java:178)
	at org.springframework.context.support.DefaultLifecycleProcessor.access$200(DefaultLifecycleProcessor.java:54)
	at org.springframework.context.support.DefaultLifecycleProcessor$LifecycleGroup.start(DefaultLifecycleProcessor.java:356)
	at java.base/java.lang.Iterable.forEach(Iterable.java:75)
	at org.springframework.context.support.DefaultLifecycleProcessor.startBeans(DefaultLifecycleProcessor.java:155)
	at org.springframework.context.support.DefaultLifecycleProcessor.onRefresh(DefaultLifecycleProcessor.java:123)
	at org.springframework.context.support.AbstractApplicationContext.finishRefresh(AbstractApplicationContext.java:935)
	at org.springframework.context.support.AbstractApplicationContext.refresh(AbstractApplicationContext.java:586)
	at org.springframework.boot.web.servlet.context.ServletWebServerApplicationContext.refresh(ServletWebServerApplicationContext.java:147)
	at org.springframework.boot.SpringApplication.refresh(SpringApplication.java:734)
	at org.springframework.boot.SpringApplication.refreshContext(SpringApplication.java:408)
	at org.springframework.boot.SpringApplication.run(SpringApplication.java:308)
	at org.springframework.boot.SpringApplication.run(SpringApplication.java:1306)
	at org.springframework.boot.SpringApplication.run(SpringApplication.java:1295)
	at tn.com.st2i.project.AdministrationApplication.main(AdministrationApplication.java:23)
	at java.base/jdk.internal.reflect.DirectMethodHandleAccessor.invoke(DirectMethodHandleAccessor.java:103)
	at java.base/java.lang.reflect.Method.invoke(Method.java:580)
	at org.springframework.boot.devtools.restart.RestartLauncher.run(RestartLauncher.java:49)

05-04-2026 06:52:27.0814|INFO |Initial registry fetch from primary servers failed
05-04-2026 06:52:27.0816|INFO |Initial registry fetch from backup servers failed
05-04-2026 06:52:27.0820|INFO |Starting heartbeat executor: renew interval is: 30
05-04-2026 06:52:27.0828|INFO |InstanceInfoReplicator onDemand update allowed rate per min is 4
05-04-2026 06:52:27.0838|INFO |Discovery Client initialized at timestamp 1775368347836 with initial instances count: 0
05-04-2026 06:52:27.0844|INFO |Registering application ADMINISTRATION-SERVICE with eureka with status UP
05-04-2026 06:52:27.0848|INFO |Saw local status change event StatusChangeEvent [timestamp=1775368347848, current=UP, previous=STARTING]
05-04-2026 06:52:27.0854|INFO |DiscoveryClient_ADMINISTRATION-SERVICE/RANIA:administration-service:8060: registering service...
05-04-2026 06:52:27.0958|INFO |Tomcat started on port(s): 8060 (http) with context path ''
05-04-2026 06:52:27.0961|INFO |Updating port to 8060
05-04-2026 06:52:28.0012|INFO |Request execution error. endpoint=DefaultEndpoint{ serviceUrl='http://127.0.0.1:8761/eureka/}, exception=I/O error on POST request for "http://127.0.0.1:8761/eureka/apps/ADMINISTRATION-SERVICE": Connect to 127.0.0.1:8761 [/127.0.0.1] failed: Connection refused: connect; nested exception is org.apache.http.conn.HttpHostConnectException: Connect to 127.0.0.1:8761 [/127.0.0.1] failed: Connection refused: connect stacktrace=org.springframework.web.client.ResourceAccessException: I/O error on POST request for "http://127.0.0.1:8761/eureka/apps/ADMINISTRATION-SERVICE": Connect to 127.0.0.1:8761 [/127.0.0.1] failed: Connection refused: connect; nested exception is org.apache.http.conn.HttpHostConnectException: Connect to 127.0.0.1:8761 [/127.0.0.1] failed: Connection refused: connect
	at org.springframework.web.client.RestTemplate.doExecute(RestTemplate.java:785)
	at org.springframework.web.client.RestTemplate.execute(RestTemplate.java:711)
	at org.springframework.web.client.RestTemplate.exchange(RestTemplate.java:602)
	at org.springframework.cloud.netflix.eureka.http.RestTemplateEurekaHttpClient.register(RestTemplateEurekaHttpClient.java:77)
	at com.netflix.discovery.shared.transport.decorator.EurekaHttpClientDecorator$1.execute(EurekaHttpClientDecorator.java:59)
	at com.netflix.discovery.shared.transport.decorator.RedirectingEurekaHttpClient.executeOnNewServer(RedirectingEurekaHttpClient.java:121)
	at com.netflix.discovery.shared.transport.decorator.RedirectingEurekaHttpClient.execute(RedirectingEurekaHttpClient.java:80)
	at com.netflix.discovery.shared.transport.decorator.EurekaHttpClientDecorator.register(EurekaHttpClientDecorator.java:56)
	at com.netflix.discovery.shared.transport.decorator.EurekaHttpClientDecorator$1.execute(EurekaHttpClientDecorator.java:59)
	at com.netflix.discovery.shared.transport.decorator.RetryableEurekaHttpClient.execute(RetryableEurekaHttpClient.java:120)
	at com.netflix.discovery.shared.transport.decorator.EurekaHttpClientDecorator.register(EurekaHttpClientDecorator.java:56)
	at com.netflix.discovery.shared.transport.decorator.EurekaHttpClientDecorator$1.execute(EurekaHttpClientDecorator.java:59)
	at com.netflix.discovery.shared.transport.decorator.SessionedEurekaHttpClient.execute(SessionedEurekaHttpClient.java:77)
	at com.netflix.discovery.shared.transport.decorator.EurekaHttpClientDecorator.register(EurekaHttpClientDecorator.java:56)
	at com.netflix.discovery.DiscoveryClient.register(DiscoveryClient.java:876)
	at com.netflix.discovery.InstanceInfoReplicator.run(InstanceInfoReplicator.java:121)
	at com.netflix.discovery.InstanceInfoReplicator$1.run(InstanceInfoReplicator.java:101)
	at java.base/java.util.concurrent.Executors$RunnableAdapter.call(Executors.java:572)
	at java.base/java.util.concurrent.FutureTask.run(FutureTask.java:317)
	at java.base/java.util.concurrent.ScheduledThreadPoolExecutor$ScheduledFutureTask.run(ScheduledThreadPoolExecutor.java:304)
	at java.base/java.util.concurrent.ThreadPoolExecutor.runWorker(ThreadPoolExecutor.java:1144)
	at java.base/java.util.concurrent.ThreadPoolExecutor$Worker.run(ThreadPoolExecutor.java:642)
	at java.base/java.lang.Thread.run(Thread.java:1583)
Caused by: org.apache.http.conn.HttpHostConnectException: Connect to 127.0.0.1:8761 [/127.0.0.1] failed: Connection refused: connect
	at org.apache.http.impl.conn.DefaultHttpClientConnectionOperator.connect(DefaultHttpClientConnectionOperator.java:156)
	at org.apache.http.impl.conn.PoolingHttpClientConnectionManager.connect(PoolingHttpClientConnectionManager.java:376)
	at org.apache.http.impl.execchain.MainClientExec.establishRoute(MainClientExec.java:393)
	at org.apache.http.impl.execchain.MainClientExec.execute(MainClientExec.java:236)
	at org.apache.http.impl.execchain.ProtocolExec.execute(ProtocolExec.java:186)
	at org.apache.http.impl.execchain.RetryExec.execute(RetryExec.java:89)
	at org.apache.http.impl.execchain.RedirectExec.execute(RedirectExec.java:110)
	at org.apache.http.impl.client.InternalHttpClient.doExecute(InternalHttpClient.java:185)
	at org.apache.http.impl.client.CloseableHttpClient.execute(CloseableHttpClient.java:83)
	at org.apache.http.impl.client.CloseableHttpClient.execute(CloseableHttpClient.java:56)
	at org.springframework.http.client.HttpComponentsClientHttpRequest.executeInternal(HttpComponentsClientHttpRequest.java:87)
	at org.springframework.http.client.AbstractBufferingClientHttpRequest.executeInternal(AbstractBufferingClientHttpRequest.java:48)
	at org.springframework.http.client.AbstractClientHttpRequest.execute(AbstractClientHttpRequest.java:66)
	at org.springframework.web.client.RestTemplate.doExecute(RestTemplate.java:776)
	... 22 more
Caused by: java.net.ConnectException: Connection refused: connect
	at java.base/sun.nio.ch.Net.connect0(Native Method)
	at java.base/sun.nio.ch.Net.connect(Net.java:589)
	at java.base/sun.nio.ch.Net.connect(Net.java:578)
	at java.base/sun.nio.ch.NioSocketImpl.connect(NioSocketImpl.java:583)
	at java.base/java.net.SocksSocketImpl.connect(SocksSocketImpl.java:327)
	at java.base/java.net.Socket.connect(Socket.java:751)
	at org.apache.http.conn.socket.PlainConnectionSocketFactory.connectSocket(PlainConnectionSocketFactory.java:75)
	at org.apache.http.impl.conn.DefaultHttpClientConnectionOperator.connect(DefaultHttpClientConnectionOperator.java:142)
	... 35 more

05-04-2026 06:52:28.0050|INFO |Starting Completed ...
05-04-2026 06:52:57.0840|INFO |Disable delta property : false
05-04-2026 06:52:57.0841|INFO |Single vip registry refresh property : null
05-04-2026 06:52:57.0841|INFO |Force full registry fetch : false
05-04-2026 06:52:57.0841|INFO |Application is null : false
05-04-2026 06:52:57.0841|INFO |Registered Applications size is zero : true
05-04-2026 06:52:57.0841|INFO |Application version is -1: true
05-04-2026 06:52:57.0841|INFO |Getting all instance registry info from the eureka server
05-04-2026 06:52:58.0038|INFO |DiscoveryClient_ADMINISTRATION-SERVICE/RANIA:administration-service:8060: registering service...
05-04-2026 06:52:58.0485|INFO |DiscoveryClient_ADMINISTRATION-SERVICE/RANIA:administration-service:8060 - registration status: 204
05-04-2026 06:52:58.0696|INFO |DiscoveryClient_ADMINISTRATION-SERVICE/RANIA:administration-service:8060 - Re-registering apps/ADMINISTRATION-SERVICE
05-04-2026 06:52:58.0696|INFO |DiscoveryClient_ADMINISTRATION-SERVICE/RANIA:administration-service:8060: registering service...
05-04-2026 06:52:58.0708|INFO |The response status is 200
05-04-2026 06:52:58.0711|INFO |DiscoveryClient_ADMINISTRATION-SERVICE/RANIA:administration-service:8060 - registration status: 204
05-04-2026 06:53:28.0727|INFO |Disable delta property : false
05-04-2026 06:53:28.0727|INFO |Single vip registry refresh property : null
05-04-2026 06:53:28.0727|INFO |Force full registry fetch : false
05-04-2026 06:53:28.0727|INFO |Application is null : false
05-04-2026 06:53:28.0730|INFO |Registered Applications size is zero : true
05-04-2026 06:53:28.0730|INFO |Application version is -1: false
05-04-2026 06:53:28.0730|INFO |Getting all instance registry info from the eureka server
05-04-2026 06:53:28.0791|INFO |The response status is 200
05-04-2026 06:54:16.0532|INFO |Initializing Spring DispatcherServlet 'dispatcherServlet'
05-04-2026 06:54:16.0532|INFO |Initializing Servlet 'dispatcherServlet'
05-04-2026 06:54:16.0532|INFO |Completed initialization in 0 ms
05-04-2026 06:57:26.0752|INFO |Resolving eureka endpoints via configuration
05-04-2026 07:02:26.0758|INFO |Resolving eureka endpoints via configuration
05-04-2026 07:07:26.0775|INFO |Resolving eureka endpoints via configuration
05-04-2026 07:12:26.0785|INFO |Resolving eureka endpoints via configuration
05-04-2026 07:17:26.0791|INFO |Resolving eureka endpoints via configuration
05-04-2026 07:22:26.0793|INFO |Resolving eureka endpoints via configuration
05-04-2026 07:27:26.0816|INFO |Resolving eureka endpoints via configuration
05-04-2026 07:32:26.0821|INFO |Resolving eureka endpoints via configuration
05-04-2026 07:37:26.0837|INFO |Resolving eureka endpoints via configuration
05-04-2026 07:42:26.0863|INFO |Resolving eureka endpoints via configuration
05-04-2026 07:47:26.0870|INFO |Resolving eureka endpoints via configuration
05-04-2026 07:52:26.0876|INFO |Resolving eureka endpoints via configuration
05-04-2026 07:57:26.0889|INFO |Resolving eureka endpoints via configuration
05-04-2026 08:02:26.0893|INFO |Resolving eureka endpoints via configuration
05-04-2026 08:07:26.0904|INFO |Resolving eureka endpoints via configuration
05-04-2026 08:12:26.0919|INFO |Resolving eureka endpoints via configuration
05-04-2026 08:17:26.0932|INFO |Resolving eureka endpoints via configuration
05-04-2026 08:22:26.0969|INFO |Resolving eureka endpoints via configuration
05-04-2026 08:27:26.0972|INFO |Resolving eureka endpoints via configuration
05-04-2026 08:32:26.0980|INFO |Resolving eureka endpoints via configuration
05-04-2026 08:37:26.0992|INFO |Resolving eureka endpoints via configuration
05-04-2026 08:42:27.0007|INFO |Resolving eureka endpoints via configuration
05-04-2026 08:47:03.0340|INFO |Init duration for springdoc-openapi is: 1154 ms
05-04-2026 08:47:27.0026|INFO |Resolving eureka endpoints via configuration
05-04-2026 08:52:27.0037|INFO |Resolving eureka endpoints via configuration
05-04-2026 08:57:27.0052|INFO |Resolving eureka endpoints via configuration
05-04-2026 09:02:27.0069|INFO |Resolving eureka endpoints via configuration
05-04-2026 09:07:27.0073|INFO |Resolving eureka endpoints via configuration
05-04-2026 09:12:27.0078|INFO |Resolving eureka endpoints via configuration
05-04-2026 09:17:27.0081|INFO |Resolving eureka endpoints via configuration
05-04-2026 09:22:27.0086|INFO |Resolving eureka endpoints via configuration
05-04-2026 09:27:27.0122|INFO |Resolving eureka endpoints via configuration
05-04-2026 09:32:27.0131|INFO |Resolving eureka endpoints via configuration
05-04-2026 09:37:27.0139|INFO |Resolving eureka endpoints via configuration
05-04-2026 09:42:27.0144|INFO |Resolving eureka endpoints via configuration
05-04-2026 09:47:27.0159|INFO |Resolving eureka endpoints via configuration
05-04-2026 09:52:27.0168|INFO |Resolving eureka endpoints via configuration
05-04-2026 09:57:27.0173|INFO |Resolving eureka endpoints via configuration
05-04-2026 10:02:27.0191|INFO |Resolving eureka endpoints via configuration
05-04-2026 10:07:27.0196|INFO |Resolving eureka endpoints via configuration
05-04-2026 10:12:27.0199|INFO |Resolving eureka endpoints via configuration
05-04-2026 10:17:27.0216|INFO |Resolving eureka endpoints via configuration
05-04-2026 10:22:27.0222|INFO |Resolving eureka endpoints via configuration
05-04-2026 10:27:22.0210|INFO |Init duration for springdoc-openapi is: 1311 ms
05-04-2026 10:27:27.0253|INFO |Resolving eureka endpoints via configuration
05-04-2026 10:32:27.0263|INFO |Resolving eureka endpoints via configuration
05-04-2026 10:36:38.0866|INFO |Init duration for springdoc-openapi is: 694 ms
05-04-2026 10:37:27.0276|INFO |Resolving eureka endpoints via configuration
05-04-2026 10:42:27.0282|INFO |Resolving eureka endpoints via configuration
05-04-2026 10:47:27.0289|INFO |Resolving eureka endpoints via configuration
05-04-2026 10:52:27.0293|INFO |Resolving eureka endpoints via configuration
05-04-2026 10:57:27.0298|INFO |Resolving eureka endpoints via configuration
05-04-2026 11:34:47.0074|INFO |Resolving eureka endpoints via configuration
05-04-2026 11:39:47.0080|INFO |Resolving eureka endpoints via configuration
05-04-2026 11:44:47.0089|INFO |Resolving eureka endpoints via configuration
05-04-2026 11:49:47.0094|INFO |Resolving eureka endpoints via configuration
05-04-2026 11:54:47.0101|INFO |Resolving eureka endpoints via configuration
05-04-2026 11:59:47.0110|INFO |Resolving eureka endpoints via configuration
05-04-2026 11:59:55.0310|INFO |Init duration for springdoc-openapi is: 1067 ms
05-04-2026 12:04:47.0114|INFO |Resolving eureka endpoints via configuration
05-04-2026 12:09:47.0132|INFO |Resolving eureka endpoints via configuration
05-04-2026 12:14:47.0140|INFO |Resolving eureka endpoints via configuration
05-04-2026 12:19:47.0145|INFO |Resolving eureka endpoints via configuration
05-04-2026 12:24:47.0155|INFO |Resolving eureka endpoints via configuration
05-04-2026 12:29:47.0170|INFO |Resolving eureka endpoints via configuration
05-04-2026 12:34:47.0176|INFO |Resolving eureka endpoints via configuration
05-04-2026 12:39:47.0181|INFO |Resolving eureka endpoints via configuration
05-04-2026 12:44:47.0197|INFO |Resolving eureka endpoints via configuration
05-04-2026 12:49:47.0213|INFO |Resolving eureka endpoints via configuration
05-04-2026 12:54:47.0226|INFO |Resolving eureka endpoints via configuration
05-04-2026 12:59:47.0236|INFO |Resolving eureka endpoints via configuration
05-04-2026 13:04:47.0249|INFO |Resolving eureka endpoints via configuration
05-04-2026 13:09:47.0253|INFO |Resolving eureka endpoints via configuration
05-04-2026 13:14:47.0267|INFO |Resolving eureka endpoints via configuration
05-04-2026 13:19:47.0283|INFO |Resolving eureka endpoints via configuration
05-04-2026 13:24:47.0288|INFO |Resolving eureka endpoints via configuration
05-04-2026 13:29:47.0307|INFO |Resolving eureka endpoints via configuration
05-04-2026 13:34:47.0314|INFO |Resolving eureka endpoints via configuration
05-04-2026 13:39:47.0326|INFO |Resolving eureka endpoints via configuration
05-04-2026 13:44:47.0344|INFO |Resolving eureka endpoints via configuration
05-04-2026 13:49:47.0355|INFO |Resolving eureka endpoints via configuration
05-04-2026 13:54:47.0370|INFO |Resolving eureka endpoints via configuration
05-04-2026 13:59:47.0376|INFO |Resolving eureka endpoints via configuration
05-04-2026 14:04:47.0389|INFO |Resolving eureka endpoints via configuration
05-04-2026 14:09:47.0396|INFO |Resolving eureka endpoints via configuration
05-04-2026 14:14:47.0406|INFO |Resolving eureka endpoints via configuration
05-04-2026 14:19:47.0412|INFO |Resolving eureka endpoints via configuration
05-04-2026 14:24:47.0415|INFO |Resolving eureka endpoints via configuration
05-04-2026 14:29:47.0429|INFO |Resolving eureka endpoints via configuration
05-04-2026 14:34:47.0436|INFO |Resolving eureka endpoints via configuration
05-04-2026 14:39:47.0450|INFO |Resolving eureka endpoints via configuration
05-04-2026 14:44:47.0451|INFO |Resolving eureka endpoints via configuration
05-04-2026 14:49:47.0462|INFO |Resolving eureka endpoints via configuration
05-04-2026 14:54:47.0478|INFO |Resolving eureka endpoints via configuration
05-04-2026 14:59:47.0480|INFO |Resolving eureka endpoints via configuration
05-04-2026 15:04:47.0491|INFO |Resolving eureka endpoints via configuration
05-04-2026 15:09:47.0497|INFO |Resolving eureka endpoints via configuration
05-04-2026 15:14:47.0510|INFO |Resolving eureka endpoints via configuration
05-04-2026 15:19:47.0520|INFO |Resolving eureka endpoints via configuration
05-04-2026 15:24:47.0532|INFO |Resolving eureka endpoints via configuration
05-04-2026 15:29:47.0547|INFO |Resolving eureka endpoints via configuration
05-04-2026 15:34:47.0564|INFO |Resolving eureka endpoints via configuration
05-04-2026 15:39:47.0570|INFO |Resolving eureka endpoints via configuration
05-04-2026 15:44:47.0587|INFO |Resolving eureka endpoints via configuration
05-04-2026 15:49:47.0603|INFO |Resolving eureka endpoints via configuration
05-04-2026 15:54:47.0621|INFO |Resolving eureka endpoints via configuration
05-04-2026 15:59:47.0626|INFO |Resolving eureka endpoints via configuration
05-04-2026 16:04:47.0634|INFO |Resolving eureka endpoints via configuration
05-04-2026 16:09:47.0641|INFO |Resolving eureka endpoints via configuration
05-04-2026 16:14:47.0650|INFO |Resolving eureka endpoints via configuration
05-04-2026 16:19:47.0661|INFO |Resolving eureka endpoints via configuration
05-04-2026 16:24:47.0664|INFO |Resolving eureka endpoints via configuration
05-04-2026 16:29:47.0672|INFO |Resolving eureka endpoints via configuration
05-04-2026 16:34:47.0678|INFO |Resolving eureka endpoints via configuration
05-04-2026 16:39:47.0692|INFO |Resolving eureka endpoints via configuration
05-04-2026 16:44:47.0706|INFO |Resolving eureka endpoints via configuration
05-04-2026 16:49:47.0710|INFO |Resolving eureka endpoints via configuration
05-04-2026 16:54:47.0717|INFO |Resolving eureka endpoints via configuration
05-04-2026 16:59:47.0734|INFO |Resolving eureka endpoints via configuration
05-04-2026 19:07:24.0022|INFO |Resolving eureka endpoints via configuration
05-04-2026 19:12:24.0038|INFO |Resolving eureka endpoints via configuration
05-04-2026 19:17:24.0053|INFO |Resolving eureka endpoints via configuration
05-04-2026 19:22:24.0066|INFO |Resolving eureka endpoints via configuration
05-04-2026 19:27:24.0073|INFO |Resolving eureka endpoints via configuration
05-04-2026 19:32:24.0095|INFO |Resolving eureka endpoints via configuration
05-04-2026 19:37:24.0099|INFO |Resolving eureka endpoints via configuration
05-04-2026 19:42:24.0107|INFO |Resolving eureka endpoints via configuration
05-04-2026 19:47:24.0119|INFO |Resolving eureka endpoints via configuration
05-04-2026 19:52:24.0129|INFO |Resolving eureka endpoints via configuration
05-04-2026 19:57:24.0141|INFO |Resolving eureka endpoints via configuration
05-04-2026 20:02:24.0151|INFO |Resolving eureka endpoints via configuration
05-04-2026 20:07:24.0159|INFO |Resolving eureka endpoints via configuration
05-04-2026 20:12:24.0177|INFO |Resolving eureka endpoints via configuration
05-04-2026 21:16:27.0167|INFO |Resolving eureka endpoints via configuration
05-04-2026 21:21:27.0169|INFO |Resolving eureka endpoints via configuration
05-04-2026 21:26:27.0175|INFO |Resolving eureka endpoints via configuration
05-04-2026 21:31:27.0194|INFO |Resolving eureka endpoints via configuration
05-04-2026 21:36:27.0206|INFO |Resolving eureka endpoints via configuration
05-04-2026 21:41:27.0234|INFO |Resolving eureka endpoints via configuration
05-04-2026 21:46:27.0238|INFO |Resolving eureka endpoints via configuration
05-04-2026 21:51:27.0251|INFO |Resolving eureka endpoints via configuration
05-04-2026 21:56:27.0258|INFO |Resolving eureka endpoints via configuration
05-04-2026 22:01:27.0260|INFO |Resolving eureka endpoints via configuration
05-04-2026 22:06:27.0269|INFO |Resolving eureka endpoints via configuration
05-04-2026 22:11:27.0293|INFO |Resolving eureka endpoints via configuration
05-04-2026 22:16:27.0311|INFO |Resolving eureka endpoints via configuration
05-04-2026 22:21:27.0317|INFO |Resolving eureka endpoints via configuration
05-04-2026 22:26:27.0323|INFO |Resolving eureka endpoints via configuration
05-04-2026 22:31:27.0342|INFO |Resolving eureka endpoints via configuration
05-04-2026 22:36:27.0364|INFO |Resolving eureka endpoints via configuration
05-04-2026 22:41:27.0369|INFO |Resolving eureka endpoints via configuration
05-04-2026 22:46:27.0388|INFO |Resolving eureka endpoints via configuration
05-04-2026 22:51:27.0398|INFO |Resolving eureka endpoints via configuration
05-04-2026 22:56:27.0409|INFO |Resolving eureka endpoints via configuration
05-04-2026 23:01:27.0413|INFO |Resolving eureka endpoints via configuration
05-04-2026 23:06:27.0421|INFO |Resolving eureka endpoints via configuration
05-04-2026 23:11:27.0422|INFO |Resolving eureka endpoints via configuration
05-04-2026 23:16:27.0431|INFO |Resolving eureka endpoints via configuration
05-04-2026 23:21:27.0442|INFO |Resolving eureka endpoints via configuration
05-04-2026 23:26:27.0449|INFO |Resolving eureka endpoints via configuration
05-04-2026 23:31:27.0454|INFO |Resolving eureka endpoints via configuration
05-04-2026 23:36:27.0462|INFO |Resolving eureka endpoints via configuration
05-04-2026 23:41:27.0470|INFO |Resolving eureka endpoints via configuration
05-04-2026 23:46:27.0480|INFO |Resolving eureka endpoints via configuration
05-04-2026 23:51:27.0491|INFO |Resolving eureka endpoints via configuration
05-04-2026 23:56:27.0506|INFO |Resolving eureka endpoints via configuration
