13-04-2026 20:27:03.0675|ERROR|Application run failed
org.springframework.beans.factory.UnsatisfiedDependencyException: Error creating bean with name 'critereScoringController': Unsatisfied dependency expressed through field 'critereScoringService'; nested exception is org.springframework.beans.factory.UnsatisfiedDependencyException: Error creating bean with name 'critereScoringService': Unsatisfied dependency expressed through field 'critereScoringRepository'; nested exception is org.springframework.beans.factory.BeanCreationException: Error creating bean with name 'ICritereScoringRepository' defined in tn.com.st2i.project.etablissement.repository.ICritereScoringRepository defined in @EnableJpaRepositories declared on JpaRepositoriesRegistrar.EnableJpaRepositoriesConfiguration: Invocation of init method failed; nested exception is org.springframework.data.repository.query.QueryCreationException: Could not create query for public abstract java.util.List tn.com.st2i.project.etablissement.repository.ICritereScoringRepository.findByMouvementId(java.lang.Long); Reason: Failed to create query for method public abstract java.util.List tn.com.st2i.project.etablissement.repository.ICritereScoringRepository.findByMouvementId(java.lang.Long)! Unable to locate Attribute  with the the given name [mouvementId] on this ManagedType [tn.com.st2i.project.etablissement.model.CritereScoring]; nested exception is java.lang.IllegalArgumentException: Failed to create query for method public abstract java.util.List tn.com.st2i.project.etablissement.repository.ICritereScoringRepository.findByMouvementId(java.lang.Long)! Unable to locate Attribute  with the the given name [mouvementId] on this ManagedType [tn.com.st2i.project.etablissement.model.CritereScoring]
	at org.springframework.beans.factory.annotation.AutowiredAnnotationBeanPostProcessor$AutowiredFieldElement.resolveFieldValue(AutowiredAnnotationBeanPostProcessor.java:659)
	at org.springframework.beans.factory.annotation.AutowiredAnnotationBeanPostProcessor$AutowiredFieldElement.inject(AutowiredAnnotationBeanPostProcessor.java:639)
	at org.springframework.beans.factory.annotation.InjectionMetadata.inject(InjectionMetadata.java:119)
	at org.springframework.beans.factory.annotation.AutowiredAnnotationBeanPostProcessor.postProcessProperties(AutowiredAnnotationBeanPostProcessor.java:399)
	at org.springframework.beans.factory.support.AbstractAutowireCapableBeanFactory.populateBean(AbstractAutowireCapableBeanFactory.java:1431)
	at org.springframework.beans.factory.support.AbstractAutowireCapableBeanFactory.doCreateBean(AbstractAutowireCapableBeanFactory.java:619)
	at org.springframework.beans.factory.support.AbstractAutowireCapableBeanFactory.createBean(AbstractAutowireCapableBeanFactory.java:542)
	at org.springframework.beans.factory.support.AbstractBeanFactory.lambda$doGetBean$0(AbstractBeanFactory.java:335)
	at org.springframework.beans.factory.support.DefaultSingletonBeanRegistry.getSingleton(DefaultSingletonBeanRegistry.java:234)
	at org.springframework.beans.factory.support.AbstractBeanFactory.doGetBean(AbstractBeanFactory.java:333)
	at org.springframework.beans.factory.support.AbstractBeanFactory.getBean(AbstractBeanFactory.java:208)
	at org.springframework.beans.factory.support.DefaultListableBeanFactory.preInstantiateSingletons(DefaultListableBeanFactory.java:955)
	at org.springframework.context.support.AbstractApplicationContext.finishBeanFactoryInitialization(AbstractApplicationContext.java:918)
	at org.springframework.context.support.AbstractApplicationContext.refresh(AbstractApplicationContext.java:583)
	at org.springframework.boot.web.servlet.context.ServletWebServerApplicationContext.refresh(ServletWebServerApplicationContext.java:147)
	at org.springframework.boot.SpringApplication.refresh(SpringApplication.java:734)
	at org.springframework.boot.SpringApplication.refreshContext(SpringApplication.java:408)
	at org.springframework.boot.SpringApplication.run(SpringApplication.java:308)
	at org.springframework.boot.SpringApplication.run(SpringApplication.java:1306)
	at org.springframework.boot.SpringApplication.run(SpringApplication.java:1295)
	at tn.com.st2i.project.EtablissementApplication.main(EtablissementApplication.java:21)
	at java.base/jdk.internal.reflect.DirectMethodHandleAccessor.invoke(DirectMethodHandleAccessor.java:103)
	at java.base/java.lang.reflect.Method.invoke(Method.java:580)
	at org.springframework.boot.devtools.restart.RestartLauncher.run(RestartLauncher.java:49)
Caused by: org.springframework.beans.factory.UnsatisfiedDependencyException: Error creating bean with name 'critereScoringService': Unsatisfied dependency expressed through field 'critereScoringRepository'; nested exception is org.springframework.beans.factory.BeanCreationException: Error creating bean with name 'ICritereScoringRepository' defined in tn.com.st2i.project.etablissement.repository.ICritereScoringRepository defined in @EnableJpaRepositories declared on JpaRepositoriesRegistrar.EnableJpaRepositoriesConfiguration: Invocation of init method failed; nested exception is org.springframework.data.repository.query.QueryCreationException: Could not create query for public abstract java.util.List tn.com.st2i.project.etablissement.repository.ICritereScoringRepository.findByMouvementId(java.lang.Long); Reason: Failed to create query for method public abstract java.util.List tn.com.st2i.project.etablissement.repository.ICritereScoringRepository.findByMouvementId(java.lang.Long)! Unable to locate Attribute  with the the given name [mouvementId] on this ManagedType [tn.com.st2i.project.etablissement.model.CritereScoring]; nested exception is java.lang.IllegalArgumentException: Failed to create query for method public abstract java.util.List tn.com.st2i.project.etablissement.repository.ICritereScoringRepository.findByMouvementId(java.lang.Long)! Unable to locate Attribute  with the the given name [mouvementId] on this ManagedType [tn.com.st2i.project.etablissement.model.CritereScoring]
	at org.springframework.beans.factory.annotation.AutowiredAnnotationBeanPostProcessor$AutowiredFieldElement.resolveFieldValue(AutowiredAnnotationBeanPostProcessor.java:659)
	at org.springframework.beans.factory.annotation.AutowiredAnnotationBeanPostProcessor$AutowiredFieldElement.inject(AutowiredAnnotationBeanPostProcessor.java:639)
	at org.springframework.beans.factory.annotation.InjectionMetadata.inject(InjectionMetadata.java:119)
	at org.springframework.beans.factory.annotation.AutowiredAnnotationBeanPostProcessor.postProcessProperties(AutowiredAnnotationBeanPostProcessor.java:399)
	at org.springframework.beans.factory.support.AbstractAutowireCapableBeanFactory.populateBean(AbstractAutowireCapableBeanFactory.java:1431)
	at org.springframework.beans.factory.support.AbstractAutowireCapableBeanFactory.doCreateBean(AbstractAutowireCapableBeanFactory.java:619)
	at org.springframework.beans.factory.support.AbstractAutowireCapableBeanFactory.createBean(AbstractAutowireCapableBeanFactory.java:542)
	at org.springframework.beans.factory.support.AbstractBeanFactory.lambda$doGetBean$0(AbstractBeanFactory.java:335)
	at org.springframework.beans.factory.support.DefaultSingletonBeanRegistry.getSingleton(DefaultSingletonBeanRegistry.java:234)
	at org.springframework.beans.factory.support.AbstractBeanFactory.doGetBean(AbstractBeanFactory.java:333)
	at org.springframework.beans.factory.support.AbstractBeanFactory.getBean(AbstractBeanFactory.java:208)
	at org.springframework.beans.factory.config.DependencyDescriptor.resolveCandidate(DependencyDescriptor.java:276)
	at org.springframework.beans.factory.support.DefaultListableBeanFactory.doResolveDependency(DefaultListableBeanFactory.java:1391)
	at org.springframework.beans.factory.support.DefaultListableBeanFactory.resolveDependency(DefaultListableBeanFactory.java:1311)
	at org.springframework.beans.factory.annotation.AutowiredAnnotationBeanPostProcessor$AutowiredFieldElement.resolveFieldValue(AutowiredAnnotationBeanPostProcessor.java:656)
	... 23 common frames omitted
Caused by: org.springframework.beans.factory.BeanCreationException: Error creating bean with name 'ICritereScoringRepository' defined in tn.com.st2i.project.etablissement.repository.ICritereScoringRepository defined in @EnableJpaRepositories declared on JpaRepositoriesRegistrar.EnableJpaRepositoriesConfiguration: Invocation of init method failed; nested exception is org.springframework.data.repository.query.QueryCreationException: Could not create query for public abstract java.util.List tn.com.st2i.project.etablissement.repository.ICritereScoringRepository.findByMouvementId(java.lang.Long); Reason: Failed to create query for method public abstract java.util.List tn.com.st2i.project.etablissement.repository.ICritereScoringRepository.findByMouvementId(java.lang.Long)! Unable to locate Attribute  with the the given name [mouvementId] on this ManagedType [tn.com.st2i.project.etablissement.model.CritereScoring]; nested exception is java.lang.IllegalArgumentException: Failed to create query for method public abstract java.util.List tn.com.st2i.project.etablissement.repository.ICritereScoringRepository.findByMouvementId(java.lang.Long)! Unable to locate Attribute  with the the given name [mouvementId] on this ManagedType [tn.com.st2i.project.etablissement.model.CritereScoring]
	at org.springframework.beans.factory.support.AbstractAutowireCapableBeanFactory.initializeBean(AbstractAutowireCapableBeanFactory.java:1804)
	at org.springframework.beans.factory.support.AbstractAutowireCapableBeanFactory.doCreateBean(AbstractAutowireCapableBeanFactory.java:620)
	at org.springframework.beans.factory.support.AbstractAutowireCapableBeanFactory.createBean(AbstractAutowireCapableBeanFactory.java:542)
	at org.springframework.beans.factory.support.AbstractBeanFactory.lambda$doGetBean$0(AbstractBeanFactory.java:335)
	at org.springframework.beans.factory.support.DefaultSingletonBeanRegistry.getSingleton(DefaultSingletonBeanRegistry.java:234)
	at org.springframework.beans.factory.support.AbstractBeanFactory.doGetBean(AbstractBeanFactory.java:333)
	at org.springframework.beans.factory.support.AbstractBeanFactory.getBean(AbstractBeanFactory.java:208)
	at org.springframework.beans.factory.config.DependencyDescriptor.resolveCandidate(DependencyDescriptor.java:276)
	at org.springframework.beans.factory.support.DefaultListableBeanFactory.doResolveDependency(DefaultListableBeanFactory.java:1391)
	at org.springframework.beans.factory.support.DefaultListableBeanFactory.resolveDependency(DefaultListableBeanFactory.java:1311)
	at org.springframework.beans.factory.annotation.AutowiredAnnotationBeanPostProcessor$AutowiredFieldElement.resolveFieldValue(AutowiredAnnotationBeanPostProcessor.java:656)
	... 37 common frames omitted
Caused by: org.springframework.data.repository.query.QueryCreationException: Could not create query for public abstract java.util.List tn.com.st2i.project.etablissement.repository.ICritereScoringRepository.findByMouvementId(java.lang.Long); Reason: Failed to create query for method public abstract java.util.List tn.com.st2i.project.etablissement.repository.ICritereScoringRepository.findByMouvementId(java.lang.Long)! Unable to locate Attribute  with the the given name [mouvementId] on this ManagedType [tn.com.st2i.project.etablissement.model.CritereScoring]; nested exception is java.lang.IllegalArgumentException: Failed to create query for method public abstract java.util.List tn.com.st2i.project.etablissement.repository.ICritereScoringRepository.findByMouvementId(java.lang.Long)! Unable to locate Attribute  with the the given name [mouvementId] on this ManagedType [tn.com.st2i.project.etablissement.model.CritereScoring]
	at org.springframework.data.repository.query.QueryCreationException.create(QueryCreationException.java:101)
	at org.springframework.data.repository.core.support.QueryExecutorMethodInterceptor.lookupQuery(QueryExecutorMethodInterceptor.java:107)
	at org.springframework.data.repository.core.support.QueryExecutorMethodInterceptor.lambda$mapMethodsToQuery$1(QueryExecutorMethodInterceptor.java:95)
	at java.base/java.util.stream.ReferencePipeline$3$1.accept(ReferencePipeline.java:197)
	at java.base/java.util.Iterator.forEachRemaining(Iterator.java:133)
	at java.base/java.util.Collections$UnmodifiableCollection$1.forEachRemaining(Collections.java:1085)
	at java.base/java.util.Spliterators$IteratorSpliterator.forEachRemaining(Spliterators.java:1939)
	at java.base/java.util.stream.AbstractPipeline.copyInto(AbstractPipeline.java:509)
	at java.base/java.util.stream.AbstractPipeline.wrapAndCopyInto(AbstractPipeline.java:499)
	at java.base/java.util.stream.ReduceOps$ReduceOp.evaluateSequential(ReduceOps.java:921)
	at java.base/java.util.stream.AbstractPipeline.evaluate(AbstractPipeline.java:234)
	at java.base/java.util.stream.ReferencePipeline.collect(ReferencePipeline.java:682)
	at org.springframework.data.repository.core.support.QueryExecutorMethodInterceptor.mapMethodsToQuery(QueryExecutorMethodInterceptor.java:97)
	at org.springframework.data.repository.core.support.QueryExecutorMethodInterceptor.lambda$new$0(QueryExecutorMethodInterceptor.java:87)
	at java.base/java.util.Optional.map(Optional.java:260)
	at org.springframework.data.repository.core.support.QueryExecutorMethodInterceptor.<init>(QueryExecutorMethodInterceptor.java:87)
	at org.springframework.data.repository.core.support.RepositoryFactorySupport.getRepository(RepositoryFactorySupport.java:365)
	at org.springframework.data.repository.core.support.RepositoryFactoryBeanSupport.lambda$afterPropertiesSet$5(RepositoryFactoryBeanSupport.java:323)
	at org.springframework.data.util.Lazy.getNullable(Lazy.java:231)
	at org.springframework.data.util.Lazy.get(Lazy.java:115)
	at org.springframework.data.repository.core.support.RepositoryFactoryBeanSupport.afterPropertiesSet(RepositoryFactoryBeanSupport.java:329)
	at org.springframework.data.jpa.repository.support.JpaRepositoryFactoryBean.afterPropertiesSet(JpaRepositoryFactoryBean.java:144)
	at org.springframework.beans.factory.support.AbstractAutowireCapableBeanFactory.invokeInitMethods(AbstractAutowireCapableBeanFactory.java:1863)
	at org.springframework.beans.factory.support.AbstractAutowireCapableBeanFactory.initializeBean(AbstractAutowireCapableBeanFactory.java:1800)
	... 47 common frames omitted
Caused by: java.lang.IllegalArgumentException: Failed to create query for method public abstract java.util.List tn.com.st2i.project.etablissement.repository.ICritereScoringRepository.findByMouvementId(java.lang.Long)! Unable to locate Attribute  with the the given name [mouvementId] on this ManagedType [tn.com.st2i.project.etablissement.model.CritereScoring]
	at org.springframework.data.jpa.repository.query.PartTreeJpaQuery.<init>(PartTreeJpaQuery.java:96)
	at org.springframework.data.jpa.repository.query.JpaQueryLookupStrategy$CreateQueryLookupStrategy.resolveQuery(JpaQueryLookupStrategy.java:119)
	at org.springframework.data.jpa.repository.query.JpaQueryLookupStrategy$CreateIfNotFoundQueryLookupStrategy.resolveQuery(JpaQueryLookupStrategy.java:259)
	at org.springframework.data.jpa.repository.query.JpaQueryLookupStrategy$AbstractQueryLookupStrategy.resolveQuery(JpaQueryLookupStrategy.java:93)
	at org.springframework.data.repository.core.support.QueryExecutorMethodInterceptor.lookupQuery(QueryExecutorMethodInterceptor.java:103)
	... 69 common frames omitted
Caused by: java.lang.IllegalArgumentException: Unable to locate Attribute  with the the given name [mouvementId] on this ManagedType [tn.com.st2i.project.etablissement.model.CritereScoring]
	at org.hibernate.metamodel.model.domain.internal.AbstractManagedType.checkNotNull(AbstractManagedType.java:148)
	at org.hibernate.metamodel.model.domain.internal.AbstractManagedType.getAttribute(AbstractManagedType.java:119)
	at org.hibernate.metamodel.model.domain.internal.AbstractManagedType.getAttribute(AbstractManagedType.java:44)
	at org.springframework.data.jpa.repository.query.QueryUtils.requiresOuterJoin(QueryUtils.java:814)
	at org.springframework.data.jpa.repository.query.QueryUtils.toExpressionRecursively(QueryUtils.java:755)
	at org.springframework.data.jpa.repository.query.QueryUtils.toExpressionRecursively(QueryUtils.java:734)
	at org.springframework.data.jpa.repository.query.QueryUtils.toExpressionRecursively(QueryUtils.java:730)
	at org.springframework.data.jpa.repository.query.JpaQueryCreator$PredicateBuilder.getTypedPath(JpaQueryCreator.java:394)
	at org.springframework.data.jpa.repository.query.JpaQueryCreator$PredicateBuilder.build(JpaQueryCreator.java:317)
	at org.springframework.data.jpa.repository.query.JpaQueryCreator.toPredicate(JpaQueryCreator.java:217)
	at org.springframework.data.jpa.repository.query.JpaQueryCreator.create(JpaQueryCreator.java:125)
	at org.springframework.data.jpa.repository.query.JpaQueryCreator.create(JpaQueryCreator.java:60)
	at org.springframework.data.repository.query.parser.AbstractQueryCreator.createCriteria(AbstractQueryCreator.java:120)
	at org.springframework.data.repository.query.parser.AbstractQueryCreator.createQuery(AbstractQueryCreator.java:96)
	at org.springframework.data.repository.query.parser.AbstractQueryCreator.createQuery(AbstractQueryCreator.java:82)
	at org.springframework.data.jpa.repository.query.PartTreeJpaQuery$QueryPreparer.<init>(PartTreeJpaQuery.java:217)
	at org.springframework.data.jpa.repository.query.PartTreeJpaQuery$CountQueryPreparer.<init>(PartTreeJpaQuery.java:348)
	at org.springframework.data.jpa.repository.query.PartTreeJpaQuery.<init>(PartTreeJpaQuery.java:91)
	... 73 common frames omitted
13-04-2026 20:36:28.0597|ERROR|Application run failed
org.springframework.beans.factory.UnsatisfiedDependencyException: Error creating bean with name 'critereScoringController': Unsatisfied dependency expressed through field 'critereScoringService'; nested exception is org.springframework.beans.factory.UnsatisfiedDependencyException: Error creating bean with name 'critereScoringService': Unsatisfied dependency expressed through field 'mouvementService'; nested exception is org.springframework.beans.factory.UnsatisfiedDependencyException: Error creating bean with name 'mouvementService': Unsatisfied dependency expressed through field 'mouvementRepository'; nested exception is org.springframework.beans.factory.BeanCreationException: Error creating bean with name 'IMouvementRepository' defined in tn.com.st2i.project.etablissement.repository.IMouvementRepository defined in @EnableJpaRepositories declared on JpaRepositoriesRegistrar.EnableJpaRepositoriesConfiguration: Invocation of init method failed; nested exception is org.springframework.data.repository.query.QueryCreationException: Could not create query for public abstract java.util.List tn.com.st2i.project.etablissement.repository.IMouvementRepository.findByTypeMouvementId(java.lang.Long); Reason: Failed to create query for method public abstract java.util.List tn.com.st2i.project.etablissement.repository.IMouvementRepository.findByTypeMouvementId(java.lang.Long)! Unable to locate Attribute  with the the given name [typeMouvementId] on this ManagedType [tn.com.st2i.project.etablissement.model.Mouvement]; nested exception is java.lang.IllegalArgumentException: Failed to create query for method public abstract java.util.List tn.com.st2i.project.etablissement.repository.IMouvementRepository.findByTypeMouvementId(java.lang.Long)! Unable to locate Attribute  with the the given name [typeMouvementId] on this ManagedType [tn.com.st2i.project.etablissement.model.Mouvement]
	at org.springframework.beans.factory.annotation.AutowiredAnnotationBeanPostProcessor$AutowiredFieldElement.resolveFieldValue(AutowiredAnnotationBeanPostProcessor.java:659)
	at org.springframework.beans.factory.annotation.AutowiredAnnotationBeanPostProcessor$AutowiredFieldElement.inject(AutowiredAnnotationBeanPostProcessor.java:639)
	at org.springframework.beans.factory.annotation.InjectionMetadata.inject(InjectionMetadata.java:119)
	at org.springframework.beans.factory.annotation.AutowiredAnnotationBeanPostProcessor.postProcessProperties(AutowiredAnnotationBeanPostProcessor.java:399)
	at org.springframework.beans.factory.support.AbstractAutowireCapableBeanFactory.populateBean(AbstractAutowireCapableBeanFactory.java:1431)
	at org.springframework.beans.factory.support.AbstractAutowireCapableBeanFactory.doCreateBean(AbstractAutowireCapableBeanFactory.java:619)
	at org.springframework.beans.factory.support.AbstractAutowireCapableBeanFactory.createBean(AbstractAutowireCapableBeanFactory.java:542)
	at org.springframework.beans.factory.support.AbstractBeanFactory.lambda$doGetBean$0(AbstractBeanFactory.java:335)
	at org.springframework.beans.factory.support.DefaultSingletonBeanRegistry.getSingleton(DefaultSingletonBeanRegistry.java:234)
	at org.springframework.beans.factory.support.AbstractBeanFactory.doGetBean(AbstractBeanFactory.java:333)
	at org.springframework.beans.factory.support.AbstractBeanFactory.getBean(AbstractBeanFactory.java:208)
	at org.springframework.beans.factory.support.DefaultListableBeanFactory.preInstantiateSingletons(DefaultListableBeanFactory.java:955)
	at org.springframework.context.support.AbstractApplicationContext.finishBeanFactoryInitialization(AbstractApplicationContext.java:918)
	at org.springframework.context.support.AbstractApplicationContext.refresh(AbstractApplicationContext.java:583)
	at org.springframework.boot.web.servlet.context.ServletWebServerApplicationContext.refresh(ServletWebServerApplicationContext.java:147)
	at org.springframework.boot.SpringApplication.refresh(SpringApplication.java:734)
	at org.springframework.boot.SpringApplication.refreshContext(SpringApplication.java:408)
	at org.springframework.boot.SpringApplication.run(SpringApplication.java:308)
	at org.springframework.boot.SpringApplication.run(SpringApplication.java:1306)
	at org.springframework.boot.SpringApplication.run(SpringApplication.java:1295)
	at tn.com.st2i.project.EtablissementApplication.main(EtablissementApplication.java:21)
	at java.base/jdk.internal.reflect.DirectMethodHandleAccessor.invoke(DirectMethodHandleAccessor.java:103)
	at java.base/java.lang.reflect.Method.invoke(Method.java:580)
	at org.springframework.boot.devtools.restart.RestartLauncher.run(RestartLauncher.java:49)
Caused by: org.springframework.beans.factory.UnsatisfiedDependencyException: Error creating bean with name 'critereScoringService': Unsatisfied dependency expressed through field 'mouvementService'; nested exception is org.springframework.beans.factory.UnsatisfiedDependencyException: Error creating bean with name 'mouvementService': Unsatisfied dependency expressed through field 'mouvementRepository'; nested exception is org.springframework.beans.factory.BeanCreationException: Error creating bean with name 'IMouvementRepository' defined in tn.com.st2i.project.etablissement.repository.IMouvementRepository defined in @EnableJpaRepositories declared on JpaRepositoriesRegistrar.EnableJpaRepositoriesConfiguration: Invocation of init method failed; nested exception is org.springframework.data.repository.query.QueryCreationException: Could not create query for public abstract java.util.List tn.com.st2i.project.etablissement.repository.IMouvementRepository.findByTypeMouvementId(java.lang.Long); Reason: Failed to create query for method public abstract java.util.List tn.com.st2i.project.etablissement.repository.IMouvementRepository.findByTypeMouvementId(java.lang.Long)! Unable to locate Attribute  with the the given name [typeMouvementId] on this ManagedType [tn.com.st2i.project.etablissement.model.Mouvement]; nested exception is java.lang.IllegalArgumentException: Failed to create query for method public abstract java.util.List tn.com.st2i.project.etablissement.repository.IMouvementRepository.findByTypeMouvementId(java.lang.Long)! Unable to locate Attribute  with the the given name [typeMouvementId] on this ManagedType [tn.com.st2i.project.etablissement.model.Mouvement]
	at org.springframework.beans.factory.annotation.AutowiredAnnotationBeanPostProcessor$AutowiredFieldElement.resolveFieldValue(AutowiredAnnotationBeanPostProcessor.java:659)
	at org.springframework.beans.factory.annotation.AutowiredAnnotationBeanPostProcessor$AutowiredFieldElement.inject(AutowiredAnnotationBeanPostProcessor.java:639)
	at org.springframework.beans.factory.annotation.InjectionMetadata.inject(InjectionMetadata.java:119)
	at org.springframework.beans.factory.annotation.AutowiredAnnotationBeanPostProcessor.postProcessProperties(AutowiredAnnotationBeanPostProcessor.java:399)
	at org.springframework.beans.factory.support.AbstractAutowireCapableBeanFactory.populateBean(AbstractAutowireCapableBeanFactory.java:1431)
	at org.springframework.beans.factory.support.AbstractAutowireCapableBeanFactory.doCreateBean(AbstractAutowireCapableBeanFactory.java:619)
	at org.springframework.beans.factory.support.AbstractAutowireCapableBeanFactory.createBean(AbstractAutowireCapableBeanFactory.java:542)
	at org.springframework.beans.factory.support.AbstractBeanFactory.lambda$doGetBean$0(AbstractBeanFactory.java:335)
	at org.springframework.beans.factory.support.DefaultSingletonBeanRegistry.getSingleton(DefaultSingletonBeanRegistry.java:234)
	at org.springframework.beans.factory.support.AbstractBeanFactory.doGetBean(AbstractBeanFactory.java:333)
	at org.springframework.beans.factory.support.AbstractBeanFactory.getBean(AbstractBeanFactory.java:208)
	at org.springframework.beans.factory.config.DependencyDescriptor.resolveCandidate(DependencyDescriptor.java:276)
	at org.springframework.beans.factory.support.DefaultListableBeanFactory.doResolveDependency(DefaultListableBeanFactory.java:1391)
	at org.springframework.beans.factory.support.DefaultListableBeanFactory.resolveDependency(DefaultListableBeanFactory.java:1311)
	at org.springframework.beans.factory.annotation.AutowiredAnnotationBeanPostProcessor$AutowiredFieldElement.resolveFieldValue(AutowiredAnnotationBeanPostProcessor.java:656)
	... 23 common frames omitted
Caused by: org.springframework.beans.factory.UnsatisfiedDependencyException: Error creating bean with name 'mouvementService': Unsatisfied dependency expressed through field 'mouvementRepository'; nested exception is org.springframework.beans.factory.BeanCreationException: Error creating bean with name 'IMouvementRepository' defined in tn.com.st2i.project.etablissement.repository.IMouvementRepository defined in @EnableJpaRepositories declared on JpaRepositoriesRegistrar.EnableJpaRepositoriesConfiguration: Invocation of init method failed; nested exception is org.springframework.data.repository.query.QueryCreationException: Could not create query for public abstract java.util.List tn.com.st2i.project.etablissement.repository.IMouvementRepository.findByTypeMouvementId(java.lang.Long); Reason: Failed to create query for method public abstract java.util.List tn.com.st2i.project.etablissement.repository.IMouvementRepository.findByTypeMouvementId(java.lang.Long)! Unable to locate Attribute  with the the given name [typeMouvementId] on this ManagedType [tn.com.st2i.project.etablissement.model.Mouvement]; nested exception is java.lang.IllegalArgumentException: Failed to create query for method public abstract java.util.List tn.com.st2i.project.etablissement.repository.IMouvementRepository.findByTypeMouvementId(java.lang.Long)! Unable to locate Attribute  with the the given name [typeMouvementId] on this ManagedType [tn.com.st2i.project.etablissement.model.Mouvement]
	at org.springframework.beans.factory.annotation.AutowiredAnnotationBeanPostProcessor$AutowiredFieldElement.resolveFieldValue(AutowiredAnnotationBeanPostProcessor.java:659)
	at org.springframework.beans.factory.annotation.AutowiredAnnotationBeanPostProcessor$AutowiredFieldElement.inject(AutowiredAnnotationBeanPostProcessor.java:639)
	at org.springframework.beans.factory.annotation.InjectionMetadata.inject(InjectionMetadata.java:119)
	at org.springframework.beans.factory.annotation.AutowiredAnnotationBeanPostProcessor.postProcessProperties(AutowiredAnnotationBeanPostProcessor.java:399)
	at org.springframework.beans.factory.support.AbstractAutowireCapableBeanFactory.populateBean(AbstractAutowireCapableBeanFactory.java:1431)
	at org.springframework.beans.factory.support.AbstractAutowireCapableBeanFactory.doCreateBean(AbstractAutowireCapableBeanFactory.java:619)
	at org.springframework.beans.factory.support.AbstractAutowireCapableBeanFactory.createBean(AbstractAutowireCapableBeanFactory.java:542)
	at org.springframework.beans.factory.support.AbstractBeanFactory.lambda$doGetBean$0(AbstractBeanFactory.java:335)
	at org.springframework.beans.factory.support.DefaultSingletonBeanRegistry.getSingleton(DefaultSingletonBeanRegistry.java:234)
	at org.springframework.beans.factory.support.AbstractBeanFactory.doGetBean(AbstractBeanFactory.java:333)
	at org.springframework.beans.factory.support.AbstractBeanFactory.getBean(AbstractBeanFactory.java:208)
	at org.springframework.beans.factory.config.DependencyDescriptor.resolveCandidate(DependencyDescriptor.java:276)
	at org.springframework.beans.factory.support.DefaultListableBeanFactory.doResolveDependency(DefaultListableBeanFactory.java:1391)
	at org.springframework.beans.factory.support.DefaultListableBeanFactory.resolveDependency(DefaultListableBeanFactory.java:1311)
	at org.springframework.beans.factory.annotation.AutowiredAnnotationBeanPostProcessor$AutowiredFieldElement.resolveFieldValue(AutowiredAnnotationBeanPostProcessor.java:656)
	... 37 common frames omitted
Caused by: org.springframework.beans.factory.BeanCreationException: Error creating bean with name 'IMouvementRepository' defined in tn.com.st2i.project.etablissement.repository.IMouvementRepository defined in @EnableJpaRepositories declared on JpaRepositoriesRegistrar.EnableJpaRepositoriesConfiguration: Invocation of init method failed; nested exception is org.springframework.data.repository.query.QueryCreationException: Could not create query for public abstract java.util.List tn.com.st2i.project.etablissement.repository.IMouvementRepository.findByTypeMouvementId(java.lang.Long); Reason: Failed to create query for method public abstract java.util.List tn.com.st2i.project.etablissement.repository.IMouvementRepository.findByTypeMouvementId(java.lang.Long)! Unable to locate Attribute  with the the given name [typeMouvementId] on this ManagedType [tn.com.st2i.project.etablissement.model.Mouvement]; nested exception is java.lang.IllegalArgumentException: Failed to create query for method public abstract java.util.List tn.com.st2i.project.etablissement.repository.IMouvementRepository.findByTypeMouvementId(java.lang.Long)! Unable to locate Attribute  with the the given name [typeMouvementId] on this ManagedType [tn.com.st2i.project.etablissement.model.Mouvement]
	at org.springframework.beans.factory.support.AbstractAutowireCapableBeanFactory.initializeBean(AbstractAutowireCapableBeanFactory.java:1804)
	at org.springframework.beans.factory.support.AbstractAutowireCapableBeanFactory.doCreateBean(AbstractAutowireCapableBeanFactory.java:620)
	at org.springframework.beans.factory.support.AbstractAutowireCapableBeanFactory.createBean(AbstractAutowireCapableBeanFactory.java:542)
	at org.springframework.beans.factory.support.AbstractBeanFactory.lambda$doGetBean$0(AbstractBeanFactory.java:335)
	at org.springframework.beans.factory.support.DefaultSingletonBeanRegistry.getSingleton(DefaultSingletonBeanRegistry.java:234)
	at org.springframework.beans.factory.support.AbstractBeanFactory.doGetBean(AbstractBeanFactory.java:333)
	at org.springframework.beans.factory.support.AbstractBeanFactory.getBean(AbstractBeanFactory.java:208)
	at org.springframework.beans.factory.config.DependencyDescriptor.resolveCandidate(DependencyDescriptor.java:276)
	at org.springframework.beans.factory.support.DefaultListableBeanFactory.doResolveDependency(DefaultListableBeanFactory.java:1391)
	at org.springframework.beans.factory.support.DefaultListableBeanFactory.resolveDependency(DefaultListableBeanFactory.java:1311)
	at org.springframework.beans.factory.annotation.AutowiredAnnotationBeanPostProcessor$AutowiredFieldElement.resolveFieldValue(AutowiredAnnotationBeanPostProcessor.java:656)
	... 51 common frames omitted
Caused by: org.springframework.data.repository.query.QueryCreationException: Could not create query for public abstract java.util.List tn.com.st2i.project.etablissement.repository.IMouvementRepository.findByTypeMouvementId(java.lang.Long); Reason: Failed to create query for method public abstract java.util.List tn.com.st2i.project.etablissement.repository.IMouvementRepository.findByTypeMouvementId(java.lang.Long)! Unable to locate Attribute  with the the given name [typeMouvementId] on this ManagedType [tn.com.st2i.project.etablissement.model.Mouvement]; nested exception is java.lang.IllegalArgumentException: Failed to create query for method public abstract java.util.List tn.com.st2i.project.etablissement.repository.IMouvementRepository.findByTypeMouvementId(java.lang.Long)! Unable to locate Attribute  with the the given name [typeMouvementId] on this ManagedType [tn.com.st2i.project.etablissement.model.Mouvement]
	at org.springframework.data.repository.query.QueryCreationException.create(QueryCreationException.java:101)
	at org.springframework.data.repository.core.support.QueryExecutorMethodInterceptor.lookupQuery(QueryExecutorMethodInterceptor.java:107)
	at org.springframework.data.repository.core.support.QueryExecutorMethodInterceptor.lambda$mapMethodsToQuery$1(QueryExecutorMethodInterceptor.java:95)
	at java.base/java.util.stream.ReferencePipeline$3$1.accept(ReferencePipeline.java:197)
	at java.base/java.util.Iterator.forEachRemaining(Iterator.java:133)
	at java.base/java.util.Collections$UnmodifiableCollection$1.forEachRemaining(Collections.java:1085)
	at java.base/java.util.Spliterators$IteratorSpliterator.forEachRemaining(Spliterators.java:1939)
	at java.base/java.util.stream.AbstractPipeline.copyInto(AbstractPipeline.java:509)
	at java.base/java.util.stream.AbstractPipeline.wrapAndCopyInto(AbstractPipeline.java:499)
	at java.base/java.util.stream.ReduceOps$ReduceOp.evaluateSequential(ReduceOps.java:921)
	at java.base/java.util.stream.AbstractPipeline.evaluate(AbstractPipeline.java:234)
	at java.base/java.util.stream.ReferencePipeline.collect(ReferencePipeline.java:682)
	at org.springframework.data.repository.core.support.QueryExecutorMethodInterceptor.mapMethodsToQuery(QueryExecutorMethodInterceptor.java:97)
	at org.springframework.data.repository.core.support.QueryExecutorMethodInterceptor.lambda$new$0(QueryExecutorMethodInterceptor.java:87)
	at java.base/java.util.Optional.map(Optional.java:260)
	at org.springframework.data.repository.core.support.QueryExecutorMethodInterceptor.<init>(QueryExecutorMethodInterceptor.java:87)
	at org.springframework.data.repository.core.support.RepositoryFactorySupport.getRepository(RepositoryFactorySupport.java:365)
	at org.springframework.data.repository.core.support.RepositoryFactoryBeanSupport.lambda$afterPropertiesSet$5(RepositoryFactoryBeanSupport.java:323)
	at org.springframework.data.util.Lazy.getNullable(Lazy.java:231)
	at org.springframework.data.util.Lazy.get(Lazy.java:115)
	at org.springframework.data.repository.core.support.RepositoryFactoryBeanSupport.afterPropertiesSet(RepositoryFactoryBeanSupport.java:329)
	at org.springframework.data.jpa.repository.support.JpaRepositoryFactoryBean.afterPropertiesSet(JpaRepositoryFactoryBean.java:144)
	at org.springframework.beans.factory.support.AbstractAutowireCapableBeanFactory.invokeInitMethods(AbstractAutowireCapableBeanFactory.java:1863)
	at org.springframework.beans.factory.support.AbstractAutowireCapableBeanFactory.initializeBean(AbstractAutowireCapableBeanFactory.java:1800)
	... 61 common frames omitted
Caused by: java.lang.IllegalArgumentException: Failed to create query for method public abstract java.util.List tn.com.st2i.project.etablissement.repository.IMouvementRepository.findByTypeMouvementId(java.lang.Long)! Unable to locate Attribute  with the the given name [typeMouvementId] on this ManagedType [tn.com.st2i.project.etablissement.model.Mouvement]
	at org.springframework.data.jpa.repository.query.PartTreeJpaQuery.<init>(PartTreeJpaQuery.java:96)
	at org.springframework.data.jpa.repository.query.JpaQueryLookupStrategy$CreateQueryLookupStrategy.resolveQuery(JpaQueryLookupStrategy.java:119)
	at org.springframework.data.jpa.repository.query.JpaQueryLookupStrategy$CreateIfNotFoundQueryLookupStrategy.resolveQuery(JpaQueryLookupStrategy.java:259)
	at org.springframework.data.jpa.repository.query.JpaQueryLookupStrategy$AbstractQueryLookupStrategy.resolveQuery(JpaQueryLookupStrategy.java:93)
	at org.springframework.data.repository.core.support.QueryExecutorMethodInterceptor.lookupQuery(QueryExecutorMethodInterceptor.java:103)
	... 83 common frames omitted
Caused by: java.lang.IllegalArgumentException: Unable to locate Attribute  with the the given name [typeMouvementId] on this ManagedType [tn.com.st2i.project.etablissement.model.Mouvement]
	at org.hibernate.metamodel.model.domain.internal.AbstractManagedType.checkNotNull(AbstractManagedType.java:148)
	at org.hibernate.metamodel.model.domain.internal.AbstractManagedType.getAttribute(AbstractManagedType.java:119)
	at org.hibernate.metamodel.model.domain.internal.AbstractManagedType.getAttribute(AbstractManagedType.java:44)
	at org.springframework.data.jpa.repository.query.QueryUtils.requiresOuterJoin(QueryUtils.java:814)
	at org.springframework.data.jpa.repository.query.QueryUtils.toExpressionRecursively(QueryUtils.java:755)
	at org.springframework.data.jpa.repository.query.QueryUtils.toExpressionRecursively(QueryUtils.java:734)
	at org.springframework.data.jpa.repository.query.QueryUtils.toExpressionRecursively(QueryUtils.java:730)
	at org.springframework.data.jpa.repository.query.JpaQueryCreator$PredicateBuilder.getTypedPath(JpaQueryCreator.java:394)
	at org.springframework.data.jpa.repository.query.JpaQueryCreator$PredicateBuilder.build(JpaQueryCreator.java:317)
	at org.springframework.data.jpa.repository.query.JpaQueryCreator.toPredicate(JpaQueryCreator.java:217)
	at org.springframework.data.jpa.repository.query.JpaQueryCreator.create(JpaQueryCreator.java:125)
	at org.springframework.data.jpa.repository.query.JpaQueryCreator.create(JpaQueryCreator.java:60)
	at org.springframework.data.repository.query.parser.AbstractQueryCreator.createCriteria(AbstractQueryCreator.java:120)
	at org.springframework.data.repository.query.parser.AbstractQueryCreator.createQuery(AbstractQueryCreator.java:96)
	at org.springframework.data.repository.query.parser.AbstractQueryCreator.createQuery(AbstractQueryCreator.java:82)
	at org.springframework.data.jpa.repository.query.PartTreeJpaQuery$QueryPreparer.<init>(PartTreeJpaQuery.java:217)
	at org.springframework.data.jpa.repository.query.PartTreeJpaQuery$CountQueryPreparer.<init>(PartTreeJpaQuery.java:348)
	at org.springframework.data.jpa.repository.query.PartTreeJpaQuery.<init>(PartTreeJpaQuery.java:91)
	... 87 common frames omitted
13-04-2026 20:40:38.0067|ERROR|Application run failed
org.springframework.beans.factory.UnsatisfiedDependencyException: Error creating bean with name 'critereScoringController': Unsatisfied dependency expressed through field 'critereScoringService'; nested exception is org.springframework.beans.factory.UnsatisfiedDependencyException: Error creating bean with name 'critereScoringService': Unsatisfied dependency expressed through field 'mouvementService'; nested exception is org.springframework.beans.factory.UnsatisfiedDependencyException: Error creating bean with name 'mouvementService': Unsatisfied dependency expressed through field 'typeMouvementService'; nested exception is org.springframework.beans.factory.UnsatisfiedDependencyException: Error creating bean with name 'typeMouvementService': Unsatisfied dependency expressed through field 'typeMouvementRepository'; nested exception is org.springframework.beans.factory.BeanCreationException: Error creating bean with name 'ITypeMouvementRepository' defined in tn.com.st2i.project.etablissement.repository.ITypeMouvementRepository defined in @EnableJpaRepositories declared on JpaRepositoriesRegistrar.EnableJpaRepositoriesConfiguration: Invocation of init method failed; nested exception is org.springframework.data.repository.query.QueryCreationException: Could not create query for public abstract boolean tn.com.st2i.project.etablissement.repository.ITypeMouvementRepository.existsByNom(java.lang.String); Reason: Failed to create query for method public abstract boolean tn.com.st2i.project.etablissement.repository.ITypeMouvementRepository.existsByNom(java.lang.String)! No property 'nom' found for type 'TypeMouvement'; nested exception is java.lang.IllegalArgumentException: Failed to create query for method public abstract boolean tn.com.st2i.project.etablissement.repository.ITypeMouvementRepository.existsByNom(java.lang.String)! No property 'nom' found for type 'TypeMouvement'
	at org.springframework.beans.factory.annotation.AutowiredAnnotationBeanPostProcessor$AutowiredFieldElement.resolveFieldValue(AutowiredAnnotationBeanPostProcessor.java:659)
	at org.springframework.beans.factory.annotation.AutowiredAnnotationBeanPostProcessor$AutowiredFieldElement.inject(AutowiredAnnotationBeanPostProcessor.java:639)
	at org.springframework.beans.factory.annotation.InjectionMetadata.inject(InjectionMetadata.java:119)
	at org.springframework.beans.factory.annotation.AutowiredAnnotationBeanPostProcessor.postProcessProperties(AutowiredAnnotationBeanPostProcessor.java:399)
	at org.springframework.beans.factory.support.AbstractAutowireCapableBeanFactory.populateBean(AbstractAutowireCapableBeanFactory.java:1431)
	at org.springframework.beans.factory.support.AbstractAutowireCapableBeanFactory.doCreateBean(AbstractAutowireCapableBeanFactory.java:619)
	at org.springframework.beans.factory.support.AbstractAutowireCapableBeanFactory.createBean(AbstractAutowireCapableBeanFactory.java:542)
	at org.springframework.beans.factory.support.AbstractBeanFactory.lambda$doGetBean$0(AbstractBeanFactory.java:335)
	at org.springframework.beans.factory.support.DefaultSingletonBeanRegistry.getSingleton(DefaultSingletonBeanRegistry.java:234)
	at org.springframework.beans.factory.support.AbstractBeanFactory.doGetBean(AbstractBeanFactory.java:333)
	at org.springframework.beans.factory.support.AbstractBeanFactory.getBean(AbstractBeanFactory.java:208)
	at org.springframework.beans.factory.support.DefaultListableBeanFactory.preInstantiateSingletons(DefaultListableBeanFactory.java:955)
	at org.springframework.context.support.AbstractApplicationContext.finishBeanFactoryInitialization(AbstractApplicationContext.java:918)
	at org.springframework.context.support.AbstractApplicationContext.refresh(AbstractApplicationContext.java:583)
	at org.springframework.boot.web.servlet.context.ServletWebServerApplicationContext.refresh(ServletWebServerApplicationContext.java:147)
	at org.springframework.boot.SpringApplication.refresh(SpringApplication.java:734)
	at org.springframework.boot.SpringApplication.refreshContext(SpringApplication.java:408)
	at org.springframework.boot.SpringApplication.run(SpringApplication.java:308)
	at org.springframework.boot.SpringApplication.run(SpringApplication.java:1306)
	at org.springframework.boot.SpringApplication.run(SpringApplication.java:1295)
	at tn.com.st2i.project.EtablissementApplication.main(EtablissementApplication.java:21)
	at java.base/jdk.internal.reflect.DirectMethodHandleAccessor.invoke(DirectMethodHandleAccessor.java:103)
	at java.base/java.lang.reflect.Method.invoke(Method.java:580)
	at org.springframework.boot.devtools.restart.RestartLauncher.run(RestartLauncher.java:49)
Caused by: org.springframework.beans.factory.UnsatisfiedDependencyException: Error creating bean with name 'critereScoringService': Unsatisfied dependency expressed through field 'mouvementService'; nested exception is org.springframework.beans.factory.UnsatisfiedDependencyException: Error creating bean with name 'mouvementService': Unsatisfied dependency expressed through field 'typeMouvementService'; nested exception is org.springframework.beans.factory.UnsatisfiedDependencyException: Error creating bean with name 'typeMouvementService': Unsatisfied dependency expressed through field 'typeMouvementRepository'; nested exception is org.springframework.beans.factory.BeanCreationException: Error creating bean with name 'ITypeMouvementRepository' defined in tn.com.st2i.project.etablissement.repository.ITypeMouvementRepository defined in @EnableJpaRepositories declared on JpaRepositoriesRegistrar.EnableJpaRepositoriesConfiguration: Invocation of init method failed; nested exception is org.springframework.data.repository.query.QueryCreationException: Could not create query for public abstract boolean tn.com.st2i.project.etablissement.repository.ITypeMouvementRepository.existsByNom(java.lang.String); Reason: Failed to create query for method public abstract boolean tn.com.st2i.project.etablissement.repository.ITypeMouvementRepository.existsByNom(java.lang.String)! No property 'nom' found for type 'TypeMouvement'; nested exception is java.lang.IllegalArgumentException: Failed to create query for method public abstract boolean tn.com.st2i.project.etablissement.repository.ITypeMouvementRepository.existsByNom(java.lang.String)! No property 'nom' found for type 'TypeMouvement'
	at org.springframework.beans.factory.annotation.AutowiredAnnotationBeanPostProcessor$AutowiredFieldElement.resolveFieldValue(AutowiredAnnotationBeanPostProcessor.java:659)
	at org.springframework.beans.factory.annotation.AutowiredAnnotationBeanPostProcessor$AutowiredFieldElement.inject(AutowiredAnnotationBeanPostProcessor.java:639)
	at org.springframework.beans.factory.annotation.InjectionMetadata.inject(InjectionMetadata.java:119)
	at org.springframework.beans.factory.annotation.AutowiredAnnotationBeanPostProcessor.postProcessProperties(AutowiredAnnotationBeanPostProcessor.java:399)
	at org.springframework.beans.factory.support.AbstractAutowireCapableBeanFactory.populateBean(AbstractAutowireCapableBeanFactory.java:1431)
	at org.springframework.beans.factory.support.AbstractAutowireCapableBeanFactory.doCreateBean(AbstractAutowireCapableBeanFactory.java:619)
	at org.springframework.beans.factory.support.AbstractAutowireCapableBeanFactory.createBean(AbstractAutowireCapableBeanFactory.java:542)
	at org.springframework.beans.factory.support.AbstractBeanFactory.lambda$doGetBean$0(AbstractBeanFactory.java:335)
	at org.springframework.beans.factory.support.DefaultSingletonBeanRegistry.getSingleton(DefaultSingletonBeanRegistry.java:234)
	at org.springframework.beans.factory.support.AbstractBeanFactory.doGetBean(AbstractBeanFactory.java:333)
	at org.springframework.beans.factory.support.AbstractBeanFactory.getBean(AbstractBeanFactory.java:208)
	at org.springframework.beans.factory.config.DependencyDescriptor.resolveCandidate(DependencyDescriptor.java:276)
	at org.springframework.beans.factory.support.DefaultListableBeanFactory.doResolveDependency(DefaultListableBeanFactory.java:1391)
	at org.springframework.beans.factory.support.DefaultListableBeanFactory.resolveDependency(DefaultListableBeanFactory.java:1311)
	at org.springframework.beans.factory.annotation.AutowiredAnnotationBeanPostProcessor$AutowiredFieldElement.resolveFieldValue(AutowiredAnnotationBeanPostProcessor.java:656)
	... 23 common frames omitted
Caused by: org.springframework.beans.factory.UnsatisfiedDependencyException: Error creating bean with name 'mouvementService': Unsatisfied dependency expressed through field 'typeMouvementService'; nested exception is org.springframework.beans.factory.UnsatisfiedDependencyException: Error creating bean with name 'typeMouvementService': Unsatisfied dependency expressed through field 'typeMouvementRepository'; nested exception is org.springframework.beans.factory.BeanCreationException: Error creating bean with name 'ITypeMouvementRepository' defined in tn.com.st2i.project.etablissement.repository.ITypeMouvementRepository defined in @EnableJpaRepositories declared on JpaRepositoriesRegistrar.EnableJpaRepositoriesConfiguration: Invocation of init method failed; nested exception is org.springframework.data.repository.query.QueryCreationException: Could not create query for public abstract boolean tn.com.st2i.project.etablissement.repository.ITypeMouvementRepository.existsByNom(java.lang.String); Reason: Failed to create query for method public abstract boolean tn.com.st2i.project.etablissement.repository.ITypeMouvementRepository.existsByNom(java.lang.String)! No property 'nom' found for type 'TypeMouvement'; nested exception is java.lang.IllegalArgumentException: Failed to create query for method public abstract boolean tn.com.st2i.project.etablissement.repository.ITypeMouvementRepository.existsByNom(java.lang.String)! No property 'nom' found for type 'TypeMouvement'
	at org.springframework.beans.factory.annotation.AutowiredAnnotationBeanPostProcessor$AutowiredFieldElement.resolveFieldValue(AutowiredAnnotationBeanPostProcessor.java:659)
	at org.springframework.beans.factory.annotation.AutowiredAnnotationBeanPostProcessor$AutowiredFieldElement.inject(AutowiredAnnotationBeanPostProcessor.java:639)
	at org.springframework.beans.factory.annotation.InjectionMetadata.inject(InjectionMetadata.java:119)
	at org.springframework.beans.factory.annotation.AutowiredAnnotationBeanPostProcessor.postProcessProperties(AutowiredAnnotationBeanPostProcessor.java:399)
	at org.springframework.beans.factory.support.AbstractAutowireCapableBeanFactory.populateBean(AbstractAutowireCapableBeanFactory.java:1431)
	at org.springframework.beans.factory.support.AbstractAutowireCapableBeanFactory.doCreateBean(AbstractAutowireCapableBeanFactory.java:619)
	at org.springframework.beans.factory.support.AbstractAutowireCapableBeanFactory.createBean(AbstractAutowireCapableBeanFactory.java:542)
	at org.springframework.beans.factory.support.AbstractBeanFactory.lambda$doGetBean$0(AbstractBeanFactory.java:335)
	at org.springframework.beans.factory.support.DefaultSingletonBeanRegistry.getSingleton(DefaultSingletonBeanRegistry.java:234)
	at org.springframework.beans.factory.support.AbstractBeanFactory.doGetBean(AbstractBeanFactory.java:333)
	at org.springframework.beans.factory.support.AbstractBeanFactory.getBean(AbstractBeanFactory.java:208)
	at org.springframework.beans.factory.config.DependencyDescriptor.resolveCandidate(DependencyDescriptor.java:276)
	at org.springframework.beans.factory.support.DefaultListableBeanFactory.doResolveDependency(DefaultListableBeanFactory.java:1391)
	at org.springframework.beans.factory.support.DefaultListableBeanFactory.resolveDependency(DefaultListableBeanFactory.java:1311)
	at org.springframework.beans.factory.annotation.AutowiredAnnotationBeanPostProcessor$AutowiredFieldElement.resolveFieldValue(AutowiredAnnotationBeanPostProcessor.java:656)
	... 37 common frames omitted
Caused by: org.springframework.beans.factory.UnsatisfiedDependencyException: Error creating bean with name 'typeMouvementService': Unsatisfied dependency expressed through field 'typeMouvementRepository'; nested exception is org.springframework.beans.factory.BeanCreationException: Error creating bean with name 'ITypeMouvementRepository' defined in tn.com.st2i.project.etablissement.repository.ITypeMouvementRepository defined in @EnableJpaRepositories declared on JpaRepositoriesRegistrar.EnableJpaRepositoriesConfiguration: Invocation of init method failed; nested exception is org.springframework.data.repository.query.QueryCreationException: Could not create query for public abstract boolean tn.com.st2i.project.etablissement.repository.ITypeMouvementRepository.existsByNom(java.lang.String); Reason: Failed to create query for method public abstract boolean tn.com.st2i.project.etablissement.repository.ITypeMouvementRepository.existsByNom(java.lang.String)! No property 'nom' found for type 'TypeMouvement'; nested exception is java.lang.IllegalArgumentException: Failed to create query for method public abstract boolean tn.com.st2i.project.etablissement.repository.ITypeMouvementRepository.existsByNom(java.lang.String)! No property 'nom' found for type 'TypeMouvement'
	at org.springframework.beans.factory.annotation.AutowiredAnnotationBeanPostProcessor$AutowiredFieldElement.resolveFieldValue(AutowiredAnnotationBeanPostProcessor.java:659)
	at org.springframework.beans.factory.annotation.AutowiredAnnotationBeanPostProcessor$AutowiredFieldElement.inject(AutowiredAnnotationBeanPostProcessor.java:639)
	at org.springframework.beans.factory.annotation.InjectionMetadata.inject(InjectionMetadata.java:119)
	at org.springframework.beans.factory.annotation.AutowiredAnnotationBeanPostProcessor.postProcessProperties(AutowiredAnnotationBeanPostProcessor.java:399)
	at org.springframework.beans.factory.support.AbstractAutowireCapableBeanFactory.populateBean(AbstractAutowireCapableBeanFactory.java:1431)
	at org.springframework.beans.factory.support.AbstractAutowireCapableBeanFactory.doCreateBean(AbstractAutowireCapableBeanFactory.java:619)
	at org.springframework.beans.factory.support.AbstractAutowireCapableBeanFactory.createBean(AbstractAutowireCapableBeanFactory.java:542)
	at org.springframework.beans.factory.support.AbstractBeanFactory.lambda$doGetBean$0(AbstractBeanFactory.java:335)
	at org.springframework.beans.factory.support.DefaultSingletonBeanRegistry.getSingleton(DefaultSingletonBeanRegistry.java:234)
	at org.springframework.beans.factory.support.AbstractBeanFactory.doGetBean(AbstractBeanFactory.java:333)
	at org.springframework.beans.factory.support.AbstractBeanFactory.getBean(AbstractBeanFactory.java:208)
	at org.springframework.beans.factory.config.DependencyDescriptor.resolveCandidate(DependencyDescriptor.java:276)
	at org.springframework.beans.factory.support.DefaultListableBeanFactory.doResolveDependency(DefaultListableBeanFactory.java:1391)
	at org.springframework.beans.factory.support.DefaultListableBeanFactory.resolveDependency(DefaultListableBeanFactory.java:1311)
	at org.springframework.beans.factory.annotation.AutowiredAnnotationBeanPostProcessor$AutowiredFieldElement.resolveFieldValue(AutowiredAnnotationBeanPostProcessor.java:656)
	... 51 common frames omitted
Caused by: org.springframework.beans.factory.BeanCreationException: Error creating bean with name 'ITypeMouvementRepository' defined in tn.com.st2i.project.etablissement.repository.ITypeMouvementRepository defined in @EnableJpaRepositories declared on JpaRepositoriesRegistrar.EnableJpaRepositoriesConfiguration: Invocation of init method failed; nested exception is org.springframework.data.repository.query.QueryCreationException: Could not create query for public abstract boolean tn.com.st2i.project.etablissement.repository.ITypeMouvementRepository.existsByNom(java.lang.String); Reason: Failed to create query for method public abstract boolean tn.com.st2i.project.etablissement.repository.ITypeMouvementRepository.existsByNom(java.lang.String)! No property 'nom' found for type 'TypeMouvement'; nested exception is java.lang.IllegalArgumentException: Failed to create query for method public abstract boolean tn.com.st2i.project.etablissement.repository.ITypeMouvementRepository.existsByNom(java.lang.String)! No property 'nom' found for type 'TypeMouvement'
	at org.springframework.beans.factory.support.AbstractAutowireCapableBeanFactory.initializeBean(AbstractAutowireCapableBeanFactory.java:1804)
	at org.springframework.beans.factory.support.AbstractAutowireCapableBeanFactory.doCreateBean(AbstractAutowireCapableBeanFactory.java:620)
	at org.springframework.beans.factory.support.AbstractAutowireCapableBeanFactory.createBean(AbstractAutowireCapableBeanFactory.java:542)
	at org.springframework.beans.factory.support.AbstractBeanFactory.lambda$doGetBean$0(AbstractBeanFactory.java:335)
	at org.springframework.beans.factory.support.DefaultSingletonBeanRegistry.getSingleton(DefaultSingletonBeanRegistry.java:234)
	at org.springframework.beans.factory.support.AbstractBeanFactory.doGetBean(AbstractBeanFactory.java:333)
	at org.springframework.beans.factory.support.AbstractBeanFactory.getBean(AbstractBeanFactory.java:208)
	at org.springframework.beans.factory.config.DependencyDescriptor.resolveCandidate(DependencyDescriptor.java:276)
	at org.springframework.beans.factory.support.DefaultListableBeanFactory.doResolveDependency(DefaultListableBeanFactory.java:1391)
	at org.springframework.beans.factory.support.DefaultListableBeanFactory.resolveDependency(DefaultListableBeanFactory.java:1311)
	at org.springframework.beans.factory.annotation.AutowiredAnnotationBeanPostProcessor$AutowiredFieldElement.resolveFieldValue(AutowiredAnnotationBeanPostProcessor.java:656)
	... 65 common frames omitted
Caused by: org.springframework.data.repository.query.QueryCreationException: Could not create query for public abstract boolean tn.com.st2i.project.etablissement.repository.ITypeMouvementRepository.existsByNom(java.lang.String); Reason: Failed to create query for method public abstract boolean tn.com.st2i.project.etablissement.repository.ITypeMouvementRepository.existsByNom(java.lang.String)! No property 'nom' found for type 'TypeMouvement'; nested exception is java.lang.IllegalArgumentException: Failed to create query for method public abstract boolean tn.com.st2i.project.etablissement.repository.ITypeMouvementRepository.existsByNom(java.lang.String)! No property 'nom' found for type 'TypeMouvement'
	at org.springframework.data.repository.query.QueryCreationException.create(QueryCreationException.java:101)
	at org.springframework.data.repository.core.support.QueryExecutorMethodInterceptor.lookupQuery(QueryExecutorMethodInterceptor.java:107)
	at org.springframework.data.repository.core.support.QueryExecutorMethodInterceptor.lambda$mapMethodsToQuery$1(QueryExecutorMethodInterceptor.java:95)
	at java.base/java.util.stream.ReferencePipeline$3$1.accept(ReferencePipeline.java:197)
	at java.base/java.util.Iterator.forEachRemaining(Iterator.java:133)
	at java.base/java.util.Collections$UnmodifiableCollection$1.forEachRemaining(Collections.java:1085)
	at java.base/java.util.Spliterators$IteratorSpliterator.forEachRemaining(Spliterators.java:1939)
	at java.base/java.util.stream.AbstractPipeline.copyInto(AbstractPipeline.java:509)
	at java.base/java.util.stream.AbstractPipeline.wrapAndCopyInto(AbstractPipeline.java:499)
	at java.base/java.util.stream.ReduceOps$ReduceOp.evaluateSequential(ReduceOps.java:921)
	at java.base/java.util.stream.AbstractPipeline.evaluate(AbstractPipeline.java:234)
	at java.base/java.util.stream.ReferencePipeline.collect(ReferencePipeline.java:682)
	at org.springframework.data.repository.core.support.QueryExecutorMethodInterceptor.mapMethodsToQuery(QueryExecutorMethodInterceptor.java:97)
	at org.springframework.data.repository.core.support.QueryExecutorMethodInterceptor.lambda$new$0(QueryExecutorMethodInterceptor.java:87)
	at java.base/java.util.Optional.map(Optional.java:260)
	at org.springframework.data.repository.core.support.QueryExecutorMethodInterceptor.<init>(QueryExecutorMethodInterceptor.java:87)
	at org.springframework.data.repository.core.support.RepositoryFactorySupport.getRepository(RepositoryFactorySupport.java:365)
	at org.springframework.data.repository.core.support.RepositoryFactoryBeanSupport.lambda$afterPropertiesSet$5(RepositoryFactoryBeanSupport.java:323)
	at org.springframework.data.util.Lazy.getNullable(Lazy.java:231)
	at org.springframework.data.util.Lazy.get(Lazy.java:115)
	at org.springframework.data.repository.core.support.RepositoryFactoryBeanSupport.afterPropertiesSet(RepositoryFactoryBeanSupport.java:329)
	at org.springframework.data.jpa.repository.support.JpaRepositoryFactoryBean.afterPropertiesSet(JpaRepositoryFactoryBean.java:144)
	at org.springframework.beans.factory.support.AbstractAutowireCapableBeanFactory.invokeInitMethods(AbstractAutowireCapableBeanFactory.java:1863)
	at org.springframework.beans.factory.support.AbstractAutowireCapableBeanFactory.initializeBean(AbstractAutowireCapableBeanFactory.java:1800)
	... 75 common frames omitted
Caused by: java.lang.IllegalArgumentException: Failed to create query for method public abstract boolean tn.com.st2i.project.etablissement.repository.ITypeMouvementRepository.existsByNom(java.lang.String)! No property 'nom' found for type 'TypeMouvement'
	at org.springframework.data.jpa.repository.query.PartTreeJpaQuery.<init>(PartTreeJpaQuery.java:96)
	at org.springframework.data.jpa.repository.query.JpaQueryLookupStrategy$CreateQueryLookupStrategy.resolveQuery(JpaQueryLookupStrategy.java:119)
	at org.springframework.data.jpa.repository.query.JpaQueryLookupStrategy$CreateIfNotFoundQueryLookupStrategy.resolveQuery(JpaQueryLookupStrategy.java:259)
	at org.springframework.data.jpa.repository.query.JpaQueryLookupStrategy$AbstractQueryLookupStrategy.resolveQuery(JpaQueryLookupStrategy.java:93)
	at org.springframework.data.repository.core.support.QueryExecutorMethodInterceptor.lookupQuery(QueryExecutorMethodInterceptor.java:103)
	... 97 common frames omitted
Caused by: org.springframework.data.mapping.PropertyReferenceException: No property 'nom' found for type 'TypeMouvement'
	at org.springframework.data.mapping.PropertyPath.<init>(PropertyPath.java:91)
	at org.springframework.data.mapping.PropertyPath.create(PropertyPath.java:438)
	at org.springframework.data.mapping.PropertyPath.create(PropertyPath.java:414)
	at org.springframework.data.mapping.PropertyPath.lambda$from$0(PropertyPath.java:367)
	at java.base/java.util.concurrent.ConcurrentMap.computeIfAbsent(ConcurrentMap.java:330)
	at org.springframework.data.mapping.PropertyPath.from(PropertyPath.java:349)
	at org.springframework.data.mapping.PropertyPath.from(PropertyPath.java:332)
	at org.springframework.data.repository.query.parser.Part.<init>(Part.java:81)
	at org.springframework.data.repository.query.parser.PartTree$OrPart.lambda$new$0(PartTree.java:250)
	at java.base/java.util.stream.ReferencePipeline$3$1.accept(ReferencePipeline.java:197)
	at java.base/java.util.stream.ReferencePipeline$2$1.accept(ReferencePipeline.java:179)
	at java.base/java.util.Spliterators$ArraySpliterator.forEachRemaining(Spliterators.java:1024)
	at java.base/java.util.stream.AbstractPipeline.copyInto(AbstractPipeline.java:509)
	at java.base/java.util.stream.AbstractPipeline.wrapAndCopyInto(AbstractPipeline.java:499)
	at java.base/java.util.stream.ReduceOps$ReduceOp.evaluateSequential(ReduceOps.java:921)
	at java.base/java.util.stream.AbstractPipeline.evaluate(AbstractPipeline.java:234)
	at java.base/java.util.stream.ReferencePipeline.collect(ReferencePipeline.java:682)
	at org.springframework.data.repository.query.parser.PartTree$OrPart.<init>(PartTree.java:251)
	at org.springframework.data.repository.query.parser.PartTree$Predicate.lambda$new$0(PartTree.java:384)
	at java.base/java.util.stream.ReferencePipeline$3$1.accept(ReferencePipeline.java:197)
	at java.base/java.util.stream.ReferencePipeline$2$1.accept(ReferencePipeline.java:179)
	at java.base/java.util.Spliterators$ArraySpliterator.forEachRemaining(Spliterators.java:1024)
	at java.base/java.util.stream.AbstractPipeline.copyInto(AbstractPipeline.java:509)
	at java.base/java.util.stream.AbstractPipeline.wrapAndCopyInto(AbstractPipeline.java:499)
	at java.base/java.util.stream.ReduceOps$ReduceOp.evaluateSequential(ReduceOps.java:921)
	at java.base/java.util.stream.AbstractPipeline.evaluate(AbstractPipeline.java:234)
	at java.base/java.util.stream.ReferencePipeline.collect(ReferencePipeline.java:682)
	at org.springframework.data.repository.query.parser.PartTree$Predicate.<init>(PartTree.java:385)
	at org.springframework.data.repository.query.parser.PartTree.<init>(PartTree.java:96)
	at org.springframework.data.jpa.repository.query.PartTreeJpaQuery.<init>(PartTreeJpaQuery.java:89)
	... 101 common frames omitted
13-04-2026 21:47:03.0147|ERROR|Error CorpsService in method saveOrUpdateCorpsWs :: org.springframework.dao.DataIntegrityViolationException: not-null property references a null or transient value : tn.com.st2i.project.etablissement.model.Corps.discrAr; nested exception is org.hibernate.PropertyValueException: not-null property references a null or transient value : tn.com.st2i.project.etablissement.model.Corps.discrAr
13-04-2026 22:05:49.0003|ERROR|Error MouvementService in method getListMouvementWs :: com.fasterxml.jackson.databind.exc.InvalidDefinitionException: Java 8 date/time type `java.time.LocalDate` not supported by default: add Module "com.fasterxml.jackson.datatype:jackson-datatype-jsr310" to enable handling (through reference chain: java.util.ArrayList[0]->tn.com.st2i.project.etablissement.model.Mouvement["dateOuvertureCandidature"])
13-04-2026 22:07:20.0820|ERROR|Error MouvementService in method getListMouvementWs :: com.fasterxml.jackson.databind.exc.InvalidDefinitionException: Java 8 date/time type `java.time.LocalDate` not supported by default: add Module "com.fasterxml.jackson.datatype:jackson-datatype-jsr310" to enable handling (through reference chain: java.util.ArrayList[0]->tn.com.st2i.project.etablissement.model.Mouvement["dateOuvertureCandidature"])
13-04-2026 22:07:43.0676|ERROR|Error MouvementService in method findMouvementByIdWs :: com.fasterxml.jackson.databind.JsonMappingException: failed to lazily initialize a collection of role: tn.com.st2i.project.etablissement.model.TypeMouvement.corps, could not initialize proxy - no Session (through reference chain: tn.com.st2i.project.etablissement.model.Mouvement["typeMouvement"]->tn.com.st2i.project.etablissement.model.TypeMouvement["corps"])
13-04-2026 22:09:52.0824|ERROR|Error TypeMouvementService in method findTypeMouvementByIdWs :: com.fasterxml.jackson.databind.JsonMappingException: failed to lazily initialize a collection of role: tn.com.st2i.project.etablissement.model.TypeMouvement.corps, could not initialize proxy - no Session (through reference chain: tn.com.st2i.project.etablissement.model.TypeMouvement["corps"])
13-04-2026 22:43:27.0550|ERROR|Failed to initialize JPA EntityManagerFactory: [PersistenceUnit: default] Unable to build Hibernate SessionFactory; nested exception is org.hibernate.loader.MultipleBagFetchException: cannot simultaneously fetch multiple bags: [tn.com.st2i.project.etablissement.model.TypeMouvement.metiers, tn.com.st2i.project.etablissement.model.TypeMouvement.corps]
13-04-2026 22:43:27.0592|ERROR|Application run failed
org.springframework.beans.factory.BeanCreationException: Error creating bean with name 'entityManagerFactory' defined in class path resource [org/springframework/boot/autoconfigure/orm/jpa/HibernateJpaConfiguration.class]: Invocation of init method failed; nested exception is javax.persistence.PersistenceException: [PersistenceUnit: default] Unable to build Hibernate SessionFactory; nested exception is org.hibernate.loader.MultipleBagFetchException: cannot simultaneously fetch multiple bags: [tn.com.st2i.project.etablissement.model.TypeMouvement.metiers, tn.com.st2i.project.etablissement.model.TypeMouvement.corps]
	at org.springframework.beans.factory.support.AbstractAutowireCapableBeanFactory.initializeBean(AbstractAutowireCapableBeanFactory.java:1804)
	at org.springframework.beans.factory.support.AbstractAutowireCapableBeanFactory.doCreateBean(AbstractAutowireCapableBeanFactory.java:620)
	at org.springframework.beans.factory.support.AbstractAutowireCapableBeanFactory.createBean(AbstractAutowireCapableBeanFactory.java:542)
	at org.springframework.beans.factory.support.AbstractBeanFactory.lambda$doGetBean$0(AbstractBeanFactory.java:335)
	at org.springframework.beans.factory.support.DefaultSingletonBeanRegistry.getSingleton(DefaultSingletonBeanRegistry.java:234)
	at org.springframework.beans.factory.support.AbstractBeanFactory.doGetBean(AbstractBeanFactory.java:333)
	at org.springframework.beans.factory.support.AbstractBeanFactory.getBean(AbstractBeanFactory.java:208)
	at org.springframework.context.support.AbstractApplicationContext.getBean(AbstractApplicationContext.java:1154)
	at org.springframework.context.support.AbstractApplicationContext.finishBeanFactoryInitialization(AbstractApplicationContext.java:908)
	at org.springframework.context.support.AbstractApplicationContext.refresh(AbstractApplicationContext.java:583)
	at org.springframework.boot.web.servlet.context.ServletWebServerApplicationContext.refresh(ServletWebServerApplicationContext.java:147)
	at org.springframework.boot.SpringApplication.refresh(SpringApplication.java:734)
	at org.springframework.boot.SpringApplication.refreshContext(SpringApplication.java:408)
	at org.springframework.boot.SpringApplication.run(SpringApplication.java:308)
	at org.springframework.boot.SpringApplication.run(SpringApplication.java:1306)
	at org.springframework.boot.SpringApplication.run(SpringApplication.java:1295)
	at tn.com.st2i.project.EtablissementApplication.main(EtablissementApplication.java:21)
	at java.base/jdk.internal.reflect.DirectMethodHandleAccessor.invoke(DirectMethodHandleAccessor.java:103)
	at java.base/java.lang.reflect.Method.invoke(Method.java:580)
	at org.springframework.boot.devtools.restart.RestartLauncher.run(RestartLauncher.java:49)
Caused by: javax.persistence.PersistenceException: [PersistenceUnit: default] Unable to build Hibernate SessionFactory; nested exception is org.hibernate.loader.MultipleBagFetchException: cannot simultaneously fetch multiple bags: [tn.com.st2i.project.etablissement.model.TypeMouvement.metiers, tn.com.st2i.project.etablissement.model.TypeMouvement.corps]
	at org.springframework.orm.jpa.AbstractEntityManagerFactoryBean.buildNativeEntityManagerFactory(AbstractEntityManagerFactoryBean.java:421)
	at org.springframework.orm.jpa.AbstractEntityManagerFactoryBean.afterPropertiesSet(AbstractEntityManagerFactoryBean.java:396)
	at org.springframework.orm.jpa.LocalContainerEntityManagerFactoryBean.afterPropertiesSet(LocalContainerEntityManagerFactoryBean.java:341)
	at org.springframework.beans.factory.support.AbstractAutowireCapableBeanFactory.invokeInitMethods(AbstractAutowireCapableBeanFactory.java:1863)
	at org.springframework.beans.factory.support.AbstractAutowireCapableBeanFactory.initializeBean(AbstractAutowireCapableBeanFactory.java:1800)
	... 19 common frames omitted
Caused by: org.hibernate.loader.MultipleBagFetchException: cannot simultaneously fetch multiple bags: [tn.com.st2i.project.etablissement.model.TypeMouvement.metiers, tn.com.st2i.project.etablissement.model.TypeMouvement.corps]
	at org.hibernate.loader.plan.exec.internal.AbstractLoadQueryDetails.generate(AbstractLoadQueryDetails.java:193)
	at org.hibernate.loader.plan.exec.internal.EntityLoadQueryDetails.<init>(EntityLoadQueryDetails.java:85)
	at org.hibernate.loader.plan.exec.internal.BatchingLoadQueryDetailsFactory.makeEntityLoadQueryDetails(BatchingLoadQueryDetailsFactory.java:64)
	at org.hibernate.loader.entity.plan.AbstractLoadPlanBasedEntityLoader.<init>(AbstractLoadPlanBasedEntityLoader.java:97)
	at org.hibernate.loader.entity.plan.AbstractLoadPlanBasedEntityLoader.<init>(AbstractLoadPlanBasedEntityLoader.java:112)
	at org.hibernate.loader.entity.plan.EntityLoader.<init>(EntityLoader.java:117)
	at org.hibernate.loader.entity.plan.EntityLoader.<init>(EntityLoader.java:30)
	at org.hibernate.loader.entity.plan.EntityLoader$Builder.byUniqueKey(EntityLoader.java:82)
	at org.hibernate.loader.entity.plan.EntityLoader$Builder.byPrimaryKey(EntityLoader.java:75)
	at org.hibernate.loader.entity.plan.AbstractBatchingEntityLoaderBuilder.buildNonBatchingLoader(AbstractBatchingEntityLoaderBuilder.java:30)
	at org.hibernate.loader.entity.BatchingEntityLoaderBuilder.buildLoader(BatchingEntityLoaderBuilder.java:61)
	at org.hibernate.persister.entity.AbstractEntityPersister.createEntityLoader(AbstractEntityPersister.java:2689)
	at org.hibernate.persister.entity.AbstractEntityPersister.createEntityLoader(AbstractEntityPersister.java:2711)
	at org.hibernate.persister.entity.AbstractEntityPersister.generateDelayedEntityLoader(AbstractEntityPersister.java:4464)
	at org.hibernate.internal.util.collections.LazyIndexedMap.lockedComputeIfAbsent(LazyIndexedMap.java:77)
	at org.hibernate.internal.util.collections.LazyIndexedMap.computeIfAbsent(LazyIndexedMap.java:63)
	at org.hibernate.persister.entity.EntityLoaderLazyCollection.getOrBuildByLockMode(EntityLoaderLazyCollection.java:34)
	at org.hibernate.persister.entity.AbstractEntityPersister.getLoaderByLockMode(AbstractEntityPersister.java:4455)
	at org.hibernate.persister.entity.AbstractEntityPersister.createLoaders(AbstractEntityPersister.java:4442)
	at org.hibernate.persister.entity.AbstractEntityPersister.postInstantiate(AbstractEntityPersister.java:4416)
	at org.hibernate.metamodel.internal.MetamodelImpl.initialize(MetamodelImpl.java:258)
	at org.hibernate.internal.SessionFactoryImpl.<init>(SessionFactoryImpl.java:319)
	at org.hibernate.boot.internal.SessionFactoryBuilderImpl.build(SessionFactoryBuilderImpl.java:471)
	at org.hibernate.jpa.boot.internal.EntityManagerFactoryBuilderImpl.build(EntityManagerFactoryBuilderImpl.java:1498)
	at org.springframework.orm.jpa.vendor.SpringHibernateJpaPersistenceProvider.createContainerEntityManagerFactory(SpringHibernateJpaPersistenceProvider.java:58)
	at org.springframework.orm.jpa.LocalContainerEntityManagerFactoryBean.createNativeEntityManagerFactory(LocalContainerEntityManagerFactoryBean.java:365)
	at org.springframework.orm.jpa.AbstractEntityManagerFactoryBean.buildNativeEntityManagerFactory(AbstractEntityManagerFactoryBean.java:409)
	... 23 common frames omitted
13-04-2026 22:53:04.0542|ERROR|Error MouvementService in method getListMouvementWs :: com.fasterxml.jackson.databind.exc.InvalidDefinitionException: Java 8 date/time type `java.time.LocalDate` not supported by default: add Module "com.fasterxml.jackson.datatype:jackson-datatype-jsr310" to enable handling (through reference chain: java.util.ArrayList[0]->tn.com.st2i.project.etablissement.model.Mouvement["dateOuvertureCandidature"])
13-04-2026 23:21:50.0090|ERROR|DiscoveryClient_ETABLISSEMENT-SERVICE/RANIA:etablissement-service:8063 - de-registration failedCannot execute request on any known server
com.netflix.discovery.shared.transport.TransportException: Cannot execute request on any known server
	at com.netflix.discovery.shared.transport.decorator.RetryableEurekaHttpClient.execute(RetryableEurekaHttpClient.java:112)
	at com.netflix.discovery.shared.transport.decorator.EurekaHttpClientDecorator.cancel(EurekaHttpClientDecorator.java:71)
	at com.netflix.discovery.shared.transport.decorator.EurekaHttpClientDecorator$2.execute(EurekaHttpClientDecorator.java:74)
	at com.netflix.discovery.shared.transport.decorator.SessionedEurekaHttpClient.execute(SessionedEurekaHttpClient.java:77)
	at com.netflix.discovery.shared.transport.decorator.EurekaHttpClientDecorator.cancel(EurekaHttpClientDecorator.java:71)
	at com.netflix.discovery.DiscoveryClient.unregister(DiscoveryClient.java:972)
	at com.netflix.discovery.DiscoveryClient.shutdown(DiscoveryClient.java:948)
	at java.base/jdk.internal.reflect.DirectMethodHandleAccessor.invoke(DirectMethodHandleAccessor.java:103)
	at java.base/java.lang.reflect.Method.invoke(Method.java:580)
	at org.springframework.beans.factory.annotation.InitDestroyAnnotationBeanPostProcessor$LifecycleElement.invoke(InitDestroyAnnotationBeanPostProcessor.java:389)
	at org.springframework.beans.factory.annotation.InitDestroyAnnotationBeanPostProcessor$LifecycleMetadata.invokeDestroyMethods(InitDestroyAnnotationBeanPostProcessor.java:347)
	at org.springframework.beans.factory.annotation.InitDestroyAnnotationBeanPostProcessor.postProcessBeforeDestruction(InitDestroyAnnotationBeanPostProcessor.java:177)
	at org.springframework.beans.factory.support.DisposableBeanAdapter.destroy(DisposableBeanAdapter.java:197)
	at org.springframework.beans.factory.support.DisposableBeanAdapter.run(DisposableBeanAdapter.java:190)
	at org.springframework.cloud.context.scope.GenericScope$BeanLifecycleWrapper.destroy(GenericScope.java:390)
	at org.springframework.cloud.context.scope.GenericScope.destroy(GenericScope.java:136)
	at org.springframework.beans.factory.support.DisposableBeanAdapter.destroy(DisposableBeanAdapter.java:213)
	at org.springframework.beans.factory.support.DefaultSingletonBeanRegistry.destroyBean(DefaultSingletonBeanRegistry.java:587)
	at org.springframework.beans.factory.support.DefaultSingletonBeanRegistry.destroySingleton(DefaultSingletonBeanRegistry.java:559)
	at org.springframework.beans.factory.support.DefaultListableBeanFactory.destroySingleton(DefaultListableBeanFactory.java:1163)
	at org.springframework.beans.factory.support.DefaultSingletonBeanRegistry.destroySingletons(DefaultSingletonBeanRegistry.java:520)
	at org.springframework.beans.factory.support.DefaultListableBeanFactory.destroySingletons(DefaultListableBeanFactory.java:1156)
	at org.springframework.context.support.AbstractApplicationContext.destroyBeans(AbstractApplicationContext.java:1106)
	at org.springframework.context.support.AbstractApplicationContext.doClose(AbstractApplicationContext.java:1075)
	at org.springframework.boot.web.servlet.context.ServletWebServerApplicationContext.doClose(ServletWebServerApplicationContext.java:174)
	at org.springframework.context.support.AbstractApplicationContext.close(AbstractApplicationContext.java:1021)
	at org.springframework.boot.SpringApplicationShutdownHook.closeAndWait(SpringApplicationShutdownHook.java:145)
	at java.base/java.lang.Iterable.forEach(Iterable.java:75)
	at org.springframework.boot.SpringApplicationShutdownHook.run(SpringApplicationShutdownHook.java:114)
	at java.base/java.lang.Thread.run(Thread.java:1583)
13-04-2026 23:21:50.0139|ERROR|DiscoveryClient_ADMINISTRATION-SERVICE/RANIA:administration-service:8060 - de-registration failedCannot execute request on any known server
com.netflix.discovery.shared.transport.TransportException: Cannot execute request on any known server
	at com.netflix.discovery.shared.transport.decorator.RetryableEurekaHttpClient.execute(RetryableEurekaHttpClient.java:112)
	at com.netflix.discovery.shared.transport.decorator.EurekaHttpClientDecorator.cancel(EurekaHttpClientDecorator.java:71)
	at com.netflix.discovery.shared.transport.decorator.EurekaHttpClientDecorator$2.execute(EurekaHttpClientDecorator.java:74)
	at com.netflix.discovery.shared.transport.decorator.SessionedEurekaHttpClient.execute(SessionedEurekaHttpClient.java:77)
	at com.netflix.discovery.shared.transport.decorator.EurekaHttpClientDecorator.cancel(EurekaHttpClientDecorator.java:71)
	at com.netflix.discovery.DiscoveryClient.unregister(DiscoveryClient.java:972)
	at com.netflix.discovery.DiscoveryClient.shutdown(DiscoveryClient.java:948)
	at java.base/jdk.internal.reflect.DirectMethodHandleAccessor.invoke(DirectMethodHandleAccessor.java:103)
	at java.base/java.lang.reflect.Method.invoke(Method.java:580)
	at org.springframework.beans.factory.annotation.InitDestroyAnnotationBeanPostProcessor$LifecycleElement.invoke(InitDestroyAnnotationBeanPostProcessor.java:389)
	at org.springframework.beans.factory.annotation.InitDestroyAnnotationBeanPostProcessor$LifecycleMetadata.invokeDestroyMethods(InitDestroyAnnotationBeanPostProcessor.java:347)
	at org.springframework.beans.factory.annotation.InitDestroyAnnotationBeanPostProcessor.postProcessBeforeDestruction(InitDestroyAnnotationBeanPostProcessor.java:177)
	at org.springframework.beans.factory.support.DisposableBeanAdapter.destroy(DisposableBeanAdapter.java:197)
	at org.springframework.beans.factory.support.DisposableBeanAdapter.run(DisposableBeanAdapter.java:190)
	at org.springframework.cloud.context.scope.GenericScope$BeanLifecycleWrapper.destroy(GenericScope.java:390)
	at org.springframework.cloud.context.scope.GenericScope.destroy(GenericScope.java:136)
	at org.springframework.beans.factory.support.DisposableBeanAdapter.destroy(DisposableBeanAdapter.java:213)
	at org.springframework.beans.factory.support.DefaultSingletonBeanRegistry.destroyBean(DefaultSingletonBeanRegistry.java:587)
	at org.springframework.beans.factory.support.DefaultSingletonBeanRegistry.destroySingleton(DefaultSingletonBeanRegistry.java:559)
	at org.springframework.beans.factory.support.DefaultListableBeanFactory.destroySingleton(DefaultListableBeanFactory.java:1163)
	at org.springframework.beans.factory.support.DefaultSingletonBeanRegistry.destroySingletons(DefaultSingletonBeanRegistry.java:520)
	at org.springframework.beans.factory.support.DefaultListableBeanFactory.destroySingletons(DefaultListableBeanFactory.java:1156)
	at org.springframework.context.support.AbstractApplicationContext.destroyBeans(AbstractApplicationContext.java:1106)
	at org.springframework.context.support.AbstractApplicationContext.doClose(AbstractApplicationContext.java:1075)
	at org.springframework.boot.web.servlet.context.ServletWebServerApplicationContext.doClose(ServletWebServerApplicationContext.java:174)
	at org.springframework.context.support.AbstractApplicationContext.close(AbstractApplicationContext.java:1021)
	at org.springframework.boot.SpringApplicationShutdownHook.closeAndWait(SpringApplicationShutdownHook.java:145)
	at java.base/java.lang.Iterable.forEach(Iterable.java:75)
	at org.springframework.boot.SpringApplicationShutdownHook.run(SpringApplicationShutdownHook.java:114)
	at java.base/java.lang.Thread.run(Thread.java:1583)
13-04-2026 23:33:32.0055|ERROR|Error CommonDao in method executionHibernate of class tn.com.st2i.project.administration.model.AdmProfil  unique result  :: javax.persistence.NoResultException: No entity found for query
13-04-2026 23:33:32.0106|ERROR|Error CommonDao in method executionHibernate of class tn.com.st2i.project.administration.model.AdmProfil  unique result  :: javax.persistence.NoResultException: No entity found for query
13-04-2026 23:33:37.0567|ERROR|Error CommonDao in method executionHibernate of class tn.com.st2i.project.administration.model.AdmProfil  unique result  :: javax.persistence.NoResultException: No entity found for query
13-04-2026 23:34:03.0728|ERROR|Error CommonDao in method executionHibernate of class tn.com.st2i.project.administration.model.AdmProfil  unique result  :: javax.persistence.NoResultException: No entity found for query
13-04-2026 23:34:42.0070|ERROR|Error CommonDao in method executionHibernate of class tn.com.st2i.project.administration.model.AdmProfil  unique result  :: javax.persistence.NoResultException: No entity found for query
13-04-2026 23:34:42.0126|ERROR|Error CommonDao in method executionHibernate of class tn.com.st2i.project.administration.model.AdmProfil  unique result  :: javax.persistence.NoResultException: No entity found for query
13-04-2026 23:34:42.0165|ERROR|Error CommonDao in method executionHibernate of class tn.com.st2i.project.administration.model.AdmProfil  unique result  :: javax.persistence.NoResultException: No entity found for query
13-04-2026 23:40:30.0074|ERROR|Error AdmUserService in method saveOrUpdateAdmUserWs :: java.lang.NullPointerException: Cannot invoke "String.equals(Object)" because the return value of "tn.com.st2i.project.administration.model.AdmUser.getCode()" is null
13-04-2026 23:41:28.0529|ERROR|Error CommonDao in method executionHibernate of class tn.com.st2i.project.administration.model.AdmProfil  unique result  :: javax.persistence.NoResultException: No entity found for query
13-04-2026 23:41:28.0571|ERROR|Error CommonDao in method executionHibernate of class tn.com.st2i.project.administration.model.AdmProfil  unique result  :: javax.persistence.NoResultException: No entity found for query
13-04-2026 23:41:28.0606|ERROR|Error CommonDao in method executionHibernate of class tn.com.st2i.project.administration.model.AdmProfil  unique result  :: javax.persistence.NoResultException: No entity found for query
13-04-2026 23:41:31.0639|ERROR|Error CommonDao in method executionHibernate of class tn.com.st2i.project.administration.model.AdmProfil  unique result  :: javax.persistence.NoResultException: No entity found for query
13-04-2026 23:41:50.0848|ERROR|Error CommonDao in method executionHibernate of class tn.com.st2i.project.administration.model.AdmProfil  unique result  :: javax.persistence.NoResultException: No entity found for query
13-04-2026 23:42:05.0435|ERROR|Error CommonDao in method executionHibernate of class tn.com.st2i.project.administration.model.AdmProfil  unique result  :: javax.persistence.NoResultException: No entity found for query
13-04-2026 23:42:05.0466|ERROR|Error CommonDao in method executionHibernate of class tn.com.st2i.project.administration.model.AdmProfil  unique result  :: javax.persistence.NoResultException: No entity found for query
13-04-2026 23:42:05.0491|ERROR|Error CommonDao in method executionHibernate of class tn.com.st2i.project.administration.model.AdmProfil  unique result  :: javax.persistence.NoResultException: No entity found for query
13-04-2026 23:42:22.0126|ERROR|Error CommonDao in method executionHibernate of class tn.com.st2i.project.administration.model.AdmProfil  unique result  :: javax.persistence.NoResultException: No entity found for query
13-04-2026 23:42:26.0506|ERROR|Error CommonDao in method executionHibernate of class tn.com.st2i.project.administration.model.AdmProfil  unique result  :: javax.persistence.NoResultException: No entity found for query
13-04-2026 23:43:23.0306|ERROR|Error CommonDao in method executionHibernate of class tn.com.st2i.project.administration.model.AdmProfil  unique result  :: javax.persistence.NoResultException: No entity found for query
13-04-2026 23:43:23.0350|ERROR|Error CommonDao in method executionHibernate of class tn.com.st2i.project.administration.model.AdmProfil  unique result  :: javax.persistence.NoResultException: No entity found for query
13-04-2026 23:43:23.0381|ERROR|Error CommonDao in method executionHibernate of class tn.com.st2i.project.administration.model.AdmProfil  unique result  :: javax.persistence.NoResultException: No entity found for query
13-04-2026 23:43:25.0717|ERROR|Error CommonDao in method executionHibernate of class tn.com.st2i.project.administration.model.AdmProfil  unique result  :: javax.persistence.NoResultException: No entity found for query
13-04-2026 23:43:44.0608|ERROR|Error CommonDao in method executionHibernate of class tn.com.st2i.project.administration.model.AdmProfil  unique result  :: javax.persistence.NoResultException: No entity found for query
13-04-2026 23:43:44.0654|ERROR|Error CommonDao in method executionHibernate of class tn.com.st2i.project.administration.model.AdmProfil  unique result  :: javax.persistence.NoResultException: No entity found for query
13-04-2026 23:43:44.0688|ERROR|Error CommonDao in method executionHibernate of class tn.com.st2i.project.administration.model.AdmProfil  unique result  :: javax.persistence.NoResultException: No entity found for query
13-04-2026 23:44:07.0132|ERROR|Error CommonDao in method executionHibernate of class tn.com.st2i.project.administration.model.AdmProfil  unique result  :: javax.persistence.NoResultException: No entity found for query
13-04-2026 23:44:15.0073|ERROR|Error CommonDao in method executionHibernate of class tn.com.st2i.project.administration.model.AdmProfil  unique result  :: javax.persistence.NoResultException: No entity found for query
13-04-2026 23:45:56.0321|ERROR|Error CommonDao in method executionHibernate of class tn.com.st2i.project.administration.model.AdmProfil  unique result  :: javax.persistence.NoResultException: No entity found for query
13-04-2026 23:46:14.0245|ERROR|Error CommonDao in method executionHibernate of class tn.com.st2i.project.administration.model.AdmProfil  unique result  :: javax.persistence.NoResultException: No entity found for query
13-04-2026 23:46:33.0613|ERROR|Error CommonDao in method executionHibernate of class tn.com.st2i.project.administration.model.AdmProfil  unique result  :: javax.persistence.NoResultException: No entity found for query
13-04-2026 23:46:33.0712|ERROR|Error CommonDao in method executionHibernate of class tn.com.st2i.project.administration.model.AdmProfil  unique result  :: javax.persistence.NoResultException: No entity found for query
13-04-2026 23:46:33.0750|ERROR|Error CommonDao in method executionHibernate of class tn.com.st2i.project.administration.model.AdmProfil  unique result  :: javax.persistence.NoResultException: No entity found for query
13-04-2026 23:49:00.0113|ERROR|Error AdmUserService in method saveOrUpdateAdmUserWs :: java.lang.NullPointerException: Cannot invoke "String.equals(Object)" because the return value of "tn.com.st2i.project.administration.model.AdmUser.getCode()" is null
13-04-2026 23:50:45.0722|ERROR|Error AdmUserService in method saveOrUpdateAdmUserWs :: java.lang.NullPointerException: Cannot invoke "String.equals(Object)" because the return value of "tn.com.st2i.project.administration.model.AdmUser.getCode()" is null
13-04-2026 23:50:52.0612|ERROR|Error AdmUserService in method saveOrUpdateAdmUserWs :: java.lang.NullPointerException: Cannot invoke "String.equals(Object)" because the return value of "tn.com.st2i.project.administration.model.AdmUser.getCode()" is null
13-04-2026 23:51:08.0823|ERROR|DiscoveryClient_ETABLISSEMENT-SERVICE/RANIA:etablissement-service:8063 - de-registration failedCannot execute request on any known server
com.netflix.discovery.shared.transport.TransportException: Cannot execute request on any known server
	at com.netflix.discovery.shared.transport.decorator.RetryableEurekaHttpClient.execute(RetryableEurekaHttpClient.java:112)
	at com.netflix.discovery.shared.transport.decorator.EurekaHttpClientDecorator.cancel(EurekaHttpClientDecorator.java:71)
	at com.netflix.discovery.shared.transport.decorator.EurekaHttpClientDecorator$2.execute(EurekaHttpClientDecorator.java:74)
	at com.netflix.discovery.shared.transport.decorator.SessionedEurekaHttpClient.execute(SessionedEurekaHttpClient.java:77)
	at com.netflix.discovery.shared.transport.decorator.EurekaHttpClientDecorator.cancel(EurekaHttpClientDecorator.java:71)
	at com.netflix.discovery.DiscoveryClient.unregister(DiscoveryClient.java:972)
	at com.netflix.discovery.DiscoveryClient.shutdown(DiscoveryClient.java:948)
	at java.base/jdk.internal.reflect.DirectMethodHandleAccessor.invoke(DirectMethodHandleAccessor.java:103)
	at java.base/java.lang.reflect.Method.invoke(Method.java:580)
	at org.springframework.beans.factory.annotation.InitDestroyAnnotationBeanPostProcessor$LifecycleElement.invoke(InitDestroyAnnotationBeanPostProcessor.java:389)
	at org.springframework.beans.factory.annotation.InitDestroyAnnotationBeanPostProcessor$LifecycleMetadata.invokeDestroyMethods(InitDestroyAnnotationBeanPostProcessor.java:347)
	at org.springframework.beans.factory.annotation.InitDestroyAnnotationBeanPostProcessor.postProcessBeforeDestruction(InitDestroyAnnotationBeanPostProcessor.java:177)
	at org.springframework.beans.factory.support.DisposableBeanAdapter.destroy(DisposableBeanAdapter.java:197)
	at org.springframework.beans.factory.support.DisposableBeanAdapter.run(DisposableBeanAdapter.java:190)
	at org.springframework.cloud.context.scope.GenericScope$BeanLifecycleWrapper.destroy(GenericScope.java:390)
	at org.springframework.cloud.context.scope.GenericScope.destroy(GenericScope.java:136)
	at org.springframework.beans.factory.support.DisposableBeanAdapter.destroy(DisposableBeanAdapter.java:213)
	at org.springframework.beans.factory.support.DefaultSingletonBeanRegistry.destroyBean(DefaultSingletonBeanRegistry.java:587)
	at org.springframework.beans.factory.support.DefaultSingletonBeanRegistry.destroySingleton(DefaultSingletonBeanRegistry.java:559)
	at org.springframework.beans.factory.support.DefaultListableBeanFactory.destroySingleton(DefaultListableBeanFactory.java:1163)
	at org.springframework.beans.factory.support.DefaultSingletonBeanRegistry.destroySingletons(DefaultSingletonBeanRegistry.java:520)
	at org.springframework.beans.factory.support.DefaultListableBeanFactory.destroySingletons(DefaultListableBeanFactory.java:1156)
	at org.springframework.context.support.AbstractApplicationContext.destroyBeans(AbstractApplicationContext.java:1106)
	at org.springframework.context.support.AbstractApplicationContext.doClose(AbstractApplicationContext.java:1075)
	at org.springframework.boot.web.servlet.context.ServletWebServerApplicationContext.doClose(ServletWebServerApplicationContext.java:174)
	at org.springframework.context.support.AbstractApplicationContext.close(AbstractApplicationContext.java:1021)
	at org.springframework.boot.SpringApplicationShutdownHook.closeAndWait(SpringApplicationShutdownHook.java:145)
	at java.base/java.lang.Iterable.forEach(Iterable.java:75)
	at org.springframework.boot.SpringApplicationShutdownHook.run(SpringApplicationShutdownHook.java:114)
	at java.base/java.lang.Thread.run(Thread.java:1583)
13-04-2026 23:51:08.0909|ERROR|DiscoveryClient_ADMINISTRATION-SERVICE/RANIA:administration-service:8060 - de-registration failedCannot execute request on any known server
com.netflix.discovery.shared.transport.TransportException: Cannot execute request on any known server
	at com.netflix.discovery.shared.transport.decorator.RetryableEurekaHttpClient.execute(RetryableEurekaHttpClient.java:112)
	at com.netflix.discovery.shared.transport.decorator.EurekaHttpClientDecorator.cancel(EurekaHttpClientDecorator.java:71)
	at com.netflix.discovery.shared.transport.decorator.EurekaHttpClientDecorator$2.execute(EurekaHttpClientDecorator.java:74)
	at com.netflix.discovery.shared.transport.decorator.SessionedEurekaHttpClient.execute(SessionedEurekaHttpClient.java:77)
	at com.netflix.discovery.shared.transport.decorator.EurekaHttpClientDecorator.cancel(EurekaHttpClientDecorator.java:71)
	at com.netflix.discovery.DiscoveryClient.unregister(DiscoveryClient.java:972)
	at com.netflix.discovery.DiscoveryClient.shutdown(DiscoveryClient.java:948)
	at java.base/jdk.internal.reflect.DirectMethodHandleAccessor.invoke(DirectMethodHandleAccessor.java:103)
	at java.base/java.lang.reflect.Method.invoke(Method.java:580)
	at org.springframework.beans.factory.annotation.InitDestroyAnnotationBeanPostProcessor$LifecycleElement.invoke(InitDestroyAnnotationBeanPostProcessor.java:389)
	at org.springframework.beans.factory.annotation.InitDestroyAnnotationBeanPostProcessor$LifecycleMetadata.invokeDestroyMethods(InitDestroyAnnotationBeanPostProcessor.java:347)
	at org.springframework.beans.factory.annotation.InitDestroyAnnotationBeanPostProcessor.postProcessBeforeDestruction(InitDestroyAnnotationBeanPostProcessor.java:177)
	at org.springframework.beans.factory.support.DisposableBeanAdapter.destroy(DisposableBeanAdapter.java:197)
	at org.springframework.beans.factory.support.DisposableBeanAdapter.run(DisposableBeanAdapter.java:190)
	at org.springframework.cloud.context.scope.GenericScope$BeanLifecycleWrapper.destroy(GenericScope.java:390)
	at org.springframework.cloud.context.scope.GenericScope.destroy(GenericScope.java:136)
	at org.springframework.beans.factory.support.DisposableBeanAdapter.destroy(DisposableBeanAdapter.java:213)
	at org.springframework.beans.factory.support.DefaultSingletonBeanRegistry.destroyBean(DefaultSingletonBeanRegistry.java:587)
	at org.springframework.beans.factory.support.DefaultSingletonBeanRegistry.destroySingleton(DefaultSingletonBeanRegistry.java:559)
	at org.springframework.beans.factory.support.DefaultListableBeanFactory.destroySingleton(DefaultListableBeanFactory.java:1163)
	at org.springframework.beans.factory.support.DefaultSingletonBeanRegistry.destroySingletons(DefaultSingletonBeanRegistry.java:520)
	at org.springframework.beans.factory.support.DefaultListableBeanFactory.destroySingletons(DefaultListableBeanFactory.java:1156)
	at org.springframework.context.support.AbstractApplicationContext.destroyBeans(AbstractApplicationContext.java:1106)
	at org.springframework.context.support.AbstractApplicationContext.doClose(AbstractApplicationContext.java:1075)
	at org.springframework.boot.web.servlet.context.ServletWebServerApplicationContext.doClose(ServletWebServerApplicationContext.java:174)
	at org.springframework.context.support.AbstractApplicationContext.close(AbstractApplicationContext.java:1021)
	at org.springframework.boot.SpringApplicationShutdownHook.closeAndWait(SpringApplicationShutdownHook.java:145)
	at java.base/java.lang.Iterable.forEach(Iterable.java:75)
	at org.springframework.boot.SpringApplicationShutdownHook.run(SpringApplicationShutdownHook.java:114)
	at java.base/java.lang.Thread.run(Thread.java:1583)
